{"meta": {"format": 3, "version": "7.10.7", "timestamp": "2025-10-01T03:39:39.305467", "branch_coverage": false, "show_contexts": false}, "files": {"src/devsynth/application/cli/long_running_progress.py": {"executed_lines": [1, 7, 9, 10, 11, 12, 13, 15, 16, 26, 36, 37, 38, 39, 41, 43, 46, 55, 56, 68, 77, 87, 90, 91, 92, 97, 98, 101, 111, 114, 117, 118, 121, 123, 125, 139, 142, 144, 153, 155, 166, 167, 168, 170, 171, 173, 176, 179, 187, 189, 190, 191, 192, 193, 194, 195, 196, 198, 201, 206, 207, 211, 213, 247, 308, 339, 365, 402, 618, 634], "summary": {"covered_lines": 67, "num_statements": 249, "percent_covered": 26.907630522088354, "percent_covered_display": "26.91", "missing_lines": 182, "excluded_lines": 4}, "missing_lines": [49, 50, 51, 52, 93, 95, 146, 147, 148, 149, 151, 156, 158, 159, 162, 163, 227, 228, 229, 230, 232, 234, 235, 242, 245, 262, 263, 264, 267, 270, 272, 273, 274, 275, 277, 279, 280, 283, 284, 285, 288, 289, 292, 295, 296, 298, 300, 303, 306, 314, 315, 316, 319, 320, 323, 326, 327, 330, 337, 342, 343, 344, 349, 350, 355, 356, 357, 360, 363, 368, 369, 370, 371, 373, 374, 375, 376, 378, 379, 380, 381, 382, 383, 384, 385, 387, 438, 439, 441, 442, 443, 445, 446, 448, 449, 451, 452, 454, 455, 457, 458, 460, 461, 462, 464, 465, 467, 468, 469, 470, 471, 473, 474, 475, 477, 478, 479, 480, 481, 482, 487, 488, 489, 501, 503, 504, 505, 506, 507, 508, 509, 510, 511, 517, 520, 525, 526, 527, 528, 539, 541, 542, 543, 544, 545, 546, 547, 548, 549, 550, 560, 562, 563, 564, 569, 570, 580, 582, 583, 584, 585, 595, 596, 597, 598, 599, 606, 608, 631, 656, 658, 660, 661, 662, 663, 670, 676, 677, 679, 682, 685, 688], "excluded_lines": [123, 178, 244, 642], "functions": {"_as_float": {"executed_lines": [], "summary": {"covered_lines": 0, "num_statements": 4, "percent_covered": 0.0, "percent_covered_display": "0.00", "missing_lines": 4, "excluded_lines": 0}, "missing_lines": [49, 50, 51, 52], "excluded_lines": []}, "LongRunningProgressIndicator.__init__": {"executed_lines": [77, 87, 90, 91, 92, 97, 98, 101, 111, 114, 117, 118, 121, 123], "summary": {"covered_lines": 13, "num_statements": 15, "percent_covered": 86.66666666666667, "percent_covered_display": "86.67", "missing_lines": 2, "excluded_lines": 1}, "missing_lines": [93, 95], "excluded_lines": [123]}, "LongRunningProgressIndicator.update": {"executed_lines": [139, 142, 144, 153, 155, 166, 167, 168, 170, 171, 173, 176, 179, 187, 189, 190, 191, 192, 193, 194, 195, 196, 198, 201, 206, 207, 211], "summary": {"covered_lines": 27, "num_statements": 37, "percent_covered": 72.97297297297297, "percent_covered_display": "72.97", "missing_lines": 10, "excluded_lines": 1}, "missing_lines": [146, 147, 148, 149, 151, 156, 158, 159, 162, 163], "excluded_lines": [178]}, "LongRunningProgressIndicator.add_subtask": {"executed_lines": [], "summary": {"covered_lines": 0, "num_statements": 9, "percent_covered": 0.0, "percent_covered_display": "0.00", "missing_lines": 9, "excluded_lines": 1}, "missing_lines": [227, 228, 229, 230, 232, 234, 235, 242, 245], "excluded_lines": [244]}, "LongRunningProgressIndicator.update_subtask": {"executed_lines": [], "summary": {"covered_lines": 0, "num_statements": 24, "percent_covered": 0.0, "percent_covered_display": "0.00", "missing_lines": 24, "excluded_lines": 0}, "missing_lines": [262, 263, 264, 267, 270, 272, 273, 274, 275, 277, 279, 280, 283, 284, 285, 288, 289, 292, 295, 296, 298, 300, 303, 306], "excluded_lines": []}, "LongRunningProgressIndicator.complete_subtask": {"executed_lines": [], "summary": {"covered_lines": 0, "num_statements": 10, "percent_covered": 0.0, "percent_covered_display": "0.00", "missing_lines": 10, "excluded_lines": 0}, "missing_lines": [314, 315, 316, 319, 320, 323, 326, 327, 330, 337], "excluded_lines": []}, "LongRunningProgressIndicator.complete": {"executed_lines": [], "summary": {"covered_lines": 0, "num_statements": 10, "percent_covered": 0.0, "percent_covered_display": "0.00", "missing_lines": 10, "excluded_lines": 0}, "missing_lines": [342, 343, 344, 349, 350, 355, 356, 357, 360, 363], "excluded_lines": []}, "LongRunningProgressIndicator.get_summary": {"executed_lines": [], "summary": {"covered_lines": 0, "num_statements": 17, "percent_covered": 0.0, "percent_covered_display": "0.00", "missing_lines": 17, "excluded_lines": 0}, "missing_lines": [368, 369, 370, 371, 373, 374, 375, 376, 378, 379, 380, 381, 382, 383, 384, 385, 387], "excluded_lines": []}, "simulate_progress_timeline": {"executed_lines": [], "summary": {"covered_lines": 0, "num_statements": 80, "percent_covered": 0.0, "percent_covered_display": "0.00", "missing_lines": 80, "excluded_lines": 0}, "missing_lines": [438, 439, 441, 442, 443, 445, 448, 449, 451, 452, 454, 457, 458, 460, 461, 462, 464, 465, 467, 468, 469, 470, 471, 473, 474, 475, 477, 478, 479, 480, 481, 482, 487, 488, 489, 501, 503, 504, 505, 506, 507, 508, 509, 510, 511, 517, 520, 525, 526, 527, 528, 539, 541, 542, 543, 544, 545, 546, 547, 548, 549, 550, 560, 562, 563, 564, 569, 570, 580, 582, 583, 584, 585, 595, 596, 597, 598, 599, 606, 608], "excluded_lines": []}, "simulate_progress_timeline._restore_time": {"executed_lines": [], "summary": {"covered_lines": 0, "num_statements": 1, "percent_covered": 0.0, "percent_covered_display": "0.00", "missing_lines": 1, "excluded_lines": 0}, "missing_lines": [446], "excluded_lines": []}, "simulate_progress_timeline._restore_progress": {"executed_lines": [], "summary": {"covered_lines": 0, "num_statements": 1, "percent_covered": 0.0, "percent_covered_display": "0.00", "missing_lines": 1, "excluded_lines": 0}, "missing_lines": [455], "excluded_lines": []}, "create_long_running_progress": {"executed_lines": [], "summary": {"covered_lines": 0, "num_statements": 1, "percent_covered": 0.0, "percent_covered_display": "0.00", "missing_lines": 1, "excluded_lines": 0}, "missing_lines": [631], "excluded_lines": []}, "run_with_long_running_progress": {"executed_lines": [], "summary": {"covered_lines": 0, "num_statements": 10, "percent_covered": 0.0, "percent_covered_display": "0.00", "missing_lines": 10, "excluded_lines": 1}, "missing_lines": [656, 658, 660, 661, 662, 663, 670, 682, 685, 688], "excluded_lines": [642]}, "run_with_long_running_progress.update_progress": {"executed_lines": [], "summary": {"covered_lines": 0, "num_statements": 3, "percent_covered": 0.0, "percent_covered_display": "0.00", "missing_lines": 3, "excluded_lines": 0}, "missing_lines": [676, 677, 679], "excluded_lines": []}, "": {"executed_lines": [1, 7, 9, 10, 11, 12, 13, 15, 16, 26, 36, 37, 38, 39, 41, 43, 46, 55, 56, 68, 125, 213, 247, 308, 339, 365, 402, 618, 634], "summary": {"covered_lines": 27, "num_statements": 27, "percent_covered": 100.0, "percent_covered_display": "100.00", "missing_lines": 0, "excluded_lines": 0}, "missing_lines": [], "excluded_lines": []}}, "classes": {"LongRunningProgressIndicator": {"executed_lines": [77, 87, 90, 91, 92, 97, 98, 101, 111, 114, 117, 118, 121, 123, 139, 142, 144, 153, 155, 166, 167, 168, 170, 171, 173, 176, 179, 187, 189, 190, 191, 192, 193, 194, 195, 196, 198, 201, 206, 207, 211], "summary": {"covered_lines": 40, "num_statements": 122, "percent_covered": 32.78688524590164, "percent_covered_display": "32.79", "missing_lines": 82, "excluded_lines": 3}, "missing_lines": [93, 95, 146, 147, 148, 149, 151, 156, 158, 159, 162, 163, 227, 228, 229, 230, 232, 234, 235, 242, 245, 262, 263, 264, 267, 270, 272, 273, 274, 275, 277, 279, 280, 283, 284, 285, 288, 289, 292, 295, 296, 298, 300, 303, 306, 314, 315, 316, 319, 320, 323, 326, 327, 330, 337, 342, 343, 344, 349, 350, 355, 356, 357, 360, 363, 368, 369, 370, 371, 373, 374, 375, 376, 378, 379, 380, 381, 382, 383, 384, 385, 387], "excluded_lines": [123, 178, 244]}, "": {"executed_lines": [1, 7, 9, 10, 11, 12, 13, 15, 16, 26, 36, 37, 38, 39, 41, 43, 46, 55, 56, 68, 125, 213, 247, 308, 339, 365, 402, 618, 634], "summary": {"covered_lines": 27, "num_statements": 127, "percent_covered": 21.25984251968504, "percent_covered_display": "21.26", "missing_lines": 100, "excluded_lines": 1}, "missing_lines": [49, 50, 51, 52, 438, 439, 441, 442, 443, 445, 446, 448, 449, 451, 452, 454, 455, 457, 458, 460, 461, 462, 464, 465, 467, 468, 469, 470, 471, 473, 474, 475, 477, 478, 479, 480, 481, 482, 487, 488, 489, 501, 503, 504, 505, 506, 507, 508, 509, 510, 511, 517, 520, 525, 526, 527, 528, 539, 541, 542, 543, 544, 545, 546, 547, 548, 549, 550, 560, 562, 563, 564, 569, 570, 580, 582, 583, 584, 585, 595, 596, 597, 598, 599, 606, 608, 631, 656, 658, 660, 661, 662, 663, 670, 676, 677, 679, 682, 685, 688], "excluded_lines": [642]}}}, "src/devsynth/interface/webui/rendering.py": {"executed_lines": [1, 3, 4, 5, 6, 7, 8, 9, 10, 12, 13, 14, 15, 16, 22, 23, 25, 26, 31, 34, 77, 78, 80, 108, 219, 232, 268, 315, 449, 697, 844, 848, 867, 879, 946, 985, 986, 988, 1027, 1086, 1141, 1165, 1199, 1200, 1202, 1264, 1295, 1324, 1353, 1384, 1411, 1440, 1469, 1486, 1510, 1530, 1555, 1556, 1558, 1575, 1605, 1611, 1613, 1639], "summary": {"covered_lines": 59, "num_statements": 934, "percent_covered": 6.316916488222698, "percent_covered_display": "6.32", "missing_lines": 875, "excluded_lines": 37}, "missing_lines": [44, 46, 47, 48, 50, 51, 53, 54, 56, 57, 68, 69, 70, 71, 72, 74, 81, 82, 83, 84, 85, 86, 87, 88, 89, 90, 91, 92, 93, 94, 101, 102, 103, 106, 109, 110, 111, 112, 113, 114, 115, 117, 118, 119, 120, 121, 123, 124, 125, 126, 132, 133, 134, 135, 136, 137, 138, 140, 141, 142, 143, 144, 146, 147, 148, 149, 156, 157, 158, 159, 160, 161, 163, 164, 165, 166, 167, 168, 169, 170, 171, 172, 173, 174, 176, 182, 183, 184, 185, 186, 187, 189, 190, 191, 192, 198, 199, 200, 201, 203, 204, 205, 206, 207, 208, 209, 210, 211, 212, 213, 214, 215, 216, 217, 220, 221, 222, 223, 224, 225, 226, 227, 228, 229, 230, 235, 236, 247, 248, 249, 253, 254, 255, 256, 258, 259, 274, 275, 276, 278, 281, 282, 286, 287, 288, 289, 290, 294, 298, 299, 300, 301, 302, 306, 307, 308, 310, 311, 313, 316, 317, 318, 319, 320, 333, 341, 348, 350, 352, 353, 355, 356, 357, 358, 360, 361, 362, 367, 368, 369, 374, 375, 376, 377, 380, 381, 382, 383, 384, 385, 388, 389, 391, 394, 395, 396, 397, 400, 401, 402, 403, 404, 405, 411, 412, 414, 418, 419, 420, 425, 426, 427, 428, 433, 436, 437, 439, 440, 441, 447, 455, 456, 458, 459, 461, 462, 463, 464, 465, 467, 470, 471, 472, 473, 474, 475, 476, 477, 478, 479, 480, 482, 483, 484, 485, 487, 488, 489, 490, 491, 493, 494, 495, 496, 498, 499, 500, 501, 504, 505, 507, 508, 509, 511, 512, 513, 514, 515, 516, 517, 518, 519, 520, 521, 522, 523, 524, 525, 527, 528, 529, 531, 532, 533, 534, 536, 537, 538, 540, 541, 542, 543, 545, 546, 548, 549, 550, 551, 552, 553, 554, 555, 556, 557, 558, 559, 560, 561, 562, 563, 564, 565, 566, 567, 568, 569, 570, 572, 573, 574, 575, 576, 577, 578, 579, 580, 581, 582, 586, 587, 588, 589, 590, 591, 592, 593, 594, 595, 596, 598, 599, 600, 603, 604, 605, 607, 608, 614, 615, 616, 617, 619, 620, 621, 622, 623, 626, 627, 628, 631, 632, 633, 634, 635, 637, 638, 639, 641, 642, 643, 644, 645, 646, 647, 648, 649, 652, 653, 654, 655, 656, 657, 658, 659, 660, 661, 662, 664, 665, 666, 667, 668, 669, 670, 671, 674, 675, 676, 677, 678, 679, 680, 681, 682, 683, 684, 686, 687, 688, 691, 692, 695, 698, 699, 700, 701, 702, 708, 720, 726, 728, 729, 730, 734, 735, 739, 741, 746, 748, 749, 750, 751, 753, 755, 756, 757, 758, 760, 761, 762, 763, 764, 765, 767, 768, 769, 770, 771, 773, 774, 775, 776, 777, 782, 784, 785, 786, 787, 788, 789, 791, 792, 793, 794, 795, 799, 807, 813, 814, 815, 820, 821, 822, 831, 832, 837, 838, 839, 845, 846, 849, 850, 852, 865, 868, 869, 871, 877, 880, 881, 883, 885, 889, 893, 894, 897, 899, 900, 901, 913, 914, 915, 927, 928, 929, 934, 939, 940, 942, 944, 947, 948, 949, 950, 955, 956, 957, 958, 959, 964, 965, 966, 967, 968, 973, 974, 975, 980, 982, 989, 990, 992, 993, 995, 996, 998, 1000, 1001, 1002, 1003, 1004, 1006, 1007, 1008, 1010, 1011, 1012, 1017, 1018, 1019, 1020, 1028, 1029, 1031, 1032, 1034, 1035, 1037, 1039, 1040, 1041, 1042, 1043, 1045, 1046, 1047, 1049, 1050, 1051, 1053, 1054, 1055, 1056, 1063, 1064, 1065, 1066, 1067, 1068, 1069, 1070, 1076, 1077, 1078, 1079, 1080, 1087, 1088, 1089, 1090, 1091, 1092, 1093, 1094, 1095, 1096, 1097, 1098, 1099, 1118, 1119, 1121, 1129, 1130, 1131, 1132, 1139, 1142, 1143, 1144, 1145, 1146, 1147, 1148, 1149, 1150, 1152, 1158, 1159, 1160, 1161, 1163, 1166, 1167, 1168, 1169, 1170, 1173, 1174, 1175, 1176, 1177, 1179, 1187, 1188, 1189, 1190, 1196, 1203, 1204, 1206, 1207, 1209, 1210, 1212, 1213, 1215, 1219, 1221, 1222, 1224, 1225, 1226, 1227, 1228, 1233, 1234, 1235, 1236, 1241, 1242, 1243, 1244, 1246, 1247, 1249, 1250, 1251, 1252, 1253, 1254, 1261, 1262, 1265, 1266, 1267, 1268, 1269, 1270, 1271, 1272, 1273, 1274, 1276, 1284, 1285, 1286, 1287, 1293, 1296, 1297, 1298, 1299, 1300, 1301, 1302, 1303, 1304, 1306, 1314, 1315, 1316, 1317, 1322, 1325, 1326, 1327, 1328, 1329, 1330, 1331, 1332, 1333, 1335, 1343, 1344, 1345, 1346, 1351, 1354, 1355, 1356, 1357, 1358, 1359, 1360, 1361, 1362, 1363, 1365, 1373, 1374, 1375, 1376, 1382, 1385, 1386, 1387, 1388, 1389, 1390, 1391, 1392, 1393, 1395, 1401, 1402, 1403, 1404, 1409, 1412, 1413, 1414, 1415, 1416, 1417, 1418, 1419, 1420, 1421, 1422, 1424, 1428, 1429, 1430, 1431, 1438, 1441, 1442, 1443, 1444, 1445, 1446, 1447, 1448, 1449, 1450, 1451, 1453, 1457, 1458, 1459, 1460, 1467, 1470, 1471, 1472, 1473, 1474, 1475, 1476, 1477, 1478, 1479, 1480, 1481, 1482, 1484, 1487, 1488, 1489, 1490, 1491, 1492, 1493, 1494, 1495, 1496, 1497, 1498, 1499, 1500, 1501, 1508, 1511, 1512, 1513, 1514, 1517, 1518, 1519, 1520, 1521, 1522, 1523, 1524, 1525, 1526, 1528, 1531, 1532, 1533, 1534, 1535, 1536, 1537, 1538, 1539, 1540, 1541, 1542, 1543, 1544, 1545, 1552, 1559, 1560, 1561, 1562, 1564, 1568, 1569, 1570, 1571, 1573, 1576, 1577, 1578, 1579, 1580, 1581, 1583, 1584, 1585, 1586, 1587, 1588, 1589, 1591, 1597, 1598, 1599, 1600, 1602, 1614], "excluded_lines": [27, 28, 104, 105, 257, 260, 261, 266, 309, 796, 823, 824, 830, 1124, 1125, 1153, 1154, 1182, 1183, 1279, 1280, 1309, 1310, 1338, 1339, 1368, 1369, 1398, 1399, 1425, 1426, 1454, 1455, 1565, 1566, 1594, 1595], "functions": {"simulate_progress_rendering": {"executed_lines": [], "summary": {"covered_lines": 0, "num_statements": 15, "percent_covered": 0.0, "percent_covered_display": "0.00", "missing_lines": 15, "excluded_lines": 0}, "missing_lines": [44, 46, 47, 48, 50, 53, 54, 56, 57, 68, 69, 70, 71, 72, 74], "excluded_lines": []}, "simulate_progress_rendering._restore_time": {"executed_lines": [], "summary": {"covered_lines": 0, "num_statements": 1, "percent_covered": 0.0, "percent_covered_display": "0.00", "missing_lines": 1, "excluded_lines": 0}, "missing_lines": [51], "excluded_lines": []}, "ProjectSetupPages.onboarding_page": {"executed_lines": [], "summary": {"covered_lines": 0, "num_statements": 18, "percent_covered": 0.0, "percent_covered_display": "0.00", "missing_lines": 18, "excluded_lines": 2}, "missing_lines": [81, 82, 83, 84, 85, 86, 87, 88, 89, 90, 91, 92, 93, 94, 101, 102, 103, 106], "excluded_lines": [104, 105]}, "ProjectSetupPages.requirements_page": {"executed_lines": [], "summary": {"covered_lines": 0, "num_statements": 80, "percent_covered": 0.0, "percent_covered_display": "0.00", "missing_lines": 80, "excluded_lines": 0}, "missing_lines": [109, 110, 111, 112, 113, 114, 115, 117, 118, 119, 120, 121, 123, 124, 125, 126, 132, 133, 134, 135, 136, 137, 138, 140, 141, 142, 143, 144, 146, 147, 148, 149, 156, 157, 158, 159, 160, 161, 163, 164, 165, 166, 167, 168, 169, 170, 171, 172, 173, 174, 176, 182, 183, 184, 185, 186, 187, 189, 190, 191, 192, 198, 199, 200, 201, 203, 204, 205, 206, 207, 208, 209, 210, 211, 212, 213, 214, 215, 216, 217], "excluded_lines": []}, "ProjectSetupPages._validate_requirements_step": {"executed_lines": [], "summary": {"covered_lines": 0, "num_statements": 11, "percent_covered": 0.0, "percent_covered_display": "0.00", "missing_lines": 11, "excluded_lines": 0}, "missing_lines": [220, 221, 222, 223, 224, 225, 226, 227, 228, 229, 230], "excluded_lines": []}, "ProjectSetupPages._save_requirements": {"executed_lines": [], "summary": {"covered_lines": 0, "num_statements": 11, "percent_covered": 0.0, "percent_covered_display": "0.00", "missing_lines": 11, "excluded_lines": 4}, "missing_lines": [235, 236, 247, 248, 249, 253, 254, 255, 256, 258, 259], "excluded_lines": [257, 260, 261, 266]}, "ProjectSetupPages._handle_requirements_navigation": {"executed_lines": [], "summary": {"covered_lines": 0, "num_statements": 23, "percent_covered": 0.0, "percent_covered_display": "0.00", "missing_lines": 23, "excluded_lines": 1}, "missing_lines": [274, 275, 276, 278, 281, 282, 286, 287, 288, 289, 290, 294, 298, 299, 300, 301, 302, 306, 307, 308, 310, 311, 313], "excluded_lines": [309]}, "ProjectSetupPages._requirements_wizard": {"executed_lines": [], "summary": {"covered_lines": 0, "num_statements": 61, "percent_covered": 0.0, "percent_covered_display": "0.00", "missing_lines": 61, "excluded_lines": 0}, "missing_lines": [316, 317, 318, 319, 320, 333, 341, 348, 350, 352, 353, 355, 356, 357, 358, 360, 361, 362, 367, 368, 369, 374, 375, 376, 377, 380, 381, 382, 383, 384, 385, 388, 389, 391, 394, 395, 396, 397, 400, 401, 402, 403, 404, 405, 411, 412, 414, 418, 419, 420, 425, 426, 427, 428, 433, 436, 437, 439, 440, 441, 447], "excluded_lines": []}, "ProjectSetupPages._render_progress_summary": {"executed_lines": [], "summary": {"covered_lines": 0, "num_statements": 167, "percent_covered": 0.0, "percent_covered_display": "0.00", "missing_lines": 167, "excluded_lines": 0}, "missing_lines": [455, 456, 458, 459, 461, 467, 482, 487, 493, 498, 499, 500, 501, 504, 505, 507, 508, 509, 511, 512, 513, 514, 515, 516, 517, 518, 519, 520, 521, 522, 523, 524, 525, 527, 528, 529, 531, 532, 533, 534, 536, 537, 538, 540, 541, 542, 543, 545, 546, 548, 549, 550, 551, 552, 553, 554, 555, 556, 557, 558, 559, 560, 561, 562, 563, 564, 565, 566, 567, 568, 569, 570, 572, 573, 574, 575, 576, 577, 578, 579, 580, 581, 582, 586, 587, 588, 589, 590, 591, 592, 593, 594, 595, 596, 598, 599, 600, 603, 604, 605, 607, 608, 614, 615, 616, 617, 619, 620, 621, 622, 623, 626, 627, 628, 631, 632, 633, 634, 635, 637, 638, 639, 641, 642, 643, 644, 645, 646, 647, 648, 649, 652, 653, 654, 655, 656, 657, 658, 659, 660, 661, 662, 664, 665, 666, 667, 668, 669, 670, 671, 674, 675, 676, 677, 678, 679, 680, 681, 682, 683, 684, 686, 687, 688, 691, 692, 695], "excluded_lines": []}, "ProjectSetupPages._render_progress_summary._as_float": {"executed_lines": [], "summary": {"covered_lines": 0, "num_statements": 4, "percent_covered": 0.0, "percent_covered_display": "0.00", "missing_lines": 4, "excluded_lines": 0}, "missing_lines": [462, 463, 464, 465], "excluded_lines": []}, "ProjectSetupPages._render_progress_summary._progress_fraction": {"executed_lines": [], "summary": {"covered_lines": 0, "num_statements": 11, "percent_covered": 0.0, "percent_covered_display": "0.00", "missing_lines": 11, "excluded_lines": 0}, "missing_lines": [470, 471, 472, 473, 474, 475, 476, 477, 478, 479, 480], "excluded_lines": []}, "ProjectSetupPages._render_progress_summary._percent_label": {"executed_lines": [], "summary": {"covered_lines": 0, "num_statements": 3, "percent_covered": 0.0, "percent_covered_display": "0.00", "missing_lines": 3, "excluded_lines": 0}, "missing_lines": [483, 484, 485], "excluded_lines": []}, "ProjectSetupPages._render_progress_summary._timestamp_label": {"executed_lines": [], "summary": {"covered_lines": 0, "num_statements": 4, "percent_covered": 0.0, "percent_covered_display": "0.00", "missing_lines": 4, "excluded_lines": 0}, "missing_lines": [488, 489, 490, 491], "excluded_lines": []}, "ProjectSetupPages._render_progress_summary._sequence": {"executed_lines": [], "summary": {"covered_lines": 0, "num_statements": 3, "percent_covered": 0.0, "percent_covered_display": "0.00", "missing_lines": 3, "excluded_lines": 0}, "missing_lines": [494, 495, 496], "excluded_lines": []}, "ProjectSetupPages._gather_wizard": {"executed_lines": [], "summary": {"covered_lines": 0, "num_statements": 66, "percent_covered": 0.0, "percent_covered_display": "0.00", "missing_lines": 66, "excluded_lines": 4}, "missing_lines": [698, 699, 700, 701, 702, 708, 720, 726, 728, 729, 730, 734, 735, 739, 741, 746, 748, 749, 750, 751, 753, 755, 756, 757, 758, 760, 761, 762, 763, 764, 765, 767, 768, 769, 770, 771, 773, 774, 775, 776, 777, 782, 784, 785, 786, 787, 788, 789, 791, 792, 793, 794, 795, 799, 807, 813, 814, 815, 820, 821, 822, 831, 832, 837, 838, 839], "excluded_lines": [796, 823, 824, 830]}, "ProjectSetupPages._get_gather_step_title": {"executed_lines": [], "summary": {"covered_lines": 0, "num_statements": 2, "percent_covered": 0.0, "percent_covered_display": "0.00", "missing_lines": 2, "excluded_lines": 0}, "missing_lines": [845, 846], "excluded_lines": []}, "ProjectSetupPages._handle_gather_step_1": {"executed_lines": [], "summary": {"covered_lines": 0, "num_statements": 4, "percent_covered": 0.0, "percent_covered_display": "0.00", "missing_lines": 4, "excluded_lines": 0}, "missing_lines": [849, 850, 852, 865], "excluded_lines": []}, "ProjectSetupPages._handle_gather_step_2": {"executed_lines": [], "summary": {"covered_lines": 0, "num_statements": 4, "percent_covered": 0.0, "percent_covered_display": "0.00", "missing_lines": 4, "excluded_lines": 0}, "missing_lines": [868, 869, 871, 877], "excluded_lines": []}, "ProjectSetupPages._handle_gather_step_3": {"executed_lines": [], "summary": {"covered_lines": 0, "num_statements": 22, "percent_covered": 0.0, "percent_covered_display": "0.00", "missing_lines": 22, "excluded_lines": 0}, "missing_lines": [880, 881, 883, 885, 889, 893, 894, 897, 899, 900, 901, 913, 914, 915, 927, 928, 929, 934, 939, 940, 942, 944], "excluded_lines": []}, "ProjectSetupPages._validate_gather_step": {"executed_lines": [], "summary": {"covered_lines": 0, "num_statements": 19, "percent_covered": 0.0, "percent_covered_display": "0.00", "missing_lines": 19, "excluded_lines": 0}, "missing_lines": [947, 948, 949, 950, 955, 956, 957, 958, 959, 964, 965, 966, 967, 968, 973, 974, 975, 980, 982], "excluded_lines": []}, "LifecyclePages.analysis_page": {"executed_lines": [], "summary": {"covered_lines": 0, "num_statements": 20, "percent_covered": 0.0, "percent_covered_display": "0.00", "missing_lines": 20, "excluded_lines": 0}, "missing_lines": [989, 990, 992, 995, 998, 1000, 1001, 1002, 1003, 1004, 1006, 1007, 1008, 1010, 1011, 1012, 1017, 1018, 1019, 1020], "excluded_lines": []}, "LifecyclePages.analysis_page.get_session_value": {"executed_lines": [], "summary": {"covered_lines": 0, "num_statements": 1, "percent_covered": 0.0, "percent_covered_display": "0.00", "missing_lines": 1, "excluded_lines": 0}, "missing_lines": [993], "excluded_lines": []}, "LifecyclePages.analysis_page.set_session_value": {"executed_lines": [], "summary": {"covered_lines": 0, "num_statements": 1, "percent_covered": 0.0, "percent_covered_display": "0.00", "missing_lines": 1, "excluded_lines": 0}, "missing_lines": [996], "excluded_lines": []}, "LifecyclePages.synthesis_page": {"executed_lines": [], "summary": {"covered_lines": 0, "num_statements": 33, "percent_covered": 0.0, "percent_covered_display": "0.00", "missing_lines": 33, "excluded_lines": 0}, "missing_lines": [1028, 1029, 1031, 1034, 1037, 1039, 1040, 1041, 1042, 1043, 1045, 1046, 1047, 1049, 1050, 1051, 1053, 1054, 1055, 1056, 1063, 1064, 1065, 1066, 1067, 1068, 1069, 1070, 1076, 1077, 1078, 1079, 1080], "excluded_lines": []}, "LifecyclePages.synthesis_page.get_session_value": {"executed_lines": [], "summary": {"covered_lines": 0, "num_statements": 1, "percent_covered": 0.0, "percent_covered_display": "0.00", "missing_lines": 1, "excluded_lines": 0}, "missing_lines": [1032], "excluded_lines": []}, "LifecyclePages.synthesis_page.set_session_value": {"executed_lines": [], "summary": {"covered_lines": 0, "num_statements": 1, "percent_covered": 0.0, "percent_covered_display": "0.00", "missing_lines": 1, "excluded_lines": 0}, "missing_lines": [1035], "excluded_lines": []}, "LifecyclePages.edrr_cycle_page": {"executed_lines": [], "summary": {"covered_lines": 0, "num_statements": 21, "percent_covered": 0.0, "percent_covered_display": "0.00", "missing_lines": 21, "excluded_lines": 2}, "missing_lines": [1087, 1088, 1089, 1090, 1091, 1092, 1093, 1094, 1095, 1096, 1097, 1098, 1099, 1118, 1119, 1121, 1129, 1130, 1131, 1132, 1139], "excluded_lines": [1124, 1125]}, "LifecyclePages.alignment_page": {"executed_lines": [], "summary": {"covered_lines": 0, "num_statements": 15, "percent_covered": 0.0, "percent_covered_display": "0.00", "missing_lines": 15, "excluded_lines": 2}, "missing_lines": [1142, 1143, 1144, 1145, 1146, 1147, 1148, 1149, 1150, 1152, 1158, 1159, 1160, 1161, 1163], "excluded_lines": [1153, 1154]}, "LifecyclePages.alignment_metrics_page": {"executed_lines": [], "summary": {"covered_lines": 0, "num_statements": 16, "percent_covered": 0.0, "percent_covered_display": "0.00", "missing_lines": 16, "excluded_lines": 2}, "missing_lines": [1166, 1167, 1168, 1169, 1170, 1173, 1174, 1175, 1176, 1177, 1179, 1187, 1188, 1189, 1190, 1196], "excluded_lines": [1182, 1183]}, "OperationsPages.config_page": {"executed_lines": [], "summary": {"covered_lines": 0, "num_statements": 33, "percent_covered": 0.0, "percent_covered_display": "0.00", "missing_lines": 33, "excluded_lines": 0}, "missing_lines": [1203, 1204, 1206, 1209, 1212, 1213, 1215, 1219, 1221, 1222, 1224, 1225, 1226, 1227, 1228, 1233, 1234, 1235, 1236, 1241, 1242, 1243, 1244, 1246, 1247, 1249, 1250, 1251, 1252, 1253, 1254, 1261, 1262], "excluded_lines": []}, "OperationsPages.config_page.get_session_value": {"executed_lines": [], "summary": {"covered_lines": 0, "num_statements": 1, "percent_covered": 0.0, "percent_covered_display": "0.00", "missing_lines": 1, "excluded_lines": 0}, "missing_lines": [1207], "excluded_lines": []}, "OperationsPages.config_page.set_session_value": {"executed_lines": [], "summary": {"covered_lines": 0, "num_statements": 1, "percent_covered": 0.0, "percent_covered_display": "0.00", "missing_lines": 1, "excluded_lines": 0}, "missing_lines": [1210], "excluded_lines": []}, "OperationsPages.inspect_config_page": {"executed_lines": [], "summary": {"covered_lines": 0, "num_statements": 16, "percent_covered": 0.0, "percent_covered_display": "0.00", "missing_lines": 16, "excluded_lines": 2}, "missing_lines": [1265, 1266, 1267, 1268, 1269, 1270, 1271, 1272, 1273, 1274, 1276, 1284, 1285, 1286, 1287, 1293], "excluded_lines": [1279, 1280]}, "OperationsPages.validate_manifest_page": {"executed_lines": [], "summary": {"covered_lines": 0, "num_statements": 15, "percent_covered": 0.0, "percent_covered_display": "0.00", "missing_lines": 15, "excluded_lines": 2}, "missing_lines": [1296, 1297, 1298, 1299, 1300, 1301, 1302, 1303, 1304, 1306, 1314, 1315, 1316, 1317, 1322], "excluded_lines": [1309, 1310]}, "OperationsPages.validate_metadata_page": {"executed_lines": [], "summary": {"covered_lines": 0, "num_statements": 15, "percent_covered": 0.0, "percent_covered_display": "0.00", "missing_lines": 15, "excluded_lines": 2}, "missing_lines": [1325, 1326, 1327, 1328, 1329, 1330, 1331, 1332, 1333, 1335, 1343, 1344, 1345, 1346, 1351], "excluded_lines": [1338, 1339]}, "OperationsPages.test_metrics_page": {"executed_lines": [], "summary": {"covered_lines": 0, "num_statements": 16, "percent_covered": 0.0, "percent_covered_display": "0.00", "missing_lines": 16, "excluded_lines": 2}, "missing_lines": [1354, 1355, 1356, 1357, 1358, 1359, 1360, 1361, 1362, 1363, 1365, 1373, 1374, 1375, 1376, 1382], "excluded_lines": [1368, 1369]}, "OperationsPages.docs_generation_page": {"executed_lines": [], "summary": {"covered_lines": 0, "num_statements": 15, "percent_covered": 0.0, "percent_covered_display": "0.00", "missing_lines": 15, "excluded_lines": 2}, "missing_lines": [1385, 1386, 1387, 1388, 1389, 1390, 1391, 1392, 1393, 1395, 1401, 1402, 1403, 1404, 1409], "excluded_lines": [1398, 1399]}, "OperationsPages.ingestion_page": {"executed_lines": [], "summary": {"covered_lines": 0, "num_statements": 17, "percent_covered": 0.0, "percent_covered_display": "0.00", "missing_lines": 17, "excluded_lines": 2}, "missing_lines": [1412, 1413, 1414, 1415, 1416, 1417, 1418, 1419, 1420, 1421, 1422, 1424, 1428, 1429, 1430, 1431, 1438], "excluded_lines": [1425, 1426]}, "OperationsPages.apispec_page": {"executed_lines": [], "summary": {"covered_lines": 0, "num_statements": 17, "percent_covered": 0.0, "percent_covered_display": "0.00", "missing_lines": 17, "excluded_lines": 2}, "missing_lines": [1441, 1442, 1443, 1444, 1445, 1446, 1447, 1448, 1449, 1450, 1451, 1453, 1457, 1458, 1459, 1460, 1467], "excluded_lines": [1454, 1455]}, "OperationsPages.refactor_page": {"executed_lines": [], "summary": {"covered_lines": 0, "num_statements": 14, "percent_covered": 0.0, "percent_covered_display": "0.00", "missing_lines": 14, "excluded_lines": 0}, "missing_lines": [1470, 1471, 1472, 1473, 1474, 1475, 1476, 1477, 1478, 1479, 1480, 1481, 1482, 1484], "excluded_lines": []}, "OperationsPages.webapp_page": {"executed_lines": [], "summary": {"covered_lines": 0, "num_statements": 16, "percent_covered": 0.0, "percent_covered_display": "0.00", "missing_lines": 16, "excluded_lines": 0}, "missing_lines": [1487, 1488, 1489, 1490, 1491, 1492, 1493, 1494, 1495, 1496, 1497, 1498, 1499, 1500, 1501, 1508], "excluded_lines": []}, "OperationsPages.serve_page": {"executed_lines": [], "summary": {"covered_lines": 0, "num_statements": 15, "percent_covered": 0.0, "percent_covered_display": "0.00", "missing_lines": 15, "excluded_lines": 0}, "missing_lines": [1511, 1512, 1513, 1514, 1517, 1518, 1519, 1520, 1521, 1522, 1523, 1524, 1525, 1526, 1528], "excluded_lines": []}, "OperationsPages.dbschema_page": {"executed_lines": [], "summary": {"covered_lines": 0, "num_statements": 16, "percent_covered": 0.0, "percent_covered_display": "0.00", "missing_lines": 16, "excluded_lines": 0}, "missing_lines": [1531, 1532, 1533, 1534, 1535, 1536, 1537, 1538, 1539, 1540, 1541, 1542, 1543, 1544, 1545, 1552], "excluded_lines": []}, "SupportPages.doctor_page": {"executed_lines": [], "summary": {"covered_lines": 0, "num_statements": 10, "percent_covered": 0.0, "percent_covered_display": "0.00", "missing_lines": 10, "excluded_lines": 2}, "missing_lines": [1559, 1560, 1561, 1562, 1564, 1568, 1569, 1570, 1571, 1573], "excluded_lines": [1565, 1566]}, "SupportPages.diagnostics_page": {"executed_lines": [], "summary": {"covered_lines": 0, "num_statements": 19, "percent_covered": 0.0, "percent_covered_display": "0.00", "missing_lines": 19, "excluded_lines": 2}, "missing_lines": [1576, 1577, 1578, 1579, 1580, 1581, 1583, 1584, 1585, 1586, 1587, 1588, 1589, 1591, 1597, 1598, 1599, 1600, 1602], "excluded_lines": [1594, 1595]}, "PageRenderer.navigation_items": {"executed_lines": [], "summary": {"covered_lines": 0, "num_statements": 1, "percent_covered": 0.0, "percent_covered_display": "0.00", "missing_lines": 1, "excluded_lines": 0}, "missing_lines": [1614], "excluded_lines": []}, "": {"executed_lines": [1, 3, 4, 5, 6, 7, 8, 9, 10, 12, 13, 14, 15, 16, 22, 23, 25, 26, 31, 34, 77, 78, 80, 108, 219, 232, 268, 315, 449, 697, 844, 848, 867, 879, 946, 985, 986, 988, 1027, 1086, 1141, 1165, 1199, 1200, 1202, 1264, 1295, 1324, 1353, 1384, 1411, 1440, 1469, 1486, 1510, 1530, 1555, 1556, 1558, 1575, 1605, 1611, 1613, 1639], "summary": {"covered_lines": 59, "num_statements": 59, "percent_covered": 100.0, "percent_covered_display": "100.00", "missing_lines": 0, "excluded_lines": 2}, "missing_lines": [], "excluded_lines": [27, 28]}}, "classes": {"ProjectSetupPages": {"executed_lines": [], "summary": {"covered_lines": 0, "num_statements": 513, "percent_covered": 0.0, "percent_covered_display": "0.00", "missing_lines": 513, "excluded_lines": 11}, "missing_lines": [81, 82, 83, 84, 85, 86, 87, 88, 89, 90, 91, 92, 93, 94, 101, 102, 103, 106, 109, 110, 111, 112, 113, 114, 115, 117, 118, 119, 120, 121, 123, 124, 125, 126, 132, 133, 134, 135, 136, 137, 138, 140, 141, 142, 143, 144, 146, 147, 148, 149, 156, 157, 158, 159, 160, 161, 163, 164, 165, 166, 167, 168, 169, 170, 171, 172, 173, 174, 176, 182, 183, 184, 185, 186, 187, 189, 190, 191, 192, 198, 199, 200, 201, 203, 204, 205, 206, 207, 208, 209, 210, 211, 212, 213, 214, 215, 216, 217, 220, 221, 222, 223, 224, 225, 226, 227, 228, 229, 230, 235, 236, 247, 248, 249, 253, 254, 255, 256, 258, 259, 274, 275, 276, 278, 281, 282, 286, 287, 288, 289, 290, 294, 298, 299, 300, 301, 302, 306, 307, 308, 310, 311, 313, 316, 317, 318, 319, 320, 333, 341, 348, 350, 352, 353, 355, 356, 357, 358, 360, 361, 362, 367, 368, 369, 374, 375, 376, 377, 380, 381, 382, 383, 384, 385, 388, 389, 391, 394, 395, 396, 397, 400, 401, 402, 403, 404, 405, 411, 412, 414, 418, 419, 420, 425, 426, 427, 428, 433, 436, 437, 439, 440, 441, 447, 455, 456, 458, 459, 461, 462, 463, 464, 465, 467, 470, 471, 472, 473, 474, 475, 476, 477, 478, 479, 480, 482, 483, 484, 485, 487, 488, 489, 490, 491, 493, 494, 495, 496, 498, 499, 500, 501, 504, 505, 507, 508, 509, 511, 512, 513, 514, 515, 516, 517, 518, 519, 520, 521, 522, 523, 524, 525, 527, 528, 529, 531, 532, 533, 534, 536, 537, 538, 540, 541, 542, 543, 545, 546, 548, 549, 550, 551, 552, 553, 554, 555, 556, 557, 558, 559, 560, 561, 562, 563, 564, 565, 566, 567, 568, 569, 570, 572, 573, 574, 575, 576, 577, 578, 579, 580, 581, 582, 586, 587, 588, 589, 590, 591, 592, 593, 594, 595, 596, 598, 599, 600, 603, 604, 605, 607, 608, 614, 615, 616, 617, 619, 620, 621, 622, 623, 626, 627, 628, 631, 632, 633, 634, 635, 637, 638, 639, 641, 642, 643, 644, 645, 646, 647, 648, 649, 652, 653, 654, 655, 656, 657, 658, 659, 660, 661, 662, 664, 665, 666, 667, 668, 669, 670, 671, 674, 675, 676, 677, 678, 679, 680, 681, 682, 683, 684, 686, 687, 688, 691, 692, 695, 698, 699, 700, 701, 702, 708, 720, 726, 728, 729, 730, 734, 735, 739, 741, 746, 748, 749, 750, 751, 753, 755, 756, 757, 758, 760, 761, 762, 763, 764, 765, 767, 768, 769, 770, 771, 773, 774, 775, 776, 777, 782, 784, 785, 786, 787, 788, 789, 791, 792, 793, 794, 795, 799, 807, 813, 814, 815, 820, 821, 822, 831, 832, 837, 838, 839, 845, 846, 849, 850, 852, 865, 868, 869, 871, 877, 880, 881, 883, 885, 889, 893, 894, 897, 899, 900, 901, 913, 914, 915, 927, 928, 929, 934, 939, 940, 942, 944, 947, 948, 949, 950, 955, 956, 957, 958, 959, 964, 965, 966, 967, 968, 973, 974, 975, 980, 982], "excluded_lines": [104, 105, 257, 260, 261, 266, 309, 796, 823, 824, 830]}, "LifecyclePages": {"executed_lines": [], "summary": {"covered_lines": 0, "num_statements": 109, "percent_covered": 0.0, "percent_covered_display": "0.00", "missing_lines": 109, "excluded_lines": 6}, "missing_lines": [989, 990, 992, 993, 995, 996, 998, 1000, 1001, 1002, 1003, 1004, 1006, 1007, 1008, 1010, 1011, 1012, 1017, 1018, 1019, 1020, 1028, 1029, 1031, 1032, 1034, 1035, 1037, 1039, 1040, 1041, 1042, 1043, 1045, 1046, 1047, 1049, 1050, 1051, 1053, 1054, 1055, 1056, 1063, 1064, 1065, 1066, 1067, 1068, 1069, 1070, 1076, 1077, 1078, 1079, 1080, 1087, 1088, 1089, 1090, 1091, 1092, 1093, 1094, 1095, 1096, 1097, 1098, 1099, 1118, 1119, 1121, 1129, 1130, 1131, 1132, 1139, 1142, 1143, 1144, 1145, 1146, 1147, 1148, 1149, 1150, 1152, 1158, 1159, 1160, 1161, 1163, 1166, 1167, 1168, 1169, 1170, 1173, 1174, 1175, 1176, 1177, 1179, 1187, 1188, 1189, 1190, 1196], "excluded_lines": [1124, 1125, 1153, 1154, 1182, 1183]}, "OperationsPages": {"executed_lines": [], "summary": {"covered_lines": 0, "num_statements": 207, "percent_covered": 0.0, "percent_covered_display": "0.00", "missing_lines": 207, "excluded_lines": 14}, "missing_lines": [1203, 1204, 1206, 1207, 1209, 1210, 1212, 1213, 1215, 1219, 1221, 1222, 1224, 1225, 1226, 1227, 1228, 1233, 1234, 1235, 1236, 1241, 1242, 1243, 1244, 1246, 1247, 1249, 1250, 1251, 1252, 1253, 1254, 1261, 1262, 1265, 1266, 1267, 1268, 1269, 1270, 1271, 1272, 1273, 1274, 1276, 1284, 1285, 1286, 1287, 1293, 1296, 1297, 1298, 1299, 1300, 1301, 1302, 1303, 1304, 1306, 1314, 1315, 1316, 1317, 1322, 1325, 1326, 1327, 1328, 1329, 1330, 1331, 1332, 1333, 1335, 1343, 1344, 1345, 1346, 1351, 1354, 1355, 1356, 1357, 1358, 1359, 1360, 1361, 1362, 1363, 1365, 1373, 1374, 1375, 1376, 1382, 1385, 1386, 1387, 1388, 1389, 1390, 1391, 1392, 1393, 1395, 1401, 1402, 1403, 1404, 1409, 1412, 1413, 1414, 1415, 1416, 1417, 1418, 1419, 1420, 1421, 1422, 1424, 1428, 1429, 1430, 1431, 1438, 1441, 1442, 1443, 1444, 1445, 1446, 1447, 1448, 1449, 1450, 1451, 1453, 1457, 1458, 1459, 1460, 1467, 1470, 1471, 1472, 1473, 1474, 1475, 1476, 1477, 1478, 1479, 1480, 1481, 1482, 1484, 1487, 1488, 1489, 1490, 1491, 1492, 1493, 1494, 1495, 1496, 1497, 1498, 1499, 1500, 1501, 1508, 1511, 1512, 1513, 1514, 1517, 1518, 1519, 1520, 1521, 1522, 1523, 1524, 1525, 1526, 1528, 1531, 1532, 1533, 1534, 1535, 1536, 1537, 1538, 1539, 1540, 1541, 1542, 1543, 1544, 1545, 1552], "excluded_lines": [1279, 1280, 1309, 1310, 1338, 1339, 1368, 1369, 1398, 1399, 1425, 1426, 1454, 1455]}, "SupportPages": {"executed_lines": [], "summary": {"covered_lines": 0, "num_statements": 29, "percent_covered": 0.0, "percent_covered_display": "0.00", "missing_lines": 29, "excluded_lines": 4}, "missing_lines": [1559, 1560, 1561, 1562, 1564, 1568, 1569, 1570, 1571, 1573, 1576, 1577, 1578, 1579, 1580, 1581, 1583, 1584, 1585, 1586, 1587, 1588, 1589, 1591, 1597, 1598, 1599, 1600, 1602], "excluded_lines": [1565, 1566, 1594, 1595]}, "PageRenderer": {"executed_lines": [], "summary": {"covered_lines": 0, "num_statements": 1, "percent_covered": 0.0, "percent_covered_display": "0.00", "missing_lines": 1, "excluded_lines": 0}, "missing_lines": [1614], "excluded_lines": []}, "": {"executed_lines": [1, 3, 4, 5, 6, 7, 8, 9, 10, 12, 13, 14, 15, 16, 22, 23, 25, 26, 31, 34, 77, 78, 80, 108, 219, 232, 268, 315, 449, 697, 844, 848, 867, 879, 946, 985, 986, 988, 1027, 1086, 1141, 1165, 1199, 1200, 1202, 1264, 1295, 1324, 1353, 1384, 1411, 1440, 1469, 1486, 1510, 1530, 1555, 1556, 1558, 1575, 1605, 1611, 1613, 1639], "summary": {"covered_lines": 59, "num_statements": 75, "percent_covered": 78.66666666666667, "percent_covered_display": "78.67", "missing_lines": 16, "excluded_lines": 2}, "missing_lines": [44, 46, 47, 48, 50, 51, 53, 54, 56, 57, 68, 69, 70, 71, 72, 74], "excluded_lines": [27, 28]}}}}, "totals": {"covered_lines": 126, "num_statements": 1183, "percent_covered": 10.650887573964496, "percent_covered_display": "10.65", "missing_lines": 1057, "excluded_lines": 41}}
