src/devsynth/testing/run_tests.py:1711: error: "MutableMapping[str, str]" has no attribute "copy"  [attr-defined]
src/devsynth/application/cli/commands/webui_cmd.py:23: error: Module has no attribute "run"  [attr-defined]
src/devsynth/interface/uxbridge_config.py:77: error: Argument 1 to "apply_uxbridge_settings" has incompatible type "type[WebUI]"; expected "type[UXBridge]"  [arg-type]
Found 3 errors in 3 files (checked 433 source files)
