src/devsynth/testing/mypy_strict_runner.py:23: error: Incompatible types in assignment (expression has type "None", variable has type "Callable[[Mapping[str, Any]], PublicationSummary]")  [assignment]
src/devsynth/testing/mypy_strict_runner.py:53: error: Returning Any from function declared to return "str"  [no-any-return]
src/devsynth/testing/mypy_strict_runner.py:249: error: Statement is unreachable  [unreachable]
Found 3 errors in 1 file (checked 433 source files)
