2025-10-06 03:36:32,516 - devsynth.testing.run_tests - WARNING - Test collection failed: Traceback (most recent call last):
  File "<frozen runpy>", line 198, in _run_module_as_main
  File "<frozen runpy>", line 88, in _run_code
  File "/workspace/devsynth/.venv/lib/python3.12/site-packages/pytest/__main__.py", line 9, in <module>
    raise SystemExit(pytest.console_main())
                     ^^^^^^^^^^^^^^^^^^^^^
  File "/workspace/devsynth/.venv/lib/python3.12/site-packages/_pytest/config/__init__.py", line 201, in console_main
    code = main()
           ^^^^^^
  File "/workspace/devsynth/.venv/lib/python3.12/site-packages/_pytest/config/__init__.py", line 156, in main
    config = _prepareconfig(args, plugins)
             ^^^^^^^^^^^^^^^^^^^^^^^^^^^^^
  File "/workspace/devsynth/.venv/lib/python3.12/site-packages/_pytest/config/__init__.py", line 342, in _prepareconfig
    config = pluginmanager.hook.pytest_cmdline_parse(
             ^^^^^^^^^^^^^^^^^^^^^^^^^^^^^^^^^^^^^^^^
  File "/workspace/devsynth/.venv/lib/python3.12/site-packages/pluggy/_hooks.py", line 512, in __call__
    return self._hookexec(self.name, self._hookimpls.copy(), kwargs, firstresult)
           ^^^^^^^^^^^^^^^^^^^^^^^^^^^^^^^^^^^^^^^^^^^^^^^^^^^^^^^^^^^^^^^^^^^^^^
  File "/workspace/devsynth/.venv/lib/python3.12/site-packages/pluggy/_manager.py", line 120, in _hookexec
    return self._inner_hookexec(hook_name, methods, kwargs, firstresult)
           ^^^^^^^^^^^^^^^^^^^^^^^^^^^^^^^^^^^^^^^^^^^^^^^^^^^^^^^^^^^^^
  File "/workspace/devsynth/.venv/lib/python3.12/site-packages/pluggy/_callers.py", line 167, in _multicall
    raise exception
  File "/workspace/devsynth/.venv/lib/python3.12/site-packages/pluggy/_callers.py", line 139, in _multicall
    teardown.throw(exception)
  File "/workspace/devsynth/.venv/lib/python3.12/site-packages/_pytest/helpconfig.py", line 112, in pytest_cmdline_parse
    config = yield
             ^^^^^
  File "/workspace/devsynth/.venv/lib/python3.12/site-packages/pluggy/_callers.py", line 121, in _multicall
    res = hook_impl.function(*args)
          ^^^^^^^^^^^^^^^^^^^^^^^^^
  File "/workspace/devsynth/.venv/lib/python3.12/site-packages/_pytest/config/__init__.py", line 1146, in pytest_cmdline_parse
    self.parse(args)
  File "/workspace/devsynth/.venv/lib/python3.12/site-packages/_pytest/config/__init__.py", line 1527, in parse
    self._preparse(args, addopts=addopts)
  File "/workspace/devsynth/.venv/lib/python3.12/site-packages/_pytest/config/__init__.py", line 1431, in _preparse
    self.hook.pytest_load_initial_conftests(
  File "/workspace/devsynth/.venv/lib/python3.12/site-packages/pluggy/_hooks.py", line 512, in __call__
    return self._hookexec(self.name, self._hookimpls.copy(), kwargs, firstresult)
           ^^^^^^^^^^^^^^^^^^^^^^^^^^^^^^^^^^^^^^^^^^^^^^^^^^^^^^^^^^^^^^^^^^^^^^
  File "/workspace/devsynth/.venv/lib/python3.12/site-packages/pluggy/_manager.py", line 120, in _hookexec
    return self._inner_hookexec(hook_name, methods, kwargs, firstresult)
           ^^^^^^^^^^^^^^^^^^^^^^^^^^^^^^^^^^^^^^^^^^^^^^^^^^^^^^^^^^^^^
  File "/workspace/devsynth/.venv/lib/python3.12/site-packages/pluggy/_callers.py", line 167, in _multicall
    raise exception
  File "/workspace/devsynth/.venv/lib/python3.12/site-packages/pluggy/_callers.py", line 139, in _multicall
    teardown.throw(exception)
  File "/workspace/devsynth/.venv/lib/python3.12/site-packages/_pytest/warnings.py", line 129, in pytest_load_initial_conftests
    return (yield)
            ^^^^^
  File "/workspace/devsynth/.venv/lib/python3.12/site-packages/pluggy/_callers.py", line 139, in _multicall
    teardown.throw(exception)
  File "/workspace/devsynth/.venv/lib/python3.12/site-packages/_pytest/capture.py", line 173, in pytest_load_initial_conftests
    yield
  File "/workspace/devsynth/.venv/lib/python3.12/site-packages/pluggy/_callers.py", line 121, in _multicall
    res = hook_impl.function(*args)
          ^^^^^^^^^^^^^^^^^^^^^^^^^
  File "/workspace/devsynth/.venv/lib/python3.12/site-packages/_pytest/config/__init__.py", line 1228, in pytest_load_initial_conftests
    self.pluginmanager._set_initial_conftests(
  File "/workspace/devsynth/.venv/lib/python3.12/site-packages/_pytest/config/__init__.py", line 583, in _set_initial_conftests
    self._try_load_conftest(
  File "/workspace/devsynth/.venv/lib/python3.12/site-packages/_pytest/config/__init__.py", line 621, in _try_load_conftest
    self._loadconftestmodules(
  File "/workspace/devsynth/.venv/lib/python3.12/site-packages/_pytest/config/__init__.py", line 661, in _loadconftestmodules
    mod = self._importconftest(
          ^^^^^^^^^^^^^^^^^^^^^
  File "/workspace/devsynth/.venv/lib/python3.12/site-packages/_pytest/config/__init__.py", line 737, in _importconftest
    self.consider_conftest(mod, registration_name=conftestpath_plugin_name)
  File "/workspace/devsynth/.venv/lib/python3.12/site-packages/_pytest/config/__init__.py", line 818, in consider_conftest
    self.register(conftestmodule, name=registration_name)
  File "/workspace/devsynth/.venv/lib/python3.12/site-packages/_pytest/config/__init__.py", line 514, in register
    self.consider_module(plugin)
  File "/workspace/devsynth/.venv/lib/python3.12/site-packages/_pytest/config/__init__.py", line 826, in consider_module
    self._import_plugin_specs(getattr(mod, "pytest_plugins", []))
  File "/workspace/devsynth/.venv/lib/python3.12/site-packages/_pytest/config/__init__.py", line 833, in _import_plugin_specs
    self.import_plugin(import_spec)
  File "/workspace/devsynth/.venv/lib/python3.12/site-packages/_pytest/config/__init__.py", line 870, in import_plugin
    self.register(mod, modname)
  File "/workspace/devsynth/.venv/lib/python3.12/site-packages/_pytest/config/__init__.py", line 503, in register
    plugin_name = super().register(plugin, name)
                  ^^^^^^^^^^^^^^^^^^^^^^^^^^^^^^
  File "/workspace/devsynth/.venv/lib/python3.12/site-packages/pluggy/_manager.py", line 146, in register
    raise ValueError(
ValueError: Plugin already registered under a different name: pytest_bdd.plugin=<module 'pytest_bdd.plugin' from '/workspace/devsynth/.venv/lib/python3.12/site-packages/pytest_bdd/plugin.py'>
{'140684764965792': <_pytest.config.PytestPluginManager object at 0x7ff3b970eba0>, 'pytestconfig': <_pytest.config.Config object at 0x7ff3b92025d0>, 'mark': <module '_pytest.mark' from '/workspace/devsynth/.venv/lib/python3.12/site-packages/_pytest/mark/__init__.py'>, 'main': <module '_pytest.main' from '/workspace/devsynth/.venv/lib/python3.12/site-packages/_pytest/main.py'>, 'runner': <module '_pytest.runner' from '/workspace/devsynth/.venv/lib/python3.12/site-packages/_pytest/runner.py'>, 'fixtures': <module '_pytest.fixtures' from '/workspace/devsynth/.venv/lib/python3.12/site-packages/_pytest/fixtures.py'>, 'helpconfig': <module '_pytest.helpconfig' from '/workspace/devsynth/.venv/lib/python3.12/site-packages/_pytest/helpconfig.py'>, 'python': <module '_pytest.python' from '/workspace/devsynth/.venv/lib/python3.12/site-packages/_pytest/python.py'>, 'terminal': <module '_pytest.terminal' from '/workspace/devsynth/.venv/lib/python3.12/site-packages/_pytest/terminal.py'>, 'debugging': <module '_pytest.debugging' from '/workspace/devsynth/.venv/lib/python3.12/site-packages/_pytest/debugging.py'>, 'unittest': <module '_pytest.unittest' from '/workspace/devsynth/.venv/lib/python3.12/site-packages/_pytest/unittest.py'>, 'capture': <module '_pytest.capture' from '/workspace/devsynth/.venv/lib/python3.12/site-packages/_pytest/capture.py'>, 'skipping': <module '_pytest.skipping' from '/workspace/devsynth/.venv/lib/python3.12/site-packages/_pytest/skipping.py'>, 'legacypath': <module '_pytest.legacypath' from '/workspace/devsynth/.venv/lib/python3.12/site-packages/_pytest/legacypath.py'>, 'tmpdir': <module '_pytest.tmpdir' from '/workspace/devsynth/.venv/lib/python3.12/site-packages/_pytest/tmpdir.py'>, 'monkeypatch': <module '_pytest.monkeypatch' from '/workspace/devsynth/.venv/lib/python3.12/site-packages/_pytest/monkeypatch.py'>, 'recwarn': <module '_pytest.recwarn' from '/workspace/devsynth/.venv/lib/python3.12/site-packages/_pytest/recwarn.py'>, 'pastebin': <module '_pytest.pastebin' from '/workspace/devsynth/.venv/lib/python3.12/site-packages/_pytest/pastebin.py'>, 'assertion': <module '_pytest.assertion' from '/workspace/devsynth/.venv/lib/python3.12/site-packages/_pytest/assertion/__init__.py'>, 'junitxml': <module '_pytest.junitxml' from '/workspace/devsynth/.venv/lib/python3.12/site-packages/_pytest/junitxml.py'>, 'doctest': <module '_pytest.doctest' from '/workspace/devsynth/.venv/lib/python3.12/site-packages/_pytest/doctest.py'>, 'cacheprovider': <module '_pytest.cacheprovider' from '/workspace/devsynth/.venv/lib/python3.12/site-packages/_pytest/cacheprovider.py'>, 'freeze_support': <module '_pytest.freeze_support' from '/workspace/devsynth/.venv/lib/python3.12/site-packages/_pytest/freeze_support.py'>, 'setuponly': <module '_pytest.setuponly' from '/workspace/devsynth/.venv/lib/python3.12/site-packages/_pytest/setuponly.py'>, 'setupplan': <module '_pytest.setupplan' from '/workspace/devsynth/.venv/lib/python3.12/site-packages/_pytest/setupplan.py'>, 'stepwise': <module '_pytest.stepwise' from '/workspace/devsynth/.venv/lib/python3.12/site-packages/_pytest/stepwise.py'>, 'unraisableexception': <module '_pytest.unraisableexception' from '/workspace/devsynth/.venv/lib/python3.12/site-packages/_pytest/unraisableexception.py'>, 'threadexception': <module '_pytest.threadexception' from '/workspace/devsynth/.venv/lib/python3.12/site-packages/_pytest/threadexception.py'>, 'warnings': <module '_pytest.warnings' from '/workspace/devsynth/.venv/lib/python3.12/site-packages/_pytest/warnings.py'>, 'logging': <module '_pytest.logging' from '/workspace/devsynth/.venv/lib/python3.12/site-packages/_pytest/logging.py'>, 'reports': <module '_pytest.reports' from '/workspace/devsynth/.venv/lib/python3.12/site-packages/_pytest/reports.py'>, 'faulthandler': <module '_pytest.faulthandler' from '/workspace/devsynth/.venv/lib/python3.12/site-packages/_pytest/faulthandler.py'>, 'hypothesispytest': <module '_hypothesis_pytestplugin' from '/workspace/devsynth/.venv/lib/python3.12/site-packages/_hypothesis_pytestplugin.py'>, 'benchmark': <module 'pytest_benchmark.plugin' from '/workspace/devsynth/.venv/lib/python3.12/site-packages/pytest_benchmark/plugin.py'>, 'anyio': <module 'anyio.pytest_plugin' from '/workspace/devsynth/.venv/lib/python3.12/site-packages/anyio/pytest_plugin.py'>, 'xdist': <module 'xdist.plugin' from '/workspace/devsynth/.venv/lib/python3.12/site-packages/xdist/plugin.py'>, 'xdist.looponfail': <module 'xdist.looponfail' from '/workspace/devsynth/.venv/lib/python3.12/site-packages/xdist/looponfail.py'>, 'langsmith_plugin': <module 'langsmith.pytest_plugin' from '/workspace/devsynth/.venv/lib/python3.12/site-packages/langsmith/pytest_plugin.py'>, 'pytest_cov': <module 'pytest_cov.plugin' from '/workspace/devsynth/.venv/lib/python3.12/site-packages/pytest_cov/plugin.py'>, 'metadata': <module 'pytest_metadata.plugin' from '/workspace/devsynth/.venv/lib/python3.12/site-packages/pytest_metadata/plugin.py'>, 'html': <module 'pytest_html.plugin' from '/workspace/devsynth/.venv/lib/python3.12/site-packages/pytest_html/plugin.py'>, 'html_fixtures': <module 'pytest_html.fixtures' from '/workspace/devsynth/.venv/lib/python3.12/site-packages/pytest_html/fixtures.py'>, 'asyncio': <module 'pytest_asyncio.plugin' from '/workspace/devsynth/.venv/lib/python3.12/site-packages/pytest_asyncio/plugin.py'>, 'faker': <module 'faker.contrib.pytest.plugin' from '/workspace/devsynth/.venv/lib/python3.12/site-packages/faker/contrib/pytest/plugin.py'>, 'pytest_mock': <module 'pytest_mock' from '/workspace/devsynth/.venv/lib/python3.12/site-packages/pytest_mock/__init__.py'>, 'pytest-bdd': <module 'pytest_bdd.plugin' from '/workspace/devsynth/.venv/lib/python3.12/site-packages/pytest_bdd/plugin.py'>, 'rerunfailures': <module 'pytest_rerunfailures' from '/workspace/devsynth/.venv/lib/python3.12/site-packages/pytest_rerunfailures.py'>, 'capturemanager': <CaptureManager _method='fd' _global_capturing=<MultiCapture out=<FDCapture 1 oldfd=5 _state='started' tmpfile=<_io.TextIOWrapper name="<_io.FileIO name=6 mode='rb+' closefd=True>" mode='r+' encoding='utf-8'>> err=<FDCapture 2 oldfd=7 _state='started' tmpfile=<_io.TextIOWrapper name="<_io.FileIO name=8 mode='rb+' closefd=True>" mode='r+' encoding='utf-8'>> in_=<FDCapture 0 oldfd=3 _state='started' tmpfile=<_io.TextIOWrapper name='/dev/null' mode='r' encoding='utf-8'>> _state='started' _in_suspended=False> _capture_fixture=None>, '/workspace/devsynth/conftest.py': <module 'conftest' from '/workspace/devsynth/conftest.py'>, '/workspace/devsynth/tests/conftest.py': <module 'tests.conftest' from '/workspace/devsynth/tests/conftest.py'>, 'tests.conftest_extensions': <module 'tests.conftest_extensions' from '/workspace/devsynth/tests/conftest_extensions.py'>, 'tests.fixtures.backends': <module 'tests.fixtures.backends' from '/workspace/devsynth/tests/fixtures/backends.py'>, 'tests.fixtures.ports': <module 'tests.fixtures.ports' from '/workspace/devsynth/tests/fixtures/ports.py'>, 'tests.fixtures.kuzu': <module 'tests.fixtures.kuzu' from '/workspace/devsynth/tests/fixtures/kuzu.py'>, 'tests.fixtures.state_access_fixture': <module 'tests.fixtures.state_access_fixture' from '/workspace/devsynth/tests/fixtures/state_access_fixture.py'>, 'tests.fixtures.webui_wizard_state_fixture': <module 'tests.fixtures.webui_wizard_state_fixture' from '/workspace/devsynth/tests/fixtures/webui_wizard_state_fixture.py'>, 'tests.fixtures.optional_deps': <module 'tests.fixtures.optional_deps' from '/workspace/devsynth/tests/fixtures/optional_deps.py'>, 'tests.fixtures.lmstudio_mock': <module 'tests.fixtures.lmstudio_mock' from '/workspace/devsynth/tests/fixtures/lmstudio_mock.py'>, 'tests.fixtures.lmstudio_service': <module 'tests.fixtures.lmstudio_service' from '/workspace/devsynth/tests/fixtures/lmstudio_service.py'>, 'tests.fixtures.webui_bridge_stub': <module 'tests.fixtures.webui_bridge_stub' from '/workspace/devsynth/tests/fixtures/webui_bridge_stub.py'>, 'tests.fixtures.webui_test_utils': <module 'tests.fixtures.webui_test_utils' from '/workspace/devsynth/tests/fixtures/webui_test_utils.py'>, 'tests.unit.testing': <module 'tests.unit.testing' from '/workspace/devsynth/tests/unit/testing/__init__.py'>, 'pytester': <module '_pytest.pytester' from '/workspace/devsynth/.venv/lib/python3.12/site-packages/_pytest/pytester.py'>, 'legacypath-pytester': <class '_pytest.legacypath.LegacyTestdirPlugin'>, 'pytester_assertions': <module '_pytest.pytester_assertions' from '/workspace/devsynth/.venv/lib/python3.12/site-packages/_pytest/pytester_assertions.py'>}

Test collection failed: Traceback (most recent call last):  File &quot;&lt;frozen runpy&gt;&quot;, line 198, in 
_run_module_as_main  File &quot;&lt;frozen runpy&gt;&quot;, line 88, in _run_code  File 
&quot;/workspace/devsynth/.venv/lib/python3.12/site-packages/pytest/__main__.py&quot;, line 9, in &lt;module&gt;    raise 
SystemExit(pytest.console_main())                     ^^^^^^^^^^^^^^^^^^^^^  File 
&quot;/workspace/devsynth/.venv/lib/python3.12/site-packages/_pytest/config/__init__.py&quot;, line 201, in console_main    code
= main()           ^^^^^^  File &quot;/workspace/devsynth/.venv/lib/python3.12/site-packages/_pytest/config/__init__.py&quot;, 
line 156, in main    config = _prepareconfig(args, plugins)             ^^^^^^^^^^^^^^^^^^^^^^^^^^^^^  File 
&quot;/workspace/devsynth/.venv/lib/python3.12/site-packages/_pytest/config/__init__.py&quot;, line 342, in _prepareconfig    
config = pluginmanager.hook.pytest_cmdline_parse(             ^^^^^^^^^^^^^^^^^^^^^^^^^^^^^^^^^^^^^^^^  File 
&quot;/workspace/devsynth/.venv/lib/python3.12/site-packages/pluggy/_hooks.py&quot;, line 512, in __call__    return 
self._hookexec(self.name, self._hookimpls.copy(), kwargs, firstresult)           
^^^^^^^^^^^^^^^^^^^^^^^^^^^^^^^^^^^^^^^^^^^^^^^^^^^^^^^^^^^^^^^^^^^^^^  File 
&quot;/workspace/devsynth/.venv/lib/python3.12/site-packages/pluggy/_manager.py&quot;, line 120, in _hookexec    return 
self._inner_hookexec(hook_name, methods, kwargs, firstresult)           
^^^^^^^^^^^^^^^^^^^^^^^^^^^^^^^^^^^^^^^^^^^^^^^^^^^^^^^^^^^^^  File 
&quot;/workspace/devsynth/.venv/lib/python3.12/site-packages/pluggy/_callers.py&quot;, line 167, in _multicall    raise 
exception  File &quot;/workspace/devsynth/.venv/lib/python3.12/site-packages/pluggy/_callers.py&quot;, line 139, in _multicall  
teardown.throw(exception)  File &quot;/workspace/devsynth/.venv/lib/python3.12/site-packages/_pytest/helpconfig.py&quot;, line 
112, in pytest_cmdline_parse    config = yield             ^^^^^  File 
&quot;/workspace/devsynth/.venv/lib/python3.12/site-packages/pluggy/_callers.py&quot;, line 121, in _multicall    res = 
hook_impl.function(*args)          ^^^^^^^^^^^^^^^^^^^^^^^^^  File 
&quot;/workspace/devsynth/.venv/lib/python3.12/site-packages/_pytest/config/__init__.py&quot;, line 1146, in 
pytest_cmdline_parse    self.parse(args)  File 
&quot;/workspace/devsynth/.venv/lib/python3.12/site-packages/_pytest/config/__init__.py&quot;, line 1527, in parse    
self._preparse(args, addopts=addopts)  File 
&quot;/workspace/devsynth/.venv/lib/python3.12/site-packages/_pytest/config/__init__.py&quot;, line 1431, in _preparse    
self.hook.pytest_load_initial_conftests(  File 
&quot;/workspace/devsynth/.venv/lib/python3.12/site-packages/pluggy/_hooks.py&quot;, line 512, in __call__    return 
self._hookexec(self.name, self._hookimpls.copy(), kwargs, firstresult)           
^^^^^^^^^^^^^^^^^^^^^^^^^^^^^^^^^^^^^^^^^^^^^^^^^^^^^^^^^^^^^^^^^^^^^^  File 
&quot;/workspace/devsynth/.venv/lib/python3.12/site-packages/pluggy/_manager.py&quot;, line 120, in _hookexec    return 
self._inner_hookexec(hook_name, methods, kwargs, firstresult)           
^^^^^^^^^^^^^^^^^^^^^^^^^^^^^^^^^^^^^^^^^^^^^^^^^^^^^^^^^^^^^  File 
&quot;/workspace/devsynth/.venv/lib/python3.12/site-packages/pluggy/_callers.py&quot;, line 167, in _multicall    raise 
exception  File &quot;/workspace/devsynth/.venv/lib/python3.12/site-packages/pluggy/_callers.py&quot;, line 139, in _multicall  
teardown.throw(exception)  File &quot;/workspace/devsynth/.venv/lib/python3.12/site-packages/_pytest/warnings.py&quot;, line 
129, in pytest_load_initial_conftests    return (yield)            ^^^^^  File 
&quot;/workspace/devsynth/.venv/lib/python3.12/site-packages/pluggy/_callers.py&quot;, line 139, in _multicall    
teardown.throw(exception)  File &quot;/workspace/devsynth/.venv/lib/python3.12/site-packages/_pytest/capture.py&quot;, line 173,
in pytest_load_initial_conftests    yield  File 
&quot;/workspace/devsynth/.venv/lib/python3.12/site-packages/pluggy/_callers.py&quot;, line 121, in _multicall    res = 
hook_impl.function(*args)          ^^^^^^^^^^^^^^^^^^^^^^^^^  File 
&quot;/workspace/devsynth/.venv/lib/python3.12/site-packages/_pytest/config/__init__.py&quot;, line 1228, in 
pytest_load_initial_conftests    self.pluginmanager._set_initial_conftests(  File 
&quot;/workspace/devsynth/.venv/lib/python3.12/site-packages/_pytest/config/__init__.py&quot;, line 583, in 
_set_initial_conftests    self._try_load_conftest(  File 
&quot;/workspace/devsynth/.venv/lib/python3.12/site-packages/_pytest/config/__init__.py&quot;, line 621, in _try_load_conftest  
self._loadconftestmodules(  File &quot;/workspace/devsynth/.venv/lib/python3.12/site-packages/_pytest/config/__init__.py&quot;, 
line 661, in _loadconftestmodules    mod = self._importconftest(          ^^^^^^^^^^^^^^^^^^^^^  File 
&quot;/workspace/devsynth/.venv/lib/python3.12/site-packages/_pytest/config/__init__.py&quot;, line 737, in _importconftest    
self.consider_conftest(mod, registration_name=conftestpath_plugin_name)  File 
&quot;/workspace/devsynth/.venv/lib/python3.12/site-packages/_pytest/config/__init__.py&quot;, line 818, in consider_conftest   
self.register(conftestmodule, name=registration_name)  File 
&quot;/workspace/devsynth/.venv/lib/python3.12/site-packages/_pytest/config/__init__.py&quot;, line 514, in register    
self.consider_module(plugin)  File 
&quot;/workspace/devsynth/.venv/lib/python3.12/site-packages/_pytest/config/__init__.py&quot;, line 826, in consider_module    
self._import_plugin_specs(getattr(mod, &quot;pytest_plugins&quot;, []))  File 
&quot;/workspace/devsynth/.venv/lib/python3.12/site-packages/_pytest/config/__init__.py&quot;, line 833, in _import_plugin_specs
self.import_plugin(import_spec)  File 
&quot;/workspace/devsynth/.venv/lib/python3.12/site-packages/_pytest/config/__init__.py&quot;, line 870, in import_plugin    
self.register(mod, modname)  File &quot;/workspace/devsynth/.venv/lib/python3.12/site-packages/_pytest/config/__init__.py&quot;,
line 503, in register    plugin_name = super().register(plugin, name)                  ^^^^^^^^^^^^^^^^^^^^^^^^^^^^^^  File 
&quot;/workspace/devsynth/.venv/lib/python3.12/site-packages/pluggy/_manager.py&quot;, line 146, in register    raise 
ValueError(ValueError: Plugin already registered under a different name: pytest_bdd.plugin=&lt;module 
&#x27;pytest_bdd.plugin&#x27; from 
&#x27;/workspace/devsynth/.venv/lib/python3.12/site-packages/pytest_bdd/plugin.py&#x27;&gt;{&#x27;140684764965792&#x27;: 
&lt;_pytest.config.PytestPluginManager object at 0x7ff3b970eba0&gt;, &#x27;pytestconfig&#x27;: &lt;_pytest.config.Config object 
at 0x7ff3b92025d0&gt;, &#x27;mark&#x27;: &lt;module &#x27;_pytest.mark&#x27; from 
&#x27;/workspace/devsynth/.venv/lib/python3.12/site-packages/_pytest/mark/__init__.py&#x27;&gt;, &#x27;main&#x27;: &lt;module 
&#x27;_pytest.main&#x27; from &#x27;/workspace/devsynth/.venv/lib/python3.12/site-packages/_pytest/main.py&#x27;&gt;, 
&#x27;runner&#x27;: &lt;module &#x27;_pytest.runner&#x27; from 
&#x27;/workspace/devsynth/.venv/lib/python3.12/site-packages/_pytest/runner.py&#x27;&gt;, &#x27;fixtures&#x27;: &lt;module 
&#x27;_pytest.fixtures&#x27; from &#x27;/workspace/devsynth/.venv/lib/python3.12/site-packages/_pytest/fixtures.py&#x27;&gt;, 
&#x27;helpconfig&#x27;: &lt;module &#x27;_pytest.helpconfig&#x27; from 
&#x27;/workspace/devsynth/.venv/lib/python3.12/site-packages/_pytest/helpconfig.py&#x27;&gt;, &#x27;python&#x27;: &lt;module 
&#x27;_pytest.python&#x27; from &#x27;/workspace/devsynth/.venv/lib/python3.12/site-packages/_pytest/python.py&#x27;&gt;, 
&#x27;terminal&#x27;: &lt;module &#x27;_pytest.terminal&#x27; from 
&#x27;/workspace/devsynth/.venv/lib/python3.12/site-packages/_pytest/terminal.py&#x27;&gt;, &#x27;debugging&#x27;: &lt;module 
&#x27;_pytest.debugging&#x27; from &#x27;/workspace/devsynth/.venv/lib/python3.12/site-packages/_pytest/debugging.py&#x27;&gt;, 
&#x27;unittest&#x27;: &lt;module &#x27;_pytest.unittest&#x27; from 
&#x27;/workspace/devsynth/.venv/lib/python3.12/site-packages/_pytest/unittest.py&#x27;&gt;, &#x27;capture&#x27;: &lt;module 
&#x27;_pytest.capture&#x27; from &#x27;/workspace/devsynth/.venv/lib/python3.12/site-packages/_pytest/capture.py&#x27;&gt;, 
&#x27;skipping&#x27;: &lt;module &#x27;_pytest.skipping&#x27; from 
&#x27;/workspace/devsynth/.venv/lib/python3.12/site-packages/_pytest/skipping.py&#x27;&gt;, &#x27;legacypath&#x27;: &lt;module 
&#x27;_pytest.legacypath&#x27; from 
&#x27;/workspace/devsynth/.venv/lib/python3.12/site-packages/_pytest/legacypath.py&#x27;&gt;, &#x27;tmpdir&#x27;: &lt;module 
&#x27;_pytest.tmpdir&#x27; from &#x27;/workspace/devsynth/.venv/lib/python3.12/site-packages/_pytest/tmpdir.py&#x27;&gt;, 
&#x27;monkeypatch&#x27;: &lt;module &#x27;_pytest.monkeypatch&#x27; from 
&#x27;/workspace/devsynth/.venv/lib/python3.12/site-packages/_pytest/monkeypatch.py&#x27;&gt;, &#x27;recwarn&#x27;: &lt;module 
&#x27;_pytest.recwarn&#x27; from &#x27;/workspace/devsynth/.venv/lib/python3.12/site-packages/_pytest/recwarn.py&#x27;&gt;, 
&#x27;pastebin&#x27;: &lt;module &#x27;_pytest.pastebin&#x27; from 
&#x27;/workspace/devsynth/.venv/lib/python3.12/site-packages/_pytest/pastebin.py&#x27;&gt;, &#x27;assertion&#x27;: &lt;module 
&#x27;_pytest.assertion&#x27; from 
&#x27;/workspace/devsynth/.venv/lib/python3.12/site-packages/_pytest/assertion/__init__.py&#x27;&gt;, &#x27;junitxml&#x27;: 
&lt;module &#x27;_pytest.junitxml&#x27; from 
&#x27;/workspace/devsynth/.venv/lib/python3.12/site-packages/_pytest/junitxml.py&#x27;&gt;, &#x27;doctest&#x27;: &lt;module 
&#x27;_pytest.doctest&#x27; from &#x27;/workspace/devsynth/.venv/lib/python3.12/site-packages/_pytest/doctest.py&#x27;&gt;, 
&#x27;cacheprovider&#x27;: &lt;module &#x27;_pytest.cacheprovider&#x27; from 
&#x27;/workspace/devsynth/.venv/lib/python3.12/site-packages/_pytest/cacheprovider.py&#x27;&gt;, &#x27;freeze_support&#x27;: 
&lt;module &#x27;_pytest.freeze_support&#x27; from 
&#x27;/workspace/devsynth/.venv/lib/python3.12/site-packages/_pytest/freeze_support.py&#x27;&gt;, &#x27;setuponly&#x27;: 
&lt;module &#x27;_pytest.setuponly&#x27; from 
&#x27;/workspace/devsynth/.venv/lib/python3.12/site-packages/_pytest/setuponly.py&#x27;&gt;, &#x27;setupplan&#x27;: &lt;module 
&#x27;_pytest.setupplan&#x27; from &#x27;/workspace/devsynth/.venv/lib/python3.12/site-packages/_pytest/setupplan.py&#x27;&gt;, 
&#x27;stepwise&#x27;: &lt;module &#x27;_pytest.stepwise&#x27; from 
&#x27;/workspace/devsynth/.venv/lib/python3.12/site-packages/_pytest/stepwise.py&#x27;&gt;, &#x27;unraisableexception&#x27;: 
&lt;module &#x27;_pytest.unraisableexception&#x27; from 
&#x27;/workspace/devsynth/.venv/lib/python3.12/site-packages/_pytest/unraisableexception.py&#x27;&gt;, 
&#x27;threadexception&#x27;: &lt;module &#x27;_pytest.threadexception&#x27; from 
&#x27;/workspace/devsynth/.venv/lib/python3.12/site-packages/_pytest/threadexception.py&#x27;&gt;, &#x27;warnings&#x27;: 
&lt;module &#x27;_pytest.warnings&#x27; from 
&#x27;/workspace/devsynth/.venv/lib/python3.12/site-packages/_pytest/warnings.py&#x27;&gt;, &#x27;logging&#x27;: &lt;module 
&#x27;_pytest.logging&#x27; from &#x27;/workspace/devsynth/.venv/lib/python3.12/site-packages/_pytest/logging.py&#x27;&gt;, 
&#x27;reports&#x27;: &lt;module &#x27;_pytest.reports&#x27; from 
&#x27;/workspace/devsynth/.venv/lib/python3.12/site-packages/_pytest/reports.py&#x27;&gt;, &#x27;faulthandler&#x27;: &lt;module 
&#x27;_pytest.faulthandler&#x27; from 
&#x27;/workspace/devsynth/.venv/lib/python3.12/site-packages/_pytest/faulthandler.py&#x27;&gt;, &#x27;hypothesispytest&#x27;: 
&lt;module &#x27;_hypothesis_pytestplugin&#x27; from 
&#x27;/workspace/devsynth/.venv/lib/python3.12/site-packages/_hypothesis_pytestplugin.py&#x27;&gt;, &#x27;benchmark&#x27;: 
&lt;module &#x27;pytest_benchmark.plugin&#x27; from 
&#x27;/workspace/devsynth/.venv/lib/python3.12/site-packages/pytest_benchmark/plugin.py&#x27;&gt;, &#x27;anyio&#x27;: &lt;module
&#x27;anyio.pytest_plugin&#x27; from 
&#x27;/workspace/devsynth/.venv/lib/python3.12/site-packages/anyio/pytest_plugin.py&#x27;&gt;, &#x27;xdist&#x27;: &lt;module 
&#x27;xdist.plugin&#x27; from &#x27;/workspace/devsynth/.venv/lib/python3.12/site-packages/xdist/plugin.py&#x27;&gt;, 
&#x27;xdist.looponfail&#x27;: &lt;module &#x27;xdist.looponfail&#x27; from 
&#x27;/workspace/devsynth/.venv/lib/python3.12/site-packages/xdist/looponfail.py&#x27;&gt;, &#x27;langsmith_plugin&#x27;: 
&lt;module &#x27;langsmith.pytest_plugin&#x27; from 
&#x27;/workspace/devsynth/.venv/lib/python3.12/site-packages/langsmith/pytest_plugin.py&#x27;&gt;, &#x27;pytest_cov&#x27;: 
&lt;module &#x27;pytest_cov.plugin&#x27; from 
&#x27;/workspace/devsynth/.venv/lib/python3.12/site-packages/pytest_cov/plugin.py&#x27;&gt;, &#x27;metadata&#x27;: &lt;module 
&#x27;pytest_metadata.plugin&#x27; from 
&#x27;/workspace/devsynth/.venv/lib/python3.12/site-packages/pytest_metadata/plugin.py&#x27;&gt;, &#x27;html&#x27;: &lt;module 
&#x27;pytest_html.plugin&#x27; from 
&#x27;/workspace/devsynth/.venv/lib/python3.12/site-packages/pytest_html/plugin.py&#x27;&gt;, &#x27;html_fixtures&#x27;: 
&lt;module &#x27;pytest_html.fixtures&#x27; from 
&#x27;/workspace/devsynth/.venv/lib/python3.12/site-packages/pytest_html/fixtures.py&#x27;&gt;, &#x27;asyncio&#x27;: &lt;module 
&#x27;pytest_asyncio.plugin&#x27; from 
&#x27;/workspace/devsynth/.venv/lib/python3.12/site-packages/pytest_asyncio/plugin.py&#x27;&gt;, &#x27;faker&#x27;: &lt;module 
&#x27;faker.contrib.pytest.plugin&#x27; from 
&#x27;/workspace/devsynth/.venv/lib/python3.12/site-packages/faker/contrib/pytest/plugin.py&#x27;&gt;, &#x27;pytest_mock&#x27;: 
&lt;module &#x27;pytest_mock&#x27; from 
&#x27;/workspace/devsynth/.venv/lib/python3.12/site-packages/pytest_mock/__init__.py&#x27;&gt;, &#x27;pytest-bdd&#x27;: 
&lt;module &#x27;pytest_bdd.plugin&#x27; from 
&#x27;/workspace/devsynth/.venv/lib/python3.12/site-packages/pytest_bdd/plugin.py&#x27;&gt;, &#x27;rerunfailures&#x27;: 
&lt;module &#x27;pytest_rerunfailures&#x27; from 
&#x27;/workspace/devsynth/.venv/lib/python3.12/site-packages/pytest_rerunfailures.py&#x27;&gt;, &#x27;capturemanager&#x27;: 
&lt;CaptureManager _method=&#x27;fd&#x27; _global_capturing=&lt;MultiCapture out=&lt;FDCapture 1 oldfd=5 
_state=&#x27;started&#x27; tmpfile=&lt;_io.TextIOWrapper name=&quot;&lt;_io.FileIO name=6 mode=&#x27;rb+&#x27; 
closefd=True&gt;&quot; mode=&#x27;r+&#x27; encoding=&#x27;utf-8&#x27;&gt;&gt; err=&lt;FDCapture 2 oldfd=7 
_state=&#x27;started&#x27; tmpfile=&lt;_io.TextIOWrapper name=&quot;&lt;_io.FileIO name=8 mode=&#x27;rb+&#x27; 
closefd=True&gt;&quot; mode=&#x27;r+&#x27; encoding=&#x27;utf-8&#x27;&gt;&gt; in_=&lt;FDCapture 0 oldfd=3 
_state=&#x27;started&#x27; tmpfile=&lt;_io.TextIOWrapper name=&#x27;/dev/null&#x27; mode=&#x27;r&#x27; 
encoding=&#x27;utf-8&#x27;&gt;&gt; _state=&#x27;started&#x27; _in_suspended=False&gt; _capture_fixture=None&gt;, 
&#x27;/workspace/devsynth/conftest.py&#x27;: &lt;module &#x27;conftest&#x27; from 
&#x27;/workspace/devsynth/conftest.py&#x27;&gt;, &#x27;/workspace/devsynth/tests/conftest.py&#x27;: &lt;module 
&#x27;tests.conftest&#x27; from &#x27;/workspace/devsynth/tests/conftest.py&#x27;&gt;, &#x27;tests.conftest_extensions&#x27;: 
&lt;module &#x27;tests.conftest_extensions&#x27; from &#x27;/workspace/devsynth/tests/conftest_extensions.py&#x27;&gt;, 
&#x27;tests.fixtures.backends&#x27;: &lt;module &#x27;tests.fixtures.backends&#x27; from 
&#x27;/workspace/devsynth/tests/fixtures/backends.py&#x27;&gt;, &#x27;tests.fixtures.ports&#x27;: &lt;module 
&#x27;tests.fixtures.ports&#x27; from &#x27;/workspace/devsynth/tests/fixtures/ports.py&#x27;&gt;, 
&#x27;tests.fixtures.kuzu&#x27;: &lt;module &#x27;tests.fixtures.kuzu&#x27; from 
&#x27;/workspace/devsynth/tests/fixtures/kuzu.py&#x27;&gt;, &#x27;tests.fixtures.state_access_fixture&#x27;: &lt;module 
&#x27;tests.fixtures.state_access_fixture&#x27; from &#x27;/workspace/devsynth/tests/fixtures/state_access_fixture.py&#x27;&gt;,
&#x27;tests.fixtures.webui_wizard_state_fixture&#x27;: &lt;module &#x27;tests.fixtures.webui_wizard_state_fixture&#x27; from 
&#x27;/workspace/devsynth/tests/fixtures/webui_wizard_state_fixture.py&#x27;&gt;, &#x27;tests.fixtures.optional_deps&#x27;: 
&lt;module &#x27;tests.fixtures.optional_deps&#x27; from &#x27;/workspace/devsynth/tests/fixtures/optional_deps.py&#x27;&gt;, 
&#x27;tests.fixtures.lmstudio_mock&#x27;: &lt;module &#x27;tests.fixtures.lmstudio_mock&#x27; from 
&#x27;/workspace/devsynth/tests/fixtures/lmstudio_mock.py&#x27;&gt;, &#x27;tests.fixtures.lmstudio_service&#x27;: &lt;module 
&#x27;tests.fixtures.lmstudio_service&#x27; from &#x27;/workspace/devsynth/tests/fixtures/lmstudio_service.py&#x27;&gt;, 
&#x27;tests.fixtures.webui_bridge_stub&#x27;: &lt;module &#x27;tests.fixtures.webui_bridge_stub&#x27; from 
&#x27;/workspace/devsynth/tests/fixtures/webui_bridge_stub.py&#x27;&gt;, &#x27;tests.fixtures.webui_test_utils&#x27;: &lt;module
&#x27;tests.fixtures.webui_test_utils&#x27; from &#x27;/workspace/devsynth/tests/fixtures/webui_test_utils.py&#x27;&gt;, 
&#x27;tests.unit.testing&#x27;: &lt;module &#x27;tests.unit.testing&#x27; from 
&#x27;/workspace/devsynth/tests/unit/testing/__init__.py&#x27;&gt;, &#x27;pytester&#x27;: &lt;module 
&#x27;_pytest.pytester&#x27; from &#x27;/workspace/devsynth/.venv/lib/python3.12/site-packages/_pytest/pytester.py&#x27;&gt;, 
&#x27;legacypath-pytester&#x27;: &lt;class &#x27;_pytest.legacypath.LegacyTestdirPlugin&#x27;&gt;, 
&#x27;pytester_assertions&#x27;: &lt;module &#x27;_pytest.pytester_assertions&#x27; from 
&#x27;/workspace/devsynth/.venv/lib/python3.12/site-packages/_pytest/pytester_assertions.py&#x27;&gt;}
Tests failed
