===================================================== test session starts ======================================================
platform linux -- Python 3.12.10, pytest-8.4.2, pluggy-1.6.0
rootdir: /workspace/devsynth
configfile: pytest.ini
plugins: anyio-4.11.0, cov-7.0.0
collected 206 items / 5 errors / 180 deselected / 1 skipped / 26 selected

============================================================ ERRORS ============================================================
_____________________________ ERROR collecting tests/unit/application/memory/test_duckdb_store.py ______________________________
tests/unit/application/memory/test_duckdb_store.py:10: in <module>
    from devsynth.application.memory.duckdb_store import DuckDBStore
src/devsynth/application/memory/duckdb_store.py:23: in <module>
    from devsynth.core import feature_flags
src/devsynth/core/__init__.py:3: in <module>
    from .config_loader import (
src/devsynth/core/config_loader.py:70: in <module>
    @dataclass
     ^^^^^^^^^
.venv/lib/python3.12/site-packages/pydantic/dataclasses.py:283: in dataclass
    return create_dataclass if _cls is None else create_dataclass(_cls)
                                                 ^^^^^^^^^^^^^^^^^^^^^^
.venv/lib/python3.12/site-packages/pydantic/dataclasses.py:280: in create_dataclass
    _pydantic_dataclasses.complete_dataclass(cls, config_wrapper, raise_errors=False)
.venv/lib/python3.12/site-packages/pydantic/_internal/_dataclasses.py:166: in complete_dataclass
    schema = gen_schema.generate_schema(cls)
             ^^^^^^^^^^^^^^^^^^^^^^^^^^^^^^^
.venv/lib/python3.12/site-packages/pydantic/_internal/_generate_schema.py:711: in generate_schema
    schema = self._generate_schema_inner(obj)
             ^^^^^^^^^^^^^^^^^^^^^^^^^^^^^^^^
.venv/lib/python3.12/site-packages/pydantic/_internal/_generate_schema.py:1009: in _generate_schema_inner
    return self.match_type(obj)
           ^^^^^^^^^^^^^^^^^^^^
.venv/lib/python3.12/site-packages/pydantic/_internal/_generate_schema.py:1119: in match_type
    return self._dataclass_schema(obj, None)  # pyright: ignore[reportArgumentType]
           ^^^^^^^^^^^^^^^^^^^^^^^^^^^^^^^^^
.venv/lib/python3.12/site-packages/pydantic/_internal/_generate_schema.py:1961: in _dataclass_schema
    args = sorted(
.venv/lib/python3.12/site-packages/pydantic/_internal/_generate_schema.py:1962: in <genexpr>
    (self._generate_dc_field_schema(k, v, decorators) for k, v in fields.items()),
     ^^^^^^^^^^^^^^^^^^^^^^^^^^^^^^^^^^^^^^^^^^^^^^^^
.venv/lib/python3.12/site-packages/pydantic/_internal/_generate_schema.py:1223: in _generate_dc_field_schema
    common_field = self._common_field_schema(name, field_info, decorators)
                   ^^^^^^^^^^^^^^^^^^^^^^^^^^^^^^^^^^^^^^^^^^^^^^^^^^^^^^^
.venv/lib/python3.12/site-packages/pydantic/_internal/_generate_schema.py:1372: in _common_field_schema
    schema = self._apply_annotations(
.venv/lib/python3.12/site-packages/pydantic/_internal/_generate_schema.py:2297: in _apply_annotations
    schema = get_inner_schema(source_type)
             ^^^^^^^^^^^^^^^^^^^^^^^^^^^^^
.venv/lib/python3.12/site-packages/pydantic/_internal/_schema_generation_shared.py:83: in __call__
    schema = self._handler(source_type)
             ^^^^^^^^^^^^^^^^^^^^^^^^^^
.venv/lib/python3.12/site-packages/pydantic/_internal/_generate_schema.py:2279: in inner_handler
    schema = self._generate_schema_inner(obj)
             ^^^^^^^^^^^^^^^^^^^^^^^^^^^^^^^^
.venv/lib/python3.12/site-packages/pydantic/_internal/_generate_schema.py:1009: in _generate_schema_inner
    return self.match_type(obj)
           ^^^^^^^^^^^^^^^^^^^^
.venv/lib/python3.12/site-packages/pydantic/_internal/_generate_schema.py:1123: in match_type
    return self._match_generic_type(obj, origin)
           ^^^^^^^^^^^^^^^^^^^^^^^^^^^^^^^^^^^^^
.venv/lib/python3.12/site-packages/pydantic/_internal/_generate_schema.py:1146: in _match_generic_type
    return self._union_schema(obj)
           ^^^^^^^^^^^^^^^^^^^^^^^
.venv/lib/python3.12/site-packages/pydantic/_internal/_generate_schema.py:1434: in _union_schema
    choices.append(self.generate_schema(arg))
                   ^^^^^^^^^^^^^^^^^^^^^^^^^
.venv/lib/python3.12/site-packages/pydantic/_internal/_generate_schema.py:711: in generate_schema
    schema = self._generate_schema_inner(obj)
             ^^^^^^^^^^^^^^^^^^^^^^^^^^^^^^^^
.venv/lib/python3.12/site-packages/pydantic/_internal/_generate_schema.py:1009: in _generate_schema_inner
    return self.match_type(obj)
           ^^^^^^^^^^^^^^^^^^^^
.venv/lib/python3.12/site-packages/pydantic/_internal/_generate_schema.py:1123: in match_type
    return self._match_generic_type(obj, origin)
           ^^^^^^^^^^^^^^^^^^^^^^^^^^^^^^^^^^^^^
.venv/lib/python3.12/site-packages/pydantic/_internal/_generate_schema.py:1156: in _match_generic_type
    return self._dict_schema(*self._get_first_two_args_or_any(obj))
           ^^^^^^^^^^^^^^^^^^^^^^^^^^^^^^^^^^^^^^^^^^^^^^^^^^^^^^^^
.venv/lib/python3.12/site-packages/pydantic/_internal/_generate_schema.py:375: in _dict_schema
    return core_schema.dict_schema(self.generate_schema(keys_type), self.generate_schema(values_type))
                                                                    ^^^^^^^^^^^^^^^^^^^^^^^^^^^^^^^^^
.venv/lib/python3.12/site-packages/pydantic/_internal/_generate_schema.py:711: in generate_schema
    schema = self._generate_schema_inner(obj)
             ^^^^^^^^^^^^^^^^^^^^^^^^^^^^^^^^
.venv/lib/python3.12/site-packages/pydantic/_internal/_generate_schema.py:1009: in _generate_schema_inner
    return self.match_type(obj)
           ^^^^^^^^^^^^^^^^^^^^
.venv/lib/python3.12/site-packages/pydantic/_internal/_generate_schema.py:1123: in match_type
    return self._match_generic_type(obj, origin)
           ^^^^^^^^^^^^^^^^^^^^^^^^^^^^^^^^^^^^^
.venv/lib/python3.12/site-packages/pydantic/_internal/_generate_schema.py:1146: in _match_generic_type
    return self._union_schema(obj)
           ^^^^^^^^^^^^^^^^^^^^^^^
.venv/lib/python3.12/site-packages/pydantic/_internal/_generate_schema.py:1434: in _union_schema
    choices.append(self.generate_schema(arg))
                   ^^^^^^^^^^^^^^^^^^^^^^^^^
.venv/lib/python3.12/site-packages/pydantic/_internal/_generate_schema.py:711: in generate_schema
    schema = self._generate_schema_inner(obj)
             ^^^^^^^^^^^^^^^^^^^^^^^^^^^^^^^^
.venv/lib/python3.12/site-packages/pydantic/_internal/_generate_schema.py:1009: in _generate_schema_inner
    return self.match_type(obj)
           ^^^^^^^^^^^^^^^^^^^^
.venv/lib/python3.12/site-packages/pydantic/_internal/_generate_schema.py:1123: in match_type
    return self._match_generic_type(obj, origin)
           ^^^^^^^^^^^^^^^^^^^^^^^^^^^^^^^^^^^^^
.venv/lib/python3.12/site-packages/pydantic/_internal/_generate_schema.py:1150: in _match_generic_type
    return self._list_schema(self._get_first_arg_or_any(obj))
           ^^^^^^^^^^^^^^^^^^^^^^^^^^^^^^^^^^^^^^^^^^^^^^^^^^
.venv/lib/python3.12/site-packages/pydantic/_internal/_generate_schema.py:372: in _list_schema
    return core_schema.list_schema(self.generate_schema(items_type))
                                   ^^^^^^^^^^^^^^^^^^^^^^^^^^^^^^^^
.venv/lib/python3.12/site-packages/pydantic/_internal/_generate_schema.py:711: in generate_schema
    schema = self._generate_schema_inner(obj)
             ^^^^^^^^^^^^^^^^^^^^^^^^^^^^^^^^
.venv/lib/python3.12/site-packages/pydantic/_internal/_generate_schema.py:1009: in _generate_schema_inner
    return self.match_type(obj)
           ^^^^^^^^^^^^^^^^^^^^
.venv/lib/python3.12/site-packages/pydantic/_internal/_generate_schema.py:1123: in match_type
    return self._match_generic_type(obj, origin)
           ^^^^^^^^^^^^^^^^^^^^^^^^^^^^^^^^^^^^^
.venv/lib/python3.12/site-packages/pydantic/_internal/_generate_schema.py:1146: in _match_generic_type
    return self._union_schema(obj)
           ^^^^^^^^^^^^^^^^^^^^^^^
.venv/lib/python3.12/site-packages/pydantic/_internal/_generate_schema.py:1434: in _union_schema
    choices.append(self.generate_schema(arg))
                   ^^^^^^^^^^^^^^^^^^^^^^^^^
.venv/lib/python3.12/site-packages/pydantic/_internal/_generate_schema.py:711: in generate_schema
    schema = self._generate_schema_inner(obj)
             ^^^^^^^^^^^^^^^^^^^^^^^^^^^^^^^^
.venv/lib/python3.12/site-packages/pydantic/_internal/_generate_schema.py:1009: in _generate_schema_inner
    return self.match_type(obj)
           ^^^^^^^^^^^^^^^^^^^^
.venv/lib/python3.12/site-packages/pydantic/_internal/_generate_schema.py:1123: in match_type
    return self._match_generic_type(obj, origin)
           ^^^^^^^^^^^^^^^^^^^^^^^^^^^^^^^^^^^^^
.venv/lib/python3.12/site-packages/pydantic/_internal/_generate_schema.py:1150: in _match_generic_type
    return self._list_schema(self._get_first_arg_or_any(obj))
           ^^^^^^^^^^^^^^^^^^^^^^^^^^^^^^^^^^^^^^^^^^^^^^^^^^
.venv/lib/python3.12/site-packages/pydantic/_internal/_generate_schema.py:372: in _list_schema
    return core_schema.list_schema(self.generate_schema(items_type))
                                   ^^^^^^^^^^^^^^^^^^^^^^^^^^^^^^^^
E   RecursionError: maximum recursion depth exceeded
E   If you made use of an implicit recursive type alias (e.g. `MyType = list['MyType']), consider using PEP 695 type aliases instead. For more details, refer to the documentation: https://docs.pydantic.dev/2.11/concepts/types/#named-recursive-types
!!! Recursion detected (same locals & position)
___________________________ ERROR collecting tests/unit/application/memory/test_duckdb_store_hnsw.py ___________________________
tests/unit/application/memory/test_duckdb_store_hnsw.py:15: in <module>
    from devsynth.application.memory.duckdb_store import DuckDBStore
src/devsynth/application/memory/duckdb_store.py:23: in <module>
    from devsynth.core import feature_flags
src/devsynth/core/__init__.py:3: in <module>
    from .config_loader import (
src/devsynth/core/config_loader.py:70: in <module>
    @dataclass
     ^^^^^^^^^
.venv/lib/python3.12/site-packages/pydantic/dataclasses.py:283: in dataclass
    return create_dataclass if _cls is None else create_dataclass(_cls)
                                                 ^^^^^^^^^^^^^^^^^^^^^^
.venv/lib/python3.12/site-packages/pydantic/dataclasses.py:280: in create_dataclass
    _pydantic_dataclasses.complete_dataclass(cls, config_wrapper, raise_errors=False)
.venv/lib/python3.12/site-packages/pydantic/_internal/_dataclasses.py:166: in complete_dataclass
    schema = gen_schema.generate_schema(cls)
             ^^^^^^^^^^^^^^^^^^^^^^^^^^^^^^^
.venv/lib/python3.12/site-packages/pydantic/_internal/_generate_schema.py:711: in generate_schema
    schema = self._generate_schema_inner(obj)
             ^^^^^^^^^^^^^^^^^^^^^^^^^^^^^^^^
.venv/lib/python3.12/site-packages/pydantic/_internal/_generate_schema.py:1009: in _generate_schema_inner
    return self.match_type(obj)
           ^^^^^^^^^^^^^^^^^^^^
.venv/lib/python3.12/site-packages/pydantic/_internal/_generate_schema.py:1119: in match_type
    return self._dataclass_schema(obj, None)  # pyright: ignore[reportArgumentType]
           ^^^^^^^^^^^^^^^^^^^^^^^^^^^^^^^^^
.venv/lib/python3.12/site-packages/pydantic/_internal/_generate_schema.py:1961: in _dataclass_schema
    args = sorted(
.venv/lib/python3.12/site-packages/pydantic/_internal/_generate_schema.py:1962: in <genexpr>
    (self._generate_dc_field_schema(k, v, decorators) for k, v in fields.items()),
     ^^^^^^^^^^^^^^^^^^^^^^^^^^^^^^^^^^^^^^^^^^^^^^^^
.venv/lib/python3.12/site-packages/pydantic/_internal/_generate_schema.py:1223: in _generate_dc_field_schema
    common_field = self._common_field_schema(name, field_info, decorators)
                   ^^^^^^^^^^^^^^^^^^^^^^^^^^^^^^^^^^^^^^^^^^^^^^^^^^^^^^^
.venv/lib/python3.12/site-packages/pydantic/_internal/_generate_schema.py:1372: in _common_field_schema
    schema = self._apply_annotations(
.venv/lib/python3.12/site-packages/pydantic/_internal/_generate_schema.py:2297: in _apply_annotations
    schema = get_inner_schema(source_type)
             ^^^^^^^^^^^^^^^^^^^^^^^^^^^^^
.venv/lib/python3.12/site-packages/pydantic/_internal/_schema_generation_shared.py:83: in __call__
    schema = self._handler(source_type)
             ^^^^^^^^^^^^^^^^^^^^^^^^^^
.venv/lib/python3.12/site-packages/pydantic/_internal/_generate_schema.py:2279: in inner_handler
    schema = self._generate_schema_inner(obj)
             ^^^^^^^^^^^^^^^^^^^^^^^^^^^^^^^^
.venv/lib/python3.12/site-packages/pydantic/_internal/_generate_schema.py:1009: in _generate_schema_inner
    return self.match_type(obj)
           ^^^^^^^^^^^^^^^^^^^^
.venv/lib/python3.12/site-packages/pydantic/_internal/_generate_schema.py:1123: in match_type
    return self._match_generic_type(obj, origin)
           ^^^^^^^^^^^^^^^^^^^^^^^^^^^^^^^^^^^^^
.venv/lib/python3.12/site-packages/pydantic/_internal/_generate_schema.py:1146: in _match_generic_type
    return self._union_schema(obj)
           ^^^^^^^^^^^^^^^^^^^^^^^
.venv/lib/python3.12/site-packages/pydantic/_internal/_generate_schema.py:1434: in _union_schema
    choices.append(self.generate_schema(arg))
                   ^^^^^^^^^^^^^^^^^^^^^^^^^
.venv/lib/python3.12/site-packages/pydantic/_internal/_generate_schema.py:711: in generate_schema
    schema = self._generate_schema_inner(obj)
             ^^^^^^^^^^^^^^^^^^^^^^^^^^^^^^^^
.venv/lib/python3.12/site-packages/pydantic/_internal/_generate_schema.py:1009: in _generate_schema_inner
    return self.match_type(obj)
           ^^^^^^^^^^^^^^^^^^^^
.venv/lib/python3.12/site-packages/pydantic/_internal/_generate_schema.py:1123: in match_type
    return self._match_generic_type(obj, origin)
           ^^^^^^^^^^^^^^^^^^^^^^^^^^^^^^^^^^^^^
.venv/lib/python3.12/site-packages/pydantic/_internal/_generate_schema.py:1156: in _match_generic_type
    return self._dict_schema(*self._get_first_two_args_or_any(obj))
           ^^^^^^^^^^^^^^^^^^^^^^^^^^^^^^^^^^^^^^^^^^^^^^^^^^^^^^^^
.venv/lib/python3.12/site-packages/pydantic/_internal/_generate_schema.py:375: in _dict_schema
    return core_schema.dict_schema(self.generate_schema(keys_type), self.generate_schema(values_type))
                                                                    ^^^^^^^^^^^^^^^^^^^^^^^^^^^^^^^^^
.venv/lib/python3.12/site-packages/pydantic/_internal/_generate_schema.py:711: in generate_schema
    schema = self._generate_schema_inner(obj)
             ^^^^^^^^^^^^^^^^^^^^^^^^^^^^^^^^
.venv/lib/python3.12/site-packages/pydantic/_internal/_generate_schema.py:1009: in _generate_schema_inner
    return self.match_type(obj)
           ^^^^^^^^^^^^^^^^^^^^
.venv/lib/python3.12/site-packages/pydantic/_internal/_generate_schema.py:1123: in match_type
    return self._match_generic_type(obj, origin)
           ^^^^^^^^^^^^^^^^^^^^^^^^^^^^^^^^^^^^^
.venv/lib/python3.12/site-packages/pydantic/_internal/_generate_schema.py:1146: in _match_generic_type
    return self._union_schema(obj)
           ^^^^^^^^^^^^^^^^^^^^^^^
.venv/lib/python3.12/site-packages/pydantic/_internal/_generate_schema.py:1434: in _union_schema
    choices.append(self.generate_schema(arg))
                   ^^^^^^^^^^^^^^^^^^^^^^^^^
.venv/lib/python3.12/site-packages/pydantic/_internal/_generate_schema.py:711: in generate_schema
    schema = self._generate_schema_inner(obj)
             ^^^^^^^^^^^^^^^^^^^^^^^^^^^^^^^^
.venv/lib/python3.12/site-packages/pydantic/_internal/_generate_schema.py:1009: in _generate_schema_inner
    return self.match_type(obj)
           ^^^^^^^^^^^^^^^^^^^^
.venv/lib/python3.12/site-packages/pydantic/_internal/_generate_schema.py:1123: in match_type
    return self._match_generic_type(obj, origin)
           ^^^^^^^^^^^^^^^^^^^^^^^^^^^^^^^^^^^^^
.venv/lib/python3.12/site-packages/pydantic/_internal/_generate_schema.py:1150: in _match_generic_type
    return self._list_schema(self._get_first_arg_or_any(obj))
           ^^^^^^^^^^^^^^^^^^^^^^^^^^^^^^^^^^^^^^^^^^^^^^^^^^
.venv/lib/python3.12/site-packages/pydantic/_internal/_generate_schema.py:372: in _list_schema
    return core_schema.list_schema(self.generate_schema(items_type))
                                   ^^^^^^^^^^^^^^^^^^^^^^^^^^^^^^^^
.venv/lib/python3.12/site-packages/pydantic/_internal/_generate_schema.py:711: in generate_schema
    schema = self._generate_schema_inner(obj)
             ^^^^^^^^^^^^^^^^^^^^^^^^^^^^^^^^
.venv/lib/python3.12/site-packages/pydantic/_internal/_generate_schema.py:1009: in _generate_schema_inner
    return self.match_type(obj)
           ^^^^^^^^^^^^^^^^^^^^
.venv/lib/python3.12/site-packages/pydantic/_internal/_generate_schema.py:1123: in match_type
    return self._match_generic_type(obj, origin)
           ^^^^^^^^^^^^^^^^^^^^^^^^^^^^^^^^^^^^^
.venv/lib/python3.12/site-packages/pydantic/_internal/_generate_schema.py:1146: in _match_generic_type
    return self._union_schema(obj)
           ^^^^^^^^^^^^^^^^^^^^^^^
.venv/lib/python3.12/site-packages/pydantic/_internal/_generate_schema.py:1434: in _union_schema
    choices.append(self.generate_schema(arg))
                   ^^^^^^^^^^^^^^^^^^^^^^^^^
.venv/lib/python3.12/site-packages/pydantic/_internal/_generate_schema.py:711: in generate_schema
    schema = self._generate_schema_inner(obj)
             ^^^^^^^^^^^^^^^^^^^^^^^^^^^^^^^^
.venv/lib/python3.12/site-packages/pydantic/_internal/_generate_schema.py:1009: in _generate_schema_inner
    return self.match_type(obj)
           ^^^^^^^^^^^^^^^^^^^^
.venv/lib/python3.12/site-packages/pydantic/_internal/_generate_schema.py:1123: in match_type
    return self._match_generic_type(obj, origin)
           ^^^^^^^^^^^^^^^^^^^^^^^^^^^^^^^^^^^^^
.venv/lib/python3.12/site-packages/pydantic/_internal/_generate_schema.py:1150: in _match_generic_type
    return self._list_schema(self._get_first_arg_or_any(obj))
           ^^^^^^^^^^^^^^^^^^^^^^^^^^^^^^^^^^^^^^^^^^^^^^^^^^
.venv/lib/python3.12/site-packages/pydantic/_internal/_generate_schema.py:372: in _list_schema
    return core_schema.list_schema(self.generate_schema(items_type))
                                   ^^^^^^^^^^^^^^^^^^^^^^^^^^^^^^^^
E   RecursionError: maximum recursion depth exceeded
E   If you made use of an implicit recursive type alias (e.g. `MyType = list['MyType']), consider using PEP 695 type aliases instead. For more details, refer to the documentation: https://docs.pydantic.dev/2.11/concepts/types/#named-recursive-types
!!! Recursion detected (same locals & position)
_______________________ ERROR collecting tests/unit/application/memory/test_duckdb_store_schema_flags.py _______________________
tests/unit/application/memory/test_duckdb_store_schema_flags.py:10: in <module>
    from devsynth.application.memory import duckdb_store
src/devsynth/application/memory/duckdb_store.py:23: in <module>
    from devsynth.core import feature_flags
src/devsynth/core/__init__.py:3: in <module>
    from .config_loader import (
src/devsynth/core/config_loader.py:70: in <module>
    @dataclass
     ^^^^^^^^^
.venv/lib/python3.12/site-packages/pydantic/dataclasses.py:283: in dataclass
    return create_dataclass if _cls is None else create_dataclass(_cls)
                                                 ^^^^^^^^^^^^^^^^^^^^^^
.venv/lib/python3.12/site-packages/pydantic/dataclasses.py:280: in create_dataclass
    _pydantic_dataclasses.complete_dataclass(cls, config_wrapper, raise_errors=False)
.venv/lib/python3.12/site-packages/pydantic/_internal/_dataclasses.py:166: in complete_dataclass
    schema = gen_schema.generate_schema(cls)
             ^^^^^^^^^^^^^^^^^^^^^^^^^^^^^^^
.venv/lib/python3.12/site-packages/pydantic/_internal/_generate_schema.py:711: in generate_schema
    schema = self._generate_schema_inner(obj)
             ^^^^^^^^^^^^^^^^^^^^^^^^^^^^^^^^
.venv/lib/python3.12/site-packages/pydantic/_internal/_generate_schema.py:1009: in _generate_schema_inner
    return self.match_type(obj)
           ^^^^^^^^^^^^^^^^^^^^
.venv/lib/python3.12/site-packages/pydantic/_internal/_generate_schema.py:1119: in match_type
    return self._dataclass_schema(obj, None)  # pyright: ignore[reportArgumentType]
           ^^^^^^^^^^^^^^^^^^^^^^^^^^^^^^^^^
.venv/lib/python3.12/site-packages/pydantic/_internal/_generate_schema.py:1961: in _dataclass_schema
    args = sorted(
.venv/lib/python3.12/site-packages/pydantic/_internal/_generate_schema.py:1962: in <genexpr>
    (self._generate_dc_field_schema(k, v, decorators) for k, v in fields.items()),
     ^^^^^^^^^^^^^^^^^^^^^^^^^^^^^^^^^^^^^^^^^^^^^^^^
.venv/lib/python3.12/site-packages/pydantic/_internal/_generate_schema.py:1223: in _generate_dc_field_schema
    common_field = self._common_field_schema(name, field_info, decorators)
                   ^^^^^^^^^^^^^^^^^^^^^^^^^^^^^^^^^^^^^^^^^^^^^^^^^^^^^^^
.venv/lib/python3.12/site-packages/pydantic/_internal/_generate_schema.py:1372: in _common_field_schema
    schema = self._apply_annotations(
.venv/lib/python3.12/site-packages/pydantic/_internal/_generate_schema.py:2297: in _apply_annotations
    schema = get_inner_schema(source_type)
             ^^^^^^^^^^^^^^^^^^^^^^^^^^^^^
.venv/lib/python3.12/site-packages/pydantic/_internal/_schema_generation_shared.py:83: in __call__
    schema = self._handler(source_type)
             ^^^^^^^^^^^^^^^^^^^^^^^^^^
.venv/lib/python3.12/site-packages/pydantic/_internal/_generate_schema.py:2279: in inner_handler
    schema = self._generate_schema_inner(obj)
             ^^^^^^^^^^^^^^^^^^^^^^^^^^^^^^^^
.venv/lib/python3.12/site-packages/pydantic/_internal/_generate_schema.py:1009: in _generate_schema_inner
    return self.match_type(obj)
           ^^^^^^^^^^^^^^^^^^^^
.venv/lib/python3.12/site-packages/pydantic/_internal/_generate_schema.py:1123: in match_type
    return self._match_generic_type(obj, origin)
           ^^^^^^^^^^^^^^^^^^^^^^^^^^^^^^^^^^^^^
.venv/lib/python3.12/site-packages/pydantic/_internal/_generate_schema.py:1146: in _match_generic_type
    return self._union_schema(obj)
           ^^^^^^^^^^^^^^^^^^^^^^^
.venv/lib/python3.12/site-packages/pydantic/_internal/_generate_schema.py:1434: in _union_schema
    choices.append(self.generate_schema(arg))
                   ^^^^^^^^^^^^^^^^^^^^^^^^^
.venv/lib/python3.12/site-packages/pydantic/_internal/_generate_schema.py:711: in generate_schema
    schema = self._generate_schema_inner(obj)
             ^^^^^^^^^^^^^^^^^^^^^^^^^^^^^^^^
.venv/lib/python3.12/site-packages/pydantic/_internal/_generate_schema.py:1009: in _generate_schema_inner
    return self.match_type(obj)
           ^^^^^^^^^^^^^^^^^^^^
.venv/lib/python3.12/site-packages/pydantic/_internal/_generate_schema.py:1123: in match_type
    return self._match_generic_type(obj, origin)
           ^^^^^^^^^^^^^^^^^^^^^^^^^^^^^^^^^^^^^
.venv/lib/python3.12/site-packages/pydantic/_internal/_generate_schema.py:1156: in _match_generic_type
    return self._dict_schema(*self._get_first_two_args_or_any(obj))
           ^^^^^^^^^^^^^^^^^^^^^^^^^^^^^^^^^^^^^^^^^^^^^^^^^^^^^^^^
.venv/lib/python3.12/site-packages/pydantic/_internal/_generate_schema.py:375: in _dict_schema
    return core_schema.dict_schema(self.generate_schema(keys_type), self.generate_schema(values_type))
                                                                    ^^^^^^^^^^^^^^^^^^^^^^^^^^^^^^^^^
.venv/lib/python3.12/site-packages/pydantic/_internal/_generate_schema.py:711: in generate_schema
    schema = self._generate_schema_inner(obj)
             ^^^^^^^^^^^^^^^^^^^^^^^^^^^^^^^^
.venv/lib/python3.12/site-packages/pydantic/_internal/_generate_schema.py:1009: in _generate_schema_inner
    return self.match_type(obj)
           ^^^^^^^^^^^^^^^^^^^^
.venv/lib/python3.12/site-packages/pydantic/_internal/_generate_schema.py:1123: in match_type
    return self._match_generic_type(obj, origin)
           ^^^^^^^^^^^^^^^^^^^^^^^^^^^^^^^^^^^^^
.venv/lib/python3.12/site-packages/pydantic/_internal/_generate_schema.py:1146: in _match_generic_type
    return self._union_schema(obj)
           ^^^^^^^^^^^^^^^^^^^^^^^
.venv/lib/python3.12/site-packages/pydantic/_internal/_generate_schema.py:1434: in _union_schema
    choices.append(self.generate_schema(arg))
                   ^^^^^^^^^^^^^^^^^^^^^^^^^
.venv/lib/python3.12/site-packages/pydantic/_internal/_generate_schema.py:711: in generate_schema
    schema = self._generate_schema_inner(obj)
             ^^^^^^^^^^^^^^^^^^^^^^^^^^^^^^^^
.venv/lib/python3.12/site-packages/pydantic/_internal/_generate_schema.py:1009: in _generate_schema_inner
    return self.match_type(obj)
           ^^^^^^^^^^^^^^^^^^^^
.venv/lib/python3.12/site-packages/pydantic/_internal/_generate_schema.py:1123: in match_type
    return self._match_generic_type(obj, origin)
           ^^^^^^^^^^^^^^^^^^^^^^^^^^^^^^^^^^^^^
.venv/lib/python3.12/site-packages/pydantic/_internal/_generate_schema.py:1150: in _match_generic_type
    return self._list_schema(self._get_first_arg_or_any(obj))
           ^^^^^^^^^^^^^^^^^^^^^^^^^^^^^^^^^^^^^^^^^^^^^^^^^^
.venv/lib/python3.12/site-packages/pydantic/_internal/_generate_schema.py:372: in _list_schema
    return core_schema.list_schema(self.generate_schema(items_type))
                                   ^^^^^^^^^^^^^^^^^^^^^^^^^^^^^^^^
.venv/lib/python3.12/site-packages/pydantic/_internal/_generate_schema.py:711: in generate_schema
    schema = self._generate_schema_inner(obj)
             ^^^^^^^^^^^^^^^^^^^^^^^^^^^^^^^^
.venv/lib/python3.12/site-packages/pydantic/_internal/_generate_schema.py:1009: in _generate_schema_inner
    return self.match_type(obj)
           ^^^^^^^^^^^^^^^^^^^^
.venv/lib/python3.12/site-packages/pydantic/_internal/_generate_schema.py:1123: in match_type
    return self._match_generic_type(obj, origin)
           ^^^^^^^^^^^^^^^^^^^^^^^^^^^^^^^^^^^^^
.venv/lib/python3.12/site-packages/pydantic/_internal/_generate_schema.py:1146: in _match_generic_type
    return self._union_schema(obj)
           ^^^^^^^^^^^^^^^^^^^^^^^
.venv/lib/python3.12/site-packages/pydantic/_internal/_generate_schema.py:1434: in _union_schema
    choices.append(self.generate_schema(arg))
                   ^^^^^^^^^^^^^^^^^^^^^^^^^
.venv/lib/python3.12/site-packages/pydantic/_internal/_generate_schema.py:711: in generate_schema
    schema = self._generate_schema_inner(obj)
             ^^^^^^^^^^^^^^^^^^^^^^^^^^^^^^^^
.venv/lib/python3.12/site-packages/pydantic/_internal/_generate_schema.py:1009: in _generate_schema_inner
    return self.match_type(obj)
           ^^^^^^^^^^^^^^^^^^^^
.venv/lib/python3.12/site-packages/pydantic/_internal/_generate_schema.py:1123: in match_type
    return self._match_generic_type(obj, origin)
           ^^^^^^^^^^^^^^^^^^^^^^^^^^^^^^^^^^^^^
.venv/lib/python3.12/site-packages/pydantic/_internal/_generate_schema.py:1150: in _match_generic_type
    return self._list_schema(self._get_first_arg_or_any(obj))
           ^^^^^^^^^^^^^^^^^^^^^^^^^^^^^^^^^^^^^^^^^^^^^^^^^^
.venv/lib/python3.12/site-packages/pydantic/_internal/_generate_schema.py:372: in _list_schema
    return core_schema.list_schema(self.generate_schema(items_type))
                                   ^^^^^^^^^^^^^^^^^^^^^^^^^^^^^^^^
E   RecursionError: maximum recursion depth exceeded
E   If you made use of an implicit recursive type alias (e.g. `MyType = list['MyType']), consider using PEP 695 type aliases instead. For more details, refer to the documentation: https://docs.pydantic.dev/2.11/concepts/types/#named-recursive-types
!!! Recursion detected (same locals & position)
_______________________ ERROR collecting tests/unit/application/memory/test_fast_in_memory_components.py _______________________
tests/unit/application/memory/test_fast_in_memory_components.py:8: in <module>
    from devsynth.adapters.memory.memory_adapter import MemorySystemAdapter
src/devsynth/adapters/memory/memory_adapter.py:15: in <module>
    from ...application.memory.duckdb_store import DuckDBStore
src/devsynth/application/memory/duckdb_store.py:23: in <module>
    from devsynth.core import feature_flags
src/devsynth/core/__init__.py:3: in <module>
    from .config_loader import (
src/devsynth/core/config_loader.py:70: in <module>
    @dataclass
     ^^^^^^^^^
.venv/lib/python3.12/site-packages/pydantic/dataclasses.py:283: in dataclass
    return create_dataclass if _cls is None else create_dataclass(_cls)
                                                 ^^^^^^^^^^^^^^^^^^^^^^
.venv/lib/python3.12/site-packages/pydantic/dataclasses.py:280: in create_dataclass
    _pydantic_dataclasses.complete_dataclass(cls, config_wrapper, raise_errors=False)
.venv/lib/python3.12/site-packages/pydantic/_internal/_dataclasses.py:166: in complete_dataclass
    schema = gen_schema.generate_schema(cls)
             ^^^^^^^^^^^^^^^^^^^^^^^^^^^^^^^
.venv/lib/python3.12/site-packages/pydantic/_internal/_generate_schema.py:711: in generate_schema
    schema = self._generate_schema_inner(obj)
             ^^^^^^^^^^^^^^^^^^^^^^^^^^^^^^^^
.venv/lib/python3.12/site-packages/pydantic/_internal/_generate_schema.py:1009: in _generate_schema_inner
    return self.match_type(obj)
           ^^^^^^^^^^^^^^^^^^^^
.venv/lib/python3.12/site-packages/pydantic/_internal/_generate_schema.py:1119: in match_type
    return self._dataclass_schema(obj, None)  # pyright: ignore[reportArgumentType]
           ^^^^^^^^^^^^^^^^^^^^^^^^^^^^^^^^^
.venv/lib/python3.12/site-packages/pydantic/_internal/_generate_schema.py:1961: in _dataclass_schema
    args = sorted(
.venv/lib/python3.12/site-packages/pydantic/_internal/_generate_schema.py:1962: in <genexpr>
    (self._generate_dc_field_schema(k, v, decorators) for k, v in fields.items()),
     ^^^^^^^^^^^^^^^^^^^^^^^^^^^^^^^^^^^^^^^^^^^^^^^^
.venv/lib/python3.12/site-packages/pydantic/_internal/_generate_schema.py:1223: in _generate_dc_field_schema
    common_field = self._common_field_schema(name, field_info, decorators)
                   ^^^^^^^^^^^^^^^^^^^^^^^^^^^^^^^^^^^^^^^^^^^^^^^^^^^^^^^
.venv/lib/python3.12/site-packages/pydantic/_internal/_generate_schema.py:1372: in _common_field_schema
    schema = self._apply_annotations(
.venv/lib/python3.12/site-packages/pydantic/_internal/_generate_schema.py:2297: in _apply_annotations
    schema = get_inner_schema(source_type)
             ^^^^^^^^^^^^^^^^^^^^^^^^^^^^^
.venv/lib/python3.12/site-packages/pydantic/_internal/_schema_generation_shared.py:83: in __call__
    schema = self._handler(source_type)
             ^^^^^^^^^^^^^^^^^^^^^^^^^^
.venv/lib/python3.12/site-packages/pydantic/_internal/_generate_schema.py:2279: in inner_handler
    schema = self._generate_schema_inner(obj)
             ^^^^^^^^^^^^^^^^^^^^^^^^^^^^^^^^
.venv/lib/python3.12/site-packages/pydantic/_internal/_generate_schema.py:1009: in _generate_schema_inner
    return self.match_type(obj)
           ^^^^^^^^^^^^^^^^^^^^
.venv/lib/python3.12/site-packages/pydantic/_internal/_generate_schema.py:1123: in match_type
    return self._match_generic_type(obj, origin)
           ^^^^^^^^^^^^^^^^^^^^^^^^^^^^^^^^^^^^^
.venv/lib/python3.12/site-packages/pydantic/_internal/_generate_schema.py:1146: in _match_generic_type
    return self._union_schema(obj)
           ^^^^^^^^^^^^^^^^^^^^^^^
.venv/lib/python3.12/site-packages/pydantic/_internal/_generate_schema.py:1434: in _union_schema
    choices.append(self.generate_schema(arg))
                   ^^^^^^^^^^^^^^^^^^^^^^^^^
.venv/lib/python3.12/site-packages/pydantic/_internal/_generate_schema.py:711: in generate_schema
    schema = self._generate_schema_inner(obj)
             ^^^^^^^^^^^^^^^^^^^^^^^^^^^^^^^^
.venv/lib/python3.12/site-packages/pydantic/_internal/_generate_schema.py:1009: in _generate_schema_inner
    return self.match_type(obj)
           ^^^^^^^^^^^^^^^^^^^^
.venv/lib/python3.12/site-packages/pydantic/_internal/_generate_schema.py:1123: in match_type
    return self._match_generic_type(obj, origin)
           ^^^^^^^^^^^^^^^^^^^^^^^^^^^^^^^^^^^^^
.venv/lib/python3.12/site-packages/pydantic/_internal/_generate_schema.py:1156: in _match_generic_type
    return self._dict_schema(*self._get_first_two_args_or_any(obj))
           ^^^^^^^^^^^^^^^^^^^^^^^^^^^^^^^^^^^^^^^^^^^^^^^^^^^^^^^^
.venv/lib/python3.12/site-packages/pydantic/_internal/_generate_schema.py:375: in _dict_schema
    return core_schema.dict_schema(self.generate_schema(keys_type), self.generate_schema(values_type))
                                                                    ^^^^^^^^^^^^^^^^^^^^^^^^^^^^^^^^^
.venv/lib/python3.12/site-packages/pydantic/_internal/_generate_schema.py:711: in generate_schema
    schema = self._generate_schema_inner(obj)
             ^^^^^^^^^^^^^^^^^^^^^^^^^^^^^^^^
.venv/lib/python3.12/site-packages/pydantic/_internal/_generate_schema.py:1009: in _generate_schema_inner
    return self.match_type(obj)
           ^^^^^^^^^^^^^^^^^^^^
.venv/lib/python3.12/site-packages/pydantic/_internal/_generate_schema.py:1123: in match_type
    return self._match_generic_type(obj, origin)
           ^^^^^^^^^^^^^^^^^^^^^^^^^^^^^^^^^^^^^
.venv/lib/python3.12/site-packages/pydantic/_internal/_generate_schema.py:1146: in _match_generic_type
    return self._union_schema(obj)
           ^^^^^^^^^^^^^^^^^^^^^^^
.venv/lib/python3.12/site-packages/pydantic/_internal/_generate_schema.py:1434: in _union_schema
    choices.append(self.generate_schema(arg))
                   ^^^^^^^^^^^^^^^^^^^^^^^^^
.venv/lib/python3.12/site-packages/pydantic/_internal/_generate_schema.py:711: in generate_schema
    schema = self._generate_schema_inner(obj)
             ^^^^^^^^^^^^^^^^^^^^^^^^^^^^^^^^
.venv/lib/python3.12/site-packages/pydantic/_internal/_generate_schema.py:1009: in _generate_schema_inner
    return self.match_type(obj)
           ^^^^^^^^^^^^^^^^^^^^
.venv/lib/python3.12/site-packages/pydantic/_internal/_generate_schema.py:1123: in match_type
    return self._match_generic_type(obj, origin)
           ^^^^^^^^^^^^^^^^^^^^^^^^^^^^^^^^^^^^^
.venv/lib/python3.12/site-packages/pydantic/_internal/_generate_schema.py:1150: in _match_generic_type
    return self._list_schema(self._get_first_arg_or_any(obj))
           ^^^^^^^^^^^^^^^^^^^^^^^^^^^^^^^^^^^^^^^^^^^^^^^^^^
.venv/lib/python3.12/site-packages/pydantic/_internal/_generate_schema.py:372: in _list_schema
    return core_schema.list_schema(self.generate_schema(items_type))
                                   ^^^^^^^^^^^^^^^^^^^^^^^^^^^^^^^^
.venv/lib/python3.12/site-packages/pydantic/_internal/_generate_schema.py:711: in generate_schema
    schema = self._generate_schema_inner(obj)
             ^^^^^^^^^^^^^^^^^^^^^^^^^^^^^^^^
.venv/lib/python3.12/site-packages/pydantic/_internal/_generate_schema.py:1009: in _generate_schema_inner
    return self.match_type(obj)
           ^^^^^^^^^^^^^^^^^^^^
.venv/lib/python3.12/site-packages/pydantic/_internal/_generate_schema.py:1123: in match_type
    return self._match_generic_type(obj, origin)
           ^^^^^^^^^^^^^^^^^^^^^^^^^^^^^^^^^^^^^
.venv/lib/python3.12/site-packages/pydantic/_internal/_generate_schema.py:1146: in _match_generic_type
    return self._union_schema(obj)
           ^^^^^^^^^^^^^^^^^^^^^^^
.venv/lib/python3.12/site-packages/pydantic/_internal/_generate_schema.py:1434: in _union_schema
    choices.append(self.generate_schema(arg))
                   ^^^^^^^^^^^^^^^^^^^^^^^^^
.venv/lib/python3.12/site-packages/pydantic/_internal/_generate_schema.py:711: in generate_schema
    schema = self._generate_schema_inner(obj)
             ^^^^^^^^^^^^^^^^^^^^^^^^^^^^^^^^
.venv/lib/python3.12/site-packages/pydantic/_internal/_generate_schema.py:1009: in _generate_schema_inner
    return self.match_type(obj)
           ^^^^^^^^^^^^^^^^^^^^
.venv/lib/python3.12/site-packages/pydantic/_internal/_generate_schema.py:1123: in match_type
    return self._match_generic_type(obj, origin)
           ^^^^^^^^^^^^^^^^^^^^^^^^^^^^^^^^^^^^^
.venv/lib/python3.12/site-packages/pydantic/_internal/_generate_schema.py:1150: in _match_generic_type
    return self._list_schema(self._get_first_arg_or_any(obj))
           ^^^^^^^^^^^^^^^^^^^^^^^^^^^^^^^^^^^^^^^^^^^^^^^^^^
.venv/lib/python3.12/site-packages/pydantic/_internal/_generate_schema.py:372: in _list_schema
    return core_schema.list_schema(self.generate_schema(items_type))
                                   ^^^^^^^^^^^^^^^^^^^^^^^^^^^^^^^^
E   RecursionError: maximum recursion depth exceeded
E   If you made use of an implicit recursive type alias (e.g. `MyType = list['MyType']), consider using PEP 695 type aliases instead. For more details, refer to the documentation: https://docs.pydantic.dev/2.11/concepts/types/#named-recursive-types
!!! Recursion detected (same locals & position)
______________________ ERROR collecting tests/unit/application/memory/test_memory_system_adapter_unit.py _______________________
tests/unit/application/memory/test_memory_system_adapter_unit.py:13: in <module>
    from devsynth.adapters.memory.memory_adapter import MemoryStoreError
src/devsynth/adapters/memory/memory_adapter.py:15: in <module>
    from ...application.memory.duckdb_store import DuckDBStore
src/devsynth/application/memory/duckdb_store.py:23: in <module>
    from devsynth.core import feature_flags
src/devsynth/core/__init__.py:3: in <module>
    from .config_loader import (
src/devsynth/core/config_loader.py:70: in <module>
    @dataclass
     ^^^^^^^^^
.venv/lib/python3.12/site-packages/pydantic/dataclasses.py:283: in dataclass
    return create_dataclass if _cls is None else create_dataclass(_cls)
                                                 ^^^^^^^^^^^^^^^^^^^^^^
.venv/lib/python3.12/site-packages/pydantic/dataclasses.py:280: in create_dataclass
    _pydantic_dataclasses.complete_dataclass(cls, config_wrapper, raise_errors=False)
.venv/lib/python3.12/site-packages/pydantic/_internal/_dataclasses.py:166: in complete_dataclass
    schema = gen_schema.generate_schema(cls)
             ^^^^^^^^^^^^^^^^^^^^^^^^^^^^^^^
.venv/lib/python3.12/site-packages/pydantic/_internal/_generate_schema.py:711: in generate_schema
    schema = self._generate_schema_inner(obj)
             ^^^^^^^^^^^^^^^^^^^^^^^^^^^^^^^^
.venv/lib/python3.12/site-packages/pydantic/_internal/_generate_schema.py:1009: in _generate_schema_inner
    return self.match_type(obj)
           ^^^^^^^^^^^^^^^^^^^^
.venv/lib/python3.12/site-packages/pydantic/_internal/_generate_schema.py:1119: in match_type
    return self._dataclass_schema(obj, None)  # pyright: ignore[reportArgumentType]
           ^^^^^^^^^^^^^^^^^^^^^^^^^^^^^^^^^
.venv/lib/python3.12/site-packages/pydantic/_internal/_generate_schema.py:1961: in _dataclass_schema
    args = sorted(
.venv/lib/python3.12/site-packages/pydantic/_internal/_generate_schema.py:1962: in <genexpr>
    (self._generate_dc_field_schema(k, v, decorators) for k, v in fields.items()),
     ^^^^^^^^^^^^^^^^^^^^^^^^^^^^^^^^^^^^^^^^^^^^^^^^
.venv/lib/python3.12/site-packages/pydantic/_internal/_generate_schema.py:1223: in _generate_dc_field_schema
    common_field = self._common_field_schema(name, field_info, decorators)
                   ^^^^^^^^^^^^^^^^^^^^^^^^^^^^^^^^^^^^^^^^^^^^^^^^^^^^^^^
.venv/lib/python3.12/site-packages/pydantic/_internal/_generate_schema.py:1372: in _common_field_schema
    schema = self._apply_annotations(
.venv/lib/python3.12/site-packages/pydantic/_internal/_generate_schema.py:2297: in _apply_annotations
    schema = get_inner_schema(source_type)
             ^^^^^^^^^^^^^^^^^^^^^^^^^^^^^
.venv/lib/python3.12/site-packages/pydantic/_internal/_schema_generation_shared.py:83: in __call__
    schema = self._handler(source_type)
             ^^^^^^^^^^^^^^^^^^^^^^^^^^
.venv/lib/python3.12/site-packages/pydantic/_internal/_generate_schema.py:2279: in inner_handler
    schema = self._generate_schema_inner(obj)
             ^^^^^^^^^^^^^^^^^^^^^^^^^^^^^^^^
.venv/lib/python3.12/site-packages/pydantic/_internal/_generate_schema.py:1009: in _generate_schema_inner
    return self.match_type(obj)
           ^^^^^^^^^^^^^^^^^^^^
.venv/lib/python3.12/site-packages/pydantic/_internal/_generate_schema.py:1123: in match_type
    return self._match_generic_type(obj, origin)
           ^^^^^^^^^^^^^^^^^^^^^^^^^^^^^^^^^^^^^
.venv/lib/python3.12/site-packages/pydantic/_internal/_generate_schema.py:1146: in _match_generic_type
    return self._union_schema(obj)
           ^^^^^^^^^^^^^^^^^^^^^^^
.venv/lib/python3.12/site-packages/pydantic/_internal/_generate_schema.py:1434: in _union_schema
    choices.append(self.generate_schema(arg))
                   ^^^^^^^^^^^^^^^^^^^^^^^^^
.venv/lib/python3.12/site-packages/pydantic/_internal/_generate_schema.py:711: in generate_schema
    schema = self._generate_schema_inner(obj)
             ^^^^^^^^^^^^^^^^^^^^^^^^^^^^^^^^
.venv/lib/python3.12/site-packages/pydantic/_internal/_generate_schema.py:1009: in _generate_schema_inner
    return self.match_type(obj)
           ^^^^^^^^^^^^^^^^^^^^
.venv/lib/python3.12/site-packages/pydantic/_internal/_generate_schema.py:1123: in match_type
    return self._match_generic_type(obj, origin)
           ^^^^^^^^^^^^^^^^^^^^^^^^^^^^^^^^^^^^^
.venv/lib/python3.12/site-packages/pydantic/_internal/_generate_schema.py:1156: in _match_generic_type
    return self._dict_schema(*self._get_first_two_args_or_any(obj))
           ^^^^^^^^^^^^^^^^^^^^^^^^^^^^^^^^^^^^^^^^^^^^^^^^^^^^^^^^
.venv/lib/python3.12/site-packages/pydantic/_internal/_generate_schema.py:375: in _dict_schema
    return core_schema.dict_schema(self.generate_schema(keys_type), self.generate_schema(values_type))
                                                                    ^^^^^^^^^^^^^^^^^^^^^^^^^^^^^^^^^
.venv/lib/python3.12/site-packages/pydantic/_internal/_generate_schema.py:711: in generate_schema
    schema = self._generate_schema_inner(obj)
             ^^^^^^^^^^^^^^^^^^^^^^^^^^^^^^^^
.venv/lib/python3.12/site-packages/pydantic/_internal/_generate_schema.py:1009: in _generate_schema_inner
    return self.match_type(obj)
           ^^^^^^^^^^^^^^^^^^^^
.venv/lib/python3.12/site-packages/pydantic/_internal/_generate_schema.py:1123: in match_type
    return self._match_generic_type(obj, origin)
           ^^^^^^^^^^^^^^^^^^^^^^^^^^^^^^^^^^^^^
.venv/lib/python3.12/site-packages/pydantic/_internal/_generate_schema.py:1146: in _match_generic_type
    return self._union_schema(obj)
           ^^^^^^^^^^^^^^^^^^^^^^^
.venv/lib/python3.12/site-packages/pydantic/_internal/_generate_schema.py:1434: in _union_schema
    choices.append(self.generate_schema(arg))
                   ^^^^^^^^^^^^^^^^^^^^^^^^^
.venv/lib/python3.12/site-packages/pydantic/_internal/_generate_schema.py:711: in generate_schema
    schema = self._generate_schema_inner(obj)
             ^^^^^^^^^^^^^^^^^^^^^^^^^^^^^^^^
.venv/lib/python3.12/site-packages/pydantic/_internal/_generate_schema.py:1009: in _generate_schema_inner
    return self.match_type(obj)
           ^^^^^^^^^^^^^^^^^^^^
.venv/lib/python3.12/site-packages/pydantic/_internal/_generate_schema.py:1123: in match_type
    return self._match_generic_type(obj, origin)
           ^^^^^^^^^^^^^^^^^^^^^^^^^^^^^^^^^^^^^
.venv/lib/python3.12/site-packages/pydantic/_internal/_generate_schema.py:1150: in _match_generic_type
    return self._list_schema(self._get_first_arg_or_any(obj))
           ^^^^^^^^^^^^^^^^^^^^^^^^^^^^^^^^^^^^^^^^^^^^^^^^^^
.venv/lib/python3.12/site-packages/pydantic/_internal/_generate_schema.py:372: in _list_schema
    return core_schema.list_schema(self.generate_schema(items_type))
                                   ^^^^^^^^^^^^^^^^^^^^^^^^^^^^^^^^
.venv/lib/python3.12/site-packages/pydantic/_internal/_generate_schema.py:711: in generate_schema
    schema = self._generate_schema_inner(obj)
             ^^^^^^^^^^^^^^^^^^^^^^^^^^^^^^^^
.venv/lib/python3.12/site-packages/pydantic/_internal/_generate_schema.py:1009: in _generate_schema_inner
    return self.match_type(obj)
           ^^^^^^^^^^^^^^^^^^^^
.venv/lib/python3.12/site-packages/pydantic/_internal/_generate_schema.py:1123: in match_type
    return self._match_generic_type(obj, origin)
           ^^^^^^^^^^^^^^^^^^^^^^^^^^^^^^^^^^^^^
.venv/lib/python3.12/site-packages/pydantic/_internal/_generate_schema.py:1146: in _match_generic_type
    return self._union_schema(obj)
           ^^^^^^^^^^^^^^^^^^^^^^^
.venv/lib/python3.12/site-packages/pydantic/_internal/_generate_schema.py:1434: in _union_schema
    choices.append(self.generate_schema(arg))
                   ^^^^^^^^^^^^^^^^^^^^^^^^^
.venv/lib/python3.12/site-packages/pydantic/_internal/_generate_schema.py:711: in generate_schema
    schema = self._generate_schema_inner(obj)
             ^^^^^^^^^^^^^^^^^^^^^^^^^^^^^^^^
.venv/lib/python3.12/site-packages/pydantic/_internal/_generate_schema.py:1009: in _generate_schema_inner
    return self.match_type(obj)
           ^^^^^^^^^^^^^^^^^^^^
.venv/lib/python3.12/site-packages/pydantic/_internal/_generate_schema.py:1123: in match_type
    return self._match_generic_type(obj, origin)
           ^^^^^^^^^^^^^^^^^^^^^^^^^^^^^^^^^^^^^
.venv/lib/python3.12/site-packages/pydantic/_internal/_generate_schema.py:1150: in _match_generic_type
    return self._list_schema(self._get_first_arg_or_any(obj))
           ^^^^^^^^^^^^^^^^^^^^^^^^^^^^^^^^^^^^^^^^^^^^^^^^^^
.venv/lib/python3.12/site-packages/pydantic/_internal/_generate_schema.py:372: in _list_schema
    return core_schema.list_schema(self.generate_schema(items_type))
                                   ^^^^^^^^^^^^^^^^^^^^^^^^^^^^^^^^
E   RecursionError: maximum recursion depth exceeded
E   If you made use of an implicit recursive type alias (e.g. `MyType = list['MyType']), consider using PEP 695 type aliases instead. For more details, refer to the documentation: https://docs.pydantic.dev/2.11/concepts/types/#named-recursive-types
!!! Recursion detected (same locals & position)
======================================================= warnings summary =======================================================
src/devsynth/config/settings.py:13
src/devsynth/config/settings.py:13
  /workspace/devsynth/src/devsynth/config/settings.py:13: DeprecationWarning: Importing FieldValidationInfo from `pydantic` is deprecated. This feature is either no longer supported, or is not public.
    from pydantic import Field, FieldValidationInfo

.venv/lib/python3.12/site-packages/pydantic_core/core_schema.py:4324
.venv/lib/python3.12/site-packages/pydantic_core/core_schema.py:4324
  /workspace/devsynth/.venv/lib/python3.12/site-packages/pydantic_core/core_schema.py:4324: DeprecationWarning: `FieldValidationInfo` is deprecated, use `ValidationInfo` instead.
    warnings.warn(msg, DeprecationWarning, stacklevel=1)

tests/unit/application/memory/test_basic_crud_adapters.py:32
  /workspace/devsynth/tests/unit/application/memory/test_basic_crud_adapters.py:32: PytestUnknownMarkWarning: Unknown pytest.mark.requires_resource - is this a typo?  You can register custom marks to avoid this warning - for details, see https://docs.pytest.org/en/stable/how-to/mark.html
    marks=pytest.mark.requires_resource("tinydb"),

tests/unit/application/memory/test_basic_crud_adapters.py:42
  /workspace/devsynth/tests/unit/application/memory/test_basic_crud_adapters.py:42: PytestUnknownMarkWarning: Unknown pytest.mark.requires_resource - is this a typo?  You can register custom marks to avoid this warning - for details, see https://docs.pytest.org/en/stable/how-to/mark.html
    marks=pytest.mark.requires_resource("lmdb"),

tests/unit/application/memory/test_basic_crud_adapters.py:52
  /workspace/devsynth/tests/unit/application/memory/test_basic_crud_adapters.py:52: PytestUnknownMarkWarning: Unknown pytest.mark.requires_resource - is this a typo?  You can register custom marks to avoid this warning - for details, see https://docs.pytest.org/en/stable/how-to/mark.html
    marks=pytest.mark.requires_resource("kuzu"),

tests/unit/application/memory/test_basic_crud_adapters.py:62
  /workspace/devsynth/tests/unit/application/memory/test_basic_crud_adapters.py:62: PytestUnknownMarkWarning: Unknown pytest.mark.requires_resource - is this a typo?  You can register custom marks to avoid this warning - for details, see https://docs.pytest.org/en/stable/how-to/mark.html
    marks=pytest.mark.requires_resource("chromadb"),

tests/unit/application/memory/test_chromadb_store.py:24
  /workspace/devsynth/tests/unit/application/memory/test_chromadb_store.py:24: PytestUnknownMarkWarning: Unknown pytest.mark.requires_resource - is this a typo?  You can register custom marks to avoid this warning - for details, see https://docs.pytest.org/en/stable/how-to/mark.html
    @pytest.mark.requires_resource("chromadb")

tests/unit/application/memory/test_chromadb_store_delete_versions.py:18
  /workspace/devsynth/tests/unit/application/memory/test_chromadb_store_delete_versions.py:18: PytestUnknownMarkWarning: Unknown pytest.mark.requires_resource - is this a typo?  You can register custom marks to avoid this warning - for details, see https://docs.pytest.org/en/stable/how-to/mark.html
    @pytest.mark.requires_resource("chromadb")

tests/unit/application/memory/test_faiss_store.py:35
  /workspace/devsynth/tests/unit/application/memory/test_faiss_store.py:35: PytestUnknownMarkWarning: Unknown pytest.mark.requires_resource - is this a typo?  You can register custom marks to avoid this warning - for details, see https://docs.pytest.org/en/stable/how-to/mark.html
    @pytest.mark.requires_resource("faiss")

tests/unit/application/memory/test_faiss_store.py:67
  /workspace/devsynth/tests/unit/application/memory/test_faiss_store.py:67: PytestUnknownMarkWarning: Unknown pytest.mark.requires_resource - is this a typo?  You can register custom marks to avoid this warning - for details, see https://docs.pytest.org/en/stable/how-to/mark.html
    @pytest.mark.requires_resource("faiss")

tests/unit/application/memory/test_faiss_store.py:85
  /workspace/devsynth/tests/unit/application/memory/test_faiss_store.py:85: PytestUnknownMarkWarning: Unknown pytest.mark.requires_resource - is this a typo?  You can register custom marks to avoid this warning - for details, see https://docs.pytest.org/en/stable/how-to/mark.html
    @pytest.mark.requires_resource("faiss")

tests/unit/application/memory/test_faiss_store.py:115
  /workspace/devsynth/tests/unit/application/memory/test_faiss_store.py:115: PytestUnknownMarkWarning: Unknown pytest.mark.requires_resource - is this a typo?  You can register custom marks to avoid this warning - for details, see https://docs.pytest.org/en/stable/how-to/mark.html
    @pytest.mark.requires_resource("faiss")

tests/unit/application/memory/test_kuzu_store.py:9
  /workspace/devsynth/tests/unit/application/memory/test_kuzu_store.py:9: PytestUnknownMarkWarning: Unknown pytest.mark.requires_resource - is this a typo?  You can register custom marks to avoid this warning - for details, see https://docs.pytest.org/en/stable/how-to/mark.html
    pytestmark = pytest.mark.requires_resource("kuzu")

tests/unit/application/memory/test_lmdb_store.py:16
  /workspace/devsynth/tests/unit/application/memory/test_lmdb_store.py:16: PytestUnknownMarkWarning: Unknown pytest.mark.requires_resource - is this a typo?  You can register custom marks to avoid this warning - for details, see https://docs.pytest.org/en/stable/how-to/mark.html
    pytestmark = pytest.mark.requires_resource("lmdb")

tests/unit/application/memory/test_rdflib_store.py:17
  /workspace/devsynth/tests/unit/application/memory/test_rdflib_store.py:17: PytestUnknownMarkWarning: Unknown pytest.mark.requires_resource - is this a typo?  You can register custom marks to avoid this warning - for details, see https://docs.pytest.org/en/stable/how-to/mark.html
    pytestmark = pytest.mark.requires_resource("rdflib")

tests/unit/application/memory/test_rdflib_store_transactions.py:10
  /workspace/devsynth/tests/unit/application/memory/test_rdflib_store_transactions.py:10: PytestUnknownMarkWarning: Unknown pytest.mark.requires_resource - is this a typo?  You can register custom marks to avoid this warning - for details, see https://docs.pytest.org/en/stable/how-to/mark.html
    pytestmark = [pytest.mark.fast, pytest.mark.requires_resource("rdflib")]

tests/unit/application/memory/test_search_memory_fallback.py:10
  /workspace/devsynth/tests/unit/application/memory/test_search_memory_fallback.py:10: PytestUnknownMarkWarning: Unknown pytest.mark.no_network - is this a typo?  You can register custom marks to avoid this warning - for details, see https://docs.pytest.org/en/stable/how-to/mark.html
    @pytest.mark.no_network

tests/unit/application/memory/test_sync_across_backends.py:13
  /workspace/devsynth/tests/unit/application/memory/test_sync_across_backends.py:13: PytestUnknownMarkWarning: Unknown pytest.mark.requires_resource - is this a typo?  You can register custom marks to avoid this warning - for details, see https://docs.pytest.org/en/stable/how-to/mark.html
    pytest.mark.requires_resource("chromadb"),

tests/unit/application/memory/test_sync_across_backends.py:14
  /workspace/devsynth/tests/unit/application/memory/test_sync_across_backends.py:14: PytestUnknownMarkWarning: Unknown pytest.mark.requires_resource - is this a typo?  You can register custom marks to avoid this warning - for details, see https://docs.pytest.org/en/stable/how-to/mark.html
    pytest.mark.requires_resource("kuzu"),

tests/unit/application/memory/test_sync_across_backends.py:73
  /workspace/devsynth/tests/unit/application/memory/test_sync_across_backends.py:73: PytestUnknownMarkWarning: Unknown pytest.mark.asyncio - is this a typo?  You can register custom marks to avoid this warning - for details, see https://docs.pytest.org/en/stable/how-to/mark.html
    @pytest.mark.asyncio

tests/unit/application/memory/test_tiered_cache_termination.py:6
  /workspace/devsynth/tests/unit/application/memory/test_tiered_cache_termination.py:6: PytestUnknownMarkWarning: Unknown pytest.mark.unit - is this a typo?  You can register custom marks to avoid this warning - for details, see https://docs.pytest.org/en/stable/how-to/mark.html
    @pytest.mark.unit

tests/unit/application/memory/test_tinydb_adapter_bytes_tuple.py:11
  /workspace/devsynth/tests/unit/application/memory/test_tinydb_adapter_bytes_tuple.py:11: PytestUnknownMarkWarning: Unknown pytest.mark.requires_resource - is this a typo?  You can register custom marks to avoid this warning - for details, see https://docs.pytest.org/en/stable/how-to/mark.html
    pytestmark = pytest.mark.requires_resource("tinydb")

tests/unit/application/memory/test_tinydb_store.py:17
  /workspace/devsynth/tests/unit/application/memory/test_tinydb_store.py:17: PytestUnknownMarkWarning: Unknown pytest.mark.requires_resource - is this a typo?  You can register custom marks to avoid this warning - for details, see https://docs.pytest.org/en/stable/how-to/mark.html
    pytestmark = pytest.mark.requires_resource("tinydb")

tests/conftest.py:960
  /workspace/devsynth/tests/conftest.py:960: PytestUnknownMarkWarning: Unknown pytest.mark.resource_tinydb - is this a typo?  You can register custom marks to avoid this warning - for details, see https://docs.pytest.org/en/stable/how-to/mark.html
    item.add_marker(getattr(pytest.mark, f"resource_{resource}"))

tests/conftest.py:960
  /workspace/devsynth/tests/conftest.py:960: PytestUnknownMarkWarning: Unknown pytest.mark.resource_lmdb - is this a typo?  You can register custom marks to avoid this warning - for details, see https://docs.pytest.org/en/stable/how-to/mark.html
    item.add_marker(getattr(pytest.mark, f"resource_{resource}"))

tests/conftest.py:960
  /workspace/devsynth/tests/conftest.py:960: PytestUnknownMarkWarning: Unknown pytest.mark.resource_kuzu - is this a typo?  You can register custom marks to avoid this warning - for details, see https://docs.pytest.org/en/stable/how-to/mark.html
    item.add_marker(getattr(pytest.mark, f"resource_{resource}"))

tests/conftest.py:960
  /workspace/devsynth/tests/conftest.py:960: PytestUnknownMarkWarning: Unknown pytest.mark.resource_chromadb - is this a typo?  You can register custom marks to avoid this warning - for details, see https://docs.pytest.org/en/stable/how-to/mark.html
    item.add_marker(getattr(pytest.mark, f"resource_{resource}"))

tests/conftest.py:960
  /workspace/devsynth/tests/conftest.py:960: PytestUnknownMarkWarning: Unknown pytest.mark.resource_faiss - is this a typo?  You can register custom marks to avoid this warning - for details, see https://docs.pytest.org/en/stable/how-to/mark.html
    item.add_marker(getattr(pytest.mark, f"resource_{resource}"))

tests/conftest.py:960
  /workspace/devsynth/tests/conftest.py:960: PytestUnknownMarkWarning: Unknown pytest.mark.resource_rdflib - is this a typo?  You can register custom marks to avoid this warning - for details, see https://docs.pytest.org/en/stable/how-to/mark.html
    item.add_marker(getattr(pytest.mark, f"resource_{resource}"))

tests/conftest.py:1030
  /workspace/devsynth/tests/conftest.py:1030: PytestUnknownMarkWarning: Unknown pytest.mark.isolation - is this a typo?  You can register custom marks to avoid this warning - for details, see https://docs.pytest.org/en/stable/how-to/mark.html
    item.add_marker(pytest.mark.isolation)

-- Docs: https://docs.pytest.org/en/stable/how-to/capture-warnings.html
================================================= Test Categorization Summary ==================================================
Test Type Distribution:
  Unit Tests: 1
  Integration Tests: 0
  Behavior Tests: 0

Test Speed Distribution:
  Fast Tests (< 1s): 1
  Medium Tests (1-5s): 0
  Slow Tests (> 5s): 0
=================================================== short test summary info ====================================================
ERROR tests/unit/application/memory/test_duckdb_store.py - RecursionError: maximum recursion depth exceeded
ERROR tests/unit/application/memory/test_duckdb_store_hnsw.py - RecursionError: maximum recursion depth exceeded
ERROR tests/unit/application/memory/test_duckdb_store_schema_flags.py - RecursionError: maximum recursion depth exceeded
ERROR tests/unit/application/memory/test_fast_in_memory_components.py - RecursionError: maximum recursion depth exceeded
ERROR tests/unit/application/memory/test_memory_system_adapter_unit.py - RecursionError: maximum recursion depth exceeded
!!!!!!!!!!!!!!!!!!!!!!!!!!!!!!!!!!!!!!!!!!! Interrupted: 5 errors during collection !!!!!!!!!!!!!!!!!!!!!!!!!!!!!!!!!!!!!!!!!!!!
================================== 1 skipped, 180 deselected, 32 warnings, 5 errors in 10.12s ==================================
