src/devsynth/application/memory/error_logger.py:16: error: Argument 1 has incompatible type "type[ErrorRecord]"; expected "type[Never]"  [arg-type]
src/devsynth/application/memory/error_logger.py:17: error: Cannot instantiate type "type[Never]"  [misc]
src/devsynth/application/memory/error_logger.py:165: error: Name "summary" already defined on line 148  [no-redef]
src/devsynth/application/memory/dto.py:53: error: Argument 1 has incompatible type "type[MemoryRecord]"; expected "type[Never]"  [arg-type]
src/devsynth/application/memory/dto.py:54: error: Cannot instantiate type "type[Never]"  [misc]
src/devsynth/application/memory/dto.py:197: error: Incompatible types in assignment (expression has type "object", variable has type "MemoryItem | MemoryVector | tuple[object, float]")  [assignment]
src/devsynth/application/memory/dto.py:223: error: Need type annotation for "mapping" (hint: "mapping: dict[<type>, <type>] = ...")  [var-annotated]
src/devsynth/application/memory/dto.py:223: note: Error code "var-annotated" not covered by "type: ignore" comment
src/devsynth/application/memory/dto.py:286: error: Argument 1 to "build_memory_record" has incompatible type "object | Any"; expected "MemoryRecord | MemoryItem | MemoryVector | tuple[object, float] | None"  [arg-type]
src/devsynth/application/memory/dto.py:289: error: Argument 1 to "build_memory_record" has incompatible type "object"; expected "MemoryRecord | MemoryItem | MemoryVector | tuple[object, float] | None"  [arg-type]
src/devsynth/application/memory/transaction_context.py:391: error: Argument 1 to "_ensure_record" of "TransactionContext" has incompatible type "object"; expected "MemoryRecord | MemoryItem"  [arg-type]
src/devsynth/application/memory/retry.py:25: error: Cannot assign to a type  [misc]
src/devsynth/application/memory/retry.py:25: error: Incompatible types in assignment (expression has type "None", variable has type "type[Counter]")  [assignment]
src/devsynth/application/memory/retry.py:87: error: Statement is unreachable  [unreachable]
src/devsynth/application/memory/retry.py:227: error: Function is missing a type annotation for one or more arguments  [no-untyped-def]
src/devsynth/application/memory/retry.py:228: error: Returning Any from function declared to return "bool"  [no-any-return]
src/devsynth/application/memory/retry.py:286: error: Incompatible types in assignment (expression has type "Logger | DevSynthLogger", variable has type "Logger | None")  [assignment]
src/devsynth/application/memory/retry.py:336: error: Item "None" of "Logger | None" has no attribute "info"  [union-attr]
src/devsynth/application/memory/retry.py:350: error: Item "None" of "Logger | None" has no attribute "warning"  [union-attr]
src/devsynth/application/memory/retry.py:364: error: Item "None" of "Logger | None" has no attribute "warning"  [union-attr]
src/devsynth/application/memory/retry.py:385: error: Item "None" of "Logger | None" has no attribute "warning"  [union-attr]
src/devsynth/application/memory/retry.py:385: error: Unexpected keyword argument "error" for "warning" of "Logger"  [call-arg]
src/devsynth/application/memory/retry.py:385: error: Unexpected keyword argument "function" for "warning" of "Logger"  [call-arg]
src/devsynth/application/memory/retry.py:385: error: Unexpected keyword argument "condition" for "warning" of "Logger"  [call-arg]
src/devsynth/application/memory/retry.py:410: error: Item "None" of "Logger | None" has no attribute "warning"  [union-attr]
src/devsynth/application/memory/retry.py:410: error: Unexpected keyword argument "error" for "warning" of "Logger"  [call-arg]
src/devsynth/application/memory/retry.py:410: error: Unexpected keyword argument "function" for "warning" of "Logger"  [call-arg]
src/devsynth/application/memory/retry.py:431: error: Item "None" of "Logger | None" has no attribute "warning"  [union-attr]
src/devsynth/application/memory/retry.py:431: error: Unexpected keyword argument "error" for "warning" of "Logger"  [call-arg]
src/devsynth/application/memory/retry.py:431: error: Unexpected keyword argument "function" for "warning" of "Logger"  [call-arg]
src/devsynth/application/memory/retry.py:457: error: Item "None" of "Logger | None" has no attribute "error"  [union-attr]
src/devsynth/application/memory/retry.py:477: error: Item "None" of "Logger | None" has no attribute "warning"  [union-attr]
src/devsynth/application/memory/retry.py:497: error: Item "None" of "Logger | None" has no attribute "error"  [union-attr]
src/devsynth/application/memory/retry.py:638: error: Variable "devsynth.application.memory.retry.MemoryRetryResult" is not valid as a type  [valid-type]
src/devsynth/application/memory/retry.py:638: note: See https://mypy.readthedocs.io/en/stable/common_issues.html#variables-vs-type-aliases
src/devsynth/application/memory/recovery.py:231: error: Incompatible types in assignment (expression has type "Logger | DevSynthLogger", variable has type "Logger | None")  [assignment]
src/devsynth/application/memory/recovery.py:260: error: Item "None" of "Logger | None" has no attribute "info"  [union-attr]
src/devsynth/application/memory/recovery.py:264: error: Item "None" of "Logger | None" has no attribute "error"  [union-attr]
src/devsynth/application/memory/recovery.py:362: error: Incompatible types in assignment (expression has type "Logger | DevSynthLogger", variable has type "Logger | None")  [assignment]
src/devsynth/application/memory/recovery.py:377: error: Item "None" of "Logger | None" has no attribute "info"  [union-attr]
src/devsynth/application/memory/recovery.py:381: error: Item "None" of "Logger | None" has no attribute "error"  [union-attr]
src/devsynth/application/memory/recovery.py:506: error: Argument "logger" to "MemorySnapshot" has incompatible type "Logger | DevSynthLogger"; expected "Logger | None"  [arg-type]
src/devsynth/application/memory/recovery.py:528: error: Argument "logger" to "OperationLog" has incompatible type "Logger | DevSynthLogger"; expected "Logger | None"  [arg-type]
src/devsynth/application/memory/recovery.py:696: error: Redundant cast to "Callable[..., T]"  [redundant-cast]
src/devsynth/application/memory/metadata_serialization.py:180: error: Argument 1 to "build_memory_record" has incompatible type "dict[str, object]"; expected "MemoryRecord | MemoryItem | MemoryVector | tuple[object, float] | None"  [arg-type]
src/devsynth/application/memory/tinydb_store.py:82: error: Class cannot subclass "Storage" (has type "Any")  [misc]
src/devsynth/application/memory/tinydb_store.py:160: error: Incompatible types in assignment (expression has type "None", variable has type "Encoding")  [assignment]
src/devsynth/application/memory/tinydb_store.py:248: error: Argument "memory_type" to "MemoryItem" has incompatible type "MemoryType | None"; expected "MemoryType"  [arg-type]
src/devsynth/application/memory/rdflib_store.py:18: error: Cannot find implementation or library stub for module named "numpy"  [import-not-found]
src/devsynth/application/memory/rdflib_store.py:197: error: Incompatible types in assignment (expression has type "None", variable has type "Encoding")  [assignment]
src/devsynth/application/memory/rdflib_store.py:309: error: Item "None" of "datetime | None" has no attribute "isoformat"  [union-attr]
src/devsynth/application/memory/rdflib_store.py:367: error: Argument "metadata" to "MemoryItem" has incompatible type "dict[str, object]"; expected "MemoryMetadata | None"  [arg-type]
src/devsynth/application/memory/rdflib_store.py:389: error: Item "None" of "datetime | None" has no attribute "isoformat"  [union-attr]
src/devsynth/application/memory/rdflib_store.py:451: error: Argument "metadata" to "MemoryVector" has incompatible type "dict[str, object]"; expected "MemoryMetadata | None"  [arg-type]
src/devsynth/application/memory/memory_integration.py:76: error: Function is missing a return type annotation  [no-untyped-def]
src/devsynth/application/memory/memory_integration.py:76: note: Use "-> None" if function does not return a value
src/devsynth/application/memory/memory_integration.py:140: error: Unsupported target for indexed assignment ("MemoryMetadata | None")  [index]
src/devsynth/application/memory/memory_integration.py:141: error: Unsupported target for indexed assignment ("MemoryMetadata | None")  [index]
src/devsynth/application/memory/memory_integration.py:186: error: Unsupported target for indexed assignment ("MemoryMetadata | None")  [index]
src/devsynth/application/memory/memory_integration.py:187: error: Unsupported target for indexed assignment ("MemoryMetadata | None")  [index]
src/devsynth/application/memory/memory_integration.py:205: error: Item "None" of "MemoryMetadata | None" has no attribute "get"  [union-attr]
src/devsynth/application/memory/memory_integration.py:211: error: Unsupported target for indexed assignment ("MemoryMetadata | None")  [index]
src/devsynth/application/memory/memory_integration.py:212: error: Unsupported target for indexed assignment ("MemoryMetadata | None")  [index]
src/devsynth/application/memory/lmdb_store.py:21: error: Cannot find implementation or library stub for module named "lmdb"  [import-not-found]
src/devsynth/application/memory/lmdb_store.py:113: error: Incompatible types in assignment (expression has type "None", variable has type "Encoding")  [assignment]
src/devsynth/application/memory/lmdb_store.py:121: error: Function is missing a return type annotation  [no-untyped-def]
src/devsynth/application/memory/lmdb_store.py:121: note: Use "-> None" if function does not return a value
src/devsynth/application/memory/lmdb_store.py:128: error: Function is missing a type annotation  [no-untyped-def]
src/devsynth/application/memory/lmdb_store.py:130: error: Call to untyped function "close" in typed context  [no-untyped-call]
src/devsynth/application/memory/lmdb_store.py:132: error: Argument 1 to "contextmanager" has incompatible type "Callable[[LMDBStore, bool, str | None], ContextManager[Any]]"; expected "Callable[[LMDBStore, bool, str | None], Iterator[Never]]"  [arg-type]
src/devsynth/application/memory/lmdb_store.py:133: error: The return type of a generator function should be "Generator" or one of its supertypes  [misc]
src/devsynth/application/memory/lmdb_store.py:133: error: Signature of "begin_transaction" incompatible with supertype "devsynth.domain.interfaces.memory.SupportsTransactions"  [override]
src/devsynth/application/memory/lmdb_store.py:133: note:      Superclass:
src/devsynth/application/memory/lmdb_store.py:133: note:          def begin_transaction(self) -> str
src/devsynth/application/memory/lmdb_store.py:133: note:      Subclass:
src/devsynth/application/memory/lmdb_store.py:133: note:          def begin_transaction(write: bool = ..., transaction_id: str | None = ...) -> _GeneratorContextManager[Never, None, None]
src/devsynth/application/memory/lmdb_store.py:151: error: Return type "None" of "commit_transaction" incompatible with return type "bool" in supertype "devsynth.domain.interfaces.memory.SupportsTransactions"  [override]
src/devsynth/application/memory/lmdb_store.py:164: error: Return type "None" of "rollback_transaction" incompatible with return type "bool" in supertype "devsynth.domain.interfaces.memory.SupportsTransactions"  [override]
src/devsynth/application/memory/lmdb_store.py:279: error: Argument "memory_type" to "MemoryItem" has incompatible type "MemoryType | None"; expected "MemoryType"  [arg-type]
src/devsynth/application/memory/lmdb_store.py:368: error: Need type annotation for "txn"  [var-annotated]
src/devsynth/application/memory/lmdb_store.py:428: error: Need type annotation for "txn"  [var-annotated]
src/devsynth/application/memory/lmdb_store.py:480: error: Need type annotation for "txn"  [var-annotated]
src/devsynth/application/memory/lmdb_store.py:537: error: Incompatible types in assignment (expression has type "MemoryItem | None", variable has type "MemoryItem")  [assignment]
src/devsynth/application/memory/lmdb_store.py:567: error: Need type annotation for "txn"  [var-annotated]
src/devsynth/application/memory/lmdb_store.py:627: error: Need type annotation for "txn"  [var-annotated]
src/devsynth/application/memory/json_file_store.py:13: error: Module "dataclasses" has no attribute "field"  [attr-defined]
src/devsynth/application/memory/json_file_store.py:48: error: Argument 1 has incompatible type "type[_TransactionChange]"; expected "type[Never]"  [arg-type]
src/devsynth/application/memory/json_file_store.py:49: error: Cannot instantiate type "type[Never]"  [misc]
src/devsynth/application/memory/json_file_store.py:58: error: Argument 1 has incompatible type "type[_TransactionState]"; expected "type[Never]"  [arg-type]
src/devsynth/application/memory/json_file_store.py:59: error: Cannot instantiate type "type[Never]"  [misc]
src/devsynth/application/memory/json_file_store.py:164: error: Incompatible types in assignment (expression has type "TextIO", variable has type "BinaryIO")  [assignment]
src/devsynth/application/memory/json_file_store.py:184: error: Argument 1 has incompatible type "Callable[[JSONFileStore], dict[str, MemoryItem]]"; expected "Callable[[JSONFileStore], Never]"  [arg-type]
src/devsynth/application/memory/json_file_store.py:212: error: Name "empty" already defined on line 204  [no-redef]
src/devsynth/application/memory/json_file_store.py:277: error: Argument 1 has incompatible type "Callable[[JSONFileStore], None]"; expected "Callable[[JSONFileStore], Never]"  [arg-type]
src/devsynth/application/memory/json_file_store.py:350: error: Item "None" of "datetime | None" has no attribute "isoformat"  [union-attr]
src/devsynth/application/memory/json_file_store.py:352: error: "Sequence[str]" has no attribute "append"  [attr-defined]
src/devsynth/application/memory/json_file_store.py:365: error: Argument 1 to "write" of "IO" has incompatible type "bytes"; expected "str"  [arg-type]
src/devsynth/application/memory/json_file_store.py:367: error: No overload variant of "write" of "IO" matches argument type "str"  [call-overload]
src/devsynth/application/memory/json_file_store.py:367: note: Possible overload variants:
src/devsynth/application/memory/json_file_store.py:367: note:     def write(self, Buffer, /) -> int
src/devsynth/application/memory/json_file_store.py:367: note:     def write(self, bytes, /) -> int
src/devsynth/application/memory/json_file_store.py:571: error: Unsupported right operand type for in ("MemoryMetadata | None")  [operator]
src/devsynth/application/memory/json_file_store.py:572: error: Value of type "Mapping[str, MemoryMetadataValue] | None" is not indexable  [index]
src/devsynth/application/memory/fallback.py:34: error: Argument 1 has incompatible type "type[PendingOperation]"; expected "type[Never]"  [arg-type]
src/devsynth/application/memory/fallback.py:35: error: Cannot instantiate type "type[Never]"  [misc]
src/devsynth/application/memory/fallback.py:212: error: Incompatible return value type (got "MemoryItem | MemoryRecord | None", expected "MemoryItem | MemoryRecord")  [return-value]
src/devsynth/application/memory/fallback.py:231: error: Incompatible return value type (got "MemoryItem | MemoryRecord | None", expected "MemoryItem | MemoryRecord")  [return-value]
src/devsynth/application/memory/fallback.py:371: error: "MemoryStore" has no attribute "get_all_items"  [attr-defined]
src/devsynth/application/memory/fallback.py:376: error: Returning Any from function declared to return "list[MemoryItem]"  [no-any-return]
src/devsynth/application/memory/fallback.py:387: error: "MemoryStore" has no attribute "get_all_items"  [attr-defined]
src/devsynth/application/memory/fallback.py:392: error: Returning Any from function declared to return "list[MemoryItem]"  [no-any-return]
src/devsynth/application/memory/fallback.py:417: error: "MemoryStore" has no attribute "begin_transaction"  [attr-defined]
src/devsynth/application/memory/fallback.py:425: error: "MemoryStore" has no attribute "begin_transaction"  [attr-defined]
src/devsynth/application/memory/fallback.py:434: error: Returning Any from function declared to return "str"  [no-any-return]
src/devsynth/application/memory/fallback.py:445: error: "MemoryStore" has no attribute "begin_transaction"  [attr-defined]
src/devsynth/application/memory/fallback.py:464: error: Returning Any from function declared to return "str"  [no-any-return]
src/devsynth/application/memory/fallback.py:493: error: "MemoryStore" has no attribute "commit_transaction"  [attr-defined]
src/devsynth/application/memory/fallback.py:508: error: "MemoryStore" has no attribute "commit_transaction"  [attr-defined]
src/devsynth/application/memory/fallback.py:554: error: "MemoryStore" has no attribute "rollback_transaction"  [attr-defined]
src/devsynth/application/memory/fallback.py:571: error: "MemoryStore" has no attribute "rollback_transaction"  [attr-defined]
src/devsynth/application/memory/fallback.py:616: error: "MemoryStore" has no attribute "is_transaction_active"  [attr-defined]
src/devsynth/application/memory/fallback.py:621: error: Returning Any from function declared to return "bool"  [no-any-return]
src/devsynth/application/memory/fallback.py:632: error: "MemoryStore" has no attribute "is_transaction_active"  [attr-defined]
src/devsynth/application/memory/fallback.py:637: error: Returning Any from function declared to return "bool"  [no-any-return]
src/devsynth/application/memory/fallback.py:703: error: Dict entry 1 has incompatible type "str": "list[str]"; expected "str": "str"  [dict-item]
src/devsynth/application/memory/faiss_store.py:14: error: Cannot find implementation or library stub for module named "numpy"  [import-not-found]
src/devsynth/application/memory/faiss_store.py:18: error: Cannot find implementation or library stub for module named "faiss"  [import-not-found]
src/devsynth/application/memory/faiss_store.py:74: error: Incompatible types in assignment (expression has type "None", variable has type "Encoding")  [assignment]
src/devsynth/application/memory/context_manager.py:42: error: Argument 1 of "search" is incompatible with supertype "devsynth.domain.interfaces.memory.MemoryBackend"; supertype defines the argument type as "Mapping[str, object] | MemoryMetadata"  [override]
src/devsynth/application/memory/context_manager.py:42: note: This violates the Liskov substitution principle
src/devsynth/application/memory/context_manager.py:42: note: See https://mypy.readthedocs.io/en/stable/common_issues.html#incompatible-overrides
src/devsynth/application/memory/context_manager.py:56: error: Unsupported right operand type for in ("MemoryMetadata | None")  [operator]
src/devsynth/application/memory/context_manager.py:57: error: Value of type "Mapping[str, MemoryMetadataValue] | None" is not indexable  [index]
src/devsynth/application/memory/chromadb_store.py:82: error: Need type annotation for "wrapped"  [var-annotated]
src/devsynth/application/memory/chromadb_store.py:82: error: Argument 1 to "retry_with_exponential_backoff" has incompatible type "*tuple[object, ...]"; expected "int"  [arg-type]
src/devsynth/application/memory/chromadb_store.py:82: error: Argument 1 to "retry_with_exponential_backoff" has incompatible type "*tuple[object, ...]"; expected "float"  [arg-type]
src/devsynth/application/memory/chromadb_store.py:82: error: Argument 1 to "retry_with_exponential_backoff" has incompatible type "*tuple[object, ...]"; expected "bool"  [arg-type]
src/devsynth/application/memory/chromadb_store.py:82: error: Argument 1 to "retry_with_exponential_backoff" has incompatible type "*tuple[object, ...]"; expected "tuple[type[BaseException], ...]"  [arg-type]
src/devsynth/application/memory/chromadb_store.py:82: error: Argument 1 to "retry_with_exponential_backoff" has incompatible type "*tuple[object, ...]"; expected "Callable[[Exception, int, float], None] | None"  [arg-type]
src/devsynth/application/memory/chromadb_store.py:82: error: Argument 1 to "retry_with_exponential_backoff" has incompatible type "*tuple[object, ...]"; expected "Callable[[Exception], bool] | None"  [arg-type]
src/devsynth/application/memory/chromadb_store.py:82: error: Argument 1 to "retry_with_exponential_backoff" has incompatible type "*tuple[object, ...]"; expected "Sequence[Callable[[Exception], bool] | str | type[BaseException]] | Mapping[str, Callable[[Exception], bool] | str | type[BaseException]] | None"  [arg-type]
src/devsynth/application/memory/chromadb_store.py:82: error: Argument 1 to "retry_with_exponential_backoff" has incompatible type "*tuple[object, ...]"; expected "Sequence[Callable[[Exception, int], bool]] | Mapping[str, Callable[[Exception, int], bool]] | None"  [arg-type]
src/devsynth/application/memory/chromadb_store.py:82: error: Argument 1 to "retry_with_exponential_backoff" has incompatible type "*tuple[object, ...]"; expected "Sequence[Callable[[Never], bool] | int] | Mapping[str, Callable[[Never], bool] | int] | None"  [arg-type]
src/devsynth/application/memory/chromadb_store.py:82: error: Argument 1 to "retry_with_exponential_backoff" has incompatible type "*tuple[object, ...]"; expected "Callable[[Never], bool] | None"  [arg-type]
src/devsynth/application/memory/chromadb_store.py:82: error: Argument 1 to "retry_with_exponential_backoff" has incompatible type "*tuple[object, ...]"; expected "Mapping[type[BaseException], bool | RetryPolicy] | None"  [arg-type]
src/devsynth/application/memory/chromadb_store.py:82: error: Argument 1 to "retry_with_exponential_backoff" has incompatible type "*tuple[object, ...]"; expected "CircuitBreaker | None"  [arg-type]
src/devsynth/application/memory/chromadb_store.py:82: error: Argument 2 to "retry_with_exponential_backoff" has incompatible type "**dict[str, object]"; expected "int"  [arg-type]
src/devsynth/application/memory/chromadb_store.py:82: error: Argument 2 to "retry_with_exponential_backoff" has incompatible type "**dict[str, object]"; expected "float"  [arg-type]
src/devsynth/application/memory/chromadb_store.py:82: error: Argument 2 to "retry_with_exponential_backoff" has incompatible type "**dict[str, object]"; expected "bool"  [arg-type]
src/devsynth/application/memory/chromadb_store.py:82: error: Argument 2 to "retry_with_exponential_backoff" has incompatible type "**dict[str, object]"; expected "tuple[type[BaseException], ...]"  [arg-type]
src/devsynth/application/memory/chromadb_store.py:82: error: Argument 2 to "retry_with_exponential_backoff" has incompatible type "**dict[str, object]"; expected "Callable[[Exception, int, float], None] | None"  [arg-type]
src/devsynth/application/memory/chromadb_store.py:82: error: Argument 2 to "retry_with_exponential_backoff" has incompatible type "**dict[str, object]"; expected "Callable[[Exception], bool] | None"  [arg-type]
src/devsynth/application/memory/chromadb_store.py:82: error: Argument 2 to "retry_with_exponential_backoff" has incompatible type "**dict[str, object]"; expected "Sequence[Callable[[Exception], bool] | str | type[BaseException]] | Mapping[str, Callable[[Exception], bool] | str | type[BaseException]] | None"  [arg-type]
src/devsynth/application/memory/chromadb_store.py:82: error: Argument 2 to "retry_with_exponential_backoff" has incompatible type "**dict[str, object]"; expected "Sequence[Callable[[Exception, int], bool]] | Mapping[str, Callable[[Exception, int], bool]] | None"  [arg-type]
src/devsynth/application/memory/chromadb_store.py:82: error: Argument 2 to "retry_with_exponential_backoff" has incompatible type "**dict[str, object]"; expected "Sequence[Callable[[Never], bool] | int] | Mapping[str, Callable[[Never], bool] | int] | None"  [arg-type]
src/devsynth/application/memory/chromadb_store.py:82: error: Argument 2 to "retry_with_exponential_backoff" has incompatible type "**dict[str, object]"; expected "Callable[[Never], bool] | None"  [arg-type]
src/devsynth/application/memory/chromadb_store.py:82: error: Argument 2 to "retry_with_exponential_backoff" has incompatible type "**dict[str, object]"; expected "Mapping[type[BaseException], bool | RetryPolicy] | None"  [arg-type]
src/devsynth/application/memory/chromadb_store.py:82: error: Argument 2 to "retry_with_exponential_backoff" has incompatible type "**dict[str, object]"; expected "CircuitBreaker | None"  [arg-type]
src/devsynth/application/memory/chromadb_store.py:82: error: Argument 1 has incompatible type "Callable[P, R]"; expected "Callable[P, Never]"  [arg-type]
src/devsynth/application/memory/chromadb_store.py:86: error: Returning Any from function declared to return "R"  [no-any-return]
src/devsynth/application/memory/chromadb_store.py:228: error: Name "serialized_item" already defined on line 178  [no-redef]
src/devsynth/application/memory/chromadb_store.py:284: error: Incompatible types in assignment (expression has type "None", variable has type "Encoding")  [assignment]
src/devsynth/application/memory/chromadb_store.py:374: error: Argument "id" to "MemoryItem" has incompatible type "object"; expected "str"  [arg-type]
src/devsynth/application/memory/chromadb_store.py:698: error: Item "None" of "MemoryMetadata | None" has no attribute "get"  [union-attr]
src/devsynth/application/memory/chromadb_store.py:804: error: Argument 1 to "_count_tokens" of "ChromaDBStore" has incompatible type "object"; expected "str"  [arg-type]
src/devsynth/application/memory/chromadb_store.py:814: error: "object" has no attribute "lower"  [attr-defined]
src/devsynth/application/memory/chromadb_store.py:1016: error: Argument "key" to "sort" of "list" has incompatible type "Callable[[MemoryItem], int | float | datetime | Sequence[MemoryMetadataValue] | MutableMapping[str, MemoryMetadataValue] | SupportsDunderLT[Any] | SupportsDunderGT[Any] | Any | None]"; expected "Callable[[MemoryItem], SupportsDunderLT[Any] | SupportsDunderGT[Any]]"  [arg-type]
src/devsynth/application/memory/chromadb_store.py:1016: error: Item "None" of "MemoryMetadata | None" has no attribute "get"  [union-attr]
src/devsynth/application/memory/chromadb_store.py:1016: error: Incompatible return value type (got "int | float | datetime | Sequence[MemoryMetadataValue] | MutableMapping[str, MemoryMetadataValue] | SupportsDunderLT[Any] | SupportsDunderGT[Any] | Any | None", expected "SupportsDunderLT[Any] | SupportsDunderGT[Any]")  [return-value]
src/devsynth/application/memory/chromadb_store.py:1030: error: Name "versions" already defined on line 1012  [no-redef]
src/devsynth/application/memory/chromadb_store.py:1044: error: Argument "key" to "sort" of "list" has incompatible type "Callable[[MemoryItem], int | float | datetime | Sequence[MemoryMetadataValue] | MutableMapping[str, MemoryMetadataValue] | SupportsDunderLT[Any] | SupportsDunderGT[Any] | Any | None]"; expected "Callable[[MemoryItem], SupportsDunderLT[Any] | SupportsDunderGT[Any]]"  [arg-type]
src/devsynth/application/memory/chromadb_store.py:1044: error: Item "None" of "MemoryMetadata | None" has no attribute "get"  [union-attr]
src/devsynth/application/memory/chromadb_store.py:1044: error: Incompatible return value type (got "int | float | datetime | Sequence[MemoryMetadataValue] | MutableMapping[str, MemoryMetadataValue] | SupportsDunderLT[Any] | SupportsDunderGT[Any] | Any | None", expected "SupportsDunderLT[Any] | SupportsDunderGT[Any]")  [return-value]
src/devsynth/application/memory/chromadb_store.py:1048: error: Item "None" of "MemoryMetadata | None" has no attribute "get"  [union-attr]
src/devsynth/application/memory/chromadb_store.py:1049: error: Item "None" of "MemoryMetadata | None" has no attribute "get"  [union-attr]
src/devsynth/application/memory/chromadb_store.py:1077: error: Item "None" of "MemoryMetadata | None" has no attribute "get"  [union-attr]
src/devsynth/application/memory/adapters/vector_memory_adapter.py:12: error: Cannot find implementation or library stub for module named "numpy.typing"  [import-not-found]
src/devsynth/application/memory/adapters/vector_memory_adapter.py:12: note: See https://mypy.readthedocs.io/en/stable/running_mypy.html#missing-imports
src/devsynth/application/memory/adapters/vector_memory_adapter.py:185: error: Return type "VectorStoreStats" of "get_collection_stats" incompatible with return type "dict[str, Any]" in supertype "devsynth.application.memory.vector_protocol.VectorStoreProtocol"  [override]
src/devsynth/application/memory/adapters/tinydb_memory_adapter.py:133: error: Redundant cast to "MemoryMetadata | None"  [redundant-cast]
src/devsynth/application/memory/adapters/tinydb_memory_adapter.py:211: error: Non-overlapping equality check (left operand type: "TinyDBQueryLike", right operand type: "str")  [comparison-overlap]
src/devsynth/application/memory/adapters/tinydb_memory_adapter.py:230: error: Non-overlapping equality check (left operand type: "TinyDBQueryLike", right operand type: "str")  [comparison-overlap]
src/devsynth/application/memory/adapters/tinydb_memory_adapter.py:421: error: Non-overlapping equality check (left operand type: "TinyDBQueryLike", right operand type: "str")  [comparison-overlap]
src/devsynth/application/memory/adapters/s3_memory_adapter.py:104: error: Redundant cast to "MemoryMetadata | None"  [redundant-cast]
src/devsynth/application/memory/adapters/s3_memory_adapter.py:137: error: Argument 1 of "search" is incompatible with supertype "devsynth.application.memory.adapters.storage_adapter.StorageAdapter"; supertype defines the argument type as "Mapping[str, object] | MemoryMetadata"  [override]
src/devsynth/application/memory/adapters/s3_memory_adapter.py:137: note: This violates the Liskov substitution principle
src/devsynth/application/memory/adapters/s3_memory_adapter.py:137: note: See https://mypy.readthedocs.io/en/stable/common_issues.html#incompatible-overrides
src/devsynth/application/memory/adapters/chromadb_vector_adapter.py:83: error: Unexpected keyword argument "anonymized_telemetry" for "object"  [call-arg]
src/devsynth/application/memory/adapters/chromadb_vector_adapter.py:133: error: Redundant cast to "MemoryMetadata | None"  [redundant-cast]
src/devsynth/application/memory/adapters/chromadb_vector_adapter.py:173: error: Redundant cast to "MemoryMetadata | None"  [redundant-cast]
src/devsynth/application/memory/adapters/chromadb_vector_adapter.py:278: error: Return type "VectorStoreStats" of "get_collection_stats" incompatible with return type "dict[str, Any]" in supertype "devsynth.application.memory.vector_protocol.VectorStoreProtocol"  [override]
src/devsynth/application/memory/vector_providers.py:63: error: Argument 2 to "register_provider_type" of "SimpleVectorStoreProviderFactory" has incompatible type "type[VectorMemoryAdapter]"; expected "type[VectorStore[MemoryVector]]"  [arg-type]
src/devsynth/application/memory/persistent_context_manager.py:84: error: Incompatible types in assignment (expression has type "str | int | float | list[Any] | dict[Any, Any] | list[MemoryItem] | dict[str, MemoryMetadataValue | MemoryItem] | None", variable has type "str")  [assignment]
src/devsynth/application/memory/persistent_context_manager.py:86: error: Unsupported target for indexed assignment ("Collection[str]")  [index]
src/devsynth/application/memory/kuzu_store.py:120: error: Item "None" of "_TiktokenModule | None" has no attribute "get_encoding"  [union-attr]
src/devsynth/application/memory/kuzu_store.py:150: error: Item "None" of Module | None has no attribute "Database"  [union-attr]
src/devsynth/application/memory/kuzu_store.py:151: error: Item "None" of Module | None has no attribute "Connection"  [union-attr]
src/devsynth/application/memory/kuzu_store.py:198: error: Argument "memory_type" to "MemoryItem" has incompatible type "MemoryType | None"; expected "MemoryType"  [arg-type]
src/devsynth/application/memory/kuzu_store.py:263: error: Argument 1 has incompatible type "Callable[[KuzuStore, MemoryItem], str]"; expected "Callable[[KuzuStore, MemoryItem], Never]"  [arg-type]
src/devsynth/application/memory/kuzu_store.py:265: error: Need type annotation for "existing"  [var-annotated]
src/devsynth/application/memory/kuzu_store.py:271: error: Item "Mapping[str, MemoryMetadataValue]" of "MemoryMetadata | None" has no attribute "setdefault"  [union-attr]
src/devsynth/application/memory/kuzu_store.py:271: error: Item "None" of "MemoryMetadata | None" has no attribute "setdefault"  [union-attr]
src/devsynth/application/memory/kuzu_store.py:305: error: Argument 1 has incompatible type "Callable[[KuzuStore, str], MemoryItem | None]"; expected "Callable[[KuzuStore, str], Never]"  [arg-type]
src/devsynth/application/memory/kuzu_store.py:314: error: Argument 1 has incompatible type "Callable[[KuzuStore, str, int], MemoryItem | None]"; expected "Callable[[KuzuStore, str, int], Never]"  [arg-type]
src/devsynth/application/memory/kuzu_store.py:320: error: Item "None" of "MemoryMetadata | None" has no attribute "get"  [union-attr]
src/devsynth/application/memory/kuzu_store.py:339: error: Item "None" of "MemoryMetadata | None" has no attribute "get"  [union-attr]
src/devsynth/application/memory/kuzu_store.py:347: error: Argument "key" to "sort" of "list" has incompatible type "Callable[[dict[str, int | float | datetime | Sequence[MemoryMetadataValue] | Any | MemoryMetadata | None]], int | float | datetime | Sequence[MemoryMetadataValue] | Any | MemoryMetadata | None]"; expected "Callable[[dict[str, int | float | datetime | Sequence[MemoryMetadataValue] | Any | MemoryMetadata | None]], SupportsDunderLT[Any] | SupportsDunderGT[Any]]"  [arg-type]
src/devsynth/application/memory/kuzu_store.py:347: error: Incompatible return value type (got "int | float | datetime | Sequence[MemoryMetadataValue] | Any | MemoryMetadata | None", expected "SupportsDunderLT[Any] | SupportsDunderGT[Any]")  [return-value]
src/devsynth/application/memory/kuzu_store.py:350: error: Argument 1 of "search" is incompatible with supertype "devsynth.domain.interfaces.memory.MemoryBackend"; supertype defines the argument type as "Mapping[str, object] | MemoryMetadata"  [override]
src/devsynth/application/memory/kuzu_store.py:350: note: This violates the Liskov substitution principle
src/devsynth/application/memory/kuzu_store.py:350: note: See https://mypy.readthedocs.io/en/stable/common_issues.html#incompatible-overrides
src/devsynth/application/memory/kuzu_store.py:351: error: Need type annotation for "items" (hint: "items: list[<type>] = ...")  [var-annotated]
src/devsynth/application/memory/kuzu_store.py:438: error: Item "Mapping[str, MemoryMetadataValue]" of "MemoryMetadata | None" has no attribute "setdefault"  [union-attr]
src/devsynth/application/memory/kuzu_store.py:438: error: Item "None" of "MemoryMetadata | None" has no attribute "setdefault"  [union-attr]
src/devsynth/application/memory/kuzu_store.py:439: error: Unsupported target for indexed assignment ("MemoryMetadata | None")  [index]
src/devsynth/application/memory/kuzu_store.py:440: error: Unsupported target for indexed assignment ("MemoryMetadata | None")  [index]
src/devsynth/application/memory/kuzu_store.py:454: error: Item "None" of "MemoryMetadata | None" has no attribute "get"  [union-attr]
src/devsynth/application/memory/kuzu_store.py:454: error: Argument 1 to "float" has incompatible type "datetime | Sequence[MemoryMetadataValue] | MutableMapping[str, MemoryMetadataValue] | Buffer | SupportsFloat | SupportsIndex | Any | None"; expected "str | Buffer | SupportsFloat | SupportsIndex"  [arg-type]
src/devsynth/application/memory/kuzu_store.py:455: error: Item "None" of "MemoryMetadata | None" has no attribute "get"  [union-attr]
src/devsynth/application/memory/kuzu_store.py:455: error: Argument 1 to "float" has incompatible type "datetime | Sequence[MemoryMetadataValue] | MutableMapping[str, MemoryMetadataValue] | Buffer | SupportsFloat | SupportsIndex | Any | None"; expected "str | Buffer | SupportsFloat | SupportsIndex"  [arg-type]
src/devsynth/application/memory/kuzu_store.py:456: error: Item "None" of "MemoryMetadata | None" has no attribute "get"  [union-attr]
src/devsynth/application/memory/kuzu_store.py:456: error: Argument 1 to "float" has incompatible type "datetime | Sequence[MemoryMetadataValue] | MutableMapping[str, MemoryMetadataValue] | Buffer | SupportsFloat | SupportsIndex | Any | None"; expected "str | Buffer | SupportsFloat | SupportsIndex"  [arg-type]
src/devsynth/application/memory/kuzu_store.py:458: error: Unsupported target for indexed assignment ("MemoryMetadata | None")  [index]
src/devsynth/application/memory/kuzu_store.py:497: error: Function is missing a type annotation  [no-untyped-def]
src/devsynth/application/memory/adapters/graph_memory_adapter.py:169: error: Incompatible types in assignment (expression has type "None", variable has type "RDFLibStore")  [assignment]
src/devsynth/application/memory/adapters/graph_memory_adapter.py:413: error: Redundant cast to "list[MemoryVector]"  [redundant-cast]
src/devsynth/application/memory/adapters/graph_memory_adapter.py:431: error: "None" not callable  [misc]
src/devsynth/application/memory/adapters/graph_memory_adapter.py:436: error: "None" not callable  [misc]
src/devsynth/application/memory/adapters/graph_memory_adapter.py:438: error: "None" not callable  [misc]
src/devsynth/application/memory/adapters/graph_memory_adapter.py:443: error: "None" not callable  [misc]
src/devsynth/application/memory/adapters/graph_memory_adapter.py:445: error: "None" not callable  [misc]
src/devsynth/application/memory/adapters/graph_memory_adapter.py:452: error: "None" not callable  [misc]
src/devsynth/application/memory/adapters/graph_memory_adapter.py:453: error: "None" not callable  [misc]
src/devsynth/application/memory/adapters/graph_memory_adapter.py:461: error: "None" not callable  [misc]
src/devsynth/application/memory/adapters/graph_memory_adapter.py:464: error: Item "None" of "MemoryMetadata | None" has no attribute "items"  [union-attr]
src/devsynth/application/memory/adapters/graph_memory_adapter.py:468: error: "None" not callable  [misc]
src/devsynth/application/memory/adapters/graph_memory_adapter.py:473: error: "None" not callable  [misc]
src/devsynth/application/memory/adapters/graph_memory_adapter.py:475: error: "None" not callable  [misc]
src/devsynth/application/memory/adapters/graph_memory_adapter.py:487: error: Variable "devsynth.application.memory.adapters.graph_memory_adapter.URIRef" is not valid as a type  [valid-type]
src/devsynth/application/memory/adapters/graph_memory_adapter.py:487: note: See https://mypy.readthedocs.io/en/stable/common_issues.html#variables-vs-type-aliases
src/devsynth/application/memory/adapters/graph_memory_adapter.py:603: error: Item "None" of "MemoryMetadata | None" has no attribute "get"  [union-attr]
src/devsynth/application/memory/adapters/graph_memory_adapter.py:697: error: Unsupported right operand type for in ("MemoryMetadata | None")  [operator]
src/devsynth/application/memory/adapters/graph_memory_adapter.py:697: error: Value of type "Mapping[str, MemoryMetadataValue] | None" is not indexable  [index]
src/devsynth/application/memory/adapters/graph_memory_adapter.py:699: error: Value of type "Mapping[str, MemoryMetadataValue] | None" is not indexable  [index]
src/devsynth/application/memory/adapters/graph_memory_adapter.py:707: error: Unsupported right operand type for in ("MemoryMetadata | None")  [operator]
src/devsynth/application/memory/adapters/graph_memory_adapter.py:708: error: Value of type "Mapping[str, MemoryMetadataValue] | None" is not indexable  [index]
src/devsynth/application/memory/adapters/graph_memory_adapter.py:710: error: Value of type "Mapping[str, MemoryMetadataValue] | None" is not indexable  [index]
src/devsynth/application/memory/adapters/graph_memory_adapter.py:869: error: Statement is unreachable  [unreachable]
src/devsynth/application/memory/adapters/graph_memory_adapter.py:869: error: Variable "devsynth.application.memory.adapters.graph_memory_adapter.URIRef" is not valid as a type  [valid-type]
src/devsynth/application/memory/adapters/graph_memory_adapter.py:869: note: See https://mypy.readthedocs.io/en/stable/common_issues.html#variables-vs-type-aliases
src/devsynth/application/memory/adapters/graph_memory_adapter.py:870: error: Variable "devsynth.application.memory.adapters.graph_memory_adapter.URIRef" is not valid as a type  [valid-type]
src/devsynth/application/memory/adapters/graph_memory_adapter.py:870: note: See https://mypy.readthedocs.io/en/stable/common_issues.html#variables-vs-type-aliases
src/devsynth/application/memory/adapters/graph_memory_adapter.py:913: error: Variable "devsynth.application.memory.adapters.graph_memory_adapter.URIRef" is not valid as a type  [valid-type]
src/devsynth/application/memory/adapters/graph_memory_adapter.py:913: note: See https://mypy.readthedocs.io/en/stable/common_issues.html#variables-vs-type-aliases
src/devsynth/application/memory/adapters/graph_memory_adapter.py:918: error: Returning Any from function declared to return "URIRef? | None"  [no-any-return]
src/devsynth/application/memory/adapters/graph_memory_adapter.py:921: error: Variable "devsynth.application.memory.adapters.graph_memory_adapter.URIRef" is not valid as a type  [valid-type]
src/devsynth/application/memory/adapters/graph_memory_adapter.py:921: note: See https://mypy.readthedocs.io/en/stable/common_issues.html#variables-vs-type-aliases
src/devsynth/application/memory/adapters/graph_memory_adapter.py:927: error: Variable "devsynth.application.memory.adapters.graph_memory_adapter.URIRef" is not valid as a type  [valid-type]
src/devsynth/application/memory/adapters/graph_memory_adapter.py:927: note: See https://mypy.readthedocs.io/en/stable/common_issues.html#variables-vs-type-aliases
src/devsynth/application/memory/adapters/graph_memory_adapter.py:933: error: Variable "devsynth.application.memory.adapters.graph_memory_adapter.URIRef" is not valid as a type  [valid-type]
src/devsynth/application/memory/adapters/graph_memory_adapter.py:933: note: See https://mypy.readthedocs.io/en/stable/common_issues.html#variables-vs-type-aliases
src/devsynth/application/memory/adapters/graph_memory_adapter.py:1004: error: "None" not callable  [misc]
src/devsynth/application/memory/adapters/graph_memory_adapter.py:1007: error: "None" not callable  [misc]
src/devsynth/application/memory/adapters/graph_memory_adapter.py:1009: error: "None" not callable  [misc]
src/devsynth/application/memory/adapters/graph_memory_adapter.py:1142: error: "None" not callable  [misc]
src/devsynth/application/memory/adapters/graph_memory_adapter.py:1146: error: "None" not callable  [misc]
src/devsynth/application/memory/adapters/graph_memory_adapter.py:1155: error: "None" not callable  [misc]
src/devsynth/application/memory/adapters/graph_memory_adapter.py:1199: error: Argument "metadata" to "MemoryItem" has incompatible type "dict[str, object]"; expected "MemoryMetadata | None"  [arg-type]
src/devsynth/application/memory/adapters/graph_memory_adapter.py:1247: error: Item "None" of "MemoryMetadata | None" has no attribute "get"  [union-attr]
src/devsynth/application/memory/adapters/graph_memory_adapter.py:1254: error: Item "None" of "MemoryMetadata | None" has no attribute "get"  [union-attr]
src/devsynth/application/memory/adapters/graph_memory_adapter.py:1324: error: Item "VectorStore[MemoryVector]" of "MemoryStore | VectorStore[MemoryVector]" has no attribute "search"  [union-attr]
src/devsynth/application/memory/adapters/graph_memory_adapter.py:1345: error: Item "VectorStore[MemoryVector]" of "MemoryStore | VectorStore[MemoryVector]" has no attribute "retrieve"  [union-attr]
src/devsynth/application/memory/adapters/graph_memory_adapter.py:1345: error: Incompatible types in assignment (expression has type "MemoryItem | MemoryRecord | Any | None", variable has type "MemoryItem | None")  [assignment]
src/devsynth/application/memory/adapters/graph_memory_adapter.py:1348: error: Item "VectorStore[MemoryVector]" of "MemoryStore | VectorStore[MemoryVector]" has no attribute "store"  [union-attr]
src/devsynth/application/memory/adapters/graph_memory_adapter.py:1348: error: Argument 1 to "store" of "MemoryBackend" has incompatible type "MemoryRecord"; expected "MemoryItem"  [arg-type]
src/devsynth/application/memory/adapters/graph_memory_adapter.py:1391: error: Item "MemoryStore" of "MemoryStore | VectorStore[MemoryVector]" has no attribute "retrieve_vector"  [union-attr]
src/devsynth/application/memory/adapters/graph_memory_adapter.py:1393: error: Item "MemoryStore" of "MemoryStore | VectorStore[MemoryVector]" has no attribute "store_vector"  [union-attr]
src/devsynth/application/memory/adapters/enhanced_graph_memory_adapter.py:9: error: Module "dataclasses" has no attribute "field"  [attr-defined]
src/devsynth/application/memory/adapters/enhanced_graph_memory_adapter.py:60: error: Argument 1 has incompatible type "type[ResearchArtifact]"; expected "type[Never]"  [arg-type]
src/devsynth/application/memory/adapters/enhanced_graph_memory_adapter.py:61: error: Cannot instantiate type "type[Never]"  [misc]
src/devsynth/application/memory/adapters/enhanced_graph_memory_adapter.py:252: error: Statement is unreachable  [unreachable]
src/devsynth/application/memory/adapters/enhanced_graph_memory_adapter.py:260: error: Signature of "traverse_graph" incompatible with supertype "devsynth.application.memory.adapters.graph_memory_adapter.GraphMemoryAdapter"  [override]
src/devsynth/application/memory/adapters/enhanced_graph_memory_adapter.py:260: note:      Superclass:
src/devsynth/application/memory/adapters/enhanced_graph_memory_adapter.py:260: note:          def traverse_graph(self, start_id: str, max_depth: int = ..., *, include_research: bool = ...) -> set[str]
src/devsynth/application/memory/adapters/enhanced_graph_memory_adapter.py:260: note:      Subclass:
src/devsynth/application/memory/adapters/enhanced_graph_memory_adapter.py:260: note:          def traverse_graph(self, start_id: str, max_depth: int, *, include_research: bool = ...) -> set[str]
src/devsynth/application/memory/adapters/enhanced_graph_memory_adapter.py:273: error: Variable "devsynth.application.memory.adapters.enhanced_graph_memory_adapter.URIRef" is not valid as a type  [valid-type]
src/devsynth/application/memory/adapters/enhanced_graph_memory_adapter.py:273: note: See https://mypy.readthedocs.io/en/stable/common_issues.html#variables-vs-type-aliases
src/devsynth/application/memory/adapters/enhanced_graph_memory_adapter.py:276: error: Variable "devsynth.application.memory.adapters.enhanced_graph_memory_adapter.URIRef" is not valid as a type  [valid-type]
src/devsynth/application/memory/adapters/enhanced_graph_memory_adapter.py:276: note: See https://mypy.readthedocs.io/en/stable/common_issues.html#variables-vs-type-aliases
src/devsynth/application/memory/adapters/enhanced_graph_memory_adapter.py:277: error: Variable "devsynth.application.memory.adapters.enhanced_graph_memory_adapter.URIRef" is not valid as a type  [valid-type]
src/devsynth/application/memory/adapters/enhanced_graph_memory_adapter.py:277: note: See https://mypy.readthedocs.io/en/stable/common_issues.html#variables-vs-type-aliases
src/devsynth/application/memory/adapters/enhanced_graph_memory_adapter.py:285: error: Variable "devsynth.application.memory.adapters.enhanced_graph_memory_adapter.URIRef" is not valid as a type  [valid-type]
src/devsynth/application/memory/adapters/enhanced_graph_memory_adapter.py:285: note: See https://mypy.readthedocs.io/en/stable/common_issues.html#variables-vs-type-aliases
src/devsynth/application/memory/adapters/enhanced_graph_memory_adapter.py:291: error: Variable "devsynth.application.memory.adapters.enhanced_graph_memory_adapter.URIRef" is not valid as a type  [valid-type]
src/devsynth/application/memory/adapters/enhanced_graph_memory_adapter.py:291: note: See https://mypy.readthedocs.io/en/stable/common_issues.html#variables-vs-type-aliases
src/devsynth/application/memory/adapters/enhanced_graph_memory_adapter.py:297: error: Variable "devsynth.application.memory.adapters.enhanced_graph_memory_adapter.URIRef" is not valid as a type  [valid-type]
src/devsynth/application/memory/adapters/enhanced_graph_memory_adapter.py:297: note: See https://mypy.readthedocs.io/en/stable/common_issues.html#variables-vs-type-aliases
src/devsynth/application/memory/adapters/enhanced_graph_memory_adapter.py:302: error: Returning Any from function declared to return "URIRef? | None"  [no-any-return]
src/devsynth/application/memory/adapters/enhanced_graph_memory_adapter.py:306: error: Returning Any from function declared to return "URIRef? | None"  [no-any-return]
src/devsynth/application/memory/adapters/enhanced_graph_memory_adapter.py:310: error: Returning Any from function declared to return "URIRef? | None"  [no-any-return]
src/devsynth/application/memory/adapters/enhanced_graph_memory_adapter.py:314: error: Variable "devsynth.application.memory.adapters.enhanced_graph_memory_adapter.URIRef" is not valid as a type  [valid-type]
src/devsynth/application/memory/adapters/enhanced_graph_memory_adapter.py:314: note: See https://mypy.readthedocs.io/en/stable/common_issues.html#variables-vs-type-aliases
src/devsynth/application/memory/adapters/enhanced_graph_memory_adapter.py:319: error: Statement is unreachable  [unreachable]
src/devsynth/application/memory/adapters/enhanced_graph_memory_adapter.py:324: error: Returning Any from function declared to return URIRef?  [no-any-return]
src/devsynth/application/memory/adapters/enhanced_graph_memory_adapter.py:326: error: Variable "devsynth.application.memory.adapters.enhanced_graph_memory_adapter.URIRef" is not valid as a type  [valid-type]
src/devsynth/application/memory/adapters/enhanced_graph_memory_adapter.py:326: note: See https://mypy.readthedocs.io/en/stable/common_issues.html#variables-vs-type-aliases
src/devsynth/application/memory/adapters/enhanced_graph_memory_adapter.py:335: error: Returning Any from function declared to return URIRef?  [no-any-return]
src/devsynth/application/memory/adapters/enhanced_graph_memory_adapter.py:343: error: Name "_uri_to_identifier" already defined on line 291  [no-redef]
src/devsynth/application/memory/adapters/enhanced_graph_memory_adapter.py:343: error: Variable "devsynth.application.memory.adapters.enhanced_graph_memory_adapter.URIRef" is not valid as a type  [valid-type]
src/devsynth/application/memory/adapters/enhanced_graph_memory_adapter.py:343: note: See https://mypy.readthedocs.io/en/stable/common_issues.html#variables-vs-type-aliases
src/devsynth/application/memory/adapters/enhanced_graph_memory_adapter.py:351: error: Variable "devsynth.application.memory.adapters.enhanced_graph_memory_adapter.URIRef" is not valid as a type  [valid-type]
src/devsynth/application/memory/adapters/enhanced_graph_memory_adapter.py:351: note: See https://mypy.readthedocs.io/en/stable/common_issues.html#variables-vs-type-aliases
src/devsynth/application/memory/adapters/enhanced_graph_memory_adapter.py:355: error: Variable "devsynth.application.memory.adapters.enhanced_graph_memory_adapter.URIRef" is not valid as a type  [valid-type]
src/devsynth/application/memory/adapters/enhanced_graph_memory_adapter.py:355: note: See https://mypy.readthedocs.io/en/stable/common_issues.html#variables-vs-type-aliases
src/devsynth/application/memory/adapters/enhanced_graph_memory_adapter.py:364: error: Variable "devsynth.application.memory.adapters.enhanced_graph_memory_adapter.URIRef" is not valid as a type  [valid-type]
src/devsynth/application/memory/adapters/enhanced_graph_memory_adapter.py:364: note: See https://mypy.readthedocs.io/en/stable/common_issues.html#variables-vs-type-aliases
src/devsynth/application/memory/adapters/enhanced_graph_memory_adapter.py:432: error: Argument "metadata" to "MemoryItem" has incompatible type "dict[str, object]"; expected "MemoryMetadata | None"  [arg-type]
src/devsynth/application/memory/adapters/enhanced_graph_memory_adapter.py:436: error: Redundant cast to "str"  [redundant-cast]
src/devsynth/application/memory/adapters/enhanced_graph_memory_adapter.py:520: error: Item "None" of "MemoryMetadata | None" has no attribute "get"  [union-attr]
src/devsynth/application/memory/adapters/enhanced_graph_memory_adapter.py:527: error: Unsupported right operand type for in ("MemoryMetadata | None")  [operator]
src/devsynth/application/memory/adapters/enhanced_graph_memory_adapter.py:529: error: Item "None" of "Mapping[str, MemoryMetadataValue] | None" has no attribute "get"  [union-attr]
src/devsynth/application/memory/adapters/enhanced_graph_memory_adapter.py:532: error: Item "None" of "MemoryMetadata | None" has no attribute "get"  [union-attr]
src/devsynth/application/memory/adapters/enhanced_graph_memory_adapter.py:663: error: Unsupported right operand type for in ("MemoryMetadata | None")  [operator]
src/devsynth/application/memory/adapters/enhanced_graph_memory_adapter.py:664: error: Value of type "Mapping[str, MemoryMetadataValue] | None" is not indexable  [index]
src/devsynth/application/memory/adapters/enhanced_graph_memory_adapter.py:668: error: Value of type "Mapping[str, MemoryMetadataValue] | None" is not indexable  [index]
src/devsynth/application/memory/adapters/enhanced_graph_memory_adapter.py:682: error: Item "None" of "MemoryMetadata | None" has no attribute "keys"  [union-attr]
src/devsynth/application/memory/adapters/enhanced_graph_memory_adapter.py:768: error: Item "None" of "MemoryMetadata | None" has no attribute "get"  [union-attr]
src/devsynth/application/memory/adapters/enhanced_graph_memory_adapter.py:796: error: Item "None" of "MemoryMetadata | None" has no attribute "get"  [union-attr]
src/devsynth/application/memory/adapters/enhanced_graph_memory_adapter.py:803: error: Unsupported right operand type for in ("MemoryMetadata | None")  [operator]
src/devsynth/application/memory/adapters/enhanced_graph_memory_adapter.py:803: error: Value of type "Mapping[str, MemoryMetadataValue] | None" is not indexable  [index]
src/devsynth/application/memory/adapters/enhanced_graph_memory_adapter.py:808: error: Unsupported right operand type for in ("MemoryMetadata | None")  [operator]
src/devsynth/application/memory/adapters/enhanced_graph_memory_adapter.py:811: error: Value of type "Mapping[str, MemoryMetadataValue] | None" is not indexable  [index]
src/devsynth/application/memory/adapters/enhanced_graph_memory_adapter.py:811: error: Argument 1 to "fromisoformat" of "date" has incompatible type "int | float | datetime | Sequence[MemoryMetadataValue] | MutableMapping[str, MemoryMetadataValue] | Any | None"; expected "str"  [arg-type]
src/devsynth/application/memory/adapters/enhanced_graph_memory_adapter.py:821: error: Unsupported right operand type for in ("MemoryMetadata | None")  [operator]
src/devsynth/application/memory/adapters/enhanced_graph_memory_adapter.py:823: error: Value of type "Mapping[str, MemoryMetadataValue] | None" is not indexable  [index]
src/devsynth/application/memory/adapters/enhanced_graph_memory_adapter.py:823: error: Argument 1 to "int" has incompatible type "int | float | datetime | Sequence[MemoryMetadataValue] | MutableMapping[str, MemoryMetadataValue] | Any | None"; expected "str | Buffer | SupportsInt | SupportsIndex | SupportsTrunc"  [arg-type]
src/devsynth/application/memory/adapters/enhanced_graph_memory_adapter.py:835: error: Argument "key" to "sort" of "list" has incompatible type "Callable[[dict[str, object]], object]"; expected "Callable[[dict[str, object]], SupportsDunderLT[Any] | SupportsDunderGT[Any]]"  [arg-type]
src/devsynth/application/memory/adapters/enhanced_graph_memory_adapter.py:835: error: Incompatible return value type (got "object", expected "SupportsDunderLT[Any] | SupportsDunderGT[Any]")  [return-value]
src/devsynth/application/memory/adapters/enhanced_graph_memory_adapter.py:854: error: Item "None" of "MemoryMetadata | None" has no attribute "get"  [union-attr]
src/devsynth/application/memory/adapters/enhanced_graph_memory_adapter.py:879: error: Item "None" of "MemoryMetadata | None" has no attribute "get"  [union-attr]
src/devsynth/application/memory/adapters/enhanced_graph_memory_adapter.py:880: error: Item "None" of "MemoryMetadata | None" has no attribute "get"  [union-attr]
src/devsynth/application/memory/adapters/enhanced_graph_memory_adapter.py:891: error: Item "None" of "MemoryMetadata | None" has no attribute "get"  [union-attr]
src/devsynth/application/memory/adapters/enhanced_graph_memory_adapter.py:892: error: Item "None" of "MemoryMetadata | None" has no attribute "get"  [union-attr]
src/devsynth/application/memory/adapters/enhanced_graph_memory_adapter.py:904: error: Item "None" of "MemoryMetadata | None" has no attribute "get"  [union-attr]
src/devsynth/application/memory/adapters/enhanced_graph_memory_adapter.py:904: error: Argument 1 to "get" of "dict" has incompatible type "int | float | datetime | Sequence[MemoryMetadataValue] | MutableMapping[str, MemoryMetadataValue] | Any | None"; expected "str"  [arg-type]
src/devsynth/application/memory/adapters/enhanced_graph_memory_adapter.py:988: error: Item "Mapping[str, MemoryMetadataValue]" of "MemoryMetadata | None" has no attribute "copy"  [union-attr]
src/devsynth/application/memory/adapters/enhanced_graph_memory_adapter.py:988: error: Item "None" of "MemoryMetadata | None" has no attribute "copy"  [union-attr]
src/devsynth/application/memory/adapters/enhanced_graph_memory_adapter.py:1007: error: Redundant cast to "str"  [redundant-cast]
src/devsynth/application/memory/adapters/enhanced_graph_memory_adapter.py:1042: error: Unsupported right operand type for in ("MemoryMetadata | None")  [operator]
src/devsynth/application/memory/adapters/enhanced_graph_memory_adapter.py:1043: error: Value of type "Mapping[str, MemoryMetadataValue] | None" is not indexable  [index]
src/devsynth/application/memory/adapters/enhanced_graph_memory_adapter.py:1044: error: Argument 1 to "retrieve" of "GraphMemoryAdapter" has incompatible type "int | float | datetime | Sequence[MemoryMetadataValue] | MutableMapping[str, MemoryMetadataValue] | Any | None"; expected "str"  [arg-type]
src/devsynth/application/memory/adapters/__init__.py:32: error: Redundant cast to "type[KuzuAdapter]"  [redundant-cast]
src/devsynth/application/memory/adapters/__init__.py:41: error: Redundant cast to "type[S3MemoryAdapter]"  [redundant-cast]
src/devsynth/application/memory/sync_manager.py:26: error: Cannot assign to a type  [misc]
src/devsynth/application/memory/sync_manager.py:26: error: Incompatible types in assignment (expression has type "None", variable has type "type[LMDBStore]")  [assignment]
src/devsynth/application/memory/sync_manager.py:50: error: Incompatible default for argument "transaction_id" (default has type "None", argument has type "str")  [assignment]
src/devsynth/application/memory/sync_manager.py:50: note: PEP 484 prohibits implicit Optional. Accordingly, mypy has changed its default to no_implicit_optional=True
src/devsynth/application/memory/sync_manager.py:50: note: Use https://github.com/hauntsaninja/no_implicit_optional to automatically upgrade your codebase
src/devsynth/application/memory/sync_manager.py:56: error: Function is missing a type annotation  [no-untyped-def]
src/devsynth/application/memory/sync_manager.py:76: error: Function is missing a type annotation  [no-untyped-def]
src/devsynth/application/memory/sync_manager.py:104: error: Function is missing a type annotation  [no-untyped-def]
src/devsynth/application/memory/sync_manager.py:112: error: Function is missing a type annotation  [no-untyped-def]
src/devsynth/application/memory/sync_manager.py:113: error: Right operand of "and" is never evaluated  [unreachable]
src/devsynth/application/memory/sync_manager.py:114: error: Statement is unreachable  [unreachable]
src/devsynth/application/memory/sync_manager.py:171: error: Function is missing a return type annotation  [no-untyped-def]
src/devsynth/application/memory/sync_manager.py:174: error: Function "LMDBStore" could always be true in boolean context  [truthy-function]
src/devsynth/application/memory/sync_manager.py:194: error: Unsupported operand types for >= ("datetime" and "None")  [operator]
src/devsynth/application/memory/sync_manager.py:194: error: Unsupported operand types for <= ("datetime" and "None")  [operator]
src/devsynth/application/memory/sync_manager.py:194: error: Unsupported left operand type for >= ("None")  [operator]
src/devsynth/application/memory/sync_manager.py:194: note: Both left and right operands are unions
src/devsynth/application/memory/sync_manager.py:341: error: Function is missing a return type annotation  [no-untyped-def]
src/devsynth/application/memory/sync_manager.py:346: error: Incompatible default for argument "exc" (default has type "None", argument has type "Exception")  [assignment]
src/devsynth/application/memory/sync_manager.py:346: note: PEP 484 prohibits implicit Optional. Accordingly, mypy has changed its default to no_implicit_optional=True
src/devsynth/application/memory/sync_manager.py:346: note: Use https://github.com/hauntsaninja/no_implicit_optional to automatically upgrade your codebase
src/devsynth/application/memory/sync_manager.py:361: error: Statement is unreachable  [unreachable]
src/devsynth/application/memory/sync_manager.py:454: error: Argument 1 to "_detect_conflict" of "SyncManager" has incompatible type "MemoryItem | Any | MemoryRecord"; expected "MemoryItem"  [arg-type]
src/devsynth/application/memory/sync_manager.py:455: error: Argument 1 to "_resolve_conflict" of "SyncManager" has incompatible type "MemoryItem | Any | MemoryRecord"; expected "MemoryItem"  [arg-type]
src/devsynth/application/memory/sync_manager.py:461: error: Argument 1 to "store" of "MemoryBackend" has incompatible type "MemoryItem | Any | MemoryRecord"; expected "MemoryItem"  [arg-type]
src/devsynth/application/memory/sync_manager.py:704: error: Name "cast" is not defined  [name-defined]
src/devsynth/application/memory/sync_manager.py:704: note: Did you forget to import it from "typing"? (Suggestion: "from typing import cast")
src/devsynth/application/memory/sync_manager.py:747: error: Name "cast" is not defined  [name-defined]
src/devsynth/application/memory/sync_manager.py:747: note: Did you forget to import it from "typing"? (Suggestion: "from typing import cast")
src/devsynth/application/memory/sync_manager.py:825: error: Call to untyped function "__enter__" in typed context  [no-untyped-call]
src/devsynth/application/memory/memory_manager.py:43: error: Redundant cast to "type[S3MemoryAdapter]"  [redundant-cast]
src/devsynth/application/memory/memory_manager.py:121: error: Dict entry 0 has incompatible type "str": "S3MemoryAdapter"; expected "str": "MemoryStore | VectorStoreProtocol"  [dict-item]
src/devsynth/application/memory/memory_manager.py:172: error: Argument 1 to "float" has incompatible type "float | Sequence[float]"; expected "str | Buffer | SupportsFloat | SupportsIndex"  [arg-type]
src/devsynth/application/memory/memory_manager.py:311: error: Returning Any from function declared to return "MemoryItem | None"  [no-any-return]
src/devsynth/application/memory/memory_manager.py:409: error: Argument 1 to "build_memory_record" has incompatible type "MemoryItem | MemoryRecord | str | Any"; expected "MemoryRecord | MemoryItem | MemoryVector | tuple[object, float] | None"  [arg-type]
src/devsynth/application/memory/memory_manager.py:453: error: Item "None" of "MemoryMetadata | None" has no attribute "get"  [union-attr]
src/devsynth/application/memory/memory_manager.py:453: error: Argument 1 to "get" of "dict" has incompatible type "int | float | datetime | Sequence[MemoryMetadataValue] | MutableMapping[str, MemoryMetadataValue] | Any | None"; expected "str"  [arg-type]
src/devsynth/application/memory/memory_manager.py:456: error: Incompatible return value type (got "list[MemoryItem | MemoryRecord]", expected "list[MemoryItem]")  [return-value]
src/devsynth/application/memory/memory_manager.py:524: error: Returning Any from function declared to return "str"  [no-any-return]
src/devsynth/application/memory/memory_manager.py:524: error: Item "VectorStoreProtocol" of "MemoryStore | VectorStoreProtocol" has no attribute "store"  [union-attr]
src/devsynth/application/memory/memory_manager.py:582: error: Argument 1 to "extend" of "list" has incompatible type "list[MemoryItem] | list[MemoryRecord] | MemoryQueryResults | GroupedMemoryResults | Any"; expected "Iterable[MemoryItem]"  [arg-type]
src/devsynth/application/memory/memory_manager.py:615: error: Argument 1 to "extend" of "list" has incompatible type "list[MemoryItem] | list[MemoryRecord] | MemoryQueryResults | GroupedMemoryResults | Any"; expected "Iterable[MemoryItem]"  [arg-type]
src/devsynth/application/memory/memory_manager.py:618: error: Name "items" already defined on line 610  [no-redef]
src/devsynth/application/memory/memory_manager.py:685: error: Item "None" of "int | float | datetime | Sequence[MemoryMetadataValue] | MutableMapping[str, MemoryMetadataValue] | None" has no attribute "value"  [union-attr]
src/devsynth/application/memory/memory_manager.py:707: error: Name "filtered" already defined on line 674  [no-redef]
src/devsynth/application/memory/memory_manager.py:719: error: Item "None" of "int | float | datetime | Sequence[MemoryMetadataValue] | MutableMapping[str, MemoryMetadataValue] | None" has no attribute "value"  [union-attr]
src/devsynth/application/memory/memory_manager.py:914: error: Incompatible return value type (got "ErrorSummary", expected "dict[str, Any]")  [return-value]
src/devsynth/application/memory/duckdb_store.py:112: error: Incompatible types in assignment (expression has type "None", variable has type "Encoding")  [assignment]
src/devsynth/application/memory/duckdb_store.py:339: error: Argument "memory_type" to "MemoryItem" has incompatible type "MemoryType | None"; expected "MemoryType"  [arg-type]
src/devsynth/application/memory/duckdb_store.py:421: error: Argument "memory_type" to "MemoryItem" has incompatible type "MemoryType | None"; expected "MemoryType"  [arg-type]
src/devsynth/application/memory/duckdb_store.py:831: error: Return type "dict[str, object]" of "get_collection_stats" incompatible with return type "VectorStoreStats" in supertype "devsynth.domain.interfaces.memory.SupportsStats"  [override]
src/devsynth/application/memory/duckdb_store.py:843: error: Value of type "tuple[Any, ...] | None" is not indexable  [index]
src/devsynth/application/memory/duckdb_store.py:894: error: Unsupported target for indexed assignment ("Mapping[str, MemoryMetadataValue]")  [index]
src/devsynth/application/memory/duckdb_store.py:897: error: Incompatible return value type (got "VectorStoreStats", expected "dict[str, object]")  [return-value]
src/devsynth/application/memory/__init__.py:36: error: ClassVar can only be used for assignments in class body  [misc]
src/devsynth/application/memory/__init__.py:43: error: Redundant cast to "type[GraphMemoryAdapter]"  [redundant-cast]
src/devsynth/application/memory/__init__.py:45: error: ClassVar can only be used for assignments in class body  [misc]
src/devsynth/application/memory/__init__.py:54: error: Redundant cast to "type[VectorMemoryAdapter]"  [redundant-cast]
src/devsynth/application/memory/__init__.py:56: error: ClassVar can only be used for assignments in class body  [misc]
src/devsynth/application/memory/__init__.py:65: error: Redundant cast to "type[TinyDBMemoryAdapter]"  [redundant-cast]
Found 366 errors in 29 files (checked 424 source files)
