src/devsynth/interface/textual_ui.py:496: error: Incompatible return value type (got "str", expected "Literal['Starting...', 'Processing...', 'Halfway there...', 'Almost done...', 'Finalizing...', 'In progress...', 'Complete']")  [return-value]
src/devsynth/interface/textual_ui.py:519: error: Incompatible types in assignment (expression has type "dict[str, object]", target has type "SubtaskProgressSnapshot")  [assignment]
src/devsynth/interface/textual_ui.py:527: error: Incompatible types (expression has type "str", TypedDict item "status" has type "Literal['Starting...', 'Processing...', 'Halfway there...', 'Almost done...', 'Finalizing...', 'In progress...', 'Complete']")  [typeddict-item]
src/devsynth/application/wizard_textual.py:37: error: Cannot instantiate type "type[Never]"  [misc]
src/devsynth/application/wizard_textual.py:44: error: Cannot instantiate type "type[Never]"  [misc]
src/devsynth/application/wizard_textual.py:130: error: Unused "type: ignore[no-any-return]" comment  [unused-ignore]
src/devsynth/application/cli/commands/run_tests_cmd.py:165: error: Redundant cast to "tuple[bool, str | None]"  [redundant-cast]
src/devsynth/application/testing/enhanced_test_collector.py:31: error: Cannot assign to a type  [misc]
src/devsynth/application/testing/enhanced_test_collector.py:31: error: Incompatible types in assignment (expression has type "None", variable has type "type[MemoryPort]")  [assignment]
src/devsynth/application/security/security_audit_system.py:961: error: "MemoryPort" has no attribute "store"  [attr-defined]
src/devsynth/application/quality/dialectical_audit_system.py:519: error: "MemoryPort" has no attribute "store"  [attr-defined]
src/devsynth/application/cli/commands/enhanced_analysis_cmd.py:33: error: Cannot find implementation or library stub for module named "devsynth.application.testing.test_isolation_analyzer"  [import-not-found]
src/devsynth/application/cli/commands/enhanced_analysis_cmd.py:33: note: See https://mypy.readthedocs.io/en/stable/running_mypy.html#missing-imports
src/devsynth/application/cli/commands/enhanced_analysis_cmd.py:34: error: Cannot find implementation or library stub for module named "devsynth.application.testing.test_report_generator"  [import-not-found]
src/devsynth/application/cli/commands/enhanced_analysis_cmd.py:47: error: Function is missing a return type annotation  [no-untyped-def]
src/devsynth/application/cli/commands/enhanced_analysis_cmd.py:47: note: Use "-> None" if function does not return a value
src/devsynth/application/cli/commands/enhanced_analysis_cmd.py:91: error: Module "devsynth.memory.sync_manager" has no attribute "MemorySyncManager"; maybe "SyncManager"?  [attr-defined]
src/devsynth/application/cli/commands/enhanced_analysis_cmd.py:162: error: Unsupported target for indexed assignment ("object")  [index]
src/devsynth/application/cli/commands/enhanced_analysis_cmd.py:172: error: Unsupported target for indexed assignment ("object")  [index]
src/devsynth/application/cli/commands/enhanced_analysis_cmd.py:183: error: Unsupported target for indexed assignment ("object")  [index]
src/devsynth/application/cli/commands/enhanced_analysis_cmd.py:211: error: Unsupported target for indexed assignment ("object")  [index]
src/devsynth/application/cli/commands/enhanced_analysis_cmd.py:220: error: Unsupported target for indexed assignment ("object")  [index]
src/devsynth/application/cli/commands/enhanced_analysis_cmd.py:244: error: Unsupported target for indexed assignment ("object")  [index]
src/devsynth/application/cli/commands/enhanced_analysis_cmd.py:285: error: Unsupported target for indexed assignment ("object")  [index]
src/devsynth/application/cli/commands/enhanced_analysis_cmd.py:295: error: Unsupported target for indexed assignment ("object")  [index]
src/devsynth/application/cli/commands/enhanced_analysis_cmd.py:561: error: Function is missing a return type annotation  [no-untyped-def]
src/devsynth/application/cli/commands/enhanced_analysis_cmd.py:563: error: Call to untyped function "EnhancedAnalysisCommand" in typed context  [no-untyped-call]
src/devsynth/application/cli/commands/enhanced_analysis_cmd.py:565: error: Module has no attribute "run"  [attr-defined]
src/devsynth/application/cli/commands/enhanced_analysis_cmd.py:565: error: Untyped decorator makes function "enhanced_analysis" untyped  [misc]
src/devsynth/application/cli/commands/enhanced_analysis_cmd.py:566: error: Function is missing a return type annotation  [no-untyped-def]
Found 28 errors in 7 files (checked 456 source files)
