src/devsynth/interface/prompt_toolkit_adapter.py:17: error: Cannot instantiate type "type[Never]"  [misc]
src/devsynth/interface/prompt_toolkit_adapter.py:69: error: Unused "type: ignore" comment  [unused-ignore]
src/devsynth/interface/prompt_toolkit_adapter.py:71: error: Unused "type: ignore" comment  [unused-ignore]
src/devsynth/interface/prompt_toolkit_adapter.py:72: error: Unused "type: ignore" comment  [unused-ignore]
src/devsynth/interface/prompt_toolkit_adapter.py:76: error: Unused "type: ignore" comment  [unused-ignore]
src/devsynth/interface/prompt_toolkit_adapter.py:123: error: Item "None" of "PromptToolkitComponents | None" has no attribute "complete_style_enum"  [union-attr]
src/devsynth/interface/textual_ui.py:43: error: Cannot instantiate type "type[Never]"  [misc]
src/devsynth/interface/textual_ui.py:60: error: Unused "type: ignore[misc]" comment  [unused-ignore]
src/devsynth/interface/textual_ui.py:61: error: Cannot instantiate type "type[Never]"  [misc]
src/devsynth/interface/textual_ui.py:88: error: Unused "type: ignore" comment  [unused-ignore]
src/devsynth/interface/textual_ui.py:325: error: Unused "type: ignore" comment  [unused-ignore]
src/devsynth/interface/textual_ui.py:348: error: Unused "type: ignore" comment  [unused-ignore]
src/devsynth/interface/textual_ui.py:402: error: Signature of "update_subtask" incompatible with supertype "devsynth.interface.ux_bridge.ProgressIndicator"  [override]
src/devsynth/interface/textual_ui.py:402: note:      Superclass:
src/devsynth/interface/textual_ui.py:402: note:          def update_subtask(self, task_id: str, advance: float = ..., description: str | None = ..., status: str | None = ...) -> None
src/devsynth/interface/textual_ui.py:402: note:      Subclass:
src/devsynth/interface/textual_ui.py:402: note:          def update_subtask(self, task_id: str, *, advance: float = ..., description: str | None = ..., status: str | None = ...) -> None
src/devsynth/interface/textual_ui.py:402: error: Signature of "update_subtask" incompatible with supertype "devsynth.interface.ux_bridge.SupportsSubtasks"  [override]
src/devsynth/interface/textual_ui.py:402: note:      Superclass:
src/devsynth/interface/textual_ui.py:402: note:          def update_subtask(self, task_id: str, advance: float = ..., description: str | None = ..., status: str | None = ...) -> None
src/devsynth/interface/textual_ui.py:402: note:      Subclass:
src/devsynth/interface/textual_ui.py:402: note:          def update_subtask(self, task_id: str, *, advance: float = ..., description: str | None = ..., status: str | None = ...) -> None
src/devsynth/interface/textual_ui.py:420: error: Value of "status" has incompatible type "str"; expected "Literal['Starting...', 'Processing...', 'Halfway there...', 'Almost done...', 'Finalizing...', 'In progress...', 'Complete']"  [typeddict-item]
src/devsynth/interface/textual_ui.py:448: error: Signature of "update_nested_subtask" incompatible with supertype "devsynth.interface.ux_bridge.ProgressIndicator"  [override]
src/devsynth/interface/textual_ui.py:448: note:      Superclass:
src/devsynth/interface/textual_ui.py:448: note:          def update_nested_subtask(self, parent_id: str, task_id: str, advance: float = ..., description: str | None = ..., status: str | None = ...) -> None
src/devsynth/interface/textual_ui.py:448: note:      Subclass:
src/devsynth/interface/textual_ui.py:448: note:          def update_nested_subtask(self, parent_id: str, task_id: str, *, advance: float = ..., description: str | None = ..., status: str | None = ...) -> None
src/devsynth/interface/textual_ui.py:448: error: Signature of "update_nested_subtask" incompatible with supertype "devsynth.interface.ux_bridge.SupportsNestedSubtasks"  [override]
src/devsynth/interface/textual_ui.py:448: note:      Superclass:
src/devsynth/interface/textual_ui.py:448: note:          def update_nested_subtask(self, parent_id: str, task_id: str, advance: float = ..., description: str | None = ..., status: str | None = ...) -> None
src/devsynth/interface/textual_ui.py:448: note:      Subclass:
src/devsynth/interface/textual_ui.py:448: note:          def update_nested_subtask(self, parent_id: str, task_id: str, *, advance: float = ..., description: str | None = ..., status: str | None = ...) -> None
src/devsynth/interface/textual_ui.py:468: error: Value of "status" has incompatible type "str"; expected "Literal['Starting...', 'Processing...', 'Halfway there...', 'Almost done...', 'Finalizing...', 'In progress...', 'Complete']"  [typeddict-item]
src/devsynth/interface/textual_ui.py:501: error: Incompatible types (expression has type "str", TypedDict item "status" has type "Literal['Starting...', 'Processing...', 'Halfway there...', 'Almost done...', 'Finalizing...', 'In progress...', 'Complete']")  [typeddict-item]
src/devsynth/interface/textual_ui.py:514: error: Incompatible types in assignment (expression has type "dict[str, object]", target has type "SubtaskProgressSnapshot")  [assignment]
src/devsynth/interface/textual_ui.py:522: error: Incompatible types (expression has type "str", TypedDict item "status" has type "Literal['Starting...', 'Processing...', 'Halfway there...', 'Almost done...', 'Finalizing...', 'In progress...', 'Complete']")  [typeddict-item]
src/devsynth/interface/textual_ui.py:527: error: Unused "type: ignore" comment  [unused-ignore]
src/devsynth/application/wizard_textual.py:5: error: Module "dataclasses" has no attribute "field"  [attr-defined]
src/devsynth/application/wizard_textual.py:36: error: Argument 1 has incompatible type "type[_FieldRecord]"; expected "type[Never]"  [arg-type]
src/devsynth/application/wizard_textual.py:37: error: Cannot instantiate type "type[Never]"  [misc]
src/devsynth/application/wizard_textual.py:43: error: Argument 1 has incompatible type "type[TextualWizardViewModel]"; expected "type[Never]"  [arg-type]
src/devsynth/application/wizard_textual.py:44: error: Cannot instantiate type "type[Never]"  [misc]
src/devsynth/interface/__init__.py:14: error: Cannot assign to a type  [misc]
src/devsynth/interface/__init__.py:14: note: Error code "misc" not covered by "type: ignore" comment
src/devsynth/interface/__init__.py:15: error: Cannot assign to a type  [misc]
src/devsynth/interface/__init__.py:15: note: Error code "misc" not covered by "type: ignore" comment
src/devsynth/interface/__init__.py:16: error: Cannot assign to a type  [misc]
src/devsynth/interface/__init__.py:16: note: Error code "misc" not covered by "type: ignore" comment
src/devsynth/application/cli/commands/run_tests_cmd.py:165: error: Redundant cast to "tuple[bool, str | None]"  [redundant-cast]
src/devsynth/application/testing/enhanced_test_collector.py:24: error: Module "dataclasses" has no attribute "field"  [attr-defined]
src/devsynth/application/testing/enhanced_test_collector.py:31: error: Cannot assign to a type  [misc]
src/devsynth/application/testing/enhanced_test_collector.py:31: error: Incompatible types in assignment (expression has type "None", variable has type "type[MemoryPort]")  [assignment]
src/devsynth/application/testing/enhanced_test_collector.py:182: error: Incompatible default for argument "marker_types" (default has type "None", argument has type "list[str]")  [assignment]
src/devsynth/application/testing/enhanced_test_collector.py:182: note: PEP 484 prohibits implicit Optional. Accordingly, mypy has changed its default to no_implicit_optional=True
src/devsynth/application/testing/enhanced_test_collector.py:182: note: Use https://github.com/hauntsaninja/no_implicit_optional to automatically upgrade your codebase
src/devsynth/application/testing/enhanced_test_collector.py:196: error: Statement is unreachable  [unreachable]
src/devsynth/application/testing/enhanced_test_collector.py:301: error: Returning Any from function declared to return "list[str] | None"  [no-any-return]
src/devsynth/application/testing/enhanced_test_collector.py:338: error: Dict entry 0 has incompatible type "str": "list[str]"; expected "str": "list[TestInfo]"  [dict-item]
src/devsynth/application/security/security_audit_system.py:23: error: Module "dataclasses" has no attribute "field"  [attr-defined]
src/devsynth/application/security/security_audit_system.py:144: error: List item 1 has incompatible type "object"; expected "str"  [list-item]
src/devsynth/application/security/security_audit_system.py:147: error: List item 1 has incompatible type "object"; expected "str"  [list-item]
src/devsynth/application/security/security_audit_system.py:178: error: Need type annotation for "issues_by_severity" (hint: "issues_by_severity: dict[<type>, <type>] = ...")  [var-annotated]
src/devsynth/application/security/security_audit_system.py:179: error: Need type annotation for "issues_by_type" (hint: "issues_by_type: dict[<type>, <type>] = ...")  [var-annotated]
src/devsynth/application/security/security_audit_system.py:275: error: Need type annotation for "vulnerabilities_by_severity" (hint: "vulnerabilities_by_severity: dict[<type>, <type>] = ...")  [var-annotated]
src/devsynth/application/security/security_audit_system.py:465: error: Name "re" is not defined  [name-defined]
src/devsynth/application/security/security_audit_system.py:510: error: Name "re" is not defined  [name-defined]
src/devsynth/application/security/security_audit_system.py:556: error: Name "re" is not defined  [name-defined]
src/devsynth/application/security/security_audit_system.py:601: error: Name "re" is not defined  [name-defined]
src/devsynth/application/security/security_audit_system.py:647: error: Name "re" is not defined  [name-defined]
src/devsynth/application/security/security_audit_system.py:693: error: Name "re" is not defined  [name-defined]
src/devsynth/application/security/security_audit_system.py:897: error: "MemoryPort" has no attribute "store"  [attr-defined]
src/devsynth/application/quality/dialectical_audit_system.py:26: error: Module "dataclasses" has no attribute "field"  [attr-defined]
src/devsynth/application/quality/dialectical_audit_system.py:173: error: Value expression in dictionary comprehension has incompatible type "dict[str, bool]"; expected type "set[str]"  [misc]
src/devsynth/application/quality/dialectical_audit_system.py:188: error: Need type annotation for "features" (hint: "features: set[<type>] = ...")  [var-annotated]
src/devsynth/application/quality/dialectical_audit_system.py:204: error: Need type annotation for "features" (hint: "features: set[<type>] = ...")  [var-annotated]
src/devsynth/application/quality/dialectical_audit_system.py:233: error: Need type annotation for "features" (hint: "features: set[<type>] = ...")  [var-annotated]
src/devsynth/application/quality/dialectical_audit_system.py:375: error: Incompatible types in assignment (expression has type "float", target has type "int")  [assignment]
src/devsynth/application/quality/dialectical_audit_system.py:416: error: Returning Any from function declared to return "dict[str, Any]"  [no-any-return]
src/devsynth/application/quality/dialectical_audit_system.py:450: error: Need type annotation for "by_type" (hint: "by_type: dict[<type>, <type>] = ...")  [var-annotated]
src/devsynth/application/quality/dialectical_audit_system.py:484: error: "MemoryPort" has no attribute "store"  [attr-defined]
src/devsynth/application/quality/dialectical_audit_system.py:557: error: Need type annotation for "locations" (hint: "locations: list[<type>] = ...")  [var-annotated]
src/devsynth/application/quality/dialectical_audit_system.py:577: error: Need type annotation for "locations" (hint: "locations: list[<type>] = ...")  [var-annotated]
src/devsynth/application/quality/dialectical_audit_system.py:597: error: Need type annotation for "locations" (hint: "locations: list[<type>] = ...")  [var-annotated]
src/devsynth/application/quality/requirements_traceability_engine.py:76: error: Function is missing a return type annotation  [no-untyped-def]
src/devsynth/application/quality/requirements_traceability_engine.py:76: note: Use "-> None" if function does not return a value
src/devsynth/application/quality/requirements_traceability_engine.py:430: error: Need type annotation for "locations" (hint: "locations: list[<type>] = ...")  [var-annotated]
src/devsynth/application/quality/requirements_traceability_engine.py:447: error: Function is missing a type annotation for one or more arguments  [no-untyped-def]
src/devsynth/application/quality/requirements_traceability_engine.py:646: error: Need type annotation for "locations" (hint: "locations: list[<type>] = ...")  [var-annotated]
src/devsynth/application/quality/requirements_traceability_engine.py:663: error: Function is missing a type annotation for one or more arguments  [no-untyped-def]
src/devsynth/application/quality/requirements_traceability_engine.py:739: error: Function is missing a type annotation for one or more arguments  [no-untyped-def]
src/devsynth/application/quality/requirements_traceability_engine.py:829: error: Function is missing a type annotation for one or more arguments  [no-untyped-def]
src/devsynth/application/cli/commands/enhanced_analysis_cmd.py:28: error: Cannot find implementation or library stub for module named "devsynth.application.testing.test_isolation_analyzer"  [import-not-found]
src/devsynth/application/cli/commands/enhanced_analysis_cmd.py:28: note: See https://mypy.readthedocs.io/en/stable/running_mypy.html#missing-imports
src/devsynth/application/cli/commands/enhanced_analysis_cmd.py:29: error: Cannot find implementation or library stub for module named "devsynth.application.testing.test_report_generator"  [import-not-found]
src/devsynth/application/cli/commands/enhanced_analysis_cmd.py:45: error: Function is missing a return type annotation  [no-untyped-def]
src/devsynth/application/cli/commands/enhanced_analysis_cmd.py:45: note: Use "-> None" if function does not return a value
src/devsynth/application/cli/commands/enhanced_analysis_cmd.py:87: error: Module "devsynth.memory.sync_manager" has no attribute "MemorySyncManager"; maybe "SyncManager"?  [attr-defined]
src/devsynth/application/cli/commands/enhanced_analysis_cmd.py:159: error: Unsupported target for indexed assignment ("object")  [index]
src/devsynth/application/cli/commands/enhanced_analysis_cmd.py:167: error: Unsupported target for indexed assignment ("object")  [index]
src/devsynth/application/cli/commands/enhanced_analysis_cmd.py:179: error: Unsupported target for indexed assignment ("object")  [index]
src/devsynth/application/cli/commands/enhanced_analysis_cmd.py:203: error: Call to untyped function "RequirementsTraceabilityEngine" in typed context  [no-untyped-call]
src/devsynth/application/cli/commands/enhanced_analysis_cmd.py:207: error: Unsupported target for indexed assignment ("object")  [index]
src/devsynth/application/cli/commands/enhanced_analysis_cmd.py:216: error: Unsupported target for indexed assignment ("object")  [index]
src/devsynth/application/cli/commands/enhanced_analysis_cmd.py:244: error: Unsupported target for indexed assignment ("object")  [index]
src/devsynth/application/cli/commands/enhanced_analysis_cmd.py:273: error: Call to untyped function "RequirementsTraceabilityEngine" in typed context  [no-untyped-call]
src/devsynth/application/cli/commands/enhanced_analysis_cmd.py:277: error: Unsupported target for indexed assignment ("object")  [index]
src/devsynth/application/cli/commands/enhanced_analysis_cmd.py:285: error: Unsupported target for indexed assignment ("object")  [index]
src/devsynth/application/cli/commands/enhanced_analysis_cmd.py:525: error: Function is missing a return type annotation  [no-untyped-def]
src/devsynth/application/cli/commands/enhanced_analysis_cmd.py:527: error: Call to untyped function "EnhancedAnalysisCommand" in typed context  [no-untyped-call]
src/devsynth/application/cli/commands/enhanced_analysis_cmd.py:529: error: Module has no attribute "run"  [attr-defined]
src/devsynth/application/cli/commands/enhanced_analysis_cmd.py:529: error: Untyped decorator makes function "enhanced_analysis" untyped  [misc]
src/devsynth/application/cli/commands/enhanced_analysis_cmd.py:530: error: Function is missing a return type annotation  [no-untyped-def]
Found 89 errors in 10 files (checked 456 source files)
