src/devsynth/testing/run_tests.py:1205: error: Argument 1 to "_run_segmented_tests" has incompatible type "**dict[str, object]"; expected "str"  [arg-type]
src/devsynth/testing/run_tests.py:1205: error: Argument 1 to "_run_segmented_tests" has incompatible type "**dict[str, object]"; expected "list[str]"  [arg-type]
src/devsynth/testing/run_tests.py:1205: error: Argument 1 to "_run_segmented_tests" has incompatible type "**dict[str, object]"; expected "bool"  [arg-type]
src/devsynth/testing/run_tests.py:1205: error: Argument 1 to "_run_segmented_tests" has incompatible type "**dict[str, object]"; expected "int"  [arg-type]
src/devsynth/testing/run_tests.py:1205: error: Argument 1 to "_run_segmented_tests" has incompatible type "**dict[str, object]"; expected "int | None"  [arg-type]
src/devsynth/testing/run_tests.py:1205: error: Argument 1 to "_run_segmented_tests" has incompatible type "**dict[str, object]"; expected "str | None"  [arg-type]
src/devsynth/testing/run_tests.py:1205: error: Argument 1 to "_run_segmented_tests" has incompatible type "**dict[str, object]"; expected "dict[str, str]"  [arg-type]
src/devsynth/testing/run_tests.py:1220: error: Argument 1 to "_run_single_test_batch" has incompatible type "**dict[str, object]"; expected "list[str]"  [arg-type]
src/devsynth/testing/run_tests.py:1220: error: Argument 1 to "_run_single_test_batch" has incompatible type "**dict[str, object]"; expected "str"  [arg-type]
src/devsynth/testing/run_tests.py:1220: error: Argument 1 to "_run_single_test_batch" has incompatible type "**dict[str, object]"; expected "bool"  [arg-type]
src/devsynth/testing/run_tests.py:1220: error: Argument 1 to "_run_single_test_batch" has incompatible type "**dict[str, object]"; expected "int | None"  [arg-type]
src/devsynth/testing/run_tests.py:1220: error: Argument 1 to "_run_single_test_batch" has incompatible type "**dict[str, object]"; expected "str | None"  [arg-type]
src/devsynth/testing/run_tests.py:1220: error: Argument 1 to "_run_single_test_batch" has incompatible type "**dict[str, object]"; expected "dict[str, str]"  [arg-type]
src/devsynth/testing/run_tests.py:1302: error: Argument 1 to "_run_single_test_batch" has incompatible type "**dict[str, object]"; expected "list[str]"  [arg-type]
src/devsynth/testing/run_tests.py:1302: error: Argument 1 to "_run_single_test_batch" has incompatible type "**dict[str, object]"; expected "str"  [arg-type]
src/devsynth/testing/run_tests.py:1302: error: Argument 1 to "_run_single_test_batch" has incompatible type "**dict[str, object]"; expected "bool"  [arg-type]
src/devsynth/testing/run_tests.py:1302: error: Argument 1 to "_run_single_test_batch" has incompatible type "**dict[str, object]"; expected "int | None"  [arg-type]
src/devsynth/testing/run_tests.py:1302: error: Argument 1 to "_run_single_test_batch" has incompatible type "**dict[str, object]"; expected "str | None"  [arg-type]
src/devsynth/testing/run_tests.py:1302: error: Argument 1 to "_run_single_test_batch" has incompatible type "**dict[str, object]"; expected "dict[str, str]"  [arg-type]
src/devsynth/testing/run_tests.py:1435: error: Name "metadata" already defined on line 1401  [no-redef]
Found 20 errors in 1 file (checked 431 source files)
