task: [mypy:strict] poetry run python -m devsynth.testing.mypy_strict_runner
/workspace/devsynth/.venv/lib/python3.12/site-packages/networkx/readwrite/json_graph/node_link.py:145: FutureWarning:
The default value will be `edges="edges" in NetworkX 3.6.

To make this warning go away, explicitly set the edges kwarg, e.g.:

  nx.node_link_data(G, edges="links") to preserve current behavior, or
  nx.node_link_data(G, edges="edges") for forward compatibility.
  warnings.warn(
src/devsynth/testing/run_tests.py:1205: error: Argument 1 to "_run_segmented_tests" has incompatible type "**dict[str, object]"; expected "str"  [arg-type]
src/devsynth/testing/run_tests.py:1205: error: Argument 1 to "_run_segmented_tests" has incompatible type "**dict[str, object]"; expected "list[str]"  [arg-type]
src/devsynth/testing/run_tests.py:1205: error: Argument 1 to "_run_segmented_tests" has incompatible type "**dict[str, object]"; expected "bool"  [arg-type]
src/devsynth/testing/run_tests.py:1205: error: Argument 1 to "_run_segmented_tests" has incompatible type "**dict[str, object]"; expected "int"  [arg-type]
src/devsynth/testing/run_tests.py:1205: error: Argument 1 to "_run_segmented_tests" has incompatible type "**dict[str, object]"; expected "int | None"  [arg-type]
src/devsynth/testing/run_tests.py:1205: error: Argument 1 to "_run_segmented_tests" has incompatible type "**dict[str, object]"; expected "str | None"  [arg-type]
src/devsynth/testing/run_tests.py:1205: error: Argument 1 to "_run_segmented_tests" has incompatible type "**dict[str, object]"; expected "dict[str, str]"  [arg-type]
src/devsynth/testing/run_tests.py:1220: error: Argument 1 to "_run_single_test_batch" has incompatible type "**dict[str, object]"; expected "list[str]"  [arg-type]
src/devsynth/testing/run_tests.py:1220: error: Argument 1 to "_run_single_test_batch" has incompatible type "**dict[str, object]"; expected "str"  [arg-type]
src/devsynth/testing/run_tests.py:1220: error: Argument 1 to "_run_single_test_batch" has incompatible type "**dict[str, object]"; expected "bool"  [arg-type]
src/devsynth/testing/run_tests.py:1220: error: Argument 1 to "_run_single_test_batch" has incompatible type "**dict[str, object]"; expected "int | None"  [arg-type]
src/devsynth/testing/run_tests.py:1220: error: Argument 1 to "_run_single_test_batch" has incompatible type "**dict[str, object]"; expected "str | None"  [arg-type]
src/devsynth/testing/run_tests.py:1220: error: Argument 1 to "_run_single_test_batch" has incompatible type "**dict[str, object]"; expected "dict[str, str]"  [arg-type]
src/devsynth/testing/run_tests.py:1302: error: Argument 1 to "_run_single_test_batch" has incompatible type "**dict[str, object]"; expected "list[str]"  [arg-type]
src/devsynth/testing/run_tests.py:1302: error: Argument 1 to "_run_single_test_batch" has incompatible type "**dict[str, object]"; expected "str"  [arg-type]
src/devsynth/testing/run_tests.py:1302: error: Argument 1 to "_run_single_test_batch" has incompatible type "**dict[str, object]"; expected "bool"  [arg-type]
src/devsynth/testing/run_tests.py:1302: error: Argument 1 to "_run_single_test_batch" has incompatible type "**dict[str, object]"; expected "int | None"  [arg-type]
src/devsynth/testing/run_tests.py:1302: error: Argument 1 to "_run_single_test_batch" has incompatible type "**dict[str, object]"; expected "str | None"  [arg-type]
src/devsynth/testing/run_tests.py:1302: error: Argument 1 to "_run_single_test_batch" has incompatible type "**dict[str, object]"; expected "dict[str, str]"  [arg-type]
src/devsynth/testing/run_tests.py:1435: error: Name "metadata" already defined on line 1401  [no-redef]
Found 20 errors in 1 file (checked 431 source files)
[knowledge-graph] typing gate fail â†’ QualityGate b2bd60e7-30cd-4b84-8e3d-4dfed0817ee3 (new), TestRun 71326ec2-aa95-49dd-a600-f3672d728982 (new), Evidence [380780ed-dc94-4be5-bd34-2303db9c0352 (new), b41d33ba-ac98-4f2a-9f72-5387529d0f96 (new)] via networkx; errors=0
task: Failed to run task "mypy:strict": exit status 1
