===================================================== test session starts ======================================================
platform linux -- Python 3.12.10, pytest-8.4.2, pluggy-1.6.0
benchmark: 5.1.0 (defaults: timer=time.perf_counter disable_gc=False min_rounds=5 min_time=0.000005 max_time=1.0 calibration_precision=10 warmup=False warmup_iterations=100000)
rootdir: /workspace/devsynth
configfile: pytest.ini
plugins: Faker-37.11.0, html-4.1.1, mock-3.15.1, asyncio-1.2.0, benchmark-5.1.0, anyio-4.11.0, metadata-3.1.1, bdd-8.1.0, rerunfailures-16.0.1, langsmith-0.4.33, hypothesis-6.140.3, cov-7.0.0, xdist-3.8.0
asyncio: mode=Mode.STRICT, debug=False, asyncio_default_fixture_loop_scope=None, asyncio_default_test_loop_scope=function
collected 199 items

tests/unit/testing/test_run_tests_additional_coverage.py .......F                                                        [  4%]
tests/unit/testing/test_run_tests_additional_error_paths.py FFF                                                          [  5%]
tests/unit/testing/test_run_tests_artifacts.py .......F.F                                                                [ 10%]
tests/unit/testing/test_run_tests_benchmark_warning.py F                                                                 [ 11%]
tests/unit/testing/test_run_tests_cache_prune_and_tips.py .F                                                             [ 12%]
tests/unit/testing/test_run_tests_cache_pruning.py F                                                                     [ 12%]
tests/unit/testing/test_run_tests_cli_helpers_focus.py FFFFF.                                                            [ 15%]
tests/unit/testing/test_run_tests_cli_invocation.py FFFFFFF..FFFF                                                        [ 22%]
tests/unit/testing/test_run_tests_collection_cache.py .                                                                  [ 22%]
tests/unit/testing/test_run_tests_coverage_artifacts.py ......                                                           [ 25%]
tests/unit/testing/test_run_tests_coverage_artifacts_fragments.py .                                                      [ 26%]
tests/unit/testing/test_run_tests_coverage_short_circuit.py .                                                            [ 26%]
tests/unit/testing/test_run_tests_coverage_status.py ......                                                              [ 29%]
tests/unit/testing/test_run_tests_coverage_uplift.py ...                                                                 [ 31%]
tests/unit/testing/test_run_tests_extra.py FF                                                                            [ 32%]
tests/unit/testing/test_run_tests_extra_marker.py FF                                                                     [ 33%]
tests/unit/testing/test_run_tests_extra_marker_passthrough.py F                                                          [ 33%]
tests/unit/testing/test_run_tests_extra_paths.py FFF                                                                     [ 35%]
tests/unit/testing/test_run_tests_failure_tips.py F                                                                      [ 35%]
tests/unit/testing/test_run_tests_keyword_exec.py F                                                                      [ 36%]
tests/unit/testing/test_run_tests_keyword_filter.py FF                                                                   [ 37%]
tests/unit/testing/test_run_tests_keyword_filter_empty.py F                                                              [ 37%]
tests/unit/testing/test_run_tests_logic.py ..FFFFF                                                                       [ 41%]
tests/unit/testing/test_run_tests_main_function.py ...........                                                           [ 46%]
tests/unit/testing/test_run_tests_main_logic.py ....FF..FF.FFFFF.FF                                                      [ 56%]
tests/unit/testing/test_run_tests_marker_fallback.py .                                                                   [ 56%]
tests/unit/testing/test_run_tests_marker_merge.py ..                                                                     [ 57%]
tests/unit/testing/test_run_tests_module.py .FFFFF..F..                                                                  [ 63%]
tests/unit/testing/test_run_tests_no_xdist_assertions.py F                                                               [ 63%]
tests/unit/testing/test_run_tests_option_parsing.py ...                                                                  [ 65%]
tests/unit/testing/test_run_tests_orchestration.py .FFFF..                                                               [ 68%]
tests/unit/testing/test_run_tests_parallel_flags.py F                                                                    [ 69%]
tests/unit/testing/test_run_tests_parallel_no_cov.py F                                                                   [ 69%]
tests/unit/testing/test_run_tests_plugin_env.py ....                                                                     [ 71%]
tests/unit/testing/test_run_tests_plugin_timeouts.py F.                                                                  [ 72%]
tests/unit/testing/test_run_tests_pytest_cov_plugin.py ........                                                          [ 76%]
tests/unit/testing/test_run_tests_pytest_plugins_bdd.py ......F                                                          [ 80%]
tests/unit/testing/test_run_tests_report.py F                                                                            [ 80%]
tests/unit/testing/test_run_tests_returncode5_success.py F                                                               [ 81%]
tests/unit/testing/test_run_tests_sanitize_node_ids.py ...                                                               [ 82%]
tests/unit/testing/test_run_tests_segmentation.py F                                                                      [ 83%]
tests/unit/testing/test_run_tests_segmentation_helpers.py .....F......                                                   [ 89%]
tests/unit/testing/test_run_tests_segmented.py FF.                                                                       [ 90%]
tests/unit/testing/test_run_tests_segmented_aggregate_fail_tips_once.py F                                                [ 91%]
tests/unit/testing/test_run_tests_segmented_aggregate_maxfail.py F                                                       [ 91%]
tests/unit/testing/test_run_tests_segmented_empty_node_ids.py F                                                          [ 92%]
tests/unit/testing/test_run_tests_segmented_failure_paths.py FF                                                          [ 93%]
tests/unit/testing/test_run_tests_segmented_failures.py ....                                                             [ 95%]
tests/unit/testing/test_run_tests_segmented_orchestration.py ...                                                         [ 96%]
tests/unit/testing/test_run_tests_segmented_report_flag.py .                                                             [ 97%]
tests/unit/testing/test_run_tests_speed_keyword_loop.py .                                                                [ 97%]
tests/unit/testing/test_run_tests_speed_selection.py ....                                                                [100%]

=========================================================== FAILURES ===========================================================
________________________________________ test_collect_tests_with_cache_handles_timeout _________________________________________

monkeypatch = <_pytest.monkeypatch.MonkeyPatch object at 0x7ff8dd49b560>
tmp_path = PosixPath('/tmp/pytest-of-root/pytest-1/test_collect_tests_with_cache_0')

    def test_collect_tests_with_cache_handles_timeout(
        monkeypatch: pytest.MonkeyPatch, tmp_path: Path
    ) -> None:
        """Timeouts during collection yield tips but no crash.
    
        ReqID: coverage-run-tests
        """
    
        monkeypatch.chdir(tmp_path)
        monkeypatch.setenv("DEVSYNTH_COLLECTION_CACHE_TTL_SECONDS", "1")
        monkeypatch.setitem(rt.TARGET_PATHS, "unit-tests", "tests")
        (tmp_path / "tests").mkdir()
    
        def fake_run(cmd, check=False, capture_output=True, text=True):  # noqa: ANN001
            return SimpleNamespace(stdout="", stderr="", returncode=-1)
    
        monkeypatch.setattr(rt.subprocess, "run", fake_run)
    
>       collected = rt.collect_tests_with_cache("unit-tests", speed_category="fast")
                    ^^^^^^^^^^^^^^^^^^^^^^^^^^^^^^^^^^^^^^^^^^^^^^^^^^^^^^^^^^^^^^^^

/workspace/devsynth/tests/unit/testing/test_run_tests_additional_coverage.py:172: 
_ _ _ _ _ _ _ _ _ _ _ _ _ _ _ _ _ _ _ _ _ _ _ _ _ _ _ _ _ _ _ _ _ _ _ _ _ _ _ _ _ _ _ _ _ _ _ _ _ _ _ _ _ _ _ _ _ _ _ _ _ _ _ _ 
/workspace/devsynth/src/devsynth/testing/run_tests.py:1274: in collect_tests_with_cache
    node_ids = _collect_via_pytest(
_ _ _ _ _ _ _ _ _ _ _ _ _ _ _ _ _ _ _ _ _ _ _ _ _ _ _ _ _ _ _ _ _ _ _ _ _ _ _ _ _ _ _ _ _ _ _ _ _ _ _ _ _ _ _ _ _ _ _ _ _ _ _ _ 

    def _collect_via_pytest(
        *,
        target: str,
        test_path: str,
        category_expr: str,
        normalized_filter: str | None,
        timeout_seconds: float,
    ) -> list[str]:
        """Execute ``pytest --collect-only`` and return node identifiers."""
    
        collect_cmd = [
            sys.executable,
            "-m",
            "pytest",
            test_path,
            "--collect-only",
            "-q",
            "-o",
            "addopts=",
            "-m",
            category_expr,
        ]
    
        if normalized_filter:
            collect_cmd.extend(["-k", normalized_filter])
    
>       result = subprocess.run(
            collect_cmd,
            capture_output=True,
            text=True,
            timeout=timeout_seconds,
        )
E       TypeError: test_collect_tests_with_cache_handles_timeout.<locals>.fake_run() got an unexpected keyword argument 'timeout'

/workspace/devsynth/src/devsynth/testing/run_tests.py:1080: TypeError
__________________________________ test_collect_tests_with_cache_handles_subprocess_exception __________________________________

monkeypatch = <_pytest.monkeypatch.MonkeyPatch object at 0x7ff8dd49b5f0>
tmp_path = PosixPath('/tmp/pytest-of-root/pytest-1/test_collect_tests_with_cache_1')
caplog = <_pytest.logging.LogCaptureFixture object at 0x7ff8dd694830>

    @pytest.mark.fast
    def test_collect_tests_with_cache_handles_subprocess_exception(
        monkeypatch: pytest.MonkeyPatch, tmp_path: Path, caplog: pytest.LogCaptureFixture
    ) -> None:
        """ReqID: RT-ERR-01 — Collection errors log tips and return empty list.
    
        Issue: issues/coverage-below-threshold.md
        """
    
        tests_dir = tmp_path / "tests_root"
        tests_dir.mkdir()
        monkeypatch.setitem(rt.TARGET_PATHS, "unit-tests", str(tests_dir))
        caplog.set_level(logging.ERROR)
    
        def boom(*_args, **_kwargs):  # noqa: ANN002
            raise RuntimeError("collection failed")
    
        monkeypatch.setattr(rt.subprocess, "run", boom)
    
>       result = rt.collect_tests_with_cache("unit-tests", speed_category="fast")
                 ^^^^^^^^^^^^^^^^^^^^^^^^^^^^^^^^^^^^^^^^^^^^^^^^^^^^^^^^^^^^^^^^

/workspace/devsynth/tests/unit/testing/test_run_tests_additional_error_paths.py:31: 
_ _ _ _ _ _ _ _ _ _ _ _ _ _ _ _ _ _ _ _ _ _ _ _ _ _ _ _ _ _ _ _ _ _ _ _ _ _ _ _ _ _ _ _ _ _ _ _ _ _ _ _ _ _ _ _ _ _ _ _ _ _ _ _ 
/workspace/devsynth/src/devsynth/testing/run_tests.py:1274: in collect_tests_with_cache
    node_ids = _collect_via_pytest(
/workspace/devsynth/src/devsynth/testing/run_tests.py:1080: in _collect_via_pytest
    result = subprocess.run(
_ _ _ _ _ _ _ _ _ _ _ _ _ _ _ _ _ _ _ _ _ _ _ _ _ _ _ _ _ _ _ _ _ _ _ _ _ _ _ _ _ _ _ _ _ _ _ _ _ _ _ _ _ _ _ _ _ _ _ _ _ _ _ _ 

_args = (['/workspace/devsynth/.venv/bin/python', '-m', 'pytest', '/tmp/pytest-of-root/pytest-1/test_collect_tests_with_cache_1/tests_root', '--collect-only', '-q', ...],)
_kwargs = {'capture_output': True, 'text': True, 'timeout': 300.0}

    def boom(*_args, **_kwargs):  # noqa: ANN002
>       raise RuntimeError("collection failed")
E       RuntimeError: collection failed

/workspace/devsynth/tests/unit/testing/test_run_tests_additional_error_paths.py:27: RuntimeError
______________________________________ test_run_tests_handles_unexpected_execution_error _______________________________________

monkeypatch = <_pytest.monkeypatch.MonkeyPatch object at 0x7ff8ee445430>
tmp_path = PosixPath('/tmp/pytest-of-root/pytest-1/test_run_tests_handles_unexpec0')

    @pytest.mark.fast
    def test_run_tests_handles_unexpected_execution_error(
        monkeypatch: pytest.MonkeyPatch, tmp_path: Path
    ) -> None:
        """ReqID: RT-ERR-02 — Unexpected execution errors surface troubleshooting tips.
    
        Issue: issues/coverage-below-threshold.md
        """
    
        tests_dir = tmp_path / "tests_exec"
        tests_dir.mkdir()
        monkeypatch.setitem(rt.TARGET_PATHS, "unit-tests", str(tests_dir))
    
        monkeypatch.setattr(rt, "_reset_coverage_artifacts", lambda: None)
    
        def failing_popen(*_args, **_kwargs):  # noqa: ANN002
            raise RuntimeError("boom popen")
    
        monkeypatch.setattr(rt.subprocess, "Popen", failing_popen)
    
        success, output = rt.run_tests(
            target="unit-tests",
            speed_categories=None,
            verbose=False,
            report=False,
            parallel=False,
            segment=False,
            segment_size=50,
            maxfail=None,
            extra_marker=None,
        )
    
        assert success is False
        assert "boom popen" in output
>       assert "Troubleshooting tips" in output
E       AssertionError: assert 'Troubleshooting tips' in 'boom popen'

/workspace/devsynth/tests/unit/testing/test_run_tests_additional_error_paths.py:72: AssertionError
__________________________________________ test_run_tests_segment_merges_extra_marker __________________________________________

monkeypatch = <_pytest.monkeypatch.MonkeyPatch object at 0x7ff8ee445520>
tmp_path = PosixPath('/tmp/pytest-of-root/pytest-1/test_run_tests_segment_merges_0')

    @pytest.mark.fast
    def test_run_tests_segment_merges_extra_marker(
        monkeypatch: pytest.MonkeyPatch, tmp_path: Path
    ) -> None:
        """ReqID: RT-ERR-03 — Segmented runs combine marker filters with extra expressions.
    
        Issue: issues/coverage-below-threshold.md
        """
    
        tests_dir = tmp_path / "tests_segment"
        tests_dir.mkdir()
        (tests_dir / "test_demo.py").write_text("def test_ok():\n    assert True\n")
        monkeypatch.setitem(rt.TARGET_PATHS, "unit-tests", str(tests_dir))
    
        node_ids = "test_demo.py::test_ok\n"
    
        def fake_run(cmd, check=False, capture_output=True, text=True):  # noqa: ANN001
            assert "--collect-only" in cmd
            marker_index = len(cmd) - 1 - cmd[::-1].index("-m")
            expr = cmd[marker_index + 1]
            assert "fast" in expr and "not memory_intensive" in expr
            assert "not slow" in expr
            return SimpleNamespace(returncode=0, stdout=node_ids, stderr="")
    
        captured_batches: list[list[str]] = []
    
        class FakePopen:
            def __init__(
                self, cmd, stdout=None, stderr=None, text=False, env=None
            ):  # noqa: ANN001
                captured_batches.append(cmd)
                self.returncode = 0
    
            def communicate(self):
                return ("ok\n", "")
    
        monkeypatch.setattr(rt.subprocess, "run", fake_run)
        monkeypatch.setattr(rt.subprocess, "Popen", FakePopen)
    
>       success, output = rt.run_tests(
            target="unit-tests",
            speed_categories=["fast"],
            verbose=False,
            report=False,
            parallel=False,
            segment=True,
            segment_size=1,
            maxfail=None,
            extra_marker="not slow",
        )

/workspace/devsynth/tests/unit/testing/test_run_tests_additional_error_paths.py:114: 
_ _ _ _ _ _ _ _ _ _ _ _ _ _ _ _ _ _ _ _ _ _ _ _ _ _ _ _ _ _ _ _ _ _ _ _ _ _ _ _ _ _ _ _ _ _ _ _ _ _ _ _ _ _ _ _ _ _ _ _ _ _ _ _ 
/workspace/devsynth/src/devsynth/testing/run_tests.py:1451: in run_tests
    nodes = collect_callable(
/workspace/devsynth/src/devsynth/testing/run_tests.py:1274: in collect_tests_with_cache
    node_ids = _collect_via_pytest(
_ _ _ _ _ _ _ _ _ _ _ _ _ _ _ _ _ _ _ _ _ _ _ _ _ _ _ _ _ _ _ _ _ _ _ _ _ _ _ _ _ _ _ _ _ _ _ _ _ _ _ _ _ _ _ _ _ _ _ _ _ _ _ _ 

    def _collect_via_pytest(
        *,
        target: str,
        test_path: str,
        category_expr: str,
        normalized_filter: str | None,
        timeout_seconds: float,
    ) -> list[str]:
        """Execute ``pytest --collect-only`` and return node identifiers."""
    
        collect_cmd = [
            sys.executable,
            "-m",
            "pytest",
            test_path,
            "--collect-only",
            "-q",
            "-o",
            "addopts=",
            "-m",
            category_expr,
        ]
    
        if normalized_filter:
            collect_cmd.extend(["-k", normalized_filter])
    
>       result = subprocess.run(
            collect_cmd,
            capture_output=True,
            text=True,
            timeout=timeout_seconds,
        )
E       TypeError: test_run_tests_segment_merges_extra_marker.<locals>.fake_run() got an unexpected keyword argument 'timeout'

/workspace/devsynth/src/devsynth/testing/run_tests.py:1080: TypeError
______________________________________ test_coverage_artifacts_status_detects_empty_html _______________________________________

coverage_paths = (PosixPath('/tmp/pytest-of-root/pytest-1/test_coverage_artifacts_status5/test_reports/coverage.json'), PosixPath('/tmp/pytest-of-root/pytest-1/test_coverage_artifacts_status5/htmlcov'))

    @pytest.mark.fast
    def test_coverage_artifacts_status_detects_empty_html(
        coverage_paths: tuple[Path, Path],
    ) -> None:
        """HTML reports that note missing data should trigger remediation."""
    
        coverage_json, html_dir = coverage_paths
        coverage_json.parent.mkdir(parents=True, exist_ok=True)
        coverage_json.write_text(json.dumps({"totals": {"percent_covered": 90.0}}))
        html_dir.mkdir(parents=True, exist_ok=True)
        (html_dir / "index.html").write_text("No coverage data available")
    
        ok, reason = run_tests_module.coverage_artifacts_status()
        assert ok is False
>       assert reason is not None and "No coverage data" in reason
E       AssertionError: assert ('Coverage HTML indicates no recorded data' is not None and 'No coverage data' in 'Coverage HTML indicates no recorded data')

/workspace/devsynth/tests/unit/testing/test_run_tests_artifacts.py:264: AssertionError
__________________________________________ test_failure_tips_includes_command_context __________________________________________

    @pytest.mark.fast
    def test_failure_tips_includes_command_context() -> None:
        """Failure tips prefix the command and retain segmentation guidance."""
    
        cmd = ["python", "-m", "pytest", "tests/unit"]
        tips = run_tests_module._failure_tips(2, cmd)
    
        assert tips.startswith(
            "\nPytest exited with code 2. Command: python -m pytest tests/unit"
        )
        assert "Troubleshooting tips:" in tips
        assert "Segment large suites" in tips
>       assert "Re-run failing segments" in tips
E       AssertionError: assert 'Re-run failing segments' in '\nPytest exited with code 2. Command: python -m pytest tests/unit\nTroubleshooting tips:\n- Smoke mode: reduce third-...HTML report for context (saved under test_reports/):\n  devsynth run-tests --target unit-tests --speed=fast --report\n'

/workspace/devsynth/tests/unit/testing/test_run_tests_artifacts.py:294: AssertionError
____________________________________ test_segmented_run_treats_benchmark_warning_as_success ____________________________________

monkeypatch = <_pytest.monkeypatch.MonkeyPatch object at 0x7ff8dd6da990>

    @pytest.mark.fast
    def test_segmented_run_treats_benchmark_warning_as_success(monkeypatch):
        """
        ReqID: FR-11.2
        When running in segmented mode, if a batch returns a nonzero exit code but
        stderr contains PytestBenchmarkWarning, the batch should be treated as
        successful. This test simulates that path deterministically.
        """
    
        # Simulate collection returning two node ids
        class DummyCompleted:
            def __init__(self, stdout: str = "", stderr: str = "") -> None:
                self.stdout = stdout
                self.stderr = stderr
                self.returncode = 0
    
        def fake_run(
            cmd: list[str], check: bool, capture_output: bool, text: bool
        ):  # type: ignore[override]
            # Return minimal collect-only output resembling pytest's -q --collect-only
            # Use python path style entries so _sanitize_node_ids accepts them
            out = "\n".join(
                [
                    "tests/unit/sample_test.py::test_one",
                    "tests/unit/sample_test.py::test_two",
                ]
            )
            return DummyCompleted(stdout=out, stderr="")
    
        monkeypatch.setattr("subprocess.run", fake_run)
    
        # Simulate pytest execution batches: nonzero returncode
        # but with a benchmark warning in stderr
        class DummyPopen:
            def __init__(
                self,
                cmd: list[str],
                stdout: Any,
                stderr: Any,
                text: bool,
                env: dict[str, str],
            ):  # noqa: D401
                # store for potential assertions/debug
                self.cmd = cmd
                # nonzero return code; handled as success due to warning in stderr
                self._returncode = 1
    
            def communicate(self):
                stdout = ""
                stderr = "PytestBenchmarkWarning: benchmark plugin present\n"
                return stdout, stderr
    
            @property
            def returncode(self) -> int:
                return self._returncode
    
        monkeypatch.setattr("subprocess.Popen", DummyPopen)
    
>       success, output = run_tests(
            target="unit-tests",
            speed_categories=["fast"],
            segment=True,
            segment_size=1,  # force two batches
            parallel=False,
        )

/workspace/devsynth/tests/unit/testing/test_run_tests_benchmark_warning.py:66: 
_ _ _ _ _ _ _ _ _ _ _ _ _ _ _ _ _ _ _ _ _ _ _ _ _ _ _ _ _ _ _ _ _ _ _ _ _ _ _ _ _ _ _ _ _ _ _ _ _ _ _ _ _ _ _ _ _ _ _ _ _ _ _ _ 
/workspace/devsynth/src/devsynth/testing/run_tests.py:1451: in run_tests
    nodes = collect_callable(
/workspace/devsynth/src/devsynth/testing/run_tests.py:1274: in collect_tests_with_cache
    node_ids = _collect_via_pytest(
_ _ _ _ _ _ _ _ _ _ _ _ _ _ _ _ _ _ _ _ _ _ _ _ _ _ _ _ _ _ _ _ _ _ _ _ _ _ _ _ _ _ _ _ _ _ _ _ _ _ _ _ _ _ _ _ _ _ _ _ _ _ _ _ 

    def _collect_via_pytest(
        *,
        target: str,
        test_path: str,
        category_expr: str,
        normalized_filter: str | None,
        timeout_seconds: float,
    ) -> list[str]:
        """Execute ``pytest --collect-only`` and return node identifiers."""
    
        collect_cmd = [
            sys.executable,
            "-m",
            "pytest",
            test_path,
            "--collect-only",
            "-q",
            "-o",
            "addopts=",
            "-m",
            category_expr,
        ]
    
        if normalized_filter:
            collect_cmd.extend(["-k", normalized_filter])
    
>       result = subprocess.run(
            collect_cmd,
            capture_output=True,
            text=True,
            timeout=timeout_seconds,
        )
E       TypeError: test_segmented_run_treats_benchmark_warning_as_success.<locals>.fake_run() got an unexpected keyword argument 'timeout'

/workspace/devsynth/src/devsynth/testing/run_tests.py:1080: TypeError
_________________________________ test_collect_tests_with_cache_prunes_nonexistent_and_caches __________________________________

tmp_path = PosixPath('/tmp/pytest-of-root/pytest-1/test_collect_tests_with_cache_2')
monkeypatch = <_pytest.monkeypatch.MonkeyPatch object at 0x7ff8dd6d99a0>

    @pytest.mark.fast
    def test_collect_tests_with_cache_prunes_nonexistent_and_caches(tmp_path, monkeypatch):
        # Direct cache into a temp directory
        import devsynth.testing.run_tests as rt
    
        monkeypatch.setattr(rt, "COLLECTION_CACHE_DIR", str(tmp_path / "cache"))
    
        # Simulate pytest --collect-only output with one non-existent and one existent file
        existing = "tests/unit/synthetic_test_file.py::test_ok"
        missing = "tests/unit/missing_test_file.py::test_missing"
    
        stdout = f"{missing}\n{existing}\n"
    
        def fake_run(cmd, check=False, capture_output=True, text=True):  # noqa: ANN001
            return SimpleNamespace(returncode=0, stdout=stdout, stderr="")
    
        monkeypatch.setattr(rt.subprocess, "run", fake_run)
    
        # Make os.path.exists return True only for the existing path part
        real_exists = os.path.exists
    
        def fake_exists(path):  # noqa: ANN001
            if isinstance(path, str) and path.startswith(
                "tests/unit/synthetic_test_file.py"
            ):
                return True
            if isinstance(path, str) and path.startswith("tests/unit/missing_test_file.py"):
                return False
            return real_exists(path)
    
        monkeypatch.setattr(rt.os.path, "exists", fake_exists)
    
>       results = collect_tests_with_cache(target="unit-tests", speed_category=None)
                  ^^^^^^^^^^^^^^^^^^^^^^^^^^^^^^^^^^^^^^^^^^^^^^^^^^^^^^^^^^^^^^^^^^

/workspace/devsynth/tests/unit/testing/test_run_tests_cache_prune_and_tips.py:55: 
_ _ _ _ _ _ _ _ _ _ _ _ _ _ _ _ _ _ _ _ _ _ _ _ _ _ _ _ _ _ _ _ _ _ _ _ _ _ _ _ _ _ _ _ _ _ _ _ _ _ _ _ _ _ _ _ _ _ _ _ _ _ _ _ 

target = 'unit-tests', speed_category = None

    def collect_tests_with_cache(
        target: str,
        speed_category: str | None = None,
        *,
        keyword_filter: str | None = None,
        _allow_all_target_decomposition: bool = True,
        _timeout_override: float | None = None,
        _propagate_timeout: bool = False,
    ) -> list[str]:
        """Collect tests for the given target and speed category.
    
        Args:
            target: Logical test target such as ``unit-tests`` or ``all-tests``.
            speed_category: Optional speed marker used to scope collection.
            keyword_filter: Optional ``-k`` expression applied during collection.
    
        Returns:
            A list of pytest node identifiers matching the requested filters.
        """
        test_path = TARGET_PATHS.get(target, TARGET_PATHS["all-tests"])
    
        # Build the marker expression we'll use and compute a simple fingerprint of
        # the test tree (latest mtime) to detect changes that should invalidate cache.
        marker_expr = "not memory_intensive"
        category_expr = marker_expr
        if speed_category:
            category_expr = f"{speed_category} and {marker_expr}"
    
        normalized_filter = _normalize_keyword_filter(keyword_filter)
        latest_mtime = _latest_mtime(test_path)
        base_cache_key = f"{target}_{speed_category or 'all'}"
        suffix = _cache_key_suffix(normalized_filter)
        cache_key = f"{base_cache_key}_{suffix}" if suffix else base_cache_key
        cache_file = (
>           COLLECTION_CACHE_DIR / f"{cache_key}_tests.json"
        )  # Use Path object for cache_file
E       TypeError: unsupported operand type(s) for /: 'str' and 'str'

/workspace/devsynth/src/devsynth/testing/run_tests.py:1179: TypeError
_________________________________________ test_prunes_nonexistent_paths_and_uses_cache _________________________________________

tmp_path = PosixPath('/tmp/pytest-of-root/pytest-1/test_prunes_nonexistent_paths_0')
monkeypatch = <_pytest.monkeypatch.MonkeyPatch object at 0x7ff8dd6db0e0>

    @pytest.mark.fast
    def test_prunes_nonexistent_paths_and_uses_cache(tmp_path, monkeypatch):
        """ReqID: CACHE-PRUNE-1"""
        # Prepare a fake cache with a nonexistent test path and an existent one
        os.makedirs(COLLECTION_CACHE_DIR, exist_ok=True)
        cache_file = os.path.join(COLLECTION_CACHE_DIR, "unit-tests_all_tests.json")
        existent = "tests/unit/test_example.py::test_ok"
        nonexistent = "tests/unit/test_deleted.py::test_gone"
        # Ensure the existent path exists on filesystem for the pruning check
        exist_dir = Path("tests/unit")
        exist_dir.mkdir(parents=True, exist_ok=True)
        exist_file = exist_dir / "test_example.py"
        if not exist_file.exists():
            exist_file.write_text(
                "import pytest\n\n@pytest.mark.fast\ndef test_ok():\n    assert True\n"
            )
    
        cache_payload = {
            "timestamp": "2099-01-01T00:00:00",
            "tests": [existent, nonexistent],
            "fingerprint": {
                "latest_mtime": 0.0,
                "category_expr": "not memory_intensive",
                "test_path": "tests/",
                "node_set_hash": 123,
            },
        }
        with open(cache_file, "w") as f:
            json.dump(cache_payload, f)
    
        # Monkeypatch TTL to be huge so cache would be used if fingerprint matches
        monkeypatch.setenv("DEVSYNTH_COLLECTION_CACHE_TTL_SECONDS", "999999")
    
        def fake_run(cmd, check=False, capture_output=True, text=True):  # noqa: ANN001
            """Return the cached node ids without invoking pytest."""
    
            assert "--collect-only" in cmd, cmd
            return SimpleNamespace(
                returncode=0,
                stdout="\n".join([existent, nonexistent]),
                stderr="",
            )
    
        monkeypatch.setattr(rt.subprocess, "run", fake_run)
    
        # Force fingerprint mismatch by changing latest_mtime via
        # monkeypatching os.path.getmtime
        original_getmtime = os.path.getmtime
    
        def fake_getmtime(path):
            return 1.0
    
        monkeypatch.setattr(os.path, "getmtime", fake_getmtime)
    
        # Now call collection; it should regenerate and prune the nonexistent path
>       out = collect_tests_with_cache(target="all-tests", speed_category=None)
              ^^^^^^^^^^^^^^^^^^^^^^^^^^^^^^^^^^^^^^^^^^^^^^^^^^^^^^^^^^^^^^^^^

/workspace/devsynth/tests/unit/testing/test_run_tests_cache_pruning.py:67: 
_ _ _ _ _ _ _ _ _ _ _ _ _ _ _ _ _ _ _ _ _ _ _ _ _ _ _ _ _ _ _ _ _ _ _ _ _ _ _ _ _ _ _ _ _ _ _ _ _ _ _ _ _ _ _ _ _ _ _ _ _ _ _ _ 
/workspace/devsynth/src/devsynth/testing/run_tests.py:1255: in collect_tests_with_cache
    node_ids, dependency_timeouts = _collect_dependent_targets(
/workspace/devsynth/src/devsynth/testing/run_tests.py:1122: in _collect_dependent_targets
    nodes = collect_tests_with_cache(
/workspace/devsynth/src/devsynth/testing/run_tests.py:1274: in collect_tests_with_cache
    node_ids = _collect_via_pytest(
_ _ _ _ _ _ _ _ _ _ _ _ _ _ _ _ _ _ _ _ _ _ _ _ _ _ _ _ _ _ _ _ _ _ _ _ _ _ _ _ _ _ _ _ _ _ _ _ _ _ _ _ _ _ _ _ _ _ _ _ _ _ _ _ 

    def _collect_via_pytest(
        *,
        target: str,
        test_path: str,
        category_expr: str,
        normalized_filter: str | None,
        timeout_seconds: float,
    ) -> list[str]:
        """Execute ``pytest --collect-only`` and return node identifiers."""
    
        collect_cmd = [
            sys.executable,
            "-m",
            "pytest",
            test_path,
            "--collect-only",
            "-q",
            "-o",
            "addopts=",
            "-m",
            category_expr,
        ]
    
        if normalized_filter:
            collect_cmd.extend(["-k", normalized_filter])
    
>       result = subprocess.run(
            collect_cmd,
            capture_output=True,
            text=True,
            timeout=timeout_seconds,
        )
E       TypeError: test_prunes_nonexistent_paths_and_uses_cache.<locals>.fake_run() got an unexpected keyword argument 'timeout'

/workspace/devsynth/src/devsynth/testing/run_tests.py:1080: TypeError
_____________________________________ test_segmented_batches_inject_plugins_and_emit_tips ______________________________________

monkeypatch = <_pytest.monkeypatch.MonkeyPatch object at 0x7ff8dd6dbad0>
tmp_path = PosixPath('/tmp/pytest-of-root/pytest-1/test_segmented_batches_inject_0')
caplog = <_pytest.logging.LogCaptureFixture object at 0x7ff8dea2f3e0>

    @pytest.mark.fast
    def test_segmented_batches_inject_plugins_and_emit_tips(
        monkeypatch: pytest.MonkeyPatch,
        tmp_path: Path,
        caplog: pytest.LogCaptureFixture,
    ) -> None:
        """ReqID: RUN-TESTS-SEGMENT-CLI-1 — Segmented runs inject plugins and tips."""
    
        monkeypatch.setenv("PYTEST_DISABLE_PLUGIN_AUTOLOAD", "1")
        monkeypatch.setenv("PYTEST_ADDOPTS", "")
        monkeypatch.setitem(rt.TARGET_PATHS, "unit-tests", str(tmp_path))
        monkeypatch.setitem(rt.TARGET_PATHS, "all-tests", str(tmp_path))
    
        test_a = tmp_path / "test_alpha.py"
        test_b = tmp_path / "test_beta.py"
        test_a.write_text("def test_one():\n    assert True\n")
        test_b.write_text("def test_two():\n    assert True\n")
    
        collect_payload = "\n".join(
            [
                f"{test_a}::test_one",
                f"{test_b}::test_two",
            ]
        )
    
        def fake_collect(cmd, check=False, capture_output=True, text=True):  # noqa: ANN001
            assert "--collect-only" in cmd
            return SimpleNamespace(returncode=0, stdout=collect_payload, stderr="")
    
        monkeypatch.setattr(rt.subprocess, "run", fake_collect)
    
        batch_plan = iter(
            [
                {
                    "returncode": 1,
                    "stdout": "",
                    "stderr": "FAIL Required test coverage of 90% not reached.",
                },
                {"returncode": 0, "stdout": "ok", "stderr": ""},
            ]
        )
    
        popen_envs: list[dict[str, str]] = []
    
        class FakePopen:
            def __init__(
                self, cmd, stdout=None, stderr=None, text=True, env=None
            ):  # noqa: ANN001
                popen_envs.append(dict(env or {}))
                try:
                    step = next(batch_plan)
                except StopIteration as exc:  # pragma: no cover - guards test integrity
                    raise AssertionError("Unexpected segmented batch invocation") from exc
                self.returncode = step["returncode"]
                self._stdout = step["stdout"]
                self._stderr = step["stderr"]
    
            def communicate(self):  # noqa: D401 - mimic subprocess API
                """Return the stubbed stdout/stderr pair."""
    
                return self._stdout, self._stderr
    
        monkeypatch.setattr(rt.subprocess, "Popen", FakePopen)
        caplog.set_level(logging.INFO, logger="devsynth.testing.run_tests")
    
>       success, output = rt.run_tests(
            target="unit-tests",
            speed_categories=["fast"],
            verbose=False,
            report=False,
            parallel=False,
            segment=True,
            segment_size=1,
            maxfail=None,
            extra_marker=None,
        )

/workspace/devsynth/tests/unit/testing/test_run_tests_cli_helpers_focus.py:107: 
_ _ _ _ _ _ _ _ _ _ _ _ _ _ _ _ _ _ _ _ _ _ _ _ _ _ _ _ _ _ _ _ _ _ _ _ _ _ _ _ _ _ _ _ _ _ _ _ _ _ _ _ _ _ _ _ _ _ _ _ _ _ _ _ 
/workspace/devsynth/src/devsynth/testing/run_tests.py:1451: in run_tests
    nodes = collect_callable(
/workspace/devsynth/src/devsynth/testing/run_tests.py:1274: in collect_tests_with_cache
    node_ids = _collect_via_pytest(
_ _ _ _ _ _ _ _ _ _ _ _ _ _ _ _ _ _ _ _ _ _ _ _ _ _ _ _ _ _ _ _ _ _ _ _ _ _ _ _ _ _ _ _ _ _ _ _ _ _ _ _ _ _ _ _ _ _ _ _ _ _ _ _ 

    def _collect_via_pytest(
        *,
        target: str,
        test_path: str,
        category_expr: str,
        normalized_filter: str | None,
        timeout_seconds: float,
    ) -> list[str]:
        """Execute ``pytest --collect-only`` and return node identifiers."""
    
        collect_cmd = [
            sys.executable,
            "-m",
            "pytest",
            test_path,
            "--collect-only",
            "-q",
            "-o",
            "addopts=",
            "-m",
            category_expr,
        ]
    
        if normalized_filter:
            collect_cmd.extend(["-k", normalized_filter])
    
>       result = subprocess.run(
            collect_cmd,
            capture_output=True,
            text=True,
            timeout=timeout_seconds,
        )
E       TypeError: test_segmented_batches_inject_plugins_and_emit_tips.<locals>.fake_collect() got an unexpected keyword argument 'timeout'

/workspace/devsynth/src/devsynth/testing/run_tests.py:1080: TypeError
------------------------------------------------------ Captured log call -------------------------------------------------------
INFO     devsynth.testing.run_tests:logging_setup.py:600 Injected -p pytest_cov into PYTEST_ADDOPTS to preserve coverage instrumentation
INFO     devsynth.testing.run_tests:logging_setup.py:600 Injected -p pytest_bdd.plugin into PYTEST_ADDOPTS to preserve pytest-bdd hooks
INFO     devsynth.testing.run_tests:logging_setup.py:600 test collection cache miss for target=unit-tests (fast) — collecting via pytest
____________________________________ test_segmented_batch_exception_emits_tips_and_plugins _____________________________________

monkeypatch = <_pytest.monkeypatch.MonkeyPatch object at 0x7ff8dd6db9e0>
tmp_path = PosixPath('/tmp/pytest-of-root/pytest-1/test_segmented_batch_exception0')

    @pytest.mark.fast
    def test_segmented_batch_exception_emits_tips_and_plugins(
        monkeypatch: pytest.MonkeyPatch,
        tmp_path: Path,
    ) -> None:
        """ReqID: RUN-TESTS-SEGMENT-CLI-2 — Exceptions surface tips and preserve plugins."""
    
        monkeypatch.setenv("PYTEST_DISABLE_PLUGIN_AUTOLOAD", "1")
        monkeypatch.setenv("PYTEST_ADDOPTS", "-q")
        monkeypatch.setitem(rt.TARGET_PATHS, "unit-tests", str(tmp_path))
        monkeypatch.setitem(rt.TARGET_PATHS, "all-tests", str(tmp_path))
    
        test_file = tmp_path / "test_segment.py"
        test_file.write_text("def test_fail():\n    assert True\n")
    
        def fake_collect(cmd, check=False, capture_output=True, text=True):  # noqa: ANN001
            return SimpleNamespace(
                returncode=0, stdout=f"{test_file}::test_fail\n", stderr=""
            )
    
        monkeypatch.setattr(rt.subprocess, "run", fake_collect)
    
        captured_envs: list[dict[str, str]] = []
    
        def exploding_batch(
            cmd, stdout=None, stderr=None, text=True, env=None
        ):  # noqa: ANN001
            captured_envs.append(dict(env or {}))
            raise RuntimeError("segmented batch crashed")
    
        monkeypatch.setattr(rt.subprocess, "Popen", exploding_batch)
    
>       success, output = rt.run_tests(
            target="unit-tests",
            speed_categories=["fast"],
            verbose=False,
            report=False,
            parallel=False,
            segment=True,
            segment_size=1,
            maxfail=3,
            extra_marker=None,
        )

/workspace/devsynth/tests/unit/testing/test_run_tests_cli_helpers_focus.py:162: 
_ _ _ _ _ _ _ _ _ _ _ _ _ _ _ _ _ _ _ _ _ _ _ _ _ _ _ _ _ _ _ _ _ _ _ _ _ _ _ _ _ _ _ _ _ _ _ _ _ _ _ _ _ _ _ _ _ _ _ _ _ _ _ _ 
/workspace/devsynth/src/devsynth/testing/run_tests.py:1451: in run_tests
    nodes = collect_callable(
/workspace/devsynth/src/devsynth/testing/run_tests.py:1274: in collect_tests_with_cache
    node_ids = _collect_via_pytest(
_ _ _ _ _ _ _ _ _ _ _ _ _ _ _ _ _ _ _ _ _ _ _ _ _ _ _ _ _ _ _ _ _ _ _ _ _ _ _ _ _ _ _ _ _ _ _ _ _ _ _ _ _ _ _ _ _ _ _ _ _ _ _ _ 

    def _collect_via_pytest(
        *,
        target: str,
        test_path: str,
        category_expr: str,
        normalized_filter: str | None,
        timeout_seconds: float,
    ) -> list[str]:
        """Execute ``pytest --collect-only`` and return node identifiers."""
    
        collect_cmd = [
            sys.executable,
            "-m",
            "pytest",
            test_path,
            "--collect-only",
            "-q",
            "-o",
            "addopts=",
            "-m",
            category_expr,
        ]
    
        if normalized_filter:
            collect_cmd.extend(["-k", normalized_filter])
    
>       result = subprocess.run(
            collect_cmd,
            capture_output=True,
            text=True,
            timeout=timeout_seconds,
        )
E       TypeError: test_segmented_batch_exception_emits_tips_and_plugins.<locals>.fake_collect() got an unexpected keyword argument 'timeout'

/workspace/devsynth/src/devsynth/testing/run_tests.py:1080: TypeError
_______________________________________ test_segmented_batches_reinject_when_env_mutates _______________________________________

monkeypatch = <_pytest.monkeypatch.MonkeyPatch object at 0x7ff8dd6db1d0>
tmp_path = PosixPath('/tmp/pytest-of-root/pytest-1/test_segmented_batches_reinjec0')

    @pytest.mark.fast
    def test_segmented_batches_reinject_when_env_mutates(
        monkeypatch: pytest.MonkeyPatch,
        tmp_path: Path,
    ) -> None:
        """Segments reapply plugin directives even if previous runs stripped them."""
    
        monkeypatch.setenv("PYTEST_DISABLE_PLUGIN_AUTOLOAD", "1")
        monkeypatch.setenv("PYTEST_ADDOPTS", "-q")
        monkeypatch.setitem(rt.TARGET_PATHS, "unit-tests", str(tmp_path))
        monkeypatch.setitem(rt.TARGET_PATHS, "all-tests", str(tmp_path))
    
        first = tmp_path / "test_first.py"
        second = tmp_path / "test_second.py"
        first.write_text("def test_one():\n    assert True\n")
        second.write_text("def test_two():\n    assert True\n")
    
        def fake_collect(cmd, check=False, capture_output=True, text=True):  # noqa: ANN001
            assert "--collect-only" in cmd
            return SimpleNamespace(
                returncode=0,
                stdout="\n".join([f"{first}::test_one", f"{second}::test_two"]),
                stderr="",
            )
    
        monkeypatch.setattr(rt.subprocess, "run", fake_collect)
    
        popen_envs: list[dict[str, str]] = []
    
        class MutatingPopen:
            call_index = 0
    
            def __init__(
                self,
                cmd,
                stdout=None,
                stderr=None,
                text=True,
                env=None,
            ):  # noqa: ANN001
                MutatingPopen.call_index += 1
                env_map = dict(env or {})
                popen_envs.append(env_map)
                _assert_plugins_in_env(env_map)
    
                if env is not None:
                    tokens = env.get("PYTEST_ADDOPTS", "").split()
                    filtered = [
                        token
                        for token in tokens
                        if token not in {"-p", "pytest_cov", "pytest_bdd.plugin"}
                    ]
                    env["PYTEST_ADDOPTS"] = " ".join(filtered)
    
                self.returncode = 0
                self._stdout = f"segment {MutatingPopen.call_index} ok"
                self._stderr = ""
    
            def communicate(self):  # noqa: D401 - subprocess API emulation
                """Return the stubbed stdout/stderr pair."""
    
                return self._stdout, self._stderr
    
        monkeypatch.setattr(rt.subprocess, "Popen", MutatingPopen)
    
>       success, output = rt.run_tests(
            target="unit-tests",
            speed_categories=["fast"],
            verbose=False,
            report=False,
            parallel=False,
            segment=True,
            segment_size=1,
            maxfail=None,
            extra_marker=None,
        )

/workspace/devsynth/tests/unit/testing/test_run_tests_cli_helpers_focus.py:250: 
_ _ _ _ _ _ _ _ _ _ _ _ _ _ _ _ _ _ _ _ _ _ _ _ _ _ _ _ _ _ _ _ _ _ _ _ _ _ _ _ _ _ _ _ _ _ _ _ _ _ _ _ _ _ _ _ _ _ _ _ _ _ _ _ 
/workspace/devsynth/src/devsynth/testing/run_tests.py:1451: in run_tests
    nodes = collect_callable(
/workspace/devsynth/src/devsynth/testing/run_tests.py:1274: in collect_tests_with_cache
    node_ids = _collect_via_pytest(
_ _ _ _ _ _ _ _ _ _ _ _ _ _ _ _ _ _ _ _ _ _ _ _ _ _ _ _ _ _ _ _ _ _ _ _ _ _ _ _ _ _ _ _ _ _ _ _ _ _ _ _ _ _ _ _ _ _ _ _ _ _ _ _ 

    def _collect_via_pytest(
        *,
        target: str,
        test_path: str,
        category_expr: str,
        normalized_filter: str | None,
        timeout_seconds: float,
    ) -> list[str]:
        """Execute ``pytest --collect-only`` and return node identifiers."""
    
        collect_cmd = [
            sys.executable,
            "-m",
            "pytest",
            test_path,
            "--collect-only",
            "-q",
            "-o",
            "addopts=",
            "-m",
            category_expr,
        ]
    
        if normalized_filter:
            collect_cmd.extend(["-k", normalized_filter])
    
>       result = subprocess.run(
            collect_cmd,
            capture_output=True,
            text=True,
            timeout=timeout_seconds,
        )
E       TypeError: test_segmented_batches_reinject_when_env_mutates.<locals>.fake_collect() got an unexpected keyword argument 'timeout'

/workspace/devsynth/src/devsynth/testing/run_tests.py:1080: TypeError
_________________________________ test_run_tests_env_var_propagation_retains_existing_addopts __________________________________

monkeypatch = <_pytest.monkeypatch.MonkeyPatch object at 0x7ff8dd67d8e0>
tmp_path = PosixPath('/tmp/pytest-of-root/pytest-1/test_run_tests_env_var_propaga0')

    @pytest.mark.fast
    def test_run_tests_env_var_propagation_retains_existing_addopts(
        monkeypatch: pytest.MonkeyPatch,
        tmp_path: Path,
    ) -> None:
        """ReqID: RUN-TESTS-ENV-1 — CLI helper preserves existing PYTEST_ADDOPTS."""
    
        monkeypatch.setenv("PYTEST_DISABLE_PLUGIN_AUTOLOAD", "1")
        monkeypatch.setenv("PYTEST_ADDOPTS", "-q")
        monkeypatch.setitem(rt.TARGET_PATHS, "unit-tests", str(tmp_path))
        monkeypatch.setitem(rt.TARGET_PATHS, "all-tests", str(tmp_path))
    
        test_file = tmp_path / "test_env.py"
        test_file.write_text("def test_env():\n    assert True\n")
    
        def fake_collect(cmd, check=False, capture_output=True, text=True):  # noqa: ANN001
            assert "--collect-only" in cmd
            return SimpleNamespace(returncode=0, stdout=f"{test_file}::test_env", stderr="")
    
        recorded: list[tuple[list[str], dict[str, str]]] = []
    
        class FakePopen:
            def __init__(
                self, cmd, stdout=None, stderr=None, text=True, env=None
            ):  # noqa: ANN001
                recorded.append((list(cmd), dict(env or {})))
                self.returncode = 0
                self._stdout = "pass"
                self._stderr = ""
    
            def communicate(self):  # noqa: D401 - mimic subprocess API
                """Return deterministic stdout/stderr."""
    
                return self._stdout, self._stderr
    
        monkeypatch.setattr(rt.subprocess, "run", fake_collect)
        monkeypatch.setattr(rt.subprocess, "Popen", FakePopen)
    
>       success, output = rt.run_tests(
            target="unit-tests",
            speed_categories=["fast"],
            verbose=False,
            report=False,
            parallel=False,
            segment=False,
            maxfail=1,
            extra_marker=None,
        )

/workspace/devsynth/tests/unit/testing/test_run_tests_cli_helpers_focus.py:309: 
_ _ _ _ _ _ _ _ _ _ _ _ _ _ _ _ _ _ _ _ _ _ _ _ _ _ _ _ _ _ _ _ _ _ _ _ _ _ _ _ _ _ _ _ _ _ _ _ _ _ _ _ _ _ _ _ _ _ _ _ _ _ _ _ 
/workspace/devsynth/src/devsynth/testing/run_tests.py:1451: in run_tests
    nodes = collect_callable(
/workspace/devsynth/src/devsynth/testing/run_tests.py:1274: in collect_tests_with_cache
    node_ids = _collect_via_pytest(
_ _ _ _ _ _ _ _ _ _ _ _ _ _ _ _ _ _ _ _ _ _ _ _ _ _ _ _ _ _ _ _ _ _ _ _ _ _ _ _ _ _ _ _ _ _ _ _ _ _ _ _ _ _ _ _ _ _ _ _ _ _ _ _ 

    def _collect_via_pytest(
        *,
        target: str,
        test_path: str,
        category_expr: str,
        normalized_filter: str | None,
        timeout_seconds: float,
    ) -> list[str]:
        """Execute ``pytest --collect-only`` and return node identifiers."""
    
        collect_cmd = [
            sys.executable,
            "-m",
            "pytest",
            test_path,
            "--collect-only",
            "-q",
            "-o",
            "addopts=",
            "-m",
            category_expr,
        ]
    
        if normalized_filter:
            collect_cmd.extend(["-k", normalized_filter])
    
>       result = subprocess.run(
            collect_cmd,
            capture_output=True,
            text=True,
            timeout=timeout_seconds,
        )
E       TypeError: test_run_tests_env_var_propagation_retains_existing_addopts.<locals>.fake_collect() got an unexpected keyword argument 'timeout'

/workspace/devsynth/src/devsynth/testing/run_tests.py:1080: TypeError
_____________________________________ test_run_tests_option_wiring_includes_expected_flags _____________________________________

monkeypatch = <_pytest.monkeypatch.MonkeyPatch object at 0x7ff8dd67dd30>
tmp_path = PosixPath('/tmp/pytest-of-root/pytest-1/test_run_tests_option_wiring_i0')

    @pytest.mark.fast
    def test_run_tests_option_wiring_includes_expected_flags(
        monkeypatch: pytest.MonkeyPatch,
        tmp_path: Path,
    ) -> None:
        """ReqID: RUN-TESTS-PYTEST-OPTS-1 — Command wiring emits coverage/report args."""
    
        monkeypatch.setitem(rt.TARGET_PATHS, "unit-tests", str(tmp_path))
        monkeypatch.setitem(rt.TARGET_PATHS, "all-tests", str(tmp_path))
    
        test_file = tmp_path / "test_opts.py"
        test_file.write_text("def test_opts():\n    assert True\n")
    
        class FakeDT:
            @staticmethod
            def now() -> SimpleNamespace:
                return SimpleNamespace(strftime=lambda fmt: "20250102_000000")
    
        monkeypatch.setattr(rt, "datetime", FakeDT)
    
        def fake_collect(cmd, check=False, capture_output=True, text=True):  # noqa: ANN001
            assert "--collect-only" in cmd
            return SimpleNamespace(
                returncode=0, stdout=f"{test_file}::test_opts", stderr=""
            )
    
        recorded: list[list[str]] = []
    
        class FakePopen:
            def __init__(
                self, cmd, stdout=None, stderr=None, text=True, env=None
            ):  # noqa: ANN001
                recorded.append(list(cmd))
                self.returncode = 0
                self._stdout = "opts"
                self._stderr = ""
    
            def communicate(self):
                return self._stdout, self._stderr
    
        monkeypatch.setattr(rt.subprocess, "run", fake_collect)
        monkeypatch.setattr(rt.subprocess, "Popen", FakePopen)
    
>       success, output = rt.run_tests(
            target="unit-tests",
            speed_categories=["fast"],
            verbose=True,
            report=True,
            parallel=False,
            segment=False,
            maxfail=3,
            extra_marker=None,
        )

/workspace/devsynth/tests/unit/testing/test_run_tests_cli_helpers_focus.py:377: 
_ _ _ _ _ _ _ _ _ _ _ _ _ _ _ _ _ _ _ _ _ _ _ _ _ _ _ _ _ _ _ _ _ _ _ _ _ _ _ _ _ _ _ _ _ _ _ _ _ _ _ _ _ _ _ _ _ _ _ _ _ _ _ _ 
/workspace/devsynth/src/devsynth/testing/run_tests.py:1451: in run_tests
    nodes = collect_callable(
/workspace/devsynth/src/devsynth/testing/run_tests.py:1274: in collect_tests_with_cache
    node_ids = _collect_via_pytest(
_ _ _ _ _ _ _ _ _ _ _ _ _ _ _ _ _ _ _ _ _ _ _ _ _ _ _ _ _ _ _ _ _ _ _ _ _ _ _ _ _ _ _ _ _ _ _ _ _ _ _ _ _ _ _ _ _ _ _ _ _ _ _ _ 

    def _collect_via_pytest(
        *,
        target: str,
        test_path: str,
        category_expr: str,
        normalized_filter: str | None,
        timeout_seconds: float,
    ) -> list[str]:
        """Execute ``pytest --collect-only`` and return node identifiers."""
    
        collect_cmd = [
            sys.executable,
            "-m",
            "pytest",
            test_path,
            "--collect-only",
            "-q",
            "-o",
            "addopts=",
            "-m",
            category_expr,
        ]
    
        if normalized_filter:
            collect_cmd.extend(["-k", normalized_filter])
    
>       result = subprocess.run(
            collect_cmd,
            capture_output=True,
            text=True,
            timeout=timeout_seconds,
        )
E       TypeError: test_run_tests_option_wiring_includes_expected_flags.<locals>.fake_collect() got an unexpected keyword argument 'timeout'

/workspace/devsynth/src/devsynth/testing/run_tests.py:1080: TypeError
_______________________________________ test_cli_marker_expression_includes_extra_marker _______________________________________

monkeypatch = <_pytest.monkeypatch.MonkeyPatch object at 0x7ff8dd67e3c0>

    @pytest.mark.fast
    def test_cli_marker_expression_includes_extra_marker(
        monkeypatch: pytest.MonkeyPatch,
    ) -> None:
        """ReqID: RUN-TESTS-CLI-ARGS-1 — CLI marker flag augments default filters."""
    
        commands: list[list[str]] = []
    
        class DummyProcess:
            def __init__(
                self,
                cmd: list[str],
                stdout=None,
                stderr=None,
                text: bool = False,
                env: dict[str, str] | None = None,
            ) -> None:
                commands.append(cmd)
                self.returncode = 0
    
            def communicate(self) -> tuple[str, str]:
                return ("collected 1 item", "")
    
        monkeypatch.setattr(rt.subprocess, "Popen", DummyProcess)
    
>       success, output = rt.run_tests(
            target="unit-tests",
            speed_categories=None,
            verbose=False,
            report=False,
            parallel=False,
            segment=False,
            extra_marker="custom_marker",
        )

/workspace/devsynth/tests/unit/testing/test_run_tests_cli_invocation.py:62: 
_ _ _ _ _ _ _ _ _ _ _ _ _ _ _ _ _ _ _ _ _ _ _ _ _ _ _ _ _ _ _ _ _ _ _ _ _ _ _ _ _ _ _ _ _ _ _ _ _ _ _ _ _ _ _ _ _ _ _ _ _ _ _ _ 
/workspace/devsynth/src/devsynth/testing/run_tests.py:1451: in run_tests
    nodes = collect_callable(
/workspace/devsynth/src/devsynth/testing/run_tests.py:1274: in collect_tests_with_cache
    node_ids = _collect_via_pytest(
/workspace/devsynth/src/devsynth/testing/run_tests.py:1080: in _collect_via_pytest
    result = subprocess.run(
_ _ _ _ _ _ _ _ _ _ _ _ _ _ _ _ _ _ _ _ _ _ _ _ _ _ _ _ _ _ _ _ _ _ _ _ _ _ _ _ _ _ _ _ _ _ _ _ _ _ _ _ _ _ _ _ _ _ _ _ _ _ _ _ 

input = None, capture_output = True, timeout = 300.0, check = False
popenargs = (['/workspace/devsynth/.venv/bin/python', '-m', 'pytest', 'tests/unit/', '--collect-only', '-q', ...],)
kwargs = {'stderr': -1, 'stdout': -1, 'text': True}

    def run(*popenargs,
            input=None, capture_output=False, timeout=None, check=False, **kwargs):
        """Run command with arguments and return a CompletedProcess instance.
    
        The returned instance will have attributes args, returncode, stdout and
        stderr. By default, stdout and stderr are not captured, and those attributes
        will be None. Pass stdout=PIPE and/or stderr=PIPE in order to capture them,
        or pass capture_output=True to capture both.
    
        If check is True and the exit code was non-zero, it raises a
        CalledProcessError. The CalledProcessError object will have the return code
        in the returncode attribute, and output & stderr attributes if those streams
        were captured.
    
        If timeout (seconds) is given and the process takes too long,
         a TimeoutExpired exception will be raised.
    
        There is an optional argument "input", allowing you to
        pass bytes or a string to the subprocess's stdin.  If you use this argument
        you may not also use the Popen constructor's "stdin" argument, as
        it will be used internally.
    
        By default, all communication is in bytes, and therefore any "input" should
        be bytes, and the stdout and stderr will be bytes. If in text mode, any
        "input" should be a string, and stdout and stderr will be strings decoded
        according to locale encoding, or by "encoding" if set. Text mode is
        triggered by setting any of text, encoding, errors or universal_newlines.
    
        The other arguments are the same as for the Popen constructor.
        """
        if input is not None:
            if kwargs.get('stdin') is not None:
                raise ValueError('stdin and input arguments may not both be used.')
            kwargs['stdin'] = PIPE
    
        if capture_output:
            if kwargs.get('stdout') is not None or kwargs.get('stderr') is not None:
                raise ValueError('stdout and stderr arguments may not be used '
                                 'with capture_output.')
            kwargs['stdout'] = PIPE
            kwargs['stderr'] = PIPE
    
>       with Popen(*popenargs, **kwargs) as process:
             ^^^^^^^^^^^^^^^^^^^^^^^^^^^
E       TypeError: 'DummyProcess' object does not support the context manager protocol

/root/.pyenv/versions/3.12.10/lib/python3.12/subprocess.py:548: TypeError
__________________________________________ test_cli_failure_surfaces_actionable_tips ___________________________________________

monkeypatch = <_pytest.monkeypatch.MonkeyPatch object at 0x7ff8dd67d430>

    @pytest.mark.fast
    def test_cli_failure_surfaces_actionable_tips(
        monkeypatch: pytest.MonkeyPatch,
    ) -> None:
        """ReqID: RUN-TESTS-CLI-ERROR-1 — CLI surfaces troubleshooting tips."""
    
        commands: list[list[str]] = []
    
        class FailingProcess:
            def __init__(
                self,
                cmd: list[str],
                stdout=None,
                stderr=None,
                text: bool = False,
                env: dict[str, str] | None = None,
            ) -> None:
                commands.append(cmd)
                raise RuntimeError("simulated failure")
    
        monkeypatch.setattr(rt.subprocess, "Popen", FailingProcess)
    
        success, output = rt.run_tests(
            target="unit-tests",
            speed_categories=None,
            verbose=False,
            report=False,
            parallel=False,
            segment=False,
        )
    
        assert success is False
        assert "simulated failure" in output
        assert commands, "Expected to capture the failing pytest command"
    
        expected_tips = rt._failure_tips(-1, commands[0])
>       assert expected_tips in output
E       AssertionError: assert '\nPytest exited with code -1. Command: /workspace/devsynth/.venv/bin/python -m pytest tests/unit/ --collect-only -q -...HTML report for context (saved under test_reports/):\n  devsynth run-tests --target unit-tests --speed=fast --report\n' in 'simulated failure'

/workspace/devsynth/tests/unit/testing/test_run_tests_cli_invocation.py:121: AssertionError
_________________________________________ test_cli_segment_batches_follow_segment_size _________________________________________

monkeypatch = <_pytest.monkeypatch.MonkeyPatch object at 0x7ff8dd67dca0>
tmp_path = PosixPath('/tmp/pytest-of-root/pytest-1/test_cli_segment_batches_follo0')

    @pytest.mark.fast
    def test_cli_segment_batches_follow_segment_size(
        monkeypatch: pytest.MonkeyPatch, tmp_path
    ) -> None:
        """ReqID: RUN-TESTS-CLI-SEGMENT-1 — Segmentation obeys CLI batch sizing."""
    
        # Point the unit-tests target to a temporary directory with synthetic tests
        monkeypatch.setitem(rt.TARGET_PATHS, "unit-tests", str(tmp_path))
        monkeypatch.setitem(rt.TARGET_PATHS, "all-tests", str(tmp_path))
    
        file_a = tmp_path / "test_alpha.py"
        file_b = tmp_path / "test_beta.py"
        file_a.write_text("def test_one():\n    assert True\n")
        file_b.write_text("def test_two():\n    assert True\n")
    
        node_ids = [
            f"{file_a}::test_one",
            f"{file_a}::test_two",
            f"{file_b}::test_three",
        ]
    
        def fake_collect(
            cmd: list[str],
            check: bool = False,
            capture_output: bool = True,
            text: bool = True,
        ) -> SimpleNamespace:
            assert "--collect-only" in cmd
            return SimpleNamespace(stdout="\n".join(node_ids), stderr="", returncode=0)
    
        commands: list[list[str]] = []
    
        class BatchProcess:
            def __init__(
                self,
                cmd: list[str],
                stdout=None,
                stderr=None,
                text: bool = False,
                env: dict[str, str] | None = None,
            ) -> None:
                commands.append(cmd)
                self.returncode = 0
    
            def communicate(self) -> tuple[str, str]:
                return ("ok", "")
    
        monkeypatch.setattr(rt.subprocess, "run", fake_collect)
        monkeypatch.setattr(rt.subprocess, "Popen", BatchProcess)
    
>       success, output = rt.run_tests(
            target="unit-tests",
            speed_categories=["fast"],
            verbose=False,
            report=False,
            parallel=False,
            segment=True,
            segment_size=2,
        )

/workspace/devsynth/tests/unit/testing/test_run_tests_cli_invocation.py:174: 
_ _ _ _ _ _ _ _ _ _ _ _ _ _ _ _ _ _ _ _ _ _ _ _ _ _ _ _ _ _ _ _ _ _ _ _ _ _ _ _ _ _ _ _ _ _ _ _ _ _ _ _ _ _ _ _ _ _ _ _ _ _ _ _ 
/workspace/devsynth/src/devsynth/testing/run_tests.py:1451: in run_tests
    nodes = collect_callable(
/workspace/devsynth/src/devsynth/testing/run_tests.py:1274: in collect_tests_with_cache
    node_ids = _collect_via_pytest(
_ _ _ _ _ _ _ _ _ _ _ _ _ _ _ _ _ _ _ _ _ _ _ _ _ _ _ _ _ _ _ _ _ _ _ _ _ _ _ _ _ _ _ _ _ _ _ _ _ _ _ _ _ _ _ _ _ _ _ _ _ _ _ _ 

    def _collect_via_pytest(
        *,
        target: str,
        test_path: str,
        category_expr: str,
        normalized_filter: str | None,
        timeout_seconds: float,
    ) -> list[str]:
        """Execute ``pytest --collect-only`` and return node identifiers."""
    
        collect_cmd = [
            sys.executable,
            "-m",
            "pytest",
            test_path,
            "--collect-only",
            "-q",
            "-o",
            "addopts=",
            "-m",
            category_expr,
        ]
    
        if normalized_filter:
            collect_cmd.extend(["-k", normalized_filter])
    
>       result = subprocess.run(
            collect_cmd,
            capture_output=True,
            text=True,
            timeout=timeout_seconds,
        )
E       TypeError: test_cli_segment_batches_follow_segment_size.<locals>.fake_collect() got an unexpected keyword argument 'timeout'

/workspace/devsynth/src/devsynth/testing/run_tests.py:1080: TypeError
________________________________________ test_cli_segment_failure_emits_aggregate_tips _________________________________________

monkeypatch = <_pytest.monkeypatch.MonkeyPatch object at 0x7ff8dd67c920>
tmp_path = PosixPath('/tmp/pytest-of-root/pytest-1/test_cli_segment_failure_emits0')

    @pytest.mark.fast
    def test_cli_segment_failure_emits_aggregate_tips(
        monkeypatch: pytest.MonkeyPatch, tmp_path
    ) -> None:
        """ReqID: RUN-TESTS-CLI-SEGMENT-2 — failing batch surfaces aggregate tips."""
    
        monkeypatch.setitem(rt.TARGET_PATHS, "unit-tests", str(tmp_path))
        monkeypatch.setitem(rt.TARGET_PATHS, "all-tests", str(tmp_path))
    
        test_file = tmp_path / "test_segmented.py"
        test_file.write_text(
            "def test_batch_one():\n    assert True\n\n"
            "def test_batch_two():\n    assert True\n"
        )
    
        node_ids = [
            f"{test_file}::test_batch_one",
            f"{test_file}::test_batch_two",
        ]
    
        def fake_collect(
            cmd: list[str],
            check: bool = False,
            capture_output: bool = True,
            text: bool = True,
        ) -> SimpleNamespace:
            return SimpleNamespace(stdout="\n".join(node_ids), stderr="", returncode=0)
    
        batch_commands: list[list[str]] = []
        responses = [
            ("batch one ok", "", 0),
            ("batch two fail", "collected errors", 2),
        ]
        tips_record: list[tuple[int, tuple[str, ...], str]] = []
    
        def fake_failure_tips(returncode: int, cmd: list[str]) -> str:
            tip = f"[tip {returncode} #{len(tips_record)}]"
            tips_record.append((returncode, tuple(cmd), tip))
            return tip
    
        call_index = {"value": 0}
    
        class DummyBatchProcess:
            def __init__(
                self,
                cmd: list[str],
                stdout=None,
                stderr=None,
                text: bool = False,
                env: dict[str, str] | None = None,
            ) -> None:
                idx = call_index["value"]
                batch_commands.append(cmd)
                stdout_payload, stderr_payload, returncode = responses[idx]
                self._stdout = stdout_payload
                self._stderr = stderr_payload
                self.returncode = returncode
                call_index["value"] += 1
    
            def communicate(self) -> tuple[str, str]:
                return (self._stdout, self._stderr)
    
        monkeypatch.setattr(rt.subprocess, "run", fake_collect)
        monkeypatch.setattr(rt.subprocess, "Popen", DummyBatchProcess)
        monkeypatch.setattr(rt, "_failure_tips", fake_failure_tips)
    
>       success, output = rt.run_tests(
            target="unit-tests",
            speed_categories=["fast"],
            verbose=False,
            report=False,
            parallel=False,
            segment=True,
            segment_size=1,
        )

/workspace/devsynth/tests/unit/testing/test_run_tests_cli_invocation.py:260: 
_ _ _ _ _ _ _ _ _ _ _ _ _ _ _ _ _ _ _ _ _ _ _ _ _ _ _ _ _ _ _ _ _ _ _ _ _ _ _ _ _ _ _ _ _ _ _ _ _ _ _ _ _ _ _ _ _ _ _ _ _ _ _ _ 
/workspace/devsynth/src/devsynth/testing/run_tests.py:1451: in run_tests
    nodes = collect_callable(
/workspace/devsynth/src/devsynth/testing/run_tests.py:1274: in collect_tests_with_cache
    node_ids = _collect_via_pytest(
_ _ _ _ _ _ _ _ _ _ _ _ _ _ _ _ _ _ _ _ _ _ _ _ _ _ _ _ _ _ _ _ _ _ _ _ _ _ _ _ _ _ _ _ _ _ _ _ _ _ _ _ _ _ _ _ _ _ _ _ _ _ _ _ 

    def _collect_via_pytest(
        *,
        target: str,
        test_path: str,
        category_expr: str,
        normalized_filter: str | None,
        timeout_seconds: float,
    ) -> list[str]:
        """Execute ``pytest --collect-only`` and return node identifiers."""
    
        collect_cmd = [
            sys.executable,
            "-m",
            "pytest",
            test_path,
            "--collect-only",
            "-q",
            "-o",
            "addopts=",
            "-m",
            category_expr,
        ]
    
        if normalized_filter:
            collect_cmd.extend(["-k", normalized_filter])
    
>       result = subprocess.run(
            collect_cmd,
            capture_output=True,
            text=True,
            timeout=timeout_seconds,
        )
E       TypeError: test_cli_segment_failure_emits_aggregate_tips.<locals>.fake_collect() got an unexpected keyword argument 'timeout'

/workspace/devsynth/src/devsynth/testing/run_tests.py:1080: TypeError
_______________________________________ test_cli_keyword_filter_handles_resource_marker ________________________________________

monkeypatch = <_pytest.monkeypatch.MonkeyPatch object at 0x7ff8dd6764b0>
tmp_path = PosixPath('/tmp/pytest-of-root/pytest-1/test_cli_keyword_filter_handle0')

    @pytest.mark.fast
    def test_cli_keyword_filter_handles_resource_marker(
        monkeypatch: pytest.MonkeyPatch, tmp_path
    ) -> None:
        """ReqID: RUN-TESTS-CLI-ARGS-2 — resource markers trigger keyword filtering."""
    
        monkeypatch.setitem(rt.TARGET_PATHS, "unit-tests", str(tmp_path))
        monkeypatch.setitem(rt.TARGET_PATHS, "all-tests", str(tmp_path))
    
        test_file = tmp_path / "test_lmstudio.py"
        test_file.write_text("def test_stub():\n    assert True\n")
    
        collect_commands: list[list[str]] = []
    
        def fake_collect(
            cmd: list[str],
            check: bool = False,
            capture_output: bool = True,
            text: bool = True,
        ) -> SimpleNamespace:
            collect_commands.append(cmd)
            return SimpleNamespace(
                stdout=f"{test_file.name}::test_stub\n", stderr="", returncode=0
            )
    
        run_commands: list[list[str]] = []
    
        class DummyProcess:
            def __init__(
                self,
                cmd: list[str],
                stdout=None,
                stderr=None,
                text: bool = False,
                env: dict[str, str] | None = None,
            ) -> None:
                run_commands.append(cmd)
                self.returncode = 0
    
            def communicate(self) -> tuple[str, str]:
                return ("ok", "")
    
        monkeypatch.setattr(rt.subprocess, "run", fake_collect)
        monkeypatch.setattr(rt.subprocess, "Popen", DummyProcess)
        monkeypatch.setattr(rt, "_reset_coverage_artifacts", lambda: None)
        monkeypatch.setattr(rt, "_ensure_coverage_artifacts", lambda: None)
    
>       success, output = rt.run_tests(
            target="unit-tests",
            speed_categories=None,
            verbose=False,
            report=False,
            parallel=False,
            extra_marker="requires_resource('lmstudio')",
        )

/workspace/devsynth/tests/unit/testing/test_run_tests_cli_invocation.py:345: 
_ _ _ _ _ _ _ _ _ _ _ _ _ _ _ _ _ _ _ _ _ _ _ _ _ _ _ _ _ _ _ _ _ _ _ _ _ _ _ _ _ _ _ _ _ _ _ _ _ _ _ _ _ _ _ _ _ _ _ _ _ _ _ _ 
/workspace/devsynth/src/devsynth/testing/run_tests.py:1451: in run_tests
    nodes = collect_callable(
/workspace/devsynth/src/devsynth/testing/run_tests.py:1274: in collect_tests_with_cache
    node_ids = _collect_via_pytest(
_ _ _ _ _ _ _ _ _ _ _ _ _ _ _ _ _ _ _ _ _ _ _ _ _ _ _ _ _ _ _ _ _ _ _ _ _ _ _ _ _ _ _ _ _ _ _ _ _ _ _ _ _ _ _ _ _ _ _ _ _ _ _ _ 

    def _collect_via_pytest(
        *,
        target: str,
        test_path: str,
        category_expr: str,
        normalized_filter: str | None,
        timeout_seconds: float,
    ) -> list[str]:
        """Execute ``pytest --collect-only`` and return node identifiers."""
    
        collect_cmd = [
            sys.executable,
            "-m",
            "pytest",
            test_path,
            "--collect-only",
            "-q",
            "-o",
            "addopts=",
            "-m",
            category_expr,
        ]
    
        if normalized_filter:
            collect_cmd.extend(["-k", normalized_filter])
    
>       result = subprocess.run(
            collect_cmd,
            capture_output=True,
            text=True,
            timeout=timeout_seconds,
        )
E       TypeError: test_cli_keyword_filter_handles_resource_marker.<locals>.fake_collect() got an unexpected keyword argument 'timeout'

/workspace/devsynth/src/devsynth/testing/run_tests.py:1080: TypeError
__________________________________________ test_cli_marker_filters_merge_extra_marker __________________________________________

monkeypatch = <_pytest.monkeypatch.MonkeyPatch object at 0x7ff8dd676a20>
tmp_path = PosixPath('/tmp/pytest-of-root/pytest-1/test_cli_marker_filters_merge_0')

    @pytest.mark.fast
    def test_cli_marker_filters_merge_extra_marker(
        monkeypatch: pytest.MonkeyPatch, tmp_path
    ) -> None:
        """ReqID: RUN-TESTS-CLI-ARGS-3 — speed markers combine with extra filter."""
    
        monkeypatch.setitem(rt.TARGET_PATHS, "unit-tests", str(tmp_path))
        monkeypatch.setitem(rt.TARGET_PATHS, "all-tests", str(tmp_path))
    
        test_file = tmp_path / "test_filters.py"
        test_file.write_text("def test_placeholder():\n    assert True\n")
    
        collect_invocations: list[list[str]] = []
    
        def fake_collect(
            cmd: list[str],
            check: bool = False,
            capture_output: bool = True,
            text: bool = True,
        ) -> SimpleNamespace:
            collect_invocations.append(cmd)
            return SimpleNamespace(
                stdout=f"{test_file}::test_placeholder\n", stderr="", returncode=0
            )
    
        run_commands: list[list[str]] = []
    
        class DummyProcess:
            def __init__(
                self,
                cmd: list[str],
                stdout=None,
                stderr=None,
                text: bool = False,
                env: dict[str, str] | None = None,
            ) -> None:
                run_commands.append(cmd)
                self.returncode = 0
    
            def communicate(self) -> tuple[str, str]:
                return ("ok", "")
    
        monkeypatch.setattr(rt.subprocess, "run", fake_collect)
        monkeypatch.setattr(rt.subprocess, "Popen", DummyProcess)
    
>       success, output = rt.run_tests(
            target="unit-tests",
            speed_categories=["fast", "slow"],
            verbose=False,
            report=False,
            parallel=False,
            segment=False,
            extra_marker="custom_marker",
        )

/workspace/devsynth/tests/unit/testing/test_run_tests_cli_invocation.py:409: 
_ _ _ _ _ _ _ _ _ _ _ _ _ _ _ _ _ _ _ _ _ _ _ _ _ _ _ _ _ _ _ _ _ _ _ _ _ _ _ _ _ _ _ _ _ _ _ _ _ _ _ _ _ _ _ _ _ _ _ _ _ _ _ _ 
/workspace/devsynth/src/devsynth/testing/run_tests.py:1451: in run_tests
    nodes = collect_callable(
/workspace/devsynth/src/devsynth/testing/run_tests.py:1274: in collect_tests_with_cache
    node_ids = _collect_via_pytest(
_ _ _ _ _ _ _ _ _ _ _ _ _ _ _ _ _ _ _ _ _ _ _ _ _ _ _ _ _ _ _ _ _ _ _ _ _ _ _ _ _ _ _ _ _ _ _ _ _ _ _ _ _ _ _ _ _ _ _ _ _ _ _ _ 

    def _collect_via_pytest(
        *,
        target: str,
        test_path: str,
        category_expr: str,
        normalized_filter: str | None,
        timeout_seconds: float,
    ) -> list[str]:
        """Execute ``pytest --collect-only`` and return node identifiers."""
    
        collect_cmd = [
            sys.executable,
            "-m",
            "pytest",
            test_path,
            "--collect-only",
            "-q",
            "-o",
            "addopts=",
            "-m",
            category_expr,
        ]
    
        if normalized_filter:
            collect_cmd.extend(["-k", normalized_filter])
    
>       result = subprocess.run(
            collect_cmd,
            capture_output=True,
            text=True,
            timeout=timeout_seconds,
        )
E       TypeError: test_cli_marker_filters_merge_extra_marker.<locals>.fake_collect() got an unexpected keyword argument 'timeout'

/workspace/devsynth/src/devsynth/testing/run_tests.py:1080: TypeError
___________________________________________ test_cli_report_mode_adds_html_argument ____________________________________________

monkeypatch = <_pytest.monkeypatch.MonkeyPatch object at 0x7ff8dd677320>
tmp_path = PosixPath('/tmp/pytest-of-root/pytest-1/test_cli_report_mode_adds_html0')

    @pytest.mark.fast
    def test_cli_report_mode_adds_html_argument(
        monkeypatch: pytest.MonkeyPatch, tmp_path
    ) -> None:
        """ReqID: RUN-TESTS-CLI-REPORT-1 — report flag appends HTML output options."""
    
        monkeypatch.chdir(tmp_path)
        monkeypatch.setitem(rt.TARGET_PATHS, "unit-tests", str(tmp_path))
        monkeypatch.setitem(rt.TARGET_PATHS, "all-tests", str(tmp_path))
    
        test_file = tmp_path / "test_report.py"
        test_file.write_text("def test_report():\n    assert True\n")
    
        def fake_collect(
            cmd: list[str],
            check: bool = False,
            capture_output: bool = True,
            text: bool = True,
        ) -> SimpleNamespace:
            return SimpleNamespace(
                stdout=f"{test_file.name}::test_report\n", stderr="", returncode=0
            )
    
        run_commands: list[list[str]] = []
    
        class DummyProcess:
            def __init__(
                self,
                cmd: list[str],
                stdout=None,
                stderr=None,
                text: bool = False,
                env: dict[str, str] | None = None,
            ) -> None:
                run_commands.append(cmd)
                self.returncode = 0
    
            def communicate(self) -> tuple[str, str]:
                return ("report ok", "")
    
        monkeypatch.setattr(rt.subprocess, "run", fake_collect)
        monkeypatch.setattr(rt.subprocess, "Popen", DummyProcess)
        monkeypatch.setattr(rt, "_reset_coverage_artifacts", lambda: None)
        monkeypatch.setattr(rt, "_ensure_coverage_artifacts", lambda: None)
    
>       success, output = rt.run_tests(
            target="unit-tests",
            speed_categories=None,
            verbose=False,
            report=True,
            parallel=False,
        )

/workspace/devsynth/tests/unit/testing/test_run_tests_cli_invocation.py:480: 
_ _ _ _ _ _ _ _ _ _ _ _ _ _ _ _ _ _ _ _ _ _ _ _ _ _ _ _ _ _ _ _ _ _ _ _ _ _ _ _ _ _ _ _ _ _ _ _ _ _ _ _ _ _ _ _ _ _ _ _ _ _ _ _ 
/workspace/devsynth/src/devsynth/testing/run_tests.py:1451: in run_tests
    nodes = collect_callable(
/workspace/devsynth/src/devsynth/testing/run_tests.py:1274: in collect_tests_with_cache
    node_ids = _collect_via_pytest(
_ _ _ _ _ _ _ _ _ _ _ _ _ _ _ _ _ _ _ _ _ _ _ _ _ _ _ _ _ _ _ _ _ _ _ _ _ _ _ _ _ _ _ _ _ _ _ _ _ _ _ _ _ _ _ _ _ _ _ _ _ _ _ _ 

    def _collect_via_pytest(
        *,
        target: str,
        test_path: str,
        category_expr: str,
        normalized_filter: str | None,
        timeout_seconds: float,
    ) -> list[str]:
        """Execute ``pytest --collect-only`` and return node identifiers."""
    
        collect_cmd = [
            sys.executable,
            "-m",
            "pytest",
            test_path,
            "--collect-only",
            "-q",
            "-o",
            "addopts=",
            "-m",
            category_expr,
        ]
    
        if normalized_filter:
            collect_cmd.extend(["-k", normalized_filter])
    
>       result = subprocess.run(
            collect_cmd,
            capture_output=True,
            text=True,
            timeout=timeout_seconds,
        )
E       TypeError: test_cli_report_mode_adds_html_argument.<locals>.fake_collect() got an unexpected keyword argument 'timeout'

/workspace/devsynth/src/devsynth/testing/run_tests.py:1080: TypeError
_______________________________________ test_cli_env_passthrough_and_coverage_lifecycle ________________________________________

[...]

/workspace/devsynth/src/devsynth/testing/run_tests.py:1080: TypeError
___________________________________________ test_segment_batch_failure_appends_tips ____________________________________________

monkeypatch = <_pytest.monkeypatch.MonkeyPatch object at 0x7ff8dcfd3c80>

    @pytest.mark.fast
    @pytest.mark.requires_resource("codebase")
    def test_segment_batch_failure_appends_tips(monkeypatch) -> None:
        """ReqID: RT-08 — segmented batch failure appends troubleshooting tips and fails."""
    
        collected_ids = (
            "tests/unit/mod_x_test.py::test_x1\n" "tests/unit/mod_y_test.py::test_y1\n"
        )
    
        def fake_run(cmd, check=False, capture_output=True, text=True):  # noqa: ANN001
            assert "--collect-only" in cmd and "-q" in cmd
            return SimpleNamespace(returncode=0, stdout=collected_ids, stderr="")
    
        class FailingBatch:
            def __init__(
                self, cmd, stdout=None, stderr=None, text=False, env=None
            ):  # noqa: ANN001
                self._stderr = "boom"  # no benchmark warning
                self.returncode = 1
    
            def communicate(self) -> tuple[str, str]:
                return ("", self._stderr)
    
        monkeypatch.setattr(rt.subprocess, "run", fake_run)
        monkeypatch.setattr(rt.subprocess, "Popen", FailingBatch)
    
>       success, output = run_tests(
            target="unit-tests",
            speed_categories=["fast"],
            verbose=False,
            report=False,
            parallel=False,
            segment=True,
            segment_size=1,
            maxfail=None,
            extra_marker=None,
        )

/workspace/devsynth/tests/unit/testing/test_run_tests_segmented_failure_paths.py:35: 
_ _ _ _ _ _ _ _ _ _ _ _ _ _ _ _ _ _ _ _ _ _ _ _ _ _ _ _ _ _ _ _ _ _ _ _ _ _ _ _ _ _ _ _ _ _ _ _ _ _ _ _ _ _ _ _ _ _ _ _ _ _ _ _ 
/workspace/devsynth/src/devsynth/testing/run_tests.py:1451: in run_tests
    nodes = collect_callable(
/workspace/devsynth/src/devsynth/testing/run_tests.py:1274: in collect_tests_with_cache
    node_ids = _collect_via_pytest(
_ _ _ _ _ _ _ _ _ _ _ _ _ _ _ _ _ _ _ _ _ _ _ _ _ _ _ _ _ _ _ _ _ _ _ _ _ _ _ _ _ _ _ _ _ _ _ _ _ _ _ _ _ _ _ _ _ _ _ _ _ _ _ _ 

    def _collect_via_pytest(
        *,
        target: str,
        test_path: str,
        category_expr: str,
        normalized_filter: str | None,
        timeout_seconds: float,
    ) -> list[str]:
        """Execute ``pytest --collect-only`` and return node identifiers."""
    
        collect_cmd = [
            sys.executable,
            "-m",
            "pytest",
            test_path,
            "--collect-only",
            "-q",
            "-o",
            "addopts=",
            "-m",
            category_expr,
        ]
    
        if normalized_filter:
            collect_cmd.extend(["-k", normalized_filter])
    
>       result = subprocess.run(
            collect_cmd,
            capture_output=True,
            text=True,
            timeout=timeout_seconds,
        )
E       TypeError: test_segment_batch_failure_appends_tips.<locals>.fake_run() got an unexpected keyword argument 'timeout'

/workspace/devsynth/src/devsynth/testing/run_tests.py:1080: TypeError
_____________________________________ test_segment_batch_benchmark_warning_forces_success ______________________________________

monkeypatch = <_pytest.monkeypatch.MonkeyPatch object at 0x7ff8dcfd3fe0>

    @pytest.mark.fast
    @pytest.mark.requires_resource("codebase")
    def test_segment_batch_benchmark_warning_forces_success(monkeypatch) -> None:
        """ReqID: RT-09 — PytestBenchmarkWarning in stderr forces success for the batch."""
    
        collected_ids = (
            "tests/unit/mod_x_test.py::test_x1\n" "tests/unit/mod_y_test.py::test_y1\n"
        )
    
        def fake_run(cmd, check=False, capture_output=True, text=True):  # noqa: ANN001
            return SimpleNamespace(returncode=0, stdout=collected_ids, stderr="")
    
        class WarnBatch:
            def __init__(
                self, cmd, stdout=None, stderr=None, text=False, env=None
            ):  # noqa: ANN001
                self._stderr = "PytestBenchmarkWarning: calibration"
                self.returncode = 1  # would fail without the special-case handling
    
            def communicate(self) -> tuple[str, str]:
                return ("ok\n", self._stderr)
    
        monkeypatch.setattr(rt.subprocess, "run", fake_run)
        monkeypatch.setattr(rt.subprocess, "Popen", WarnBatch)
    
>       success, output = run_tests(
            target="unit-tests",
            speed_categories=["fast"],
            verbose=False,
            report=False,
            parallel=False,
            segment=True,
            segment_size=1,
            maxfail=None,
            extra_marker=None,
        )

/workspace/devsynth/tests/unit/testing/test_run_tests_segmented_failure_paths.py:77: 
_ _ _ _ _ _ _ _ _ _ _ _ _ _ _ _ _ _ _ _ _ _ _ _ _ _ _ _ _ _ _ _ _ _ _ _ _ _ _ _ _ _ _ _ _ _ _ _ _ _ _ _ _ _ _ _ _ _ _ _ _ _ _ _ 
/workspace/devsynth/src/devsynth/testing/run_tests.py:1451: in run_tests
    nodes = collect_callable(
/workspace/devsynth/src/devsynth/testing/run_tests.py:1274: in collect_tests_with_cache
    node_ids = _collect_via_pytest(
_ _ _ _ _ _ _ _ _ _ _ _ _ _ _ _ _ _ _ _ _ _ _ _ _ _ _ _ _ _ _ _ _ _ _ _ _ _ _ _ _ _ _ _ _ _ _ _ _ _ _ _ _ _ _ _ _ _ _ _ _ _ _ _ 

    def _collect_via_pytest(
        *,
        target: str,
        test_path: str,
        category_expr: str,
        normalized_filter: str | None,
        timeout_seconds: float,
    ) -> list[str]:
        """Execute ``pytest --collect-only`` and return node identifiers."""
    
        collect_cmd = [
            sys.executable,
            "-m",
            "pytest",
            test_path,
            "--collect-only",
            "-q",
            "-o",
            "addopts=",
            "-m",
            category_expr,
        ]
    
        if normalized_filter:
            collect_cmd.extend(["-k", normalized_filter])
    
>       result = subprocess.run(
            collect_cmd,
            capture_output=True,
            text=True,
            timeout=timeout_seconds,
        )
E       TypeError: test_segment_batch_benchmark_warning_forces_success.<locals>.fake_run() got an unexpected keyword argument 'timeout'

/workspace/devsynth/src/devsynth/testing/run_tests.py:1080: TypeError
======================================================= warnings summary =======================================================
.venv/lib/python3.12/site-packages/_pytest/config/__init__.py:1290
  /workspace/devsynth/.venv/lib/python3.12/site-packages/_pytest/config/__init__.py:1290: PytestAssertRewriteWarning: Module already imported so cannot be rewritten; anyio
    self._mark_plugins_for_rewrite(hook, disable_autoload)

.venv/lib/python3.12/site-packages/_pytest/config/__init__.py:833
  /workspace/devsynth/.venv/lib/python3.12/site-packages/_pytest/config/__init__.py:833: PytestAssertRewriteWarning: Module already imported so cannot be rewritten; tests.fixtures.optional_deps
    self.import_plugin(import_spec)

tests/unit/testing/test_run_tests_cli_invocation.py::test_run_tests_generates_artifacts_for_normal_profile
tests/unit/testing/test_run_tests_cli_invocation.py::test_run_tests_generates_artifacts_with_autoload_disabled
  /workspace/devsynth/.venv/lib/python3.12/site-packages/networkx/readwrite/json_graph/node_link.py:145: FutureWarning: 
  The default value will be `edges="edges" in NetworkX 3.6.
  
  To make this warning go away, explicitly set the edges kwarg, e.g.:
  
    nx.node_link_data(G, edges="links") to preserve current behavior, or
    nx.node_link_data(G, edges="edges") for forward compatibility.
    warnings.warn(

-- Docs: https://docs.pytest.org/en/stable/how-to/capture-warnings.html
================================================= Test Categorization Summary ==================================================
Test Type Distribution:
  Unit Tests: 199
  Integration Tests: 0
  Behavior Tests: 0

Test Speed Distribution:
  Fast Tests (< 1s): 199
  Medium Tests (1-5s): 0
  Slow Tests (> 5s): 0
===================================================== Top 10 Slowest Tests =====================================================
1. tests/unit/testing/test_run_tests_logic.py::test_collect_tests_with_cache_uses_cache: 0.41s
2. tests/unit/testing/test_run_tests_additional_coverage.py::test_collect_tests_with_cache_handles_timeout: 0.14s
3. tests/unit/testing/test_run_tests_main_logic.py::test_run_tests_with_env_var_propagation: 0.13s
4. tests/unit/testing/test_run_tests_cli_invocation.py::test_cli_marker_expression_includes_extra_marker: 0.11s
5. tests/unit/testing/test_run_tests_additional_coverage.py::test_ensure_pytest_cov_plugin_env_injects_and_skips: 0.09s
6. tests/unit/testing/test_run_tests_extra.py::test_failure_tips_appended_on_nonzero_return: 0.09s
7. tests/unit/testing/test_run_tests_cli_invocation.py::test_cli_keyword_filter_returns_success_when_no_matches: 0.08s
8. tests/unit/testing/test_run_tests_cli_invocation.py::test_cli_segment_failure_emits_aggregate_tips: 0.08s
9. tests/unit/testing/test_run_tests_cli_invocation.py::test_cli_marker_filters_merge_extra_marker: 0.07s
10. tests/unit/testing/test_run_tests_parallel_flags.py::test_run_tests_parallel_includes_cov_and_n_auto: 0.07s
=================================================== short test summary info ====================================================
FAILED tests/unit/testing/test_run_tests_additional_coverage.py::test_collect_tests_with_cache_handles_timeout - TypeError: t...
FAILED tests/unit/testing/test_run_tests_additional_error_paths.py::test_collect_tests_with_cache_handles_subprocess_exception
FAILED tests/unit/testing/test_run_tests_additional_error_paths.py::test_run_tests_handles_unexpected_execution_error - Asser...
FAILED tests/unit/testing/test_run_tests_additional_error_paths.py::test_run_tests_segment_merges_extra_marker - TypeError: t...
FAILED tests/unit/testing/test_run_tests_artifacts.py::test_coverage_artifacts_status_detects_empty_html - AssertionError: as...
FAILED tests/unit/testing/test_run_tests_artifacts.py::test_failure_tips_includes_command_context - AssertionError: assert 'R...
FAILED tests/unit/testing/test_run_tests_benchmark_warning.py::test_segmented_run_treats_benchmark_warning_as_success - TypeE...
FAILED tests/unit/testing/test_run_tests_cache_prune_and_tips.py::test_collect_tests_with_cache_prunes_nonexistent_and_caches
FAILED tests/unit/testing/test_run_tests_cache_pruning.py::test_prunes_nonexistent_paths_and_uses_cache - TypeError: test_pru...
FAILED tests/unit/testing/test_run_tests_cli_helpers_focus.py::test_segmented_batches_inject_plugins_and_emit_tips - TypeErro...
FAILED tests/unit/testing/test_run_tests_cli_helpers_focus.py::test_segmented_batch_exception_emits_tips_and_plugins - TypeEr...
FAILED tests/unit/testing/test_run_tests_cli_helpers_focus.py::test_segmented_batches_reinject_when_env_mutates - TypeError: ...
FAILED tests/unit/testing/test_run_tests_cli_helpers_focus.py::test_run_tests_env_var_propagation_retains_existing_addopts - ...
FAILED tests/unit/testing/test_run_tests_cli_helpers_focus.py::test_run_tests_option_wiring_includes_expected_flags - TypeErr...
FAILED tests/unit/testing/test_run_tests_cli_invocation.py::test_cli_marker_expression_includes_extra_marker - TypeError: 'Du...
FAILED tests/unit/testing/test_run_tests_cli_invocation.py::test_cli_failure_surfaces_actionable_tips - AssertionError: asser...
FAILED tests/unit/testing/test_run_tests_cli_invocation.py::test_cli_segment_batches_follow_segment_size - TypeError: test_cl...
FAILED tests/unit/testing/test_run_tests_cli_invocation.py::test_cli_segment_failure_emits_aggregate_tips - TypeError: test_c...
FAILED tests/unit/testing/test_run_tests_cli_invocation.py::test_cli_keyword_filter_handles_resource_marker - TypeError: test...
FAILED tests/unit/testing/test_run_tests_cli_invocation.py::test_cli_marker_filters_merge_extra_marker - TypeError: test_cli_...
FAILED tests/unit/testing/test_run_tests_cli_invocation.py::test_cli_report_mode_adds_html_argument - TypeError: test_cli_rep...
FAILED tests/unit/testing/test_run_tests_cli_invocation.py::test_cli_env_passthrough_and_coverage_lifecycle - TypeError: test...
FAILED tests/unit/testing/test_run_tests_cli_invocation.py::test_cli_keyword_filter_returns_success_when_no_matches - TypeErr...
FAILED tests/unit/testing/test_run_tests_cli_invocation.py::test_run_tests_generates_artifacts_for_normal_profile - Assertion...
FAILED tests/unit/testing/test_run_tests_cli_invocation.py::test_run_tests_generates_artifacts_with_autoload_disabled - Asser...
FAILED tests/unit/testing/test_run_tests_extra.py::test_keyword_filter_no_matches_returns_success - TypeError: test_keyword_f...
FAILED tests/unit/testing/test_run_tests_extra.py::test_failure_tips_appended_on_nonzero_return - TypeError: 'DummyProc' obje...
FAILED tests/unit/testing/test_run_tests_extra_marker.py::test_keyword_filter_lmstudio_no_matches_returns_success - TypeError...
FAILED tests/unit/testing/test_run_tests_extra_marker.py::test_extra_marker_merges_into_m_expression - TypeError: test_extra_...
FAILED tests/unit/testing/test_run_tests_extra_marker_passthrough.py::test_run_tests_merges_extra_marker_into_category_expression
FAILED tests/unit/testing/test_run_tests_extra_paths.py::test_collect_fallback_on_behavior_speed_no_tests - TypeError: unsupp...
FAILED tests/unit/testing/test_run_tests_extra_paths.py::test_collect_malformed_cache_regenerates - TypeError: unsupported op...
FAILED tests/unit/testing/test_run_tests_extra_paths.py::test_run_tests_lmstudio_extra_marker_keyword_early_success - TypeErr...
FAILED tests/unit/testing/test_run_tests_failure_tips.py::test_failure_tips_include_common_flags - TypeError: test_failure_ti...
FAILED tests/unit/testing/test_run_tests_keyword_exec.py::test_keyword_marker_executes_matching_node_ids - TypeError: test_ke...
FAILED tests/unit/testing/test_run_tests_keyword_filter.py::test_keyword_filter_no_matches_returns_success_message - TypeErro...
FAILED tests/unit/testing/test_run_tests_keyword_filter.py::test_keyword_filter_honors_report_flag_and_creates_report_dir - T...
FAILED tests/unit/testing/test_run_tests_keyword_filter_empty.py::test_run_tests_lmstudio_keyword_filter_with_no_matches_returns_success
FAILED tests/unit/testing/test_run_tests_logic.py::test_collect_tests_with_cache_uses_cache - RuntimeError: Test collection f...
FAILED tests/unit/testing/test_run_tests_logic.py::test_collect_tests_with_cache_regenerates_when_expired - AssertionError: a...
FAILED tests/unit/testing/test_run_tests_logic.py::test_collect_tests_with_cache_miss - AssertionError: assert [] == ['/tmp/p...
FAILED tests/unit/testing/test_run_tests_logic.py::test_collect_tests_with_cache_invalidated_by_mtime - AssertionError: asser...
FAILED tests/unit/testing/test_run_tests_logic.py::test_collect_tests_with_cache_invalidated_by_marker - AssertionError: asse...
FAILED tests/unit/testing/test_run_tests_main_logic.py::test_run_tests_verbose_and_report - KeyError: 'PYTEST_DISABLE_PLUGIN_...
FAILED tests/unit/testing/test_run_tests_main_logic.py::test_run_tests_with_markers_and_keyword_filter - AssertionError: asse...
FAILED tests/unit/testing/test_run_tests_main_logic.py::test_run_tests_collection_failure_returns_false - AssertionError: ass...
FAILED tests/unit/testing/test_run_tests_main_logic.py::test_run_tests_no_tests_collected_returns_true_with_message - Asserti...
FAILED tests/unit/testing/test_run_tests_main_logic.py::test_run_tests_segmented_execution - AssertionError: assert 6 == 3
FAILED tests/unit/testing/test_run_tests_main_logic.py::test_run_tests_segmented_execution_with_failure - AssertionError: ass...
FAILED tests/unit/testing/test_run_tests_main_logic.py::test_run_tests_parallel_execution - AssertionError: assert '-n auto' ...
FAILED tests/unit/testing/test_run_tests_main_logic.py::test_run_tests_parallel_execution_disabled_by_segment - AssertionErro...
FAILED tests/unit/testing/test_run_tests_main_logic.py::test_run_tests_with_env_var_propagation - NameError: name 'test_file'...
FAILED tests/unit/testing/test_run_tests_main_logic.py::test_run_tests_with_empty_speed_categories_uses_all - NameError: name...
FAILED tests/unit/testing/test_run_tests_main_logic.py::test_run_tests_with_specific_speed_categories - AssertionError: asser...
FAILED tests/unit/testing/test_run_tests_module.py::test_collect_tests_with_cache_uses_cache_and_respects_ttl - TypeError: te...
FAILED tests/unit/testing/test_run_tests_module.py::test_run_tests_translates_args_and_handles_return_codes - TypeError: test...
FAILED tests/unit/testing/test_run_tests_module.py::test_run_tests_keyword_filter_for_extra_marker_lmstudio - TypeError: test...
FAILED tests/unit/testing/test_run_tests_module.py::test_run_tests_handles_popen_exception_without_speed_filters - AssertionE...
FAILED tests/unit/testing/test_run_tests_module.py::test_collect_unknown_target_uses_all_tests_path - TypeError: unsupported ...
FAILED tests/unit/testing/test_run_tests_module.py::test_run_tests_segment_appends_aggregation_tips - TypeError: test_run_tes...
FAILED tests/unit/testing/test_run_tests_no_xdist_assertions.py::test_run_tests_completes_without_xdist_assertions - TypeErro...
FAILED tests/unit/testing/test_run_tests_orchestration.py::test_report_flag_adds_html_report_to_command - assert False
FAILED tests/unit/testing/test_run_tests_orchestration.py::test_no_parallel_flag_adds_n0_to_command - AssertionError: assert ...
FAILED tests/unit/testing/test_run_tests_orchestration.py::test_maxfail_flag_adds_maxfail_to_command - AssertionError: assert...
FAILED tests/unit/testing/test_run_tests_orchestration.py::test_segment_flags_trigger_segmented_run - AssertionError: Expecte...
FAILED tests/unit/testing/test_run_tests_parallel_flags.py::test_run_tests_parallel_includes_cov_and_n_auto - AssertionError:...
FAILED tests/unit/testing/test_run_tests_parallel_no_cov.py::test_parallel_injects_cov_reports_and_xdist_auto - TypeError: te...
FAILED tests/unit/testing/test_run_tests_plugin_timeouts.py::test_collect_tests_with_cache_handles_subprocess_timeout - Asser...
FAILED tests/unit/testing/test_run_tests_pytest_plugins_bdd.py::test_pytest_plugins_registers_pytest_bdd_once - AssertionErro...
FAILED tests/unit/testing/test_run_tests_report.py::test_run_tests_report_injects_html_args_and_creates_dir - TypeError: test...
FAILED tests/unit/testing/test_run_tests_returncode5_success.py::test_single_pass_non_keyword_returncode_5_is_success - TypeE...
FAILED tests/unit/testing/test_run_tests_segmentation.py::test_segmented_batches_surface_plugin_fallbacks_and_failure_tips - ...
FAILED tests/unit/testing/test_run_tests_segmentation_helpers.py::test_collect_tests_with_cache_timeout_falls_back_to_direct_collection
FAILED tests/unit/testing/test_run_tests_segmented.py::test_run_tests_segmented_batches_execute - TypeError: test_run_tests_s...
FAILED tests/unit/testing/test_run_tests_segmented.py::test_run_tests_segmented_honors_keyword_filter - TypeError: test_run_t...
FAILED tests/unit/testing/test_run_tests_segmented_aggregate_fail_tips_once.py::test_segmented_failure_appends_aggregate_tips_once
FAILED tests/unit/testing/test_run_tests_segmented_aggregate_maxfail.py::test_segmented_aggregate_tips_command_includes_maxfail
FAILED tests/unit/testing/test_run_tests_segmented_empty_node_ids.py::test_run_tests_segmented_falls_back_on_empty_collection
FAILED tests/unit/testing/test_run_tests_segmented_failure_paths.py::test_segment_batch_failure_appends_tips - TypeError: tes...
FAILED tests/unit/testing/test_run_tests_segmented_failure_paths.py::test_segment_batch_benchmark_warning_forces_success - Ty...
========================================== 80 failed, 119 passed, 4 warnings in 6.67s ==========================================
