===================================================== test session starts ======================================================
platform linux -- Python 3.12.10, pytest-8.4.2, pluggy-1.6.0
benchmark: 5.1.0 (defaults: timer=time.perf_counter disable_gc=False min_rounds=5 min_time=0.000005 max_time=1.0 calibration_precision=10 warmup=False warmup_iterations=100000)
rootdir: /workspace/devsynth
configfile: pytest.ini
plugins: benchmark-5.1.0, anyio-4.10.0, cov-6.3.0, asyncio-1.1.0, mock-3.15.0, rerunfailures-16.0.1, metadata-3.1.1, bdd-8.1.0, xdist-3.8.0, html-4.1.1, hypothesis-6.138.14, langsmith-0.4.26, Faker-37.6.0
asyncio: mode=Mode.STRICT, asyncio_default_fixture_loop_scope=None, asyncio_default_test_loop_scope=function

[91mWARNING: chromadb package is not installed but is required for memory integration tests.[0m
[93mTo install chromadb, run: poetry install --extras chromadb[0m
[93mOr to install all memory dependencies: poetry install --extras memory[0m
[93mTo skip these tests, set DEVSYNTH_RESOURCE_CHROMADB_AVAILABLE=false[0m


[91mWARNING: chromadb package is not installed but is required for memory integration tests.[0m
[93mTo install chromadb, run: poetry install --extras chromadb[0m
[93mOr to install all memory dependencies: poetry install --extras memory[0m
[93mTo skip these tests, set DEVSYNTH_RESOURCE_CHROMADB_AVAILABLE=false[0m


[91mWARNING: chromadb package is not installed but is required for memory integration tests.[0m
[93mTo install chromadb, run: poetry install --extras chromadb[0m
[93mOr to install all memory dependencies: poetry install --extras memory[0m
[93mTo skip these tests, set DEVSYNTH_RESOURCE_CHROMADB_AVAILABLE=false[0m


[91mWARNING: chromadb package is not installed but is required for memory integration tests.[0m
[93mTo install chromadb, run: poetry install --extras chromadb[0m
[93mOr to install all memory dependencies: poetry install --extras memory[0m
[93mTo skip these tests, set DEVSYNTH_RESOURCE_CHROMADB_AVAILABLE=false[0m


[91mWARNING: chromadb package is not installed but is required for memory integration tests.[0m
[93mTo install chromadb, run: poetry install --extras chromadb[0m
[93mOr to install all memory dependencies: poetry install --extras memory[0m
[93mTo skip these tests, set DEVSYNTH_RESOURCE_CHROMADB_AVAILABLE=false[0m


[91mWARNING: chromadb package is not installed but is required for memory integration tests.[0m
[93mTo install chromadb, run: poetry install --extras chromadb[0m
[93mOr to install all memory dependencies: poetry install --extras memory[0m
[93mTo skip these tests, set DEVSYNTH_RESOURCE_CHROMADB_AVAILABLE=false[0m


[91mWARNING: chromadb package is not installed but is required for memory integration tests.[0m
[93mTo install chromadb, run: poetry install --extras chromadb[0m
[93mOr to install all memory dependencies: poetry install --extras memory[0m
[93mTo skip these tests, set DEVSYNTH_RESOURCE_CHROMADB_AVAILABLE=false[0m


[91mWARNING: chromadb package is not installed but is required for memory integration tests.[0m
[93mTo install chromadb, run: poetry install --extras chromadb[0m
[93mOr to install all memory dependencies: poetry install --extras memory[0m
[93mTo skip these tests, set DEVSYNTH_RESOURCE_CHROMADB_AVAILABLE=false[0m


[91mWARNING: chromadb package is not installed but is required for memory integration tests.[0m
[93mTo install chromadb, run: poetry install --extras chromadb[0m
[93mOr to install all memory dependencies: poetry install --extras memory[0m
[93mTo skip these tests, set DEVSYNTH_RESOURCE_CHROMADB_AVAILABLE=false[0m


[91mWARNING: chromadb package is not installed but is required for memory integration tests.[0m
[93mTo install chromadb, run: poetry install --extras chromadb[0m
[93mOr to install all memory dependencies: poetry install --extras memory[0m
[93mTo skip these tests, set DEVSYNTH_RESOURCE_CHROMADB_AVAILABLE=false[0m


[91mWARNING: chromadb package is not installed but is required for memory integration tests.[0m
[93mTo install chromadb, run: poetry install --extras chromadb[0m
[93mOr to install all memory dependencies: poetry install --extras memory[0m
[93mTo skip these tests, set DEVSYNTH_RESOURCE_CHROMADB_AVAILABLE=false[0m


[91mWARNING: chromadb package is not installed but is required for memory integration tests.[0m
[93mTo install chromadb, run: poetry install --extras chromadb[0m
[93mOr to install all memory dependencies: poetry install --extras memory[0m
[93mTo skip these tests, set DEVSYNTH_RESOURCE_CHROMADB_AVAILABLE=false[0m


[91mWARNING: chromadb package is not installed but is required for memory integration tests.[0m
[93mTo install chromadb, run: poetry install --extras chromadb[0m
[93mOr to install all memory dependencies: poetry install --extras memory[0m
[93mTo skip these tests, set DEVSYNTH_RESOURCE_CHROMADB_AVAILABLE=false[0m


[91mWARNING: chromadb package is not installed but is required for memory integration tests.[0m
[93mTo install chromadb, run: poetry install --extras chromadb[0m
[93mOr to install all memory dependencies: poetry install --extras memory[0m
[93mTo skip these tests, set DEVSYNTH_RESOURCE_CHROMADB_AVAILABLE=false[0m


[91mWARNING: chromadb package is not installed but is required for memory integration tests.[0m
[93mTo install chromadb, run: poetry install --extras chromadb[0m
[93mOr to install all memory dependencies: poetry install --extras memory[0m
[93mTo skip these tests, set DEVSYNTH_RESOURCE_CHROMADB_AVAILABLE=false[0m


[91mWARNING: chromadb package is not installed but is required for memory integration tests.[0m
[93mTo install chromadb, run: poetry install --extras chromadb[0m
[93mOr to install all memory dependencies: poetry install --extras memory[0m
[93mTo skip these tests, set DEVSYNTH_RESOURCE_CHROMADB_AVAILABLE=false[0m


[91mWARNING: chromadb package is not installed but is required for memory integration tests.[0m
[93mTo install chromadb, run: poetry install --extras chromadb[0m
[93mOr to install all memory dependencies: poetry install --extras memory[0m
[93mTo skip these tests, set DEVSYNTH_RESOURCE_CHROMADB_AVAILABLE=false[0m


[91mWARNING: chromadb package is not installed but is required for memory integration tests.[0m
[93mTo install chromadb, run: poetry install --extras chromadb[0m
[93mOr to install all memory dependencies: poetry install --extras memory[0m
[93mTo skip these tests, set DEVSYNTH_RESOURCE_CHROMADB_AVAILABLE=false[0m


[91mWARNING: chromadb package is not installed but is required for memory integration tests.[0m
[93mTo install chromadb, run: poetry install --extras chromadb[0m
[93mOr to install all memory dependencies: poetry install --extras memory[0m
[93mTo skip these tests, set DEVSYNTH_RESOURCE_CHROMADB_AVAILABLE=false[0m


[91mWARNING: chromadb package is not installed but is required for memory integration tests.[0m
[93mTo install chromadb, run: poetry install --extras chromadb[0m
[93mOr to install all memory dependencies: poetry install --extras memory[0m
[93mTo skip these tests, set DEVSYNTH_RESOURCE_CHROMADB_AVAILABLE=false[0m


[91mWARNING: chromadb package is not installed but is required for memory integration tests.[0m
[93mTo install chromadb, run: poetry install --extras chromadb[0m
[93mOr to install all memory dependencies: poetry install --extras memory[0m
[93mTo skip these tests, set DEVSYNTH_RESOURCE_CHROMADB_AVAILABLE=false[0m


[91mWARNING: chromadb package is not installed but is required for memory integration tests.[0m
[93mTo install chromadb, run: poetry install --extras chromadb[0m
[93mOr to install all memory dependencies: poetry install --extras memory[0m
[93mTo skip these tests, set DEVSYNTH_RESOURCE_CHROMADB_AVAILABLE=false[0m


[91mWARNING: chromadb package is not installed but is required for memory integration tests.[0m
[93mTo install chromadb, run: poetry install --extras chromadb[0m
[93mOr to install all memory dependencies: poetry install --extras memory[0m
[93mTo skip these tests, set DEVSYNTH_RESOURCE_CHROMADB_AVAILABLE=false[0m


[91mWARNING: chromadb package is not installed but is required for memory integration tests.[0m
[93mTo install chromadb, run: poetry install --extras chromadb[0m
[93mOr to install all memory dependencies: poetry install --extras memory[0m
[93mTo skip these tests, set DEVSYNTH_RESOURCE_CHROMADB_AVAILABLE=false[0m


[91mWARNING: chromadb package is not installed but is required for memory integration tests.[0m
[93mTo install chromadb, run: poetry install --extras chromadb[0m
[93mOr to install all memory dependencies: poetry install --extras memory[0m
[93mTo skip these tests, set DEVSYNTH_RESOURCE_CHROMADB_AVAILABLE=false[0m


[91mWARNING: chromadb package is not installed but is required for memory integration tests.[0m
[93mTo install chromadb, run: poetry install --extras chromadb[0m
[93mOr to install all memory dependencies: poetry install --extras memory[0m
[93mTo skip these tests, set DEVSYNTH_RESOURCE_CHROMADB_AVAILABLE=false[0m


[91mWARNING: chromadb package is not installed but is required for memory integration tests.[0m
[93mTo install chromadb, run: poetry install --extras chromadb[0m
[93mOr to install all memory dependencies: poetry install --extras memory[0m
[93mTo skip these tests, set DEVSYNTH_RESOURCE_CHROMADB_AVAILABLE=false[0m


[91mWARNING: chromadb package is not installed but is required for memory integration tests.[0m
[93mTo install chromadb, run: poetry install --extras chromadb[0m
[93mOr to install all memory dependencies: poetry install --extras memory[0m
[93mTo skip these tests, set DEVSYNTH_RESOURCE_CHROMADB_AVAILABLE=false[0m


[91mWARNING: chromadb package is not installed but is required for memory integration tests.[0m
[93mTo install chromadb, run: poetry install --extras chromadb[0m
[93mOr to install all memory dependencies: poetry install --extras memory[0m
[93mTo skip these tests, set DEVSYNTH_RESOURCE_CHROMADB_AVAILABLE=false[0m


[91mWARNING: chromadb package is not installed but is required for memory integration tests.[0m
[93mTo install chromadb, run: poetry install --extras chromadb[0m
[93mOr to install all memory dependencies: poetry install --extras memory[0m
[93mTo skip these tests, set DEVSYNTH_RESOURCE_CHROMADB_AVAILABLE=false[0m


[91mWARNING: chromadb package is not installed but is required for memory integration tests.[0m
[93mTo install chromadb, run: poetry install --extras chromadb[0m
[93mOr to install all memory dependencies: poetry install --extras memory[0m
[93mTo skip these tests, set DEVSYNTH_RESOURCE_CHROMADB_AVAILABLE=false[0m


[91mWARNING: chromadb package is not installed but is required for memory integration tests.[0m
[93mTo install chromadb, run: poetry install --extras chromadb[0m
[93mOr to install all memory dependencies: poetry install --extras memory[0m
[93mTo skip these tests, set DEVSYNTH_RESOURCE_CHROMADB_AVAILABLE=false[0m


[91mWARNING: chromadb package is not installed but is required for memory integration tests.[0m
[93mTo install chromadb, run: poetry install --extras chromadb[0m
[93mOr to install all memory dependencies: poetry install --extras memory[0m
[93mTo skip these tests, set DEVSYNTH_RESOURCE_CHROMADB_AVAILABLE=false[0m


[91mWARNING: chromadb package is not installed but is required for memory integration tests.[0m
[93mTo install chromadb, run: poetry install --extras chromadb[0m
[93mOr to install all memory dependencies: poetry install --extras memory[0m
[93mTo skip these tests, set DEVSYNTH_RESOURCE_CHROMADB_AVAILABLE=false[0m


[91mWARNING: chromadb package is not installed but is required for memory integration tests.[0m
[93mTo install chromadb, run: poetry install --extras chromadb[0m
[93mOr to install all memory dependencies: poetry install --extras memory[0m
[93mTo skip these tests, set DEVSYNTH_RESOURCE_CHROMADB_AVAILABLE=false[0m


[91mWARNING: chromadb package is not installed but is required for memory integration tests.[0m
[93mTo install chromadb, run: poetry install --extras chromadb[0m
[93mOr to install all memory dependencies: poetry install --extras memory[0m
[93mTo skip these tests, set DEVSYNTH_RESOURCE_CHROMADB_AVAILABLE=false[0m


[91mWARNING: chromadb package is not installed but is required for memory integration tests.[0m
[93mTo install chromadb, run: poetry install --extras chromadb[0m
[93mOr to install all memory dependencies: poetry install --extras memory[0m
[93mTo skip these tests, set DEVSYNTH_RESOURCE_CHROMADB_AVAILABLE=false[0m


[91mWARNING: chromadb package is not installed but is required for memory integration tests.[0m
[93mTo install chromadb, run: poetry install --extras chromadb[0m
[93mOr to install all memory dependencies: poetry install --extras memory[0m
[93mTo skip these tests, set DEVSYNTH_RESOURCE_CHROMADB_AVAILABLE=false[0m


[91mWARNING: chromadb package is not installed but is required for memory integration tests.[0m
[93mTo install chromadb, run: poetry install --extras chromadb[0m
[93mOr to install all memory dependencies: poetry install --extras memory[0m
[93mTo skip these tests, set DEVSYNTH_RESOURCE_CHROMADB_AVAILABLE=false[0m


[91mWARNING: chromadb package is not installed but is required for memory integration tests.[0m
[93mTo install chromadb, run: poetry install --extras chromadb[0m
[93mOr to install all memory dependencies: poetry install --extras memory[0m
[93mTo skip these tests, set DEVSYNTH_RESOURCE_CHROMADB_AVAILABLE=false[0m


[91mWARNING: chromadb package is not installed but is required for memory integration tests.[0m
[93mTo install chromadb, run: poetry install --extras chromadb[0m
[93mOr to install all memory dependencies: poetry install --extras memory[0m
[93mTo skip these tests, set DEVSYNTH_RESOURCE_CHROMADB_AVAILABLE=false[0m


[91mWARNING: chromadb package is not installed but is required for memory integration tests.[0m
[93mTo install chromadb, run: poetry install --extras chromadb[0m
[93mOr to install all memory dependencies: poetry install --extras memory[0m
[93mTo skip these tests, set DEVSYNTH_RESOURCE_CHROMADB_AVAILABLE=false[0m


[91mWARNING: chromadb package is not installed but is required for memory integration tests.[0m
[93mTo install chromadb, run: poetry install --extras chromadb[0m
[93mOr to install all memory dependencies: poetry install --extras memory[0m
[93mTo skip these tests, set DEVSYNTH_RESOURCE_CHROMADB_AVAILABLE=false[0m


[91mWARNING: chromadb package is not installed but is required for memory integration tests.[0m
[93mTo install chromadb, run: poetry install --extras chromadb[0m
[93mOr to install all memory dependencies: poetry install --extras memory[0m
[93mTo skip these tests, set DEVSYNTH_RESOURCE_CHROMADB_AVAILABLE=false[0m


[91mWARNING: chromadb package is not installed but is required for memory integration tests.[0m
[93mTo install chromadb, run: poetry install --extras chromadb[0m
[93mOr to install all memory dependencies: poetry install --extras memory[0m
[93mTo skip these tests, set DEVSYNTH_RESOURCE_CHROMADB_AVAILABLE=false[0m


[91mWARNING: chromadb package is not installed but is required for memory integration tests.[0m
[93mTo install chromadb, run: poetry install --extras chromadb[0m
[93mOr to install all memory dependencies: poetry install --extras memory[0m
[93mTo skip these tests, set DEVSYNTH_RESOURCE_CHROMADB_AVAILABLE=false[0m


[91mWARNING: chromadb package is not installed but is required for memory integration tests.[0m
[93mTo install chromadb, run: poetry install --extras chromadb[0m
[93mOr to install all memory dependencies: poetry install --extras memory[0m
[93mTo skip these tests, set DEVSYNTH_RESOURCE_CHROMADB_AVAILABLE=false[0m


[91mWARNING: chromadb package is not installed but is required for memory integration tests.[0m
[93mTo install chromadb, run: poetry install --extras chromadb[0m
[93mOr to install all memory dependencies: poetry install --extras memory[0m
[93mTo skip these tests, set DEVSYNTH_RESOURCE_CHROMADB_AVAILABLE=false[0m


[91mWARNING: chromadb package is not installed but is required for memory integration tests.[0m
[93mTo install chromadb, run: poetry install --extras chromadb[0m
[93mOr to install all memory dependencies: poetry install --extras memory[0m
[93mTo skip these tests, set DEVSYNTH_RESOURCE_CHROMADB_AVAILABLE=false[0m


[91mWARNING: chromadb package is not installed but is required for memory integration tests.[0m
[93mTo install chromadb, run: poetry install --extras chromadb[0m
[93mOr to install all memory dependencies: poetry install --extras memory[0m
[93mTo skip these tests, set DEVSYNTH_RESOURCE_CHROMADB_AVAILABLE=false[0m


[91mWARNING: chromadb package is not installed but is required for memory integration tests.[0m
[93mTo install chromadb, run: poetry install --extras chromadb[0m
[93mOr to install all memory dependencies: poetry install --extras memory[0m
[93mTo skip these tests, set DEVSYNTH_RESOURCE_CHROMADB_AVAILABLE=false[0m


[91mWARNING: chromadb package is not installed but is required for memory integration tests.[0m
[93mTo install chromadb, run: poetry install --extras chromadb[0m
[93mOr to install all memory dependencies: poetry install --extras memory[0m
[93mTo skip these tests, set DEVSYNTH_RESOURCE_CHROMADB_AVAILABLE=false[0m


[91mWARNING: chromadb package is not installed but is required for memory integration tests.[0m
[93mTo install chromadb, run: poetry install --extras chromadb[0m
[93mOr to install all memory dependencies: poetry install --extras memory[0m
[93mTo skip these tests, set DEVSYNTH_RESOURCE_CHROMADB_AVAILABLE=false[0m


[91mWARNING: chromadb package is not installed but is required for memory integration tests.[0m
[93mTo install chromadb, run: poetry install --extras chromadb[0m
[93mOr to install all memory dependencies: poetry install --extras memory[0m
[93mTo skip these tests, set DEVSYNTH_RESOURCE_CHROMADB_AVAILABLE=false[0m


[91mWARNING: chromadb package is not installed but is required for memory integration tests.[0m
[93mTo install chromadb, run: poetry install --extras chromadb[0m
[93mOr to install all memory dependencies: poetry install --extras memory[0m
[93mTo skip these tests, set DEVSYNTH_RESOURCE_CHROMADB_AVAILABLE=false[0m


[91mWARNING: chromadb package is not installed but is required for memory integration tests.[0m
[93mTo install chromadb, run: poetry install --extras chromadb[0m
[93mOr to install all memory dependencies: poetry install --extras memory[0m
[93mTo skip these tests, set DEVSYNTH_RESOURCE_CHROMADB_AVAILABLE=false[0m


[91mWARNING: chromadb package is not installed but is required for memory integration tests.[0m
[93mTo install chromadb, run: poetry install --extras chromadb[0m
[93mOr to install all memory dependencies: poetry install --extras memory[0m
[93mTo skip these tests, set DEVSYNTH_RESOURCE_CHROMADB_AVAILABLE=false[0m


[91mWARNING: chromadb package is not installed but is required for memory integration tests.[0m
[93mTo install chromadb, run: poetry install --extras chromadb[0m
[93mOr to install all memory dependencies: poetry install --extras memory[0m
[93mTo skip these tests, set DEVSYNTH_RESOURCE_CHROMADB_AVAILABLE=false[0m


[91mWARNING: chromadb package is not installed but is required for memory integration tests.[0m
[93mTo install chromadb, run: poetry install --extras chromadb[0m
[93mOr to install all memory dependencies: poetry install --extras memory[0m
[93mTo skip these tests, set DEVSYNTH_RESOURCE_CHROMADB_AVAILABLE=false[0m


[91mWARNING: chromadb package is not installed but is required for memory integration tests.[0m
[93mTo install chromadb, run: poetry install --extras chromadb[0m
[93mOr to install all memory dependencies: poetry install --extras memory[0m
[93mTo skip these tests, set DEVSYNTH_RESOURCE_CHROMADB_AVAILABLE=false[0m

collected 5235 items / 5235 deselected / 35 skipped / 0 selected

======================================================= warnings summary =======================================================
.venv/lib/python3.12/site-packages/pydantic_core/core_schema.py:4137
.venv/lib/python3.12/site-packages/pydantic_core/core_schema.py:4137
  /workspace/devsynth/.venv/lib/python3.12/site-packages/pydantic_core/core_schema.py:4137: DeprecationWarning: `FieldValidationInfo` is deprecated, use `ValidationInfo` instead.
    warnings.warn(msg, DeprecationWarning, stacklevel=1)

src/devsynth/application/edrr/wsde_specialized_agents.py:249
  /workspace/devsynth/src/devsynth/application/edrr/wsde_specialized_agents.py:249: PytestCollectionWarning: cannot collect test class 'TestWriterAgent' because it has a __init__ constructor (from: tests/behavior/steps/test_wsde_multi_agent_steps.py)
    class TestWriterAgent(BaseWSDESpecialist):

tests/property/conftest.py:54
  /workspace/devsynth/tests/property/conftest.py:54: PytestRemovedIn9Warning: The (path: py.path.local) argument is deprecated, please use (collection_path: pathlib.Path)
  see https://docs.pytest.org/en/latest/deprecations.html#py-path-local-arguments-for-hooks-replaced-with-pathlib-path
    def pytest_ignore_collect(path, config):  # type: ignore[override]

tests/unit/adapters/test_chromadb_memory_store.py:20
  /workspace/devsynth/tests/unit/adapters/test_chromadb_memory_store.py:20: PytestDeprecationWarning: 
  Module 'devsynth.adapters.chromadb_memory_store' was found, but when imported by pytest it raised:
      ImportError("ChromaDBMemoryStore requires the 'chromadb' package. Install it with 'pip install chromadb' or use the dev extras.")
  In pytest 9.1 this warning will become an error by default.
  You can fix the underlying problem, or alternatively overwrite this behavior and silence this warning by passing exc_type=ImportError explicitly.
  See https://docs.pytest.org/en/stable/deprecations.html#pytest-importorskip-default-behavior-regarding-importerror
    chromadb_memory_store = pytest.importorskip(

scripts/analyze_test_dependencies.py:41
  /workspace/devsynth/scripts/analyze_test_dependencies.py:41: PytestCollectionWarning: cannot collect test class 'TestDependencyAnalyzer' because it has a __init__ constructor (from: tests/unit/scripts/test_analyze_test_dependencies.py)
    class TestDependencyAnalyzer(ast.NodeVisitor):

scripts/analyze_test_dependencies.py:127
  /workspace/devsynth/scripts/analyze_test_dependencies.py:127: PytestCollectionWarning: cannot collect test class 'TestFileAnalyzer' because it has a __init__ constructor (from: tests/unit/scripts/test_analyze_test_dependencies.py)
    class TestFileAnalyzer:

scripts/benchmark_test_execution.py:34
  /workspace/devsynth/scripts/benchmark_test_execution.py:34: PytestCollectionWarning: cannot collect test class 'TestExecutionBenchmark' because it has a __init__ constructor (from: tests/unit/scripts/test_benchmark_test_execution.py)
    class TestExecutionBenchmark:

-- Docs: https://docs.pytest.org/en/stable/how-to/capture-warnings.html
================================================= Test Categorization Summary ==================================================
Test Type Distribution:
  Unit Tests: 8
  Integration Tests: 16
  Behavior Tests: 11

Test Speed Distribution:
  Fast Tests (< 1s): 35
  Medium Tests (1-5s): 0
  Slow Tests (> 5s): 0
======================================== no tests collected (5235 deselected) in 6.83s =========================================
