===================================================== test session starts ======================================================
platform linux -- Python 3.12.10, pytest-8.4.2, pluggy-1.6.0
benchmark: 5.1.0 (defaults: timer=time.perf_counter disable_gc=False min_rounds=5 min_time=0.000005 max_time=1.0 calibration_precision=10 warmup=False warmup_iterations=100000)
rootdir: /workspace/devsynth
configfile: pytest.ini
plugins: metadata-3.1.1, html-4.1.1, cov-6.3.0, mock-3.15.0, langsmith-0.4.26, xdist-3.8.0, rerunfailures-16.0.1, anyio-4.10.0, hypothesis-6.138.14, bdd-8.1.0, asyncio-1.1.0, benchmark-5.1.0, Faker-37.6.0
asyncio: mode=Mode.STRICT, asyncio_default_fixture_loop_scope=None, asyncio_default_test_loop_scope=function
collected 630 items / 1 error / 10 skipped

============================================================ ERRORS ============================================================
________________________ ERROR collecting tests/behavior/steps/test_webui_integration_error_branches.py ________________________
.venv/lib/python3.12/site-packages/_pytest/python.py:498: in importtestmodule
    mod = import_path(
.venv/lib/python3.12/site-packages/_pytest/pathlib.py:587: in import_path
    importlib.import_module(module_name)
/root/.pyenv/versions/3.12.10/lib/python3.12/importlib/__init__.py:90: in import_module
    return _bootstrap._gcd_import(name[level:], package, level)
           ^^^^^^^^^^^^^^^^^^^^^^^^^^^^^^^^^^^^^^^^^^^^^^^^^^^^
<frozen importlib._bootstrap>:1387: in _gcd_import
    ???
<frozen importlib._bootstrap>:1360: in _find_and_load
    ???
<frozen importlib._bootstrap>:1331: in _find_and_load_unlocked
    ???
<frozen importlib._bootstrap>:935: in _load_unlocked
    ???
.venv/lib/python3.12/site-packages/_pytest/assertion/rewrite.py:177: in exec_module
    source_stat, co = _rewrite_test(fn, self.config)
                      ^^^^^^^^^^^^^^^^^^^^^^^^^^^^^^
.venv/lib/python3.12/site-packages/_pytest/assertion/rewrite.py:359: in _rewrite_test
    co = compile(tree, strfn, "exec", dont_inherit=True)
         ^^^^^^^^^^^^^^^^^^^^^^^^^^^^^^^^^^^^^^^^^^^^^^^
E     File "/workspace/devsynth/tests/behavior/steps/test_webui_integration_error_branches.py", line 12
E       from __future__ import annotations
E       ^^^^^^^^^^^^^^^^^^^^^^^^^^^^^^^^^^
E   SyntaxError: from __future__ imports must occur at the beginning of the file
======================================================= warnings summary =======================================================
.venv/lib/python3.12/site-packages/pydantic_core/core_schema.py:4137
.venv/lib/python3.12/site-packages/pydantic_core/core_schema.py:4137
  /workspace/devsynth/.venv/lib/python3.12/site-packages/pydantic_core/core_schema.py:4137: DeprecationWarning: `FieldValidationInfo` is deprecated, use `ValidationInfo` instead.
    warnings.warn(msg, DeprecationWarning, stacklevel=1)

.venv/lib/python3.12/site-packages/pytest_bdd/plugin.py:137
  /workspace/devsynth/.venv/lib/python3.12/site-packages/pytest_bdd/plugin.py:137: PytestUnknownMarkWarning: Unknown pytest.mark.reqid-cli-overhaul-pseudocode - is this a typo?  You can register custom marks to avoid this warning - for details, see https://docs.pytest.org/en/stable/how-to/mark.html
    mark = getattr(pytest.mark, tag)

.venv/lib/python3.12/site-packages/pytest_bdd/plugin.py:137
  /workspace/devsynth/.venv/lib/python3.12/site-packages/pytest_bdd/plugin.py:137: PytestUnknownMarkWarning: Unknown pytest.mark.reqid-cli-ui-improvements - is this a typo?  You can register custom marks to avoid this warning - for details, see https://docs.pytest.org/en/stable/how-to/mark.html
    mark = getattr(pytest.mark, tag)

.venv/lib/python3.12/site-packages/pytest_bdd/plugin.py:137
  /workspace/devsynth/.venv/lib/python3.12/site-packages/pytest_bdd/plugin.py:137: PytestUnknownMarkWarning: Unknown pytest.mark.reqid-delimiting-recursion-algorithms - is this a typo?  You can register custom marks to avoid this warning - for details, see https://docs.pytest.org/en/stable/how-to/mark.html
    mark = getattr(pytest.mark, tag)

.venv/lib/python3.12/site-packages/pytest_bdd/plugin.py:137
  /workspace/devsynth/.venv/lib/python3.12/site-packages/pytest_bdd/plugin.py:137: PytestUnknownMarkWarning: Unknown pytest.mark.reqid-dialectical-reasoning-impact-memory-persistence - is this a typo?  You can register custom marks to avoid this warning - for details, see https://docs.pytest.org/en/stable/how-to/mark.html
    mark = getattr(pytest.mark, tag)

.venv/lib/python3.12/site-packages/pytest_bdd/plugin.py:137
  /workspace/devsynth/.venv/lib/python3.12/site-packages/pytest_bdd/plugin.py:137: PytestUnknownMarkWarning: Unknown pytest.mark.reqid-document-generator-enhancement-requirements - is this a typo?  You can register custom marks to avoid this warning - for details, see https://docs.pytest.org/en/stable/how-to/mark.html
    mark = getattr(pytest.mark, tag)

.venv/lib/python3.12/site-packages/pytest_bdd/plugin.py:137
  /workspace/devsynth/.venv/lib/python3.12/site-packages/pytest_bdd/plugin.py:137: PytestUnknownMarkWarning: Unknown pytest.mark.reqid-documentation-plan - is this a typo?  You can register custom marks to avoid this warning - for details, see https://docs.pytest.org/en/stable/how-to/mark.html
    mark = getattr(pytest.mark, tag)

.venv/lib/python3.12/site-packages/pytest_bdd/plugin.py:137
  /workspace/devsynth/.venv/lib/python3.12/site-packages/pytest_bdd/plugin.py:137: PytestUnknownMarkWarning: Unknown pytest.mark.reqid-edrr-recursion-termination - is this a typo?  You can register custom marks to avoid this warning - for details, see https://docs.pytest.org/en/stable/how-to/mark.html
    mark = getattr(pytest.mark, tag)

.venv/lib/python3.12/site-packages/pytest_bdd/plugin.py:137
  /workspace/devsynth/.venv/lib/python3.12/site-packages/pytest_bdd/plugin.py:137: PytestUnknownMarkWarning: Unknown pytest.mark.reqid-edrr-cycle-specification - is this a typo?  You can register custom marks to avoid this warning - for details, see https://docs.pytest.org/en/stable/how-to/mark.html
    mark = getattr(pytest.mark, tag)

.venv/lib/python3.12/site-packages/pytest_bdd/plugin.py:137
  /workspace/devsynth/.venv/lib/python3.12/site-packages/pytest_bdd/plugin.py:137: PytestUnknownMarkWarning: Unknown pytest.mark.reqid-edrr-framework-integration-summary - is this a typo?  You can register custom marks to avoid this warning - for details, see https://docs.pytest.org/en/stable/how-to/mark.html
    mark = getattr(pytest.mark, tag)

.venv/lib/python3.12/site-packages/pytest_bdd/plugin.py:137
  /workspace/devsynth/.venv/lib/python3.12/site-packages/pytest_bdd/plugin.py:137: PytestUnknownMarkWarning: Unknown pytest.mark.reqid-edrr-phase-recovery-threshold-helpers - is this a typo?  You can register custom marks to avoid this warning - for details, see https://docs.pytest.org/en/stable/how-to/mark.html
    mark = getattr(pytest.mark, tag)

.venv/lib/python3.12/site-packages/pytest_bdd/plugin.py:137
  /workspace/devsynth/.venv/lib/python3.12/site-packages/pytest_bdd/plugin.py:137: PytestUnknownMarkWarning: Unknown pytest.mark.reqid-edrr-reasoning-loop-integration - is this a typo?  You can register custom marks to avoid this warning - for details, see https://docs.pytest.org/en/stable/how-to/mark.html
    mark = getattr(pytest.mark, tag)

.venv/lib/python3.12/site-packages/pytest_bdd/plugin.py:137
  /workspace/devsynth/.venv/lib/python3.12/site-packages/pytest_bdd/plugin.py:137: PytestUnknownMarkWarning: Unknown pytest.mark.reqid-end-to-end-deployment - is this a typo?  You can register custom marks to avoid this warning - for details, see https://docs.pytest.org/en/stable/how-to/mark.html
    mark = getattr(pytest.mark, tag)

.venv/lib/python3.12/site-packages/pytest_bdd/plugin.py:137
  /workspace/devsynth/.venv/lib/python3.12/site-packages/pytest_bdd/plugin.py:137: PytestUnknownMarkWarning: Unknown pytest.mark.reqid-generated-test-execution-failure - is this a typo?  You can register custom marks to avoid this warning - for details, see https://docs.pytest.org/en/stable/how-to/mark.html
    mark = getattr(pytest.mark, tag)

.venv/lib/python3.12/site-packages/pytest_bdd/plugin.py:137
  /workspace/devsynth/.venv/lib/python3.12/site-packages/pytest_bdd/plugin.py:137: PytestUnknownMarkWarning: Unknown pytest.mark.reqid-hybrid-memory-architecture - is this a typo?  You can register custom marks to avoid this warning - for details, see https://docs.pytest.org/en/stable/how-to/mark.html
    mark = getattr(pytest.mark, tag)

.venv/lib/python3.12/site-packages/pytest_bdd/plugin.py:137
  /workspace/devsynth/.venv/lib/python3.12/site-packages/pytest_bdd/plugin.py:137: PytestUnknownMarkWarning: Unknown pytest.mark.reqid-index - is this a typo?  You can register custom marks to avoid this warning - for details, see https://docs.pytest.org/en/stable/how-to/mark.html
    mark = getattr(pytest.mark, tag)

.venv/lib/python3.12/site-packages/pytest_bdd/plugin.py:137
  /workspace/devsynth/.venv/lib/python3.12/site-packages/pytest_bdd/plugin.py:137: PytestUnknownMarkWarning: Unknown pytest.mark.reqid-integration-test-generation - is this a typo?  You can register custom marks to avoid this warning - for details, see https://docs.pytest.org/en/stable/how-to/mark.html
    mark = getattr(pytest.mark, tag)

.venv/lib/python3.12/site-packages/pytest_bdd/plugin.py:137
  /workspace/devsynth/.venv/lib/python3.12/site-packages/pytest_bdd/plugin.py:137: PytestUnknownMarkWarning: Unknown pytest.mark.reqid-lmstudio-integration - is this a typo?  You can register custom marks to avoid this warning - for details, see https://docs.pytest.org/en/stable/how-to/mark.html
    mark = getattr(pytest.mark, tag)

.venv/lib/python3.12/site-packages/pytest_bdd/plugin.py:137
  /workspace/devsynth/.venv/lib/python3.12/site-packages/pytest_bdd/plugin.py:137: PytestUnknownMarkWarning: Unknown pytest.mark.reqid-memory-optional-tinydb-dependency - is this a typo?  You can register custom marks to avoid this warning - for details, see https://docs.pytest.org/en/stable/how-to/mark.html
    mark = getattr(pytest.mark, tag)

.venv/lib/python3.12/site-packages/pytest_bdd/plugin.py:137
  /workspace/devsynth/.venv/lib/python3.12/site-packages/pytest_bdd/plugin.py:137: PytestUnknownMarkWarning: Unknown pytest.mark.reqid-metrics-system - is this a typo?  You can register custom marks to avoid this warning - for details, see https://docs.pytest.org/en/stable/how-to/mark.html
    mark = getattr(pytest.mark, tag)

.venv/lib/python3.12/site-packages/pytest_bdd/plugin.py:137
  /workspace/devsynth/.venv/lib/python3.12/site-packages/pytest_bdd/plugin.py:137: PytestUnknownMarkWarning: Unknown pytest.mark.reqid-mvuu-config - is this a typo?  You can register custom marks to avoid this warning - for details, see https://docs.pytest.org/en/stable/how-to/mark.html
    mark = getattr(pytest.mark, tag)

.venv/lib/python3.12/site-packages/pytest_bdd/plugin.py:137
  /workspace/devsynth/.venv/lib/python3.12/site-packages/pytest_bdd/plugin.py:137: PytestUnknownMarkWarning: Unknown pytest.mark.reqid-nicegui-interface - is this a typo?  You can register custom marks to avoid this warning - for details, see https://docs.pytest.org/en/stable/how-to/mark.html
    mark = getattr(pytest.mark, tag)

.venv/lib/python3.12/site-packages/pytest_bdd/plugin.py:137
  /workspace/devsynth/.venv/lib/python3.12/site-packages/pytest_bdd/plugin.py:137: PytestUnknownMarkWarning: Unknown pytest.mark.reqid-recursive-edrr-pseudocode - is this a typo?  You can register custom marks to avoid this warning - for details, see https://docs.pytest.org/en/stable/how-to/mark.html
    mark = getattr(pytest.mark, tag)

.venv/lib/python3.12/site-packages/pytest_bdd/plugin.py:137
  /workspace/devsynth/.venv/lib/python3.12/site-packages/pytest_bdd/plugin.py:137: PytestUnknownMarkWarning: Unknown pytest.mark.reqid-run-tests-maxfail-option - is this a typo?  You can register custom marks to avoid this warning - for details, see https://docs.pytest.org/en/stable/how-to/mark.html
    mark = getattr(pytest.mark, tag)

.venv/lib/python3.12/site-packages/pytest_bdd/plugin.py:137
  /workspace/devsynth/.venv/lib/python3.12/site-packages/pytest_bdd/plugin.py:137: PytestUnknownMarkWarning: Unknown pytest.mark.reqid-spec-template - is this a typo?  You can register custom marks to avoid this warning - for details, see https://docs.pytest.org/en/stable/how-to/mark.html
    mark = getattr(pytest.mark, tag)

.venv/lib/python3.12/site-packages/pytest_bdd/plugin.py:137
  /workspace/devsynth/.venv/lib/python3.12/site-packages/pytest_bdd/plugin.py:137: PytestUnknownMarkWarning: Unknown pytest.mark.reqid-test-generation-multi-module - is this a typo?  You can register custom marks to avoid this warning - for details, see https://docs.pytest.org/en/stable/how-to/mark.html
    mark = getattr(pytest.mark, tag)

.venv/lib/python3.12/site-packages/pytest_bdd/plugin.py:137
  /workspace/devsynth/.venv/lib/python3.12/site-packages/pytest_bdd/plugin.py:137: PytestUnknownMarkWarning: Unknown pytest.mark.reqid-tiered-cache-validation - is this a typo?  You can register custom marks to avoid this warning - for details, see https://docs.pytest.org/en/stable/how-to/mark.html
    mark = getattr(pytest.mark, tag)

.venv/lib/python3.12/site-packages/pytest_bdd/plugin.py:137
  /workspace/devsynth/.venv/lib/python3.12/site-packages/pytest_bdd/plugin.py:137: PytestUnknownMarkWarning: Unknown pytest.mark.reqid-unified-configuration-loader - is this a typo?  You can register custom marks to avoid this warning - for details, see https://docs.pytest.org/en/stable/how-to/mark.html
    mark = getattr(pytest.mark, tag)

.venv/lib/python3.12/site-packages/pytest_bdd/plugin.py:137
  /workspace/devsynth/.venv/lib/python3.12/site-packages/pytest_bdd/plugin.py:137: PytestUnknownMarkWarning: Unknown pytest.mark.reqid-uxbridge-extension - is this a typo?  You can register custom marks to avoid this warning - for details, see https://docs.pytest.org/en/stable/how-to/mark.html
    mark = getattr(pytest.mark, tag)

.venv/lib/python3.12/site-packages/pytest_bdd/plugin.py:137
  /workspace/devsynth/.venv/lib/python3.12/site-packages/pytest_bdd/plugin.py:137: PytestUnknownMarkWarning: Unknown pytest.mark.reqid-verify-test-markers-performance - is this a typo?  You can register custom marks to avoid this warning - for details, see https://docs.pytest.org/en/stable/how-to/mark.html
    mark = getattr(pytest.mark, tag)

.venv/lib/python3.12/site-packages/pytest_bdd/plugin.py:137
  /workspace/devsynth/.venv/lib/python3.12/site-packages/pytest_bdd/plugin.py:137: PytestUnknownMarkWarning: Unknown pytest.mark.reqid-webui-core - is this a typo?  You can register custom marks to avoid this warning - for details, see https://docs.pytest.org/en/stable/how-to/mark.html
    mark = getattr(pytest.mark, tag)

.venv/lib/python3.12/site-packages/pytest_bdd/plugin.py:137
  /workspace/devsynth/.venv/lib/python3.12/site-packages/pytest_bdd/plugin.py:137: PytestUnknownMarkWarning: Unknown pytest.mark.reqid-webui-detailed-spec - is this a typo?  You can register custom marks to avoid this warning - for details, see https://docs.pytest.org/en/stable/how-to/mark.html
    mark = getattr(pytest.mark, tag)

.venv/lib/python3.12/site-packages/pytest_bdd/plugin.py:137
  /workspace/devsynth/.venv/lib/python3.12/site-packages/pytest_bdd/plugin.py:137: PytestUnknownMarkWarning: Unknown pytest.mark.reqid-webui-diagnostics-audit-logs - is this a typo?  You can register custom marks to avoid this warning - for details, see https://docs.pytest.org/en/stable/how-to/mark.html
    mark = getattr(pytest.mark, tag)

.venv/lib/python3.12/site-packages/pytest_bdd/plugin.py:137
  /workspace/devsynth/.venv/lib/python3.12/site-packages/pytest_bdd/plugin.py:137: PytestUnknownMarkWarning: Unknown pytest.mark.reqid-webui-pseudocode - is this a typo?  You can register custom marks to avoid this warning - for details, see https://docs.pytest.org/en/stable/how-to/mark.html
    mark = getattr(pytest.mark, tag)

.venv/lib/python3.12/site-packages/pytest_bdd/plugin.py:137
  /workspace/devsynth/.venv/lib/python3.12/site-packages/pytest_bdd/plugin.py:137: PytestUnknownMarkWarning: Unknown pytest.mark.reqid-webui-spec - is this a typo?  You can register custom marks to avoid this warning - for details, see https://docs.pytest.org/en/stable/how-to/mark.html
    mark = getattr(pytest.mark, tag)

.venv/lib/python3.12/site-packages/pytest_bdd/plugin.py:137
  /workspace/devsynth/.venv/lib/python3.12/site-packages/pytest_bdd/plugin.py:137: PytestUnknownMarkWarning: Unknown pytest.mark.reqid-wsde-interaction-specification - is this a typo?  You can register custom marks to avoid this warning - for details, see https://docs.pytest.org/en/stable/how-to/mark.html
    mark = getattr(pytest.mark, tag)

.venv/lib/python3.12/site-packages/pytest_bdd/plugin.py:137
  /workspace/devsynth/.venv/lib/python3.12/site-packages/pytest_bdd/plugin.py:137: PytestUnknownMarkWarning: Unknown pytest.mark.reqid-wsde-role-progression-memory - is this a typo?  You can register custom marks to avoid this warning - for details, see https://docs.pytest.org/en/stable/how-to/mark.html
    mark = getattr(pytest.mark, tag)

-- Docs: https://docs.pytest.org/en/stable/how-to/capture-warnings.html
================================================= Test Categorization Summary ==================================================
Test Type Distribution:
  Unit Tests: 0
  Integration Tests: 2
  Behavior Tests: 8

Test Speed Distribution:
  Fast Tests (< 1s): 10
  Medium Tests (1-5s): 0
  Slow Tests (> 5s): 0
=================================================== short test summary info ====================================================
ERROR tests/behavior/steps/test_webui_integration_error_branches.py
!!!!!!!!!!!!!!!!!!!!!!!!!!!!!!!!!!!!!!!!!!!!!!!!!! stopping after 1 failures !!!!!!!!!!!!!!!!!!!!!!!!!!!!!!!!!!!!!!!!!!!!!!!!!!!
========================================== 10 skipped, 38 warnings, 1 error in 2.24s ===========================================
===================================================== test session starts ======================================================
platform linux -- Python 3.12.10, pytest-8.4.2, pluggy-1.6.0
benchmark: 5.1.0 (defaults: timer=time.perf_counter disable_gc=False min_rounds=5 min_time=0.000005 max_time=1.0 calibration_precision=10 warmup=False warmup_iterations=100000)
rootdir: /workspace/devsynth
configfile: pytest.ini
plugins: metadata-3.1.1, html-4.1.1, cov-6.3.0, mock-3.15.0, langsmith-0.4.26, xdist-3.8.0, rerunfailures-16.0.1, anyio-4.10.0, hypothesis-6.138.14, bdd-8.1.0, asyncio-1.1.0, benchmark-5.1.0, Faker-37.6.0
asyncio: mode=Mode.STRICT, asyncio_default_fixture_loop_scope=None, asyncio_default_test_loop_scope=function
collected 15 items

tests/unit/application/cli/test_autocomplete.py ...........                                                              [ 73%]
tests/unit/application/cli/test_ingest_cmd.py ....                                                                       [100%]

======================================================= warnings summary =======================================================
.venv/lib/python3.12/site-packages/pydantic_core/core_schema.py:4137
.venv/lib/python3.12/site-packages/pydantic_core/core_schema.py:4137
  /workspace/devsynth/.venv/lib/python3.12/site-packages/pydantic_core/core_schema.py:4137: DeprecationWarning: `FieldValidationInfo` is deprecated, use `ValidationInfo` instead.
    warnings.warn(msg, DeprecationWarning, stacklevel=1)

-- Docs: https://docs.pytest.org/en/stable/how-to/capture-warnings.html
================================================= Test Categorization Summary ==================================================
Test Type Distribution:
  Unit Tests: 15
  Integration Tests: 0
  Behavior Tests: 0

Test Speed Distribution:
  Fast Tests (< 1s): 15
  Medium Tests (1-5s): 0
  Slow Tests (> 5s): 0
===================================================== Top 10 Slowest Tests =====================================================
1. tests/unit/application/cli/test_autocomplete.py::test_get_completions_returns_expected_result: 0.05s
2. tests/unit/application/cli/test_ingest_cmd.py::test_load_manifest_defaults: 0.01s
3. tests/unit/application/cli/test_autocomplete.py::test_file_path_autocomplete_returns_expected_result: 0.01s
4. tests/unit/application/cli/test_ingest_cmd.py::test_ingest_cmd_non_interactive_skips_prompts: 0.01s
5. tests/unit/application/cli/test_ingest_cmd.py::test_ingest_cmd_defaults_enable_non_interactive: 0.01s
6. tests/unit/application/cli/test_ingest_cmd.py::test_load_manifest_reads_yaml: 0.01s
7. tests/unit/application/cli/test_autocomplete.py::test_file_path_autocomplete_handles_nested_prefixes: 0.00s
8. tests/unit/application/cli/test_autocomplete.py::test_get_all_commands_help_returns_expected_result: 0.00s
9. tests/unit/application/cli/test_autocomplete.py::test_complete_command_returns_expected_result: 0.00s
10. tests/unit/application/cli/test_autocomplete.py::test_command_autocomplete_returns_expected_result: 0.00s
================================================ 15 passed, 2 warnings in 0.73s ================================================
