============================= test session starts ==============================
platform darwin -- Python 3.12.12, pytest-8.4.2, pluggy-1.6.0
benchmark: 5.1.0 (defaults: timer=time.perf_counter disable_gc=False min_rounds=5 min_time=0.000005 max_time=1.0 calibration_precision=10 warmup=False warmup_iterations=100000)
rootdir: /Users/caitlyn/Projects/github.com/ravenoak/devsynth
configfile: pytest.ini
plugins: mock-3.15.1, asyncio-1.2.0, anyio-4.11.0, html-4.1.1, xdist-3.8.0, langsmith-0.4.37, metadata-3.1.1, Faker-37.11.0, benchmark-5.1.0, hypothesis-6.142.3, bdd-8.1.0, rerunfailures-16.1, cov-7.0.0
asyncio: mode=Mode.STRICT, debug=False, asyncio_default_fixture_loop_scope=None, asyncio_default_test_loop_scope=function
collected 4926 items / 21 skipped

<Dir devsynth>
  <Dir examples>
    <Dir calculator>
      <Dir tests>
        <Module test_calculator.py>
          <Function test_add>
          <Function test_subtract>
          <Function test_multiply>
          <Function test_divide>
          <Function test_divide_by_zero>
    <Dir full_workflow>
      <Dir tests>
        <Module test_counter.py>
          <Function test_counts>
  <Dir src>
    <Package devsynth>
      <Package application>
        <Package cli>
          <Package commands>
            <Module test_cmd.py>
              <Function test_cmd>
            <Module test_metrics_cmd.py>
              <Function test_metrics_cmd>
  <Dir templates>
    <Dir integration>
      <Module sample_integration_test.py>
        <Function test_workflow>
      <Module test_integration_template.py>
        <Class TestComponentIntegration>
          <Function test_end_to_end_workflow>
          <Function test_component_interaction_with_external_service>
          <Function test_error_propagation>
          <Function test_state_changes>
    <Dir unit>
      <Module sample_test.py>
        <Function test_add>
      <Module test_template.py>
        <Class TestComponentName>
          <Function test_happy_path>
          <Function test_edge_case>
          <Function test_error_case>
          <Function test_with_mock>
  <Package tests>
    <Dir acceptance>
      <Dir interface>
        <Module test_tui_wizard_parity.py>
          <Function test_setup_wizard_cli_and_textual_outputs_match>
          <Function test_requirements_wizard_cli_and_textual_match>
    <Package backend_subset>
      <Module test_chromadb_store_import.py>
        <Function test_chromadb_store_import>
      <Module test_optional_backends_smoke.py>
        <Function test_optional_memory_backend_imports[tinydb-devsynth.application.memory.tinydb_store-TinyDBStore]>
        <Function test_optional_memory_backend_imports[duckdb-devsynth.application.memory.duckdb_store-DuckDBStore]>
        <Function test_optional_memory_backend_imports[lmdb-devsynth.application.memory.lmdb_store-LMDBStore]>
        <Function test_optional_memory_backend_imports[kuzu-devsynth.application.memory.kuzu_store-KuzuStore]>
        <Function test_optional_memory_backend_imports[faiss-devsynth.application.memory.faiss_store-FAISSStore]>
        <Function test_optional_memory_backend_imports[chromadb-devsynth.application.memory.chromadb_store-ChromaDBStore]>
    <Package behavior>
      <Package steps>
        <Module test_enhanced_test_infrastructure_steps.py>
          <Function test_results_multiple_categories>
          <Function tests_with_improvements>
          <Function test_collection_performance>
          <Function test_analysis_performance>
        <Module test_performance_and_scalability_steps.py>
          <Function test_baseline_metrics_are_captured>
          <Function test_baseline_throughput_is_calculated>
          <Function test_baseline_duration_is_recorded>
          <Function test_scalability_metrics_are_captured_for_varying_workloads[10000]>
          <Function test_scalability_metrics_are_captured_for_varying_workloads[100000]>
          <Function test_scalability_metrics_are_captured_for_varying_workloads[1000000]>
          <Function test_scalability_metrics_file_is_created>
          <Function test_scalability_throughput_is_calculated>
        <Module test_webui_synthesis_steps.py>
          <Function test_generation_executed>
          <Function test_generation_executed_custom>
      <Module test_agentapi.py>
        <Function test_json_requests_succeeds>
      <Module test_alignment_metrics_command.py>
        <Function test_collect_metrics_successfully>
        <Function test_handle_failure_during_metrics_collection>
      <Module test_cli_help_and_completion.py>
        <Function test_help_notes_include_completion_message>
        <Function test_completion_command_outputs_script>
        <Function test_generate_completion_script_returns_text>
      <Module test_cli_webui_parity.py>
        <Function test_init_parity_succeeds>
        <Function test_spec_parity_succeeds>
        <Function test_code_parity_succeeds>
        <Function test_doctor_parity_succeeds>
      <Module test_dialectical_reasoner_termination_behavior.py>
        <Function test_termination_and_linear_complexity>
      <Module test_documentation_generation.py>
        <Function test_docs_build>
      <Module test_interactive_workflow.py>
        <Function test_run_workflow_cli_succeeds>
        <Function test_run_workflow_webui_succeeds>
      <Module test_marker_auto_injection_guardrail.py>
        <Function test_behavior_requires_explicit_speed_marker>
      <Module test_progress_failover_and_recursion.py>
        <Function test_long_running_progress_records_telemetry>
        <Function test_run_with_long_running_progress_completes_on_exception>
        <Function test_provider_factory_falls_back_to_stub_offline>
        <Function test_recursion_termination_at_max_depth>
      <Module test_sprint_edrr_cycle.py>
        <Function test_sprint_adapter_phase_hooks>
      <Module test_webui_diagnostics_audit.py>
        <Function test_view_dialectical_audit_log>
        <Function test_audit_log_missing>
      <Module test_webui_smoke.py>
        <Function test_webui_layout_config_smoke>
    <Package cli>
      <Module test_devsynth_cli_smoke.py>
        <Function test_devsynth_module_help_invocation>
    <Dir examples>
      <Module test_cli_smoke.py>
        <Function test_doctor_cli_quick_smoke>
        <Function test_run_tests_cli_inventory_smoke>
      <Module test_init_example.py>
        <Function test_init_example_runs_quickly>
    <Package integration>
      <Package adapters>
        <Module test_github_project_adapter.py>
          <Function test_github_project_adapter_config_loading>
        <Module test_jira_adapter.py>
          <Function test_jira_adapter_config_loading>
      <Package agents>
        <Package test_generation>
          <Module test_run_generated_tests.py>
            <Function test_run_generated_tests_pass>
            <Function test_run_generated_tests_failure>
          <Module test_scaffold_generation.py>
            <Function test_scaffold_hook_creates_placeholder>
            <Function test_process_generates_tests_and_scaffolds>
      <Dir api>
        <Module test_api_smoke_import.py>
          <Function test_fastapi_api_import_smoke>
        <Module test_api_startup.py>
          <Function test_api_health_and_metrics_startup_without_binding_ports>
          <Function test_agent_openapi_documents_workflow_models>
      <Package collaboration>
        <Module test_cross_store_memory_sync.py>
          <Function test_consensus_syncs_across_stores>
        <Module test_role_reassignment_shared_memory.py>
          <Function test_role_reassignment_shared_memory>
        <Module test_voting_summary_edrr.py>
          <Function test_voting_summary_in_edrr_phases[Phase.EXPAND]>
          <Function test_voting_summary_in_edrr_phases[Phase.DIFFERENTIATE]>
          <Function test_voting_summary_in_edrr_phases[Phase.REFINE]>
          <Function test_voting_summary_in_edrr_phases[Phase.RETROSPECT]>
      <Package config>
        <Module test_unified_loader.py>
          <Function test_unified_loader_prefers_pyproject_succeeds>
          <Function test_env_var_override_with_custom_path_succeeds>
      <Package deployment>
        <Module test_compose_workflow.py>
          <Function test_setup_env_refuses_root>
          <Function test_check_health_env_permissions>
          <Function test_rollback_requires_tag>
        <Module test_deployment_scripts.py>
          <Function test_bootstrap_env_refuses_root>
          <Function test_health_check_validates_url>
          <Function test_prometheus_exporter_refuses_root>
          <Function test_stack_scripts_env_permissions[start_stack.sh]>
          <Function test_stack_scripts_env_permissions[stop_stack.sh]>
        <Module test_docker_non_root.py>
          <Function test_temporary_container_runs_as_non_root>
        <Module test_end_to_end_deploy.py>
          <Function test_deploy_script_requires_docker>
      <Package edrr>
        <Module test_recursion_security.py>
          <Function test_recursion_threshold_sanitization>
        <Module test_wsde_edrr_integration.py>
          <Class TestWSDEEDRRIntegration>
            <Function test_phase_specific_role_assignment_has_expected>
            <Function test_role_rotation_on_phase_transition_has_expected>
            <Function test_phase_specific_expertise_scoring_succeeds>
            <Function test_dynamic_role_reassignment_and_consensus>
            <Function test_dialectical_hooks_invoked>
      <Package general>
        <Module test_agent_api.py>
          <Function test_init_route_succeeds>
          <Function test_gather_route_succeeds>
          <Function test_synthesize_and_status_succeeds>
          <Function test_spec_route_succeeds>
          <Function test_test_route_succeeds>
          <Function test_code_route_succeeds>
          <Function test_doctor_route_succeeds>
          <Function test_edrr_cycle_route_succeeds>
          <Function test_enhanced_metrics_endpoint_reports_requests>
          <Function test_enhanced_rate_limit_returns_structured_error>
          <Function test_enhanced_init_error_payload>
        <Module test_agent_api_security.py>
          <Function test_api_requires_authentication_succeeds>
          <Function test_api_authentication_disabled_succeeds>
          <Function test_api_error_handling_raises_error>
          <Function test_api_validation_is_valid>
          <Function test_api_health_endpoint_succeeds>
          <Function test_api_metrics_endpoint_succeeds>
        <Module test_agent_collaboration_integration.py>
          <Class TestAgentCollaborationSystem>
            <Function test_register_agent_succeeds>
            <Function test_create_team_succeeds>
            <Function test_create_and_assign_task_succeeds>
            <Function test_execute_task_succeeds>
            <Function test_send_message_succeeds>
            <Function test_execute_workflow_succeeds>
            <Function test_message_protocol_persistence_succeeds>
            <Function test_peer_review_workflow_succeeds>
            <Function test_peer_review_with_team_builds_consensus_and_rotates_roles>
        <Module test_agent_system_integration.py>
          <Function test_base_agent_graph_successful_invocation_succeeds>
          <Function test_base_agent_graph_error_in_input_processing_raises_error>
          <Function test_base_agent_graph_error_in_llm_call_raises_error>
          <Function test_base_agent_graph_llm_response_is_none_for_parsing_raises_error>
        <Module test_agentapi.py>
          <Function test_init_succeeds>
          <Function test_gather_succeeds>
          <Function test_synthesize_and_status_succeeds>
        <Module test_agentapi_routes.py>
          <Function test_init_route_succeeds>
          <Function test_gather_route_succeeds>
          <Function test_synthesize_and_status_succeeds>
        <Module test_anthropic_provider.py>
          <Class TestAnthropicProvider>
            <Function test_generate_integration_succeeds>
            <Function test_generate_with_context_integration_succeeds>
            <Function test_get_embedding_integration_succeeds>
        <Module test_chromadb_client_connection.py>
          <Function test_memory_adapter_uses_ephemeral_client_when_no_network>
        <Module test_cli_webui_agentapi_pipeline.py>
          <Class TestCLIWebUIAgentAPIPipeline>
            <Function test_init_command_pipeline_succeeds>
            <Function test_spec_command_pipeline_succeeds>
            <Function test_test_command_pipeline_succeeds>
            <Function test_code_command_pipeline_succeeds>
            <Function test_edrr_cycle_command_pipeline_succeeds>
            <Function test_error_handling_in_pipeline_raises_error>
            <Function test_webui_command_pipeline_succeeds>
            <Function test_webui_command_error_handling_succeeds>
        <Module test_cli_webui_parity.py>
          <Function test_init_invocations_match_succeeds>
          <Function test_display_result_sanitization_succeeds>
          <Function test_progress_indicator_parity_succeeds>
        <Module test_code_analysis_edrr_integration.py>
          <Function test_agent_type_expert_exists>
          <Function test_code_analysis_in_edrr_workflow_succeeds>
          <Function test_code_transformation_in_edrr_workflow_succeeds>
          <Function test_code_refinement_in_edrr_workflow_succeeds>
        <Module test_code_analysis_wsde_integration.py>
          <Function test_agent_type_expert_exists>
          <Function test_code_analysis_in_wsde_team_succeeds>
          <Function test_code_transformation_in_wsde_team_succeeds>
          <Function test_code_review_collaboration_in_wsde_team_succeeds>
          <Function test_code_refinement_in_wsde_team_succeeds>
        <Module test_collaborative_decision_making.py>
          <Function test_dynamic_role_reassignment_integration_succeeds>
          <Function test_consensus_vote_tie_breaker_succeeds>
        <Module test_collaborative_voting.py>
          <Function test_majority_voting_succeeds>
          <Function test_weighted_voting_succeeds>
          <Function test_voting_result_syncs_to_memory>
        <Module test_complex_workflow.py>
          <Function test_cmd>
          <Class TestComplexWorkflow>
            <Function test_complex_workflow_with_inconsistent_state_succeeds>
        <Module test_comprehensive_workflow.py>
          <Class TestComprehensiveWorkflow>
            <Function test_analyze_external_codebase_succeeds>
            <Function test_project_state_analyzer_with_external_codebase_succeeds>
            <Function test_refactor_workflow_with_external_codebase_succeeds>
            <Function test_end_to_end_workflow_succeeds>
        <Module test_config_loader.py>
          <Function test_load_and_save_yaml_config_succeeds>
          <Function test_load_and_save_pyproject_config_succeeds>
          <Function test_version_mismatch_warning_yaml_succeeds>
          <Function test_version_mismatch_warning_pyproject_succeeds>
        <Module test_config_loader_integration.py>
          <Function test_load_config_from_yaml_succeeds>
          <Function test_load_config_from_pyproject_succeeds>
          <Function test_pyproject_precedence_over_yaml_succeeds>
        <Module test_config_loader_workflow.py>
          <Function test_load_config_merges_defaults_succeeds>
          <Function test_malformed_yaml_raises>
          <Function test_malformed_toml_raises>
        <Module test_critique_workflow.py>
          <Function test_generate_code_todo_triggers_critique_warning>
          <Function test_generate_tests_clean_passes_critique>
        <Module test_delegate_task.py>
          <Function test_delegate_task_team_consensus_succeeds>
          <Function test_delegate_task_no_agents_succeeds>
          <Function test_delegate_task_invalid_task_succeeds>
        <Module test_delegate_task_consensus.py>
          <Function test_delegate_task_team_consensus_succeeds>
          <Function test_critical_decision_majority_vote_succeeds>
          <Function test_critical_decision_tied_vote_falls_back_to_consensus_succeeds>
        <Module test_delegate_task_primus_selection.py>
          <Function test_delegate_task_calls_select_primus_by_expertise_and_updates_primus_succeeds>
          <Function test_primus_rotation_resets_after_all_have_served_succeeds>
        <Module test_delegate_task_workflow.py>
          <Function test_delegate_task_full_workflow_succeeds>
        <Module test_deployment_automation.py>
          <Function test_bootstrap_script_exists_and_builds_images>
          <Function test_health_check_script_exists_and_contains_curl>
          <Function test_publish_image_script_exists_and_pushes>
          <Function test_docker_compose_defines_image_for_devsynth>
          <Function test_rollback_runbook_mentions_scripts>
          <Function test_rollback_script_exists_and_redeploys>
        <Module test_edrr_auto_phase_transition.py>
          <Function test_full_cycle_auto_transition_dynamic_roles_succeeds>
          <Function test_micro_cycle_results_aggregated_succeeds>
        <Module test_edrr_dynamic_roles.py>
          <Function test_dynamic_role_assignment_across_phases_succeeds>
        <Module test_edrr_manifest_dependencies.py>
          <Function test_manifest_dependencies_enforced_succeeds>
        <Module test_edrr_micro_cycle_auto_transition.py>
          <Function test_micro_cycle_auto_transitions_succeeds>
        <Module test_edrr_micro_cycle_context.py>
          <Function test_micro_tasks_context_spawns_cycles_succeeds>
          <Function test_nested_micro_tasks_create_recursive_cycles_succeeds>
        <Module test_edrr_mock_llm_integration.py>
          <Function test_edrr_cycle_with_mock_llm_succeeds>
        <Module test_edrr_peer_review_voting.py>
          <Function test_voting_and_peer_review_succeeds>
        <Module test_edrr_phase_quality_assessment.py>
          <Function test_phase_quality_markers_are_recorded>
        <Module test_edrr_primus_rotation.py>
          <Function test_full_cycle_rotating_primus_succeeds>
        <Module test_edrr_real_llm_integration.py>
          <Function test_edrr_cycle_with_real_llm_has_expected[openai]>
          <Function test_edrr_cycle_with_real_llm_has_expected[lmstudio]>
          <Function test_edrr_cycle_with_real_project_succeeds[openai]>
          <Function test_edrr_cycle_with_real_project_succeeds[lmstudio]>
        <Module test_end_to_end_workflow.py>
          <Function test_cmd>
          <Class TestEndToEndWorkflow>
            <Function test_complete_workflow_succeeds>
            <Function test_inconsistent_project_workflow_succeeds>
        <Module test_feature_flag_integration.py>
          <Class TestEDRRPhaseTransitions>
            <Function test_auto_transitions_enabled_succeeds>
            <Function test_manual_transitions_when_disabled_succeeds>
          <Class TestWSDECollaboration>
            <Function test_collaboration_enabled_succeeds>
            <Function test_collaboration_disabled_succeeds>
            <Function test_collaboration_no_agents_succeeds>
        <Module test_graph_memory_edrr_integration.py>
          <Class TestGraphMemoryEDRRIntegration>
            <Function test_edrr_cycle_with_graph_memory_succeeds>
            <Function test_memory_volatility_with_edrr_succeeds>
            <Function test_query_edrr_phases_from_graph_has_expected>
            <Function test_relationships_across_edrr_phases_has_expected>
            <Function test_cross_store_sync_with_memory_manager>
            <Function test_transaction_rollback_reverts_changes>
        <Module test_graph_memory_error_handling.py>
          <Class TestGraphMemoryErrorHandling>
            <Function test_store_with_invalid_path_raises_permission_error>
            <Function test_retrieve_nonexistent_item_succeeds>
            <Function test_delete_nonexistent_item_succeeds>
            <Function test_search_with_invalid_criteria_returns_empty_list>
            <Function test_query_related_items_nonexistent_succeeds>
            <Function test_store_with_corrupted_graph_raises_memory_store_error>
            <Function test_concurrent_access_succeeds>
            <Function test_store_and_retrieve_with_special_characters_succeeds>
            <Function test_store_and_retrieve_with_unicode_characters_succeeds>
            <Function test_store_with_very_large_content_succeeds>
        <Module test_ingestion_pipeline.py>
          <Function test_ingest_cmd_non_interactive_priority_persists>
          <Function test_cli_ingest_respects_env_non_interactive>
          <Class TestIngestionMetrics>
            <Function test_metrics_initialization_succeeds>
            <Function test_phase_timing_has_expected>
            <Function test_complete_metrics_succeeds>
            <Function test_get_summary_succeeds>
          <Class TestIngestion>
            <Function test_initialization_succeeds>
            <Function test_initialization_with_nonexistent_project_root_succeeds>
            <Function test_load_manifest_succeeds>
            <Function test_load_manifest_file_not_found_succeeds>
            <Function test_load_manifest_invalid_yaml_is_valid>
            <Function test_load_manifest_missing_required_fields_succeeds>
            <Function test_run_ingestion_succeeds>
            <Function test_run_ingestion_with_error_raises_error>
            <Function test_expand_phase_has_expected>
            <Function test_differentiate_phase_has_expected>
            <Function test_refine_phase_has_expected>
            <Function test_retrospect_phase_has_expected>
            <Function test_evaluate_ingestion_process_succeeds>
            <Function test_identify_improvement_areas_succeeds>
            <Function test_generate_recommendations_succeeds>
            <Function test_save_refined_data_succeeds>
            <Function test_generate_markdown_summary_succeeds>
            <Function test_full_pipeline_functions_has_expected>
          <Function test_sync_manager_persistence_across_backends>
          <Function test_kuzu_fallback_to_chromadb>
        <Module test_kuzu_adapter_transactions.py>
          <Function test_kuzu_adapter_transaction_persistence>
        <Module test_kuzu_memory_fallback.py>
          <Function test_memory_system_falls_back_when_kuzu_unavailable>
        <Module test_kuzu_memory_integration.py>
          <Function test_kuzu_memory_vector_integration_succeeds[kuzu_store]>
          <Function test_kuzu_memory_vector_integration_succeeds[kuzu_store_embedded]>
          <Function test_create_for_testing_with_kuzu[kuzu_store]>
          <Function test_create_for_testing_with_kuzu[kuzu_store_embedded]>
          <Function test_ephemeral_store_cleanup>
          <Function test_ephemeral_store_startup_respects_env>
          <Function test_configured_path_usage>
          <Function test_provider_fallback_on_empty_embedding>
          <Function test_create_ephemeral_embedded_mode>
          <Function test_kuzu_embedded_env_setting[True]>
          <Function test_kuzu_embedded_env_setting[False]>
          <Function test_kuzu_embedded_module_export>
          <Function test_kuzu_adapter_ephemeral_cleanup>
        <Module test_lmstudio_integration_basic.py>
          <Function test_lmstudio_provider_import>
          <Function test_lmstudio_provider_registration>
          <Function test_lmstudio_provider_initialization>
          <Function test_configuration_loading>
          <Function test_lmstudio_health_check>
        <Module test_lmstudio_integration_comprehensive.py>
          <Function test_lmstudio_integration>
          <Function test_mock_lmstudio_scenario>
        <Module test_lmstudio_integration_real.py>
          <Function test_real_lmstudio_integration>
          <Function test_lmstudio_models>
        <Module test_lmstudio_integration_regression.py>
          <Class TestLMStudioIntegrationRegression>
            <Function test_lmstudio_provider_registration>
            <Function test_lmstudio_configuration_loading>
            <Function test_lmstudio_settings_extraction>
            <Function test_lmstudio_provider_initialization_with_defaults>
            <Function test_lmstudio_provider_mock_initialization>
            <Function test_lmstudio_environment_variable_handling>
            <Function test_lmstudio_config_file_integration>
        <Module test_lmstudio_integration_standalone.py>
          <Function test_lmstudio_integration>
          <Function test_mock_lmstudio_scenario>
        <Module test_lmstudio_provider.py>
          <Class TestLMStudioProvider>
            <Function test_init_with_default_config_succeeds>
            <Function test_init_with_specified_model_succeeds>
            <Function test_init_with_connection_error_succeeds>
            <Function test_list_available_models_error_fails>
            <Function test_list_available_models_integration_succeeds>
            <Function test_generate_integration_succeeds>
            <Function test_generate_with_connection_error_succeeds>
            <Function test_generate_with_invalid_response_returns_expected_result>
            <Function test_generate_with_context_integration_succeeds>
        <Module test_memory_agent_integration.py>
          <Class TestMemoryAgentIntegration>
            <Function test_agent_can_store_and_retrieve_memory_succeeds>
            <Function test_agent_can_search_memory_succeeds>
            <Function test_agent_can_update_memory_succeeds>
            <Function test_agent_can_delete_memory_succeeds>
            <Function test_multiple_agents_can_share_memory_succeeds>
            <Function test_agent_memory_isolation_succeeds>
            <Function test_agent_memory_with_context_succeeds>
            <Function test_persistent_sync_across_stores>
            <Function test_sync_manager_transaction_rolls_back_succeeds>
        <Module test_multi_agent_roles_and_voting.py>
          <Function test_role_rotation_succeeds>
          <Function test_consensus_vote_with_non_unanimous_votes_succeeds>
          <Function test_agent_adapter_multi_agent_workflow_succeeds>
        <Module test_multi_store_sync_manager.py>
          <Function test_multi_store_sync_and_persistence>
          <Function test_multi_store_transaction_persistence>
        <Module test_non_hierarchical_decision.py>
          <Function test_non_hierarchical_conflict_resolution_succeeds>
        <Module test_openai_provider.py>
          <Class TestOpenAIProvider>
            <Function test_init_with_default_config_succeeds>
            <Function test_init_with_specified_model_succeeds>
            <Function test_init_without_api_key_uses_stub_in_offline>
            <Function test_generate_with_connection_error_succeeds>
            <Function test_generate_with_context_succeeds>
            <Function test_get_embedding_succeeds>
            <Function test_generate_integration_succeeds>
            <Function test_generate_with_context_integration_succeeds>
            <Function test_get_embedding_integration_succeeds>
        <Module test_project_state_analyzer.py>
          <Class TestProjectStateAnalyzer>
            <Function test_analyze_devsynth_project_succeeds>
            <Function test_analyze_with_missing_files_succeeds>
            <Function test_analyze_with_requirements_and_code_succeeds>
        <Module test_prompt_auto_tuning.py>
          <Function test_auto_tuner_disabled_by_default_succeeds>
          <Function test_prompt_auto_tuning_feedback_loop_succeeds>
        <Module test_provider_system_async.py>
          <Coroutine test_openai_provider_acomplete>
          <Coroutine test_acomplete_function>
          <Coroutine test_aembed_function>
          <Coroutine test_fallback_provider_acomplete>
          <Coroutine test_fallback_provider_aembed>
        <Module test_provider_system_configurations.py>
          <Class TestProviderConfigurations>
            <Function test_openai_provider_with_different_models_has_expected>
            <Function test_openai_provider_with_different_parameters_has_expected>
            <Function test_lm_studio_provider_with_different_endpoints_has_expected>
            <Function test_lm_studio_provider_with_different_parameters_has_expected>
            <Function test_fallback_provider_with_different_configurations_has_expected>
            <Function test_provider_system_with_different_default_providers_has_expected>
            <Function test_provider_system_with_context_aware_completion_has_expected>
        <Module test_query_router_integration.py>
          <Class TestQueryRouterIntegration>
            <Function test_direct_query>
            <Function test_cross_store_query>
            <Function test_cross_store_query_subset>
            <Function test_federated_query>
        <Module test_recursive_recovery_flow.py>
          <Function test_recursive_recovery_flow>
        <Module test_refactor_workflow.py>
          <Class TestRefactorWorkflowManager>
            <Function test_analyze_project_state_succeeds>
            <Function test_determine_optimal_workflow_succeeds>
            <Function test_suggest_next_steps_succeeds>
            <Function test_initialize_workflow_succeeds>
            <Function test_execute_refactor_workflow_succeeds>
        <Module test_requirements_gathering.py>
          <Function test_gather_updates_config_succeeds>
          <Function test_requirements_wizard_persists_priority_succeeds>
          <Function test_requirements_wizard_backtracks_priority_succeeds>
          <Function test_gather_cmd_logging_exc_info_succeeds>
        <Module test_self_analyzer.py>
          <Class TestSelfAnalyzer>
            <Function test_analyze_devsynth_codebase_succeeds>
            <Function test_architecture_violations_succeeds>
            <Function test_improvement_opportunities_succeeds>
        <Module test_sprint_edrr_integration.py>
          <Function test_requirements_analysis_updates_sprint_plan>
          <Function test_sprint_ceremonies_mapped_to_edrr_phases>
          <Function test_retrospective_evaluation_logged>
        <Module test_webui_e2e_workflows.py>
          <Function test_analysis_to_synthesis_workflow_succeeds>
          <Function test_config_to_analysis_workflow_succeeds>
          <Function test_complete_e2e_workflow_succeeds>
          <Function test_error_handling_in_workflow_succeeds>
          <Function test_state_preservation_in_workflow_succeeds>
        <Module test_webui_pages.py>
          <Function test_webui_pages_invoke_commands_succeeds>
        <Module test_webui_setup.py>
          <Function test_guided_setup_button_invokes_wizard_succeeds>
          <Function test_offline_toggle_saves_config_succeeds>
          <Function test_webui_bridge_error_display_succeeds>
        <Module test_wsde_edrr_component_interactions.py>
          <Class TestWSDEEDRRComponentInteractions>
            <Function test_wsde_team_role_assignment_in_edrr_phases_has_expected>
            <Function test_wsde_method_calls_in_edrr_phases_has_expected>
            <Function test_memory_integration_in_edrr_wsde_workflow_succeeds>
            <Function test_error_handling_in_edrr_wsde_integration_raises_error>
            <Function test_phase_progression_flushes_memory_queue>
            <Function test_memory_sync_hook_receives_events>
            <Function test_retrospective_flushes_pending_memory_without_record>
            <Function test_role_assignment_mapping_is_accessible>
        <Module test_wsde_edrr_integration_advanced.py>
          <Function test_phase_specific_role_assignment_has_expected>
          <Function test_quality_based_phase_transitions_has_expected>
          <Function test_micro_cycle_implementation_succeeds>
          <Function test_error_handling_and_recovery_raises_error>
          <Function test_performance_metrics_and_traceability_succeeds>
          <Function test_memory_sync_hook_handles_wsde_events>
        <Module test_wsde_edrr_integration_end_to_end.py>
          <Function test_wsde_edrr_integration_end_to_end_succeeds>
          <Function test_multi_agent_collaboration_with_memory_succeeds>
          <Function test_dialectical_reasoning_in_full_workflow_succeeds>
          <Function test_peer_review_integration_in_edrr_workflow_succeeds>
          <Function test_retrospective_phase_synchronizes_memory>
          <Function test_memory_sync_hook_captures_events_during_team_sync>
        <Module test_wsde_memory_edrr_integration.py>
          <Function test_store_and_retrieve_solution_by_phase_succeeds>
          <Function test_cross_store_sync_and_peer_review_workflow>
          <Function test_sync_manager_coordinated_backends>
        <Module test_wsde_peer_review_memory_integration.py>
          <Function test_memory_manager_passed_to_team>
          <Function test_memory_manager_passed_to_peer_review>
          <Function test_peer_review_stores_in_memory>
          <Function test_full_peer_review_workflow_with_memory>
          <Function test_cross_store_synchronization>
        <Module test_wsde_peer_review_workflow.py>
          <Function test_run_peer_review_workflow>
      <Package generated>
        <Module test_generated_module.py>
          <Function test_generated_module_workflow>
        <Module test_run_generated_tests.py>
          <Function test_run_generated_tests_success>
          <Function test_run_generated_tests_failure>
      <Package generated_tests>
        <Module test_scaffold_output.py>
          <Function test_scaffold_integration_tests_creates_files>
      <Package interface>
        <Module test_bridge_consistency.py>
          <Function test_bridge_output_consistency_succeeds>
          <Function test_bridge_method_signatures_succeeds>
        <Module test_multi_agent_collaboration.py>
          <Function test_cli_and_api_bridges_multi_agent_consistent>
          <Function test_vote_with_role_reassignment_succeeds>
          <Function test_dynamic_role_reassignment_changes_primus>
        <Module test_mvuu_dashboard_report.py>
          <Function test_dashboard_renders_from_generated_report>
        <Module test_small_workflow_bridge.py>
          <Function test_cli_and_api_bridges_consistent_succeeds>
        <Module test_webui_cli_lookup.py>
          <Function test_cli_fallback_to_cli_module>
        <Module test_webui_flow.py>
          <Function test_webui_navigation_prompt_and_command>
          <Function test_webui_run_resets_invalid_navigation>
          <Function test_command_error_feedback_surfaces_actionable_guidance>
        <Module test_webui_run_navigation.py>
          <Function test_run_injects_assets_and_resets_navigation>
          <Function test_run_handles_page_config_errors>
      <Dir live>
        <Module test_lmstudio_live_smoke.py>
          <Function test_lmstudio_models_ping_live_smoke>
        <Module test_openai_live_smoke.py>
          <Function test_openai_chat_completion_live_smoke>
          <Function test_openai_embeddings_live_smoke>
      <Package llm>
        <Module test_critical_llm_workflows.py>
          <Class TestCriticalLLMWorkflows>
            <Function test_edrr_framework_with_real_llm>
            <Function test_code_generation_and_syntax_analysis>
            <Function test_requirement_analysis_with_llm>
            <Function test_memory_and_knowledge_graph_operations>
            <Function test_agent_coordination_with_llm>
            <Function test_documentation_generation>
            <Function test_cross_provider_consistency>
            <Function test_llm_powered_code_improvement_workflow>
            <Function test_llm_powered_test_generation_workflow>
            <Function test_llm_powered_requirement_expansion>
            <Function test_performance_comparison_across_models>
            <Function test_memory_persistence_and_retrieval>
            <Function test_complex_multi_agent_workflow>
            <Function test_error_recovery_and_resilience>
            <Function test_multi_provider_code_generation_workflow[provider_config0]>
            <Function test_multi_provider_code_generation_workflow[provider_config1]>
            <Function test_multi_provider_code_generation_workflow[provider_config2]>
            <Function test_multi_provider_test_generation_workflow[provider_config0]>
            <Function test_multi_provider_test_generation_workflow[provider_config1]>
            <Function test_multi_provider_test_generation_workflow[provider_config2]>
            <Function test_multi_provider_documentation_workflow[provider_config0]>
            <Function test_multi_provider_documentation_workflow[provider_config1]>
            <Function test_multi_provider_documentation_workflow[provider_config2]>
            <Function test_real_world_scenario_simulation>
        <Module test_lmstudio_live_integration.py>
          <Class TestLMStudioLiveIntegration>
            <Function test_server_availability_detection>
            <Function test_available_models_detection>
            <Function test_basic_generation_with_auto_model>
            <Function test_basic_generation_with_specific_model>
            <Function test_context_generation_with_models>
            <Function test_parameter_variations>
            <Function test_performance_benchmarks>
            <Function test_token_tracking_integration>
            <Function test_error_handling_with_real_server>
            <Function test_model_switching_performance>
            <Function test_concurrent_requests_handling>
            <Function test_long_context_handling>
            <Function test_response_quality_assessment>
          <Class TestLMStudioIntegrationEdgeCases>
            <Function test_very_long_prompt_handling>
            <Function test_unicode_and_special_characters>
            <Function test_empty_and_whitespace_prompts>
            <Function test_server_timeout_handling>
          <Class TestLMStudioIntegrationPerformance>
            <Function test_latency_benchmarks_across_models>
            <Function test_throughput_measurement>
        <Module test_lmstudio_streaming.py>
          <Class TestLMStudioStreaming>
            <Function test_generate_streaming_returns_expected>
            <Function test_generate_with_context_streaming_returns_expected>
        <Module test_lmstudio_timing_baseline.py>
          <Function test_small_prompt_timing>
          <Function test_medium_prompt_timing>
          <Function test_large_prompt_timing>
          <Function test_timeout_configuration_sanity>
        <Module test_openai_live_integration.py>
          <Class TestOpenAILiveIntegration>
            <Function test_basic_generation_gpt_35_turbo>
            <Function test_basic_generation_gpt_4>
            <Function test_basic_generation_gpt_4o>
            <Function test_context_generation_with_all_models>
            <Function test_embedding_generation>
            <Function test_parameter_variations>
            <Function test_performance_benchmarks>
            <Function test_token_tracking_integration>
            <Function test_error_handling_with_real_api>
            <Function test_rate_limiting_behavior>
            <Function test_model_switching_performance>
            <Function test_concurrent_requests_handling>
            <Function test_provider_availability_check>
            <Function test_long_context_handling>
            <Function test_response_quality_assessment>
          <Class TestOpenAIIntegrationEdgeCases>
            <Function test_very_long_prompt_handling>
            <Function test_unicode_and_special_characters>
            <Function test_empty_and_whitespace_prompts>
            <Function test_provider_initialization_with_different_models>
          <Class TestOpenAIIntegrationPerformance>
            <Function test_latency_benchmarks_across_models>
            <Function test_throughput_measurement>
        <Module test_openrouter_live_integration.py>
          <Class TestOpenRouterLiveIntegration>
            <Function test_basic_generation_gemini_flash>
            <Function test_basic_generation_llama_8b>
            <Function test_basic_generation_mistral_7b>
            <Function test_context_generation_with_all_models>
            <Function test_embedding_generation>
            <Function test_parameter_variations>
            <Function test_performance_benchmarks>
            <Function test_token_tracking_integration>
            <Function test_error_handling_with_real_api>
            <Function test_rate_limiting_behavior>
            <Function test_model_switching_performance>
            <Function test_concurrent_requests_handling>
            <Function test_provider_availability_check>
            <Function test_long_context_handling>
            <Function test_response_quality_assessment>
            <Function test_cross_provider_consistency>
          <Class TestOpenRouterIntegrationEdgeCases>
            <Function test_very_long_prompt_handling>
            <Function test_unicode_and_special_characters>
            <Function test_empty_and_whitespace_prompts>
            <Function test_provider_initialization_with_different_models>
          <Class TestOpenRouterIntegrationPerformance>
            <Function test_latency_benchmarks_across_models>
            <Function test_throughput_measurement>
        <Module test_provider_consistency.py>
          <Class TestProviderInterfaceConsistency>
            <Function test_provider_has_required_methods[openrouter]>
            <Function test_provider_has_required_methods[openai]>
            <Function test_provider_has_required_methods[lmstudio]>
            <Function test_provider_has_required_methods[offline]>
            <Function test_provider_method_signatures_consistent[openrouter]>
            <Function test_provider_method_signatures_consistent[openai]>
            <Function test_provider_method_signatures_consistent[lmstudio]>
            <Function test_provider_method_signatures_consistent[offline]>
            <Function test_provider_error_handling_consistency[openrouter]>
            <Function test_provider_error_handling_consistency[openai]>
            <Function test_provider_error_handling_consistency[lmstudio]>
            <Function test_provider_error_handling_consistency[offline]>
          <Class TestProviderErrorConsistency>
            <Function test_authentication_error_consistency[openrouter]>
            <Function test_authentication_error_consistency[openai]>
            <Function test_authentication_error_consistency[lmstudio]>
            <Function test_authentication_error_consistency[offline]>
            <Function test_configuration_error_consistency[openrouter]>
            <Function test_configuration_error_consistency[openai]>
            <Function test_configuration_error_consistency[lmstudio]>
            <Function test_configuration_error_consistency[offline]>
          <Class TestProviderConfigurationConsistency>
            <Function test_standardized_config_acceptance[openrouter]>
            <Function test_standardized_config_acceptance[openai]>
            <Function test_standardized_config_acceptance[lmstudio]>
            <Function test_standardized_config_acceptance[offline]>
            <Function test_environment_variable_consistency[openrouter]>
            <Function test_environment_variable_consistency[openai]>
            <Function test_environment_variable_consistency[lmstudio]>
            <Function test_environment_variable_consistency[offline]>
          <Class TestProviderPerformanceConsistency>
            <Function test_response_time_consistency[openrouter]>
            <Function test_response_time_consistency[openai]>
            <Function test_response_time_consistency[lmstudio]>
            <Function test_response_time_consistency[offline]>
            <Function test_token_usage_consistency[openrouter]>
            <Function test_token_usage_consistency[openai]>
            <Function test_token_usage_consistency[lmstudio]>
            <Function test_token_usage_consistency[offline]>
          <Class TestProviderBehaviorConsistency>
            <Function test_generation_behavior_consistency[openrouter]>
            <Function test_generation_behavior_consistency[openai]>
            <Function test_generation_behavior_consistency[lmstudio]>
            <Function test_generation_behavior_consistency[offline]>
            <Function test_context_behavior_consistency[openrouter]>
            <Function test_context_behavior_consistency[openai]>
            <Function test_context_behavior_consistency[lmstudio]>
            <Function test_context_behavior_consistency[offline]>
        <Module test_provider_selection_integration.py>
          <Function test_offline_mode_returns_offline_provider_for_app_wrapper>
          <Function test_offline_mode_returns_offline_provider_for_providers_module>
          <Function test_openai_without_api_key_raises_validation_error_in_providers>
          <Function test_openai_without_api_key_raises_connection_error_in_app_wrapper>
      <Package memory>
        <Module test_backend_persistence.py>
          <Function test_multi_store_persistence>
        <Module test_chromadb_adapter_transactions.py>
          <Function test_chromadb_transaction_commit_and_rollback>
        <Module test_chromadb_fallback.py>
          <Function test_chromadb_falls_back_to_ephemeral_client>
        <Module test_circuit_breaker_integration.py>
          <Function test_circuit_breaker_resets_after_timeout>
        <Module test_cross_store_query.py>
          <Function test_cross_store_query_returns_results>
        <Module test_cross_store_sync.py>
          <Function test_store_and_retrieve_round_trip>
          <Function test_search_by_memory_type_and_metadata_filters>
          <Function test_delete_removes_item>
          <Function test_transactions_commit_and_rollback>
          <Function test_cross_store_sync_copies_missing_items>
          <Function test_cross_store_sync_with_chromadb_if_available>
        <Module test_cross_store_transactions.py>
          <Function test_cross_store_transaction_commit>
          <Function test_cross_store_query_emits_typed_results>
          <Function test_cross_store_transaction_rollback>
        <Module test_faiss_transactions.py>
          <Function test_faiss_transaction_commit_and_rollback>
        <Module test_multistore_transaction_wrapper.py>
          <Function test_transaction_context_commit_and_rollback>
        <Module test_reverse_sync_retrieval.py>
          <Function test_bidirectional_persistence_and_retrieval>
        <Module test_sync_manager_core_transactions.py>
          <Function test_synchronize_core_commit>
          <Function test_synchronize_core_rollback>
        <Module test_transaction_failure_recovery.py>
          <Function test_commit_failure_triggers_rollback>
        <Module test_transactional_sync.py>
          <Function test_transactional_sync_rollback>
      <Package mvu>
        <Module test_atomic_rewrite_round_trip.py>
          <Function test_atomic_rewrite_round_trip>
        <Module test_command_execution.py>
          <Function test_mvu_exec_runs_command>
          <Function test_mvu_exec_propagates_error>
        <Module test_report_generation.py>
          <Function test_report_generation>
      <Package sprint_edrr>
        <Module test_ceremony_phase_alignment.py>
          <Function test_default_ceremony_mapping_aligns_with_edrr>
        <Module test_sprint_edrr_integration.py>
          <Function test_sprint_planning_cmd_maps_requirements>
          <Function test_wsde_team_coordinator_aggregates_retrospective>
      <Package templates>
        <Module test_generated_module.py>
          <Function test_generated_module_workflow>
      <Module test_real_world_scenarios.py>
        <Class TestRealWorldScenarios>
          <Function test_task_manager_cli_workflow>
          <Function test_finance_tracker_api_workflow>
          <Function test_file_organizer_gui_workflow>
          <Function test_edrr_methodology_validation>
        <Class TestDevSynthWorkflowIntegration>
          <Function test_init_command_creates_project_structure>
          <Function test_workflow_artifact_generation>
      <Package utils>
        <Module test_logging_integration.py>
          <Function test_setup_logging_returns_project_logger>
          <Function test_log_normalizes_exception>
      <Dir webui>
        <Module test_mvuu_dashboard_entrypoint.py>
          <Function test_mvuu_dashboard_entrypoint_loads>
        <Module test_streamlit_import.py>
          <Function test_webui_module_import_smoke_no_side_effects>
      <Package wsde>
        <Module test_wsde_edrr_integration.py>
          <Function test_message_persisted_with_edrr_phase>
    <Package performance>
      <Module test_api_benchmarks.py>
        <Function test_health_endpoint_benchmark>
      <Module test_cache_benchmarks.py>
        <Function test_cache_put_benchmark>
        <Function test_cache_get_benchmark>
      <Module test_layered_cache_bench.py>
        <Function test_layered_cache_promotion_benchmark>
      <Module test_memory_adapter_simulation.py>
        <Function test_memory_adapter_store_simulation[TinyDB]>
        <Function test_memory_adapter_store_simulation[DuckDB]>
        <Function test_memory_adapter_store_simulation[LMDB]>
        <Function test_memory_adapter_store_simulation[Kuzu]>
      <Module test_memory_benchmark.py>
        <Function test_memory_search_benchmark>
      <Module test_memory_benchmarks.py>
        <Function test_memory_store_benchmark>
        <Function test_memory_query_benchmark>
        <Function test_json_store_write_benchmark>
        <Function test_json_store_search_benchmark>
      <Module test_multi_agent_benchmarks.py>
        <Function test_multi_agent_workload_benchmark>
      <Module test_orchestration_benchmarks.py>
        <Function test_workflow_execution_benchmark>
      <Module test_performance_metrics.py>
        <Function test_baseline_metrics>
        <Function test_scalability_metrics>
      <Module test_provider_benchmarks.py>
        <Function test_offline_generate_benchmark>
        <Function test_offline_embedding_benchmark>
      <Module test_provider_factory_benchmarks.py>
        <Function test_provider_factory_openai_benchmark>
        <Function test_provider_factory_fallback_benchmark>
      <Module test_smoke_benchmarks.py>
        <Function test_benchmark_requirements_update_speed>
        <Function test_benchmark_dialectical_prioritization_speed_simple_input>
    <Module test_speed_dummy.py>
      <Function test_speed_dummy>
    <Module test_verify_issue_references.py>
      <Function test_scan_file_reports_missing_issue>
      <Function test_scan_file_accepts_valid_issue>
    <Module test_verify_test_markers.py>
      <Function test_parameterized_marker_counts>
      <Function test_reports_collection_errors>
    <Package unit>
      <Package adapters>
        <Package cli>
          <Module test_typer_adapter.py>
            <Function test_build_app_returns_expected_result>
            <Function test_warn_if_features_disabled_all_disabled_succeeds>
            <Function test_warn_if_features_disabled_some_enabled_succeeds>
            <Function test_warn_if_features_disabled_exception_raises_error>
            <Function test_show_help_succeeds>
            <Function test_show_help_table_mode>
            <Function test_show_help_invalid_mode_raises>
            <Function test_parse_args_has_expected>
            <Function test_run_cli_succeeds>
            <Function test_completion_cmd_displays_script>
            <Function test_dashboard_hook_option_registers>
            <Function test_format_cli_error_usage_hint>
            <Function test_format_cli_error_runtime_hint>
            <Function test_command_help_format_includes_sections>
        <Package issues>
          <Module test_github_adapter.py>
            <Function test_fetch_github_issue>
          <Module test_jira_adapter.py>
            <Function test_fetch_jira_issue>
          <Module test_mvu_enrichment.py>
            <Function test_get_by_trace_id_enriches>
        <Package llm>
          <Module test_llm_adapter.py>
            <Function test_llm_provider_config_normalizes_mapping>
            <Function test_llm_provider_config_without_parameters_returns_none>
            <Function test_default_factory_delegates_to_global_registry>
            <Function test_create_provider_uses_injected_factory>
            <Function test_create_provider_emits_typed_error_for_unknown_provider>
            <Function test_create_provider_maps_registered_message>
            <Function test_register_provider_type_propagates_factory_rejection>
            <Function test_register_provider_type_success>
            <Function test_unknown_llm_provider_error_preserves_cause>
          <Module test_mock_llm_adapter_streaming.py>
            <Coroutine test_generate_stream_returns_chunks>
            <Coroutine test_generate_with_context_stream_returns_chunks>
            <Function test_chunk_response_helper_respects_chunk_size>
            <Coroutine test_stream_chunks_yields_all_segments>
          <Module test_mock_llm_adapter_sync.py>
            <Function test_mock_response_template_serializes>
            <Function test_config_round_trip_preserves_defaults>
            <Function test_generate_matches_custom_template>
            <Function test_generate_uses_default_when_no_template_matches>
            <Function test_config_from_mapping_coerces_sequences>
            <Function test_config_from_mapping_falls_back_to_defaults>
            <Function test_adapter_initialises_from_mapping>
            <Coroutine test_generate_stream_propagates_generate_failure>
        <Package memory>
          <Module test_kuzu_adapter.py>
            <Function test_ephemeral_adapter_cleanup>
          <Module test_memory_adapter.py>
            <Class TestMemorySystemAdapter>
              <Function test_init_with_file_storage_succeeds>
              <Function test_init_with_tinydb_storage_succeeds>
              <Function test_init_with_duckdb_storage_succeeds>
              <Function test_init_with_lmdb_storage_succeeds>
              <Function test_init_with_kuzu_storage_succeeds>
              <Function test_init_with_faiss_storage_succeeds>
              <Function test_faiss_vector_store_operations_succeeds>
              <Function test_memory_and_vector_store_integration_succeeds>
              <Function test_init_with_rdflib_storage_succeeds>
              <Function test_init_with_in_memory_storage_succeeds>
              <Function test_lmdb_synchronizes_to_kuzu>
              <Function test_faiss_vectors_synchronize_to_kuzu>
          <Module test_memory_adapter_factory.py>
            <Function test_create_for_testing_defaults_to_memory>
            <Function test_create_for_testing_file_does_not_create_path>
            <Function test_create_for_testing_kuzu_avoids_attribute_error>
          <Module test_memory_adapter_transactions.py>
            <Function test_begin_transaction_unsupported_store_raises_error>
            <Function test_commit_transaction_unsupported_store_raises_error>
          <Module test_vector_store_provider_factory.py>
            <Function test_register_and_create_succeeds>
            <Function test_unknown_type_succeeds>
        <Package providers>
          <Module test_embeddings.py>
            <Function test_openai_provider_embed_calls_api_succeeds>
            <Function test_openai_provider_aembed_calls_api[asyncio]>
            <Function test_aembed_function_success_with_lmstudio[asyncio]>
            <Function test_aembed_function_error_propagation[asyncio]>
            <Function test_openai_provider_aembed_calls_api[trio]>
            <Function test_aembed_function_success_with_lmstudio[trio]>
            <Function test_aembed_function_error_propagation[trio]>
            <Function test_lmstudio_provider_embed_calls_api_succeeds>
            <Function test_embed_function_success_with_lmstudio_succeeds>
            <Function test_lmstudio_provider_embed_error_succeeds>
          <Module test_fallback.py>
            <Function test_retry_with_exponential_backoff_success_succeeds>
            <Function test_retry_with_exponential_backoff_failure_raises_error>
            <Function test_retry_with_exponential_backoff_jitter_succeeds>
            <Function test_retry_with_exponential_backoff_on_retry_callback_succeeds>
            <Function test_retry_with_exponential_backoff_retryable_exceptions_raises_error>
            <Function test_retry_with_exponential_backoff_no_jitter_succeeds>
          <Module test_provider_factory.py>
            <Function test_explicit_openai_missing_key_raises>
            <Function test_create_provider_default_with_missing_key_succeeds>
            <Function test_create_provider_openai_succeeds>
        <Module test_agent_adapter.py>
          <Function test_factory_initializes_agent_with_config_payload>
          <Function test_delegate_task_builds_consensus_payload_from_solutions>
          <Function test_process_task_without_agents_raises_validation_error>
          <Function test_coerce_task_solutions_filters_invalid_entries>
          <Function test_import_agent_falls_back_on_error>
          <Function test_import_agent_rejects_non_class>
          <Function test_lookup_agent_class_caches_results>
          <Function test_delegate_task_handles_processing_failures>
          <Function test_delegate_task_handles_critical_decisions>
          <Function test_delegate_task_requires_active_team>
          <Function test_agent_adapter_process_task_single_agent_flow>
          <Function test_agent_initialization_payload_handles_unknown_type>
          <Function test_coerce_helpers_normalize_inputs>
          <Function test_unified_agent_fallback_behaviour>
          <Function test_load_default_config_uses_yaml_loader>
          <Function test_lookup_agent_class_uses_future_specs>
          <Function test_create_team_uses_collaborative_when_memory_manager>
          <Function test_add_agent_creates_default_team>
          <Function test_agent_adapter_process_task_multi_agent_path>
        <Module test_backend_resource_gates.py>
          <Function test_chromadb_adapter_imports>
          <Function test_kuzu_adapter_imports>
          <Function test_faiss_store_imports_and_minimal>
        <Module test_chromadb_memory_store_unit.py>
          <Function test_transaction_commit_and_delete>
          <Function test_provider_fallback_uses_default_embedder>
          <Function test_store_raises_after_retries>
          <Function test_search_handles_empty_results>
          <Function test_commit_failure_marks_transaction>
          <Function test_rollback_transaction_states>
        <Module test_fake_memory_store.py>
          <Function test_fake_memory_store_store_retrieve_search_delete_and_txn>
          <Function test_fake_vector_store_similarity_and_stats>
        <Module test_github_project_adapter.py>
          <Function test_payload_serialization>
          <Function test_graphql_request_payload_and_helpers>
          <Function test_sync_board_creates_columns_and_cards>
          <Function test_fetch_and_mutations_with_stub_client>
          <Function test_graphql_missing_data_raises>
          <Function test_sync_board_skips_existing_items>
          <Function test_sync_board_raises_on_graphql_errors>
          <Function test_graphql_error_formatting_handles_missing_messages>
        <Module test_jira_adapter.py>
          <Function test_create_issue_payload_serialization>
          <Function test_transition_issue_missing_status>
          <Function test_create_issue_http_error_surfaced>
        <Module test_kuzu_memory_store.py>
          <Function test_store_and_search_succeeds>
          <Function test_create_ephemeral_fallback>
          <Function test_create_ephemeral_embedded>
          <Function test_store_failure_raises_memory_store_error>
          <Function test_delete_returns_false_on_error>
        <Module test_onnx_runtime_adapter.py>
          <Class TestONNXRuntimeAdapter>
            <Function test_init_creates_empty_adapter>
            <Function test_load_model_sets_session>
            <Function test_run_without_loaded_model_raises_error>
            <Function test_run_with_loaded_model_calls_session_run>
            <Function test_run_handles_multiple_outputs>
            <Function test_run_handles_empty_inputs>
            <Function test_run_propagates_onnx_exceptions>
        <Module test_provider_factory.py>
          <Function test_create_provider_env_fallback_has_expected>
          <Function test_explicit_openai_missing_key_raises_error>
        <Module test_provider_factory_env_vars.py>
          <Function test_env_provider_openai_succeeds>
          <Function test_env_provider_lmstudio_succeeds>
        <Module test_provider_safe_defaults.py>
          <Function test_default_safe_falls_back_to_stub_without_keys_and_lmstudio>
          <Function test_openai_explicit_without_key_raises>
          <Function test_anthropic_implicit_without_key_falls_back_safe_default_stub>
          <Function test_lmstudio_not_attempted_without_availability_flag>
          <Function test_disable_providers_returns_null>
        <Module test_provider_stub.py>
          <Function test_stub_provider_complete_and_embed_are_deterministic>
          <Coroutine test_stub_provider_async_matches_sync>
          <Function test_provider_system_reload_preserves_settings_import>
        <Module test_provider_system.py>
          <Function test_embed_success_succeeds>
          <Function test_embed_error_succeeds>
          <Function test_aembed_success_succeeds>
          <Function test_aembed_error_succeeds>
          <Function test_complete_success_succeeds>
          <Function test_complete_error_succeeds>
          <Function test_acomplete_success_succeeds>
          <Function test_acomplete_error_succeeds>
          <Function test_null_provider_complete_raises_error>
          <Function test_null_provider_acomplete_raises_error>
          <Function test_null_provider_embed_raises_error>
          <Function test_null_provider_aembed_raises_error>
          <Function test_null_provider_initialization>
          <Function test_provider_factory_create_provider_succeeds>
          <Function test_get_provider_succeeds>
          <Function test_base_provider_methods_succeeds>
          <Function test_provider_initialization_succeeds[OpenAIProvider-config0]>
          <Function test_provider_initialization_succeeds[LMStudioProvider-config1]>
          <Function test_lmstudio_provider_initialization_skips_health_check_when_network_guard_active>
          <Function test_fallback_provider_succeeds>
          <Function test_load_env_file_populates_config>
          <Function test_create_tls_config_has_expected>
          <Function test_get_env_or_default_succeeds>
          <Function test_get_provider_config_has_expected>
          <Function test_openai_provider_complete_has_expected>
          <Function test_openai_provider_complete_error_raises_error>
          <Function test_openai_provider_complete_retry_has_expected>
          <Function test_openai_provider_acomplete_has_expected>
          <Function test_openai_provider_embed_has_expected>
          <Function test_lmstudio_provider_complete_has_expected>
          <Function test_fallback_provider_async_methods_has_expected>
          <Function test_provider_with_empty_inputs_has_expected>
          <Function test_provider_factory_injected_config_selects_provider>
          <Function test_provider_factory_injected_config_survives_missing_settings>
          <Function test_fallback_provider_respects_order>
          <Function test_openai_provider_retries_after_transient_failure>
          <Function test_fallback_provider_circuit_breaker_blocks_after_failure>
          <Function test_complete_falls_back_to_next_provider>
        <Module test_provider_system_additional.py>
          <Function test_provider_factory_respects_disable_flag>
          <Function test_provider_factory_offline_uses_stub_safe_default>
          <Function test_provider_factory_offline_uses_null_safe_default>
          <Function test_provider_factory_missing_openai_key_defaults_to_safe_provider_when_lmstudio_unavailable>
          <Function test_provider_factory_missing_openai_key_falls_back_to_lmstudio_when_marked_available>
          <Function test_provider_factory_lmstudio_instantiation_failure_uses_null_safe_default>
          <Function test_provider_factory_openai_explicit_missing_key_surfaces_error>
          <Function test_provider_factory_anthropic_missing_key_surfaces_error>
          <Function test_provider_factory_accepts_provider_type_enum>
          <Function test_openai_provider_requires_requests_dependency>
          <Function test_lmstudio_provider_requires_requests_dependency>
          <Function test_openai_provider_async_requires_httpx_dependency>
          <Function test_tls_config_defaults_when_settings_missing>
          <Function test_tls_config_uses_explicit_settings>
          <Function test_retry_decorator_wiring>
          <Function test_retry_decorator_emits_metrics_on_retry>
          <Function test_fallback_provider_no_valid_providers>
          <Function test_fallback_provider_sync_uses_circuit_breaker>
          <Function test_fallback_provider_async_failure_opens_breaker>
          <Function test_fallback_provider_async_respects_open_breaker>
          <Function test_fallback_provider_async_records_success>
          <Function test_fallback_provider_all_failures_surface_last_error>
          <Function test_fallback_provider_short_circuits_after_first_success>
          <Function test_fallback_provider_skips_providers_with_open_breakers>
          <Function test_complete_failure_increments_metrics>
          <Function test_embed_wraps_unexpected_error>
          <Function test_acomplete_failure_increments_metrics>
          <Function test_aembed_wraps_unexpected_error>
        <Module test_provider_system_fallbacks_fast.py>
          <Function test_fallback_provider_complete_uses_next_provider>
          <Function test_fallback_provider_complete_raises_after_exhaustion>
          <Function test_embed_wraps_unexpected_exceptions>
        <Module test_provider_system_resilience.py>
          <Coroutine test_base_provider_retry_harness_records_jitter>
          <Coroutine test_fallback_provider_async_breaker_failure_emits_metrics>
          <Function test_fallback_provider_sync_breaker_failure_emits_metrics>
        <Module test_resource_gating_seams.py>
          <Function test_tinydb_seam_skips_by_default>
          <Function test_tinydb_seam_runs_when_enabled>
        <Module test_storage_adapter_protocol.py>
          <Function test_storage_adapter_protocol_shape>
        <Module test_sync_manager.py>
          <Class TestSyncManagerCrossStoreQuery>
            <Function test_cross_store_query_returns_results_succeeds>
            <Function test_cross_store_query_returns_memory_records>
            <Function test_query_results_cached_succeeds>
            <Coroutine test_cross_store_query_async_succeeds>
          <Class TestSyncManagerConcurrentUpdates>
            <Coroutine test_queue_updates_from_multiple_tasks_succeeds>
            <Coroutine test_async_queue_normalizes_records_before_flush>
            <Coroutine test_conflict_resolution_with_concurrent_updates>
      <Package agents>
        <Module test_alignment_metrics_tool.py>
          <Function test_alignment_metrics_tool_returns_structure>
          <Function test_alignment_metrics_tool_registered>
        <Module test_critique_agent.py>
          <Function test_feedback_loop>
          <Function test_detects_test_failures>
          <Function test_warns_on_missing_docstring>
          <Function test_accepts_docstring>
        <Module test_doctor_tool.py>
          <Function test_doctor_tool_returns_structure>
          <Function test_doctor_tool_registered>
        <Module test_multi_agent_coordinator.py>
          <Function test_reach_consensus_majority_choice>
        <Module test_run_tests_tool.py>
          <Function test_run_tests_tool_returns_structure>
          <Function test_run_tests_tool_registered>
        <Module test_security_audit_tool.py>
          <Function test_security_audit_tool_returns_structure>
          <Function test_security_audit_tool_registered>
        <Module test_test_generator.py>
          <Class TestTestGenerator>
            <Function test_load_template_existing_file>
            <Function test_load_template_missing_file>
            <Function test_load_template_empty_file>
            <Function test_load_template_with_whitespace>
            <Function test_boundary_values_prompt_loaded>
            <Function test_error_conditions_prompt_loaded>
            <Function test_build_edge_case_prompts_with_templates>
            <Function test_build_edge_case_prompts_without_templates>
            <Function test_build_edge_case_prompts_mixed_availability>
            <Function test_template_directory_path_construction>
        <Module test_tool_sandbox.py>
          <Function test_file_access_restricted>
          <Function test_shell_commands_blocked>
          <Function test_shell_commands_allowed>
          <Function test_sandbox_context_restores_hooks>
        <Module test_tools.py>
          <Function test_register_and_get_tool>
          <Function test_unknown_tool_returns_none>
          <Function test_export_for_openai_formats_tools>
        <Module test_wsde_team_coordinator_strict.py>
          <Function test_run_retrospective_records_summary_and_flushes_memory>
          <Function test_run_retrospective_supports_primus_rotation_cycle>
      <Dir api>
        <Module test_fastapi_testclient_import.py>
          <Function test_testclient_imports_without_mro_conflict>
        <Module test_public_api_contract.py>
          <Function test_public_api_imports>
          <Function test_deprecated_wrapper_emits_warning>
      <Package application>
        <Package agents>
          <Module test_agent_memory_integration.py>
            <UnitTestCase TestAgentMemoryIntegration>
              <TestCaseFunction test_delete_memory_succeeds>
              <TestCaseFunction test_retrieve_agent_context_succeeds>
              <TestCaseFunction test_retrieve_agent_solutions_succeeds>
              <TestCaseFunction test_retrieve_dialectical_reasoning_succeeds>
              <TestCaseFunction test_retrieve_memory_succeeds>
              <TestCaseFunction test_retrieve_memory_with_context_succeeds>
              <TestCaseFunction test_search_memory_succeeds>
              <TestCaseFunction test_search_similar_solutions_no_vector_store_succeeds>
              <TestCaseFunction test_search_similar_solutions_succeeds>
              <TestCaseFunction test_store_agent_context_succeeds>
              <TestCaseFunction test_store_agent_solution_succeeds>
              <TestCaseFunction test_store_dialectical_reasoning_succeeds>
              <TestCaseFunction test_store_memory_succeeds>
              <TestCaseFunction test_store_memory_with_context_succeeds>
              <TestCaseFunction test_update_memory_succeeds>
          <Module test_base_agent.py>
            <Class TestBaseAgent>
              <Function test_initialization_succeeds>
              <Function test_generate_text_succeeds>
              <Function test_generate_text_with_context_succeeds>
              <Function test_generate_text_no_llm_port_succeeds>
              <Function test_generate_text_with_context_no_llm_port_succeeds>
              <Function test_process_abstract_method_succeeds>
              <Function test_create_wsde_succeeds>
              <Function test_update_wsde_succeeds>
              <Function test_get_role_prompt_succeeds>
              <Function test_generate_text_error_raises_error>
              <Function test_generate_text_with_context_error_raises_error>
          <Module test_code_agent.py>
            <Class TestCodeAgent>
              <Function test_initialization_succeeds>
              <Function test_process_succeeds>
              <Function test_process_with_empty_inputs_succeeds>
              <Function test_get_capabilities_succeeds>
              <Function test_get_capabilities_with_custom_capabilities_succeeds>
              <Function test_process_error_handling_raises_error>
          <Module test_critic_agent.py>
            <Class TestCriticAgent>
              <Function test_initialization_succeeds>
              <Function test_process_succeeds>
              <Function test_process_with_empty_inputs_succeeds>
              <Function test_process_no_llm_port_succeeds>
              <Function test_get_capabilities_succeeds>
              <Function test_get_capabilities_with_custom_capabilities_succeeds>
              <Function test_process_error_handling_raises_error>
              <Function test_create_wsde_error_fails>
          <Module test_diagram_agent.py>
            <Class TestDiagramAgent>
              <Function test_initialization_succeeds>
              <Function test_process_succeeds>
              <Function test_process_with_empty_inputs_succeeds>
              <Function test_get_capabilities_succeeds>
              <Function test_get_capabilities_with_custom_capabilities_succeeds>
              <Function test_process_error_handling_raises_error>
          <Module test_documentation_agent.py>
            <Class TestDocumentationAgent>
              <Function test_initialization_succeeds>
              <Function test_process_succeeds>
              <Function test_process_with_empty_inputs_succeeds>
              <Function test_get_capabilities_succeeds>
              <Function test_get_capabilities_with_custom_capabilities_succeeds>
              <Function test_process_error_handling_raises_error>
          <Module test_multi_language_code.py>
            <Class TestMultiLanguageCodeAgent>
              <Function test_initialization_succeeds>
              <Function test_process_supported_languages_succeed[python]>
              <Function test_process_supported_languages_succeed[javascript]>
              <Function test_process_polyglot_succeeds>
              <Function test_process_polyglot_with_invalid_language>
              <Function test_process_unsupported_language_raises_error>
              <Function test_process_wsde_creation_error_logs_and_returns>
              <Function test_process_calls_llm_generate>
              <Function test_process_without_llm_returns_placeholder>
          <Module test_planner_agent.py>
            <Class TestPlannerAgent>
              <Function test_initialization_succeeds>
              <Function test_process_succeeds>
              <Function test_process_with_empty_inputs_succeeds>
              <Function test_get_capabilities_succeeds>
              <Function test_get_capabilities_with_custom_capabilities_succeeds>
              <Function test_process_error_handling_raises_error>
          <Module test_refactor_agent.py>
            <Class TestRefactorAgent>
              <Function test_initialization_succeeds>
              <Function test_process_succeeds>
              <Function test_process_with_empty_inputs_succeeds>
              <Function test_get_capabilities_succeeds>
              <Function test_get_capabilities_with_custom_capabilities_succeeds>
              <Function test_process_error_handling_code_wsde_fails>
              <Function test_process_error_handling_explanation_wsde_fails>
          <Module test_specification_agent.py>
            <Class TestSpecificationAgent>
              <Function test_process_succeeds>
              <Function test_get_capabilities_with_custom_capabilities_succeeds>
          <Module test_test_agent.py>
            <Class TestTestAgent>
              <Function test_initialization_succeeds>
              <Function test_process_succeeds>
              <Function test_get_capabilities_with_custom_capabilities_succeeds>
              <Function test_process_error_handling>
          <Module test_test_agent_integration.py>
            <Function test_process_scaffolds_tests_from_context>
          <Module test_unified_agent_generic.py>
            <Function test_process_generic_task_succeeds>
          <Module test_validation_agent.py>
            <Function test_process_affirmative_is_valid_true>
            <Function test_process_failure_tokens_set_invalid>
            <Function test_process_neutral_text_is_valid>
            <Function test_is_valid_word_boundary_only>
            <Function test_wsde_contains_agent_and_role>
          <Module test_validation_agent_decision.py>
            <Function test_decision_tokens[All checks passed; no issues.-True]>
            <Function test_decision_tokens[An error occurred in module A.-False]>
            <Function test_decision_tokens[Exception occurred during run.-False]>
            <Function test_decision_tokens[Some tests fail on CI.-False]>
            <Function test_decision_tokens[Clean run; everything looks good.-True]>
          <Module test_wsde_memory_integration.py>
            <UnitTestCase TestWSDEMemoryIntegration>
              <TestCaseFunction test_query_by_concept_type_succeeds>
              <TestCaseFunction test_query_concept_relationships_succeeds>
              <TestCaseFunction test_query_knowledge_for_task_succeeds>
              <TestCaseFunction test_query_knowledge_graph_not_supported_succeeds>
              <TestCaseFunction test_query_knowledge_graph_succeeds>
              <TestCaseFunction test_query_related_concepts_succeeds>
              <TestCaseFunction test_retrieve_agent_solutions_succeeds>
              <TestCaseFunction test_retrieve_dialectical_process_succeeds>
              <TestCaseFunction test_retrieve_solutions_by_edrr_phase_has_expected>
              <TestCaseFunction test_retrieve_team_context_succeeds>
              <TestCaseFunction test_search_similar_solutions_succeeds>
              <TestCaseFunction test_store_agent_solution_succeeds>
              <TestCaseFunction test_store_agent_solution_with_edrr_phase_has_expected>
              <TestCaseFunction test_store_dialectical_process_succeeds>
              <TestCaseFunction test_store_team_context_succeeds>
          <Module test_wsde_memory_integration_fast.py>
            <Function test_store_and_retrieve_dialectical_process>
        <Package cli>
          <Package commands>
            <Module test_completion_cmd_errors.py>
              <Function test_cli_completion_rejects_invalid_shell>
              <Function test_cli_completion_detects_shell_when_unspecified>
              <Function test_cli_completion_reports_generation_errors>
              <Function test_cli_completion_reports_install_errors>
            <Module test_config_cmd.py>
              <Function test_config_cmd_displays_all_config>
              <Function test_config_cmd_update_key_value_saves_and_reports>
              <Function test_config_cmd_list_models_displays_models>
              <Function test_enable_feature_cmd_updates_and_saves>
            <Module test_doctor_cmd_typed.py>
              <Function test_doctor_cmd_accepts_path_arguments>
            <Module test_doctor_no_ui_imports.py>
              <Function test_doctor_cmd_does_not_import_streamlit_or_nicegui>
            <Module test_help_rendering.py>
              <Function test_display_command_help_renders_panel>
              <Function test_display_all_commands_help_renders_panel>
              <Function test_display_command_table_renders_table>
              <Function test_display_command_help_markdown_renders_markdown>
            <Module test_ingest_cli_command.py>
[...]
          <Function test_sanitize_node_ids_dedup_and_strip_line_numbers>
          <Function test_collect_tests_with_cache_uses_cache_and_respects_ttl>
          <Function test_run_tests_translates_args_and_handles_return_codes>
          <Function test_run_tests_keyword_filter_for_extra_marker_lmstudio>
          <Function test_run_tests_handles_popen_exception_without_speed_filters>
          <Function test_collect_unknown_target_uses_all_tests_path>
          <Function test_enforce_coverage_threshold_exit_and_return>
          <Function test_failure_tips_includes_segmentation_guidance>
          <Function test_run_tests_segment_appends_aggregation_tips>
          <Function test_enforce_coverage_threshold_errors_on_missing_file>
          <Function test_enforce_coverage_threshold_errors_on_invalid_json>
        <Module test_run_tests_no_xdist_assertions.py>
          <Function test_run_tests_completes_without_xdist_assertions>
        <Module test_run_tests_option_parsing.py>
          <Function test_parse_pytest_addopts_handles_balanced_and_unbalanced_quotes>
          <Function test_addopts_has_plugin_detects_split_and_concatenated_forms>
          <Function test_coverage_plugin_disabled_detects_common_overrides>
        <Module test_run_tests_orchestration.py>
          <Function test_verbose_flag_adds_v_to_pytest_command>
          <Function test_report_flag_adds_html_report_to_command>
          <Function test_no_parallel_flag_adds_n0_to_command>
          <Function test_maxfail_flag_adds_maxfail_to_command>
          <Function test_segment_flags_trigger_segmented_run>
          <Function test_pytest_addopts_are_preserved>
          <Function test_extra_marker_adds_m_flag_to_command>
        <Module test_run_tests_parallel_flags.py>
          <Function test_run_tests_parallel_includes_cov_and_n_auto>
        <Module test_run_tests_parallel_no_cov.py>
          <Function test_parallel_injects_cov_reports_and_xdist_auto>
        <Module test_run_tests_plugin_env.py>
          <Function test_ensure_pytest_plugin_env_addopts_overrides[ensure_pytest_cov_plugin_env-initial_env0-False---no-cov -s]>
          <Function test_ensure_pytest_plugin_env_addopts_overrides[ensure_pytest_cov_plugin_env-initial_env1-True--k smoke -p pytest_cov]>
          <Function test_ensure_pytest_plugin_env_addopts_overrides[ensure_pytest_bdd_plugin_env-initial_env2-False--p no:pytest_bdd -s]>
          <Function test_ensure_pytest_plugin_env_addopts_overrides[ensure_pytest_bdd_plugin_env-initial_env3-True--k feature -p pytest_bdd.plugin]>
        <Module test_run_tests_plugin_timeouts.py>
          <Function test_collect_tests_with_cache_handles_subprocess_timeout>
          <Function test_collect_tests_with_cache_honors_env_timeout>
        <Module test_run_tests_pytest_cov_plugin.py>
          <Function test_ensure_pytest_cov_plugin_env_adds_plugin>
          <Function test_ensure_pytest_cov_plugin_env_requires_autoload_disable>
          <Function test_ensure_pytest_cov_plugin_env_respects_explicit_disables>
          <Function test_ensure_pytest_cov_plugin_env_detects_inline_plugin_token>
          <Function test_ensure_pytest_cov_plugin_env_handles_explicit_optouts[--no-cov -s-False---no-cov -s]>
          <Function test_ensure_pytest_cov_plugin_env_handles_explicit_optouts[-k smoke-True--k smoke -p pytest_cov]>
          <Function test_pytest_cov_support_status_missing_plugin>
          <Function test_run_tests_aborts_when_pytest_cov_missing>
        <Module test_run_tests_pytest_plugins_bdd.py>
          <Function test_ensure_pytest_bdd_plugin_env_adds_plugin>
          <Function test_ensure_pytest_bdd_plugin_env_requires_autoload_disable>
          <Function test_ensure_pytest_bdd_plugin_env_detects_existing_plugin>
          <Function test_ensure_pytest_bdd_plugin_env_respects_explicit_disable>
          <Function test_ensure_pytest_bdd_plugin_env_handles_explicit_optouts[-p no:pytest_bdd -s-False--p no:pytest_bdd -s]>
          <Function test_ensure_pytest_bdd_plugin_env_handles_explicit_optouts[-k feature-True--k feature -p pytest_bdd.plugin]>
          <Function test_pytest_plugins_registers_pytest_bdd_once>
        <Module test_run_tests_report.py>
          <Function test_run_tests_report_injects_html_args_and_creates_dir>
        <Module test_run_tests_returncode5_success.py>
          <Function test_single_pass_non_keyword_returncode_5_is_success>
        <Module test_run_tests_sanitize_node_ids.py>
          <Function test_sanitize_strips_trailing_line_numbers_without_function_sep>
          <Function test_sanitize_keeps_ids_with_function_sep>
          <Function test_sanitize_deduplicates_preserving_order>
        <Module test_run_tests_segmentation.py>
          <Function test_segmented_batches_surface_plugin_fallbacks_and_failure_tips>
        <Module test_run_tests_segmentation_helpers.py>
          <Function test_run_segmented_tests_single_speed>
          <Function test_run_segmented_tests_multiple_speeds>
          <Function test_run_segmented_tests_no_tests_found>
          <Function test_run_segmented_tests_failure_with_maxfail>
          <Function test_collect_tests_with_cache_all_tests_decomposes_successfully>
          <Function test_collect_tests_with_cache_timeout_falls_back_to_direct_collection>
          <Function test_collect_tests_with_cache_reuses_cache_and_preserves_environment>
          <Function test_run_segmented_tests_dry_run_batches_use_typed_requests>
          <Function test_run_single_test_batch_command_building>
          <Function test_run_single_test_batch_multiple_node_ids>
          <Function test_run_single_test_batch_smoke_mode_env>
          <Function test_run_single_test_batch_no_parallel>
        <Module test_run_tests_segmented.py>
          <Function test_run_tests_segmented_batches_execute>
          <Function test_run_tests_segmented_honors_keyword_filter>
          <Function test_run_segmented_tests_stop_after_maxfail>
        <Module test_run_tests_segmented_aggregate_fail_tips_once.py>
          <Function test_segmented_failure_appends_aggregate_tips_once>
        <Module test_run_tests_segmented_aggregate_maxfail.py>
          <Function test_segmented_aggregate_tips_command_includes_maxfail>
        <Module test_run_tests_segmented_empty_node_ids.py>
          <Function test_run_tests_segmented_falls_back_on_empty_collection>
        <Module test_run_tests_segmented_failure_paths.py>
          <Function test_segment_batch_failure_appends_tips>
          <Function test_segment_batch_benchmark_warning_forces_success>
        <Module test_run_tests_segmented_failures.py>
          <Function test_run_tests_segmented_failure_surfaces_remediation>
          <Function test__run_segmented_tests_aggregates_outputs>
          <Function test_segmented_runs_reinject_plugins_without_clobbering_addopts>
          <Function test_run_tests_single_batch_uses_request_object>
        <Module test_run_tests_segmented_orchestration.py>
          <Function test_run_tests_segmented_success_invokes_publish>
          <Function test_run_tests_segmented_failure_skips_graph>
          <Function test_run_tests_segmented_reports_append_graph>
        <Module test_run_tests_segmented_report_flag.py>
          <Function test_run_segmented_tests_reports_only_last_segment>
        <Module test_run_tests_speed_keyword_loop.py>
          <Function test_speed_loop_uses_keyword_filter_and_executes_node_ids>
        <Module test_run_tests_speed_selection.py>
          <Function test_run_tests_merges_fast_and_medium_collections>
          <Function test_run_tests_defaults_to_fast_and_medium_when_unspecified>
          <Function test_run_tests_excludes_gui_by_default>
          <Function test_run_tests_allows_gui_when_requested>
        <Module test_sanitize_node_ids.py>
          <Function test_sanitize_node_ids_strips_line_numbers_without_function_selector>
          <Function test_sanitize_node_ids_preserves_order>
        <Module test_sanitize_node_ids_minimal.py>
          <Function test_sanitize_node_ids_strips_line_when_no_function>
      <Dir utils>
        <Module test_logging_coverage.py>
          <Function test_dev_synth_logger_handles_tuple_exc_info>
          <Function test_dev_synth_logger_handles_invalid_exc_info>
          <Function test_get_logger_returns_correct_instance>
          <Function test_setup_logging_with_different_log_levels>
          <Function test_dev_synth_logger_handles_false_exc_info>
          <Function test_dev_synth_logger_handles_none_exc_info>
        <Module test_logging_final_coverage.py>
          <Function test_dev_synth_logger_exc_info_baseexception_direct>
          <Function test_dev_synth_logger_exc_info_true_with_active_exception>
          <Function test_dev_synth_logger_exc_info_none_and_false_explicit>
          <Function test_dev_synth_logger_invalid_exc_info_to_hit_line_48>
          <Function test_get_logger_function_direct_call>
          <Function test_setup_logging_function_direct_calls>
          <Function test_dev_synth_logger_with_kwargs>
        <Module test_logging_utils.py>
          <Function test_dev_synth_logger_normalizes_exc_info_tuple_and_exception>
          <Function test_setup_logging_calls_configure_logging>
          <Function test_get_logger_returns_dev_synth_logger_instance>
        <Module test_serialization.py>
          <Function test_dumps_deterministic_round_trip_simple>
          <Function test_dump_and_load_file_round_trip>
          <Function test_provider_env_as_dict_deterministic_serialization>
        <Module test_serialization_coverage.py>
          <Function test_dumps_deterministic_with_string_already_having_newline>
          <Function test_dumps_deterministic_ensures_single_newline>
          <Function test_loads_with_no_trailing_newline>
          <Function test_loads_with_trailing_newline>
          <Function test_dump_to_file_complete_coverage>
          <Function test_load_from_file_complete_coverage>
          <Function test_loads_with_multiple_trailing_newlines>
          <Function test_serialization_with_unicode_characters>
          <Function test_serialization_edge_cases>
          <Function test_file_operations_with_special_paths>
        <Module test_serialization_edges.py>
          <Function test_loads_tolerates_missing_and_single_trailing_newline>
          <Function test_dump_to_file_overwrites_and_keeps_single_newline>
        <Module test_serialization_extra.py>
          <Function test_dumps_and_loads_deterministic_round_trip_unicode_and_newline>
          <Function test_dump_and_load_file_round_trip_handles_utf8>
          <Function test_loads_accepts_without_trailing_newline>
        <Module test_serialization_final_coverage.py>
          <Function test_dumps_deterministic_direct_line_coverage>
          <Function test_dumps_deterministic_with_string_that_might_have_newline>
          <Function test_loads_direct_line_coverage>
          <Function test_dump_to_file_direct_line_coverage>
          <Function test_load_from_file_direct_line_coverage>
          <Function test_serialization_functions_with_mock_to_ensure_coverage>
          <Function test_loads_with_various_newline_scenarios>
          <Function test_file_operations_with_explicit_paths>
          <Function test_dumps_deterministic_return_path>
          <Function test_loads_return_path>

=============================== warnings summary ===============================
.venv/lib/python3.12/site-packages/_pytest/config/__init__.py:833
  /Users/caitlyn/Projects/github.com/ravenoak/devsynth/.venv/lib/python3.12/site-packages/_pytest/config/__init__.py:833: PytestAssertRewriteWarning: Module already imported so cannot be rewritten; tests.fixtures.optional_deps
    self.import_plugin(import_spec)

.venv/lib/python3.12/site-packages/astor/op_util.py:92
  /Users/caitlyn/Projects/github.com/ravenoak/devsynth/.venv/lib/python3.12/site-packages/astor/op_util.py:92: DeprecationWarning: ast.Num is deprecated and will be removed in Python 3.14; use ast.Constant instead
    precedence_data = dict((getattr(ast, x, None), z) for x, y, z in op_data)

.venv/lib/python3.12/site-packages/pytest_bdd/plugin.py:137
  /Users/caitlyn/Projects/github.com/ravenoak/devsynth/.venv/lib/python3.12/site-packages/pytest_bdd/plugin.py:137: PytestUnknownMarkWarning: Unknown pytest.mark.test-infrastructure - is this a typo?  You can register custom marks to avoid this warning - for details, see https://docs.pytest.org/en/stable/how-to/mark.html
    mark = getattr(pytest.mark, tag)

src/devsynth/application/edrr/wsde_specialized_agents.py:267
  /Users/caitlyn/Projects/github.com/ravenoak/devsynth/src/devsynth/application/edrr/wsde_specialized_agents.py:267: PytestCollectionWarning: cannot collect test class 'TestWriterAgent' because it has a __init__ constructor (from: tests/behavior/steps/test_wsde_multi_agent_steps.py)
    class TestWriterAgent(BaseWSDESpecialist):

tests/integration/llm/test_critical_llm_workflows.py:22
  /Users/caitlyn/Projects/github.com/ravenoak/devsynth/tests/integration/llm/test_critical_llm_workflows.py:22: PytestCollectionWarning: cannot collect test class 'TestGenerator' because it has a __init__ constructor (from: tests/integration/llm/test_critical_llm_workflows.py)
    class TestGenerator:

tests/unit/adapters/test_chromadb_memory_store.py:19
  /Users/caitlyn/Projects/github.com/ravenoak/devsynth/tests/unit/adapters/test_chromadb_memory_store.py:19: PytestDeprecationWarning:
  Module 'devsynth.adapters.chromadb_memory_store' was found, but when imported by pytest it raised:
      ImportError("ChromaDBMemoryStore requires the 'chromadb' package. Install it with 'pip install chromadb' or use the dev extras.")
  In pytest 9.1 this warning will become an error by default.
  You can fix the underlying problem, or alternatively overwrite this behavior and silence this warning by passing exc_type=ImportError explicitly.
  See https://docs.pytest.org/en/stable/deprecations.html#pytest-importorskip-default-behavior-regarding-importerror
    chromadb_memory_store = pytest.importorskip(

src/devsynth/application/testing/enhanced_test_collector.py:47
  /Users/caitlyn/Projects/github.com/ravenoak/devsynth/src/devsynth/application/testing/enhanced_test_collector.py:47: PytestCollectionWarning: cannot collect test class 'TestCollectionResult' because it has a __init__ constructor (from: tests/unit/application/testing/test_enhanced_test_collector.py)
    @dataclass

src/devsynth/application/testing/enhanced_test_collector.py:34
  /Users/caitlyn/Projects/github.com/ravenoak/devsynth/src/devsynth/application/testing/enhanced_test_collector.py:34: PytestCollectionWarning: cannot collect test class 'TestInfo' because it has a __init__ constructor (from: tests/unit/application/testing/test_enhanced_test_collector.py)
    @dataclass

tests/unit/application/testing/test_isolation_analyzer.py:68
  /Users/caitlyn/Projects/github.com/ravenoak/devsynth/tests/unit/application/testing/test_isolation_analyzer.py:68: PytestCollectionWarning: cannot collect test class 'TestIsolationAnalyzer' because it has a __init__ constructor (from: tests/unit/application/testing/test_enhancer.py)
    class TestIsolationAnalyzer:

tests/unit/application/testing/test_enhancer.py:62
  /Users/caitlyn/Projects/github.com/ravenoak/devsynth/tests/unit/application/testing/test_enhancer.py:62: PytestCollectionWarning: cannot collect test class 'TestEnhancer' because it has a __init__ constructor (from: tests/unit/application/testing/test_enhancer.py)
    class TestEnhancer:

tests/unit/application/testing/test_isolation_analyzer.py:58
  /Users/caitlyn/Projects/github.com/ravenoak/devsynth/tests/unit/application/testing/test_isolation_analyzer.py:58: PytestCollectionWarning: cannot collect test class 'TestIsolationAnalysis' because it has a __init__ constructor (from: tests/unit/application/testing/test_isolation_analyzer.py)
    @dataclass

tests/unit/application/testing/test_isolation_analyzer.py:68
  /Users/caitlyn/Projects/github.com/ravenoak/devsynth/tests/unit/application/testing/test_isolation_analyzer.py:68: PytestCollectionWarning: cannot collect test class 'TestIsolationAnalyzer' because it has a __init__ constructor (from: tests/unit/application/testing/test_isolation_analyzer.py)
    class TestIsolationAnalyzer:

src/devsynth/application/testing/enhanced_test_collector.py:47
  /Users/caitlyn/Projects/github.com/ravenoak/devsynth/src/devsynth/application/testing/enhanced_test_collector.py:47: PytestCollectionWarning: cannot collect test class 'TestCollectionResult' because it has a __init__ constructor (from: tests/unit/application/testing/test_report_generator.py)
    @dataclass

tests/unit/application/testing/test_report_generator.py:27
  /Users/caitlyn/Projects/github.com/ravenoak/devsynth/tests/unit/application/testing/test_report_generator.py:27: PytestCollectionWarning: cannot collect test class 'TestReport' because it has a __init__ constructor (from: tests/unit/application/testing/test_report_generator.py)
    @dataclass

tests/unit/application/testing/test_report_generator.py:62
  /Users/caitlyn/Projects/github.com/ravenoak/devsynth/tests/unit/application/testing/test_report_generator.py:62: PytestCollectionWarning: cannot collect test class 'TestReportGenerator' because it has a __init__ constructor (from: tests/unit/application/testing/test_report_generator.py)
    class TestReportGenerator:

.venv/lib/python3.12/site-packages/vbuild/__init__.py:33
  /Users/caitlyn/Projects/github.com/ravenoak/devsynth/.venv/lib/python3.12/site-packages/vbuild/__init__.py:33: DeprecationWarning: 'pkgutil.find_loader' is deprecated and slated for removal in Python 3.14; use importlib.util.find_spec() instead
    hasLess = bool(pkgutil.find_loader("lesscpy"))

.venv/lib/python3.12/site-packages/vbuild/__init__.py:34
  /Users/caitlyn/Projects/github.com/ravenoak/devsynth/.venv/lib/python3.12/site-packages/vbuild/__init__.py:34: DeprecationWarning: 'pkgutil.find_loader' is deprecated and slated for removal in Python 3.14; use importlib.util.find_spec() instead
    hasSass = bool(pkgutil.find_loader("scss"))

.venv/lib/python3.12/site-packages/vbuild/__init__.py:35
  /Users/caitlyn/Projects/github.com/ravenoak/devsynth/.venv/lib/python3.12/site-packages/vbuild/__init__.py:35: DeprecationWarning: 'pkgutil.find_loader' is deprecated and slated for removal in Python 3.14; use importlib.util.find_spec() instead
    hasClosure = bool(pkgutil.find_loader("closure"))

scripts/analyze_test_dependencies.py:41
  /Users/caitlyn/Projects/github.com/ravenoak/devsynth/scripts/analyze_test_dependencies.py:41: PytestCollectionWarning: cannot collect test class 'TestDependencyAnalyzer' because it has a __init__ constructor (from: tests/unit/scripts/test_analyze_test_dependencies.py)
    class TestDependencyAnalyzer(ast.NodeVisitor):

scripts/analyze_test_dependencies.py:162
  /Users/caitlyn/Projects/github.com/ravenoak/devsynth/scripts/analyze_test_dependencies.py:162: PytestCollectionWarning: cannot collect test class 'TestFileAnalyzer' because it has a __init__ constructor (from: tests/unit/scripts/test_analyze_test_dependencies.py)
    class TestFileAnalyzer:

scripts/benchmark_test_execution.py:34
  /Users/caitlyn/Projects/github.com/ravenoak/devsynth/scripts/benchmark_test_execution.py:34: PytestCollectionWarning: cannot collect test class 'TestExecutionBenchmark' because it has a __init__ constructor (from: tests/unit/scripts/test_benchmark_test_execution.py)
    class TestExecutionBenchmark:

-- Docs: https://docs.pytest.org/en/stable/how-to/capture-warnings.html
========================= Test Categorization Summary ==========================
Test Type Distribution:
  Unit Tests: 4
  Integration Tests: 11
  Behavior Tests: 6

Test Speed Distribution:
  Fast Tests (< 1s): 21
  Medium Tests (1-5s): 0
  Slow Tests (> 5s): 0
=================== 4926 tests collected in 63.79s (0:01:03) ===================
