task: [release:prep] poetry env info --path
/workspace/devsynth/.venv
task: [release:prep] poetry run python scripts/verify_python_version.py
[info] Python 3.12.10 detected
task: [release:prep] poetry install --with dev --extras "tests retrieval chromadb api"
Installing dependencies from lock file

Package operations: 46 installs, 0 updates, 0 removals

  - Installing zipp (3.23.0)
  - Installing importlib-metadata (8.7.0)
  - Installing opentelemetry-api (1.36.0)
  - Installing protobuf (6.32.0)
  - Installing pyasn1 (0.6.1)
  - Installing fsspec (2025.9.0)
  - Installing hf-xet (1.1.9)
  - Installing humanfriendly (10.0)
  - Installing mpmath (1.3.0)
  - Installing oauthlib (3.3.1)
  - Installing opentelemetry-proto (1.36.0)
  - Installing opentelemetry-semantic-conventions (0.57b0)
  - Installing pyasn1-modules (0.4.2)
  - Installing rsa (4.9.1)
  - Installing backoff (2.2.1)
  - Installing coloredlogs (15.0.1)
  - Installing durationpy (0.10)
  - Installing flatbuffers (25.2.10)
  - Installing google-auth (2.40.3)
  - Installing googleapis-common-protos (1.70.0)
  - Installing grpcio (1.74.0)
  - Installing huggingface-hub (0.34.4)
  - Installing opentelemetry-exporter-otlp-proto-common (1.36.0)
  - Installing opentelemetry-sdk (1.36.0)
  - Installing pyproject-hooks (1.2.0)
  - Installing requests-oauthlib (2.0.0)
  - Installing sympy (1.14.0)
  - Installing websocket-client (1.8.0)
  - Installing bcrypt (4.3.0)
  - Installing build (1.3.0)
  - Installing importlib-resources (6.5.2)
  - Installing mmh3 (5.2.0)
  - Installing opentelemetry-exporter-otlp-proto-grpc (1.36.0)
  - Installing onnxruntime (1.22.1)
  - Installing kubernetes (33.1.0)
  - Installing overrides (7.7.0)
  - Installing posthog (5.4.0)
  - Installing pybase64 (1.4.2)
  - Installing pypika (0.48.9)
  - Installing tokenizers (0.22.0)
  - Installing astor (0.8.1)
  - Installing chromadb (1.0.20)
  - Installing duckdb (1.3.2)
  - Installing faiss-cpu (1.12.0)
  - Installing kuzu (0.11.2)
  - Installing lmdb (1.7.3)

Installing the current project: devsynth (0.1.0a1)
task: [release:prep] bash -lc 'mkdir -p diagnostics; poetry run python scripts/verify_test_markers.py | tee diagnostics/release_prep_verify_markers.txt; EXIT=${PIPESTATUS[0]}; exit $EXIT'
2025-10-08 03:24:01,485 - devsynth.application.utils.token_tracker - INFO - Tiktoken is available for accurate token counting
[info] property marker advisories (informational) in tests/property:
 - /workspace/devsynth/tests/property/test_enhanced_graph_memory_adapter.py::test_traverse_graph_depth_bound: missing @pytest.mark.property
 - /workspace/devsynth/tests/property/test_enhanced_graph_memory_adapter.py::test_research_provenance_persists: missing @pytest.mark.property
[info] verify_test_markers: files=1265, cache_hits=0, cache_misses=1265, issues=0, speed_violations=0, property_violations=2
task: [clean] rm -rf dist
task: [clean] rm -rf .pytest_cache
task: [clean] rm -rf .coverage
task: [clean] rm -rf coverage.xml
task: [clean] rm -rf site
task: [clean] find . -type d -name __pycache__ -exec rm -rf {} +
task: [clean] find . -name '*\,cover' -delete
task: [build:wheel] poetry build --format wheel
Building devsynth (0.1.0a1)
Building wheel
  - Building wheel
  - Built devsynth-0.1.0a1-py3-none-any.whl
task: [build:sdist] poetry build --format sdist
Building devsynth (0.1.0a1)
Building sdist
  - Building sdist
  - Built devsynth-0.1.0a1.tar.gz
task: [test:smoke] PYTEST_DISABLE_PLUGIN_AUTOLOAD=1 poetry run pytest -p no:cov -p no:xdist --maxfail=1 -q
ssssssssssssssssssssssssssssssssssssssssssssssssssssssssssssssssssssssssssssssssssssssssssssssssssssssssssssssssssssssss [  2%]
ssssssssssssssssssssssssssssssssssssssssssssssssssssssssssssssssssssssssssssssssssssssssssssssssssssssssssssssssssssssss [  4%]
ssssssssssssssssssssssssssssssssssssssssssssssssssssssssssssssssssssssssssssssssssssssssssssssssssssssssssssssssssssssss [  6%]
ssssssssssssssssssssssssssssssssssssssssssssssssssssssssssssssssssssssssssssssssssssssssssssssssssssssssssssssssssssssss [  9%]
ssssssssssssssssssssssssssssssssssssssssssssssssssssssssssssssssssssssssssssssssssssssssssssssssssssssssssssssssssssssss [ 11%]
ssssssssssssssssssssssssssssssssssssssssssssssssssssssssssssssssssssssssssssssssssssssssssssssssssssssssssssssssssssssss [ 13%]
ssssssssssssssssssssssssssssssssssssssssssssssssssssssssssssssssssssssssssssssssssssssssssssssssssssssssssssssssssssssss [ 16%]
ssssssssssssssssssssssssssssssssssssssssssssssssssssssssssssssssssssssssssssssssssssssssssssssssssssssssssssssssssssssss [ 18%]
ssssssssssssssssssssssssssssssssssssssssssssssssssssssssssssssssssssssssssssssssssssssssssssssssssssssssssssssssssssssss [ 20%]
ssssssssssssssssssssssssssssssssssssssssssssssssssssssssssssssssssssssssssssssssssssssssssssssssssssssssssssssssssssssss [ 22%]
ssssssssssssssssssssssssssssssssssssssssssssssssssssssssssssssssssssssssssssssssssssssssssssssssssssssssssssssssssssssss [ 25%]
ssssssssssssssssssssssssssssssssssssssssssssssssssssssssssssssssssssssssssssssssssssssssssssssssssssssssssssssssssssssss [ 27%]
ssssssssssssssssssssssssssssssssssssssssssssssssssssssssssssssssssssssssssssssssssssssssssssssssssssssssssssssssssssssss [ 29%]
ssssssssssssssssssssssssssssssssssssssssssssssssssssssssssssssssssssssssssssssssssssssssssssssssssssssssssssssssssssssss [ 32%]
ssssssssssssssssssssssssssssssssssssssssssssssssssssssssssssssssssssssssssssssssssssssssssssssssssssssssssssssssssssssss [ 34%]
ssssssssssssssssssssssssssssssssssssssssssssssssssssssssssssssssssssssssssssssssssssssssssssssssssssssssssssssssssssssss [ 36%]
ssssssssssssssssssssssssssssssssssssssssssssssssssssssssssssssssssssssssssssssssssssssssssssssssssssssssssssssssssssssss [ 38%]
ssssssssssssssssssssssssssssssssssssssssssssssssssssssssssssssssssssssssssssssssssssssssssssssssssssssssssssssssssssssss [ 41%]
ssssssssssssssssssssssssssssssssssssssssssssssssssssssssssssssssssssssssssssssssssssssssssssssssssssssssssssssssssssssss [ 43%]
ssssssssssssssssssssssssssssssssssssssssssssssssssssssssssssssssssssssssssssssssssssssssssssssssssssssssssssssssssssssss [ 45%]
ssssssssssssssssssssssssssssssssssssssssssssssssssssssssssssssssssssssssssssssssssssssssssssssssssssssssssssssssssssssss [ 48%]
ssssssssssssssssssssssssssssssssssssssssssssssssssssssssssssssssssssssssssssssssssssssssssssssssssssssssssssssssssssssss [ 50%]
ssssssssssssssssssssssssssssssssssssssssssssssssssssssssssssssssssssssssssssssssssssssssssssssssssssssssssssssssssssssss [ 52%]
ssssssssssssssssssssssssssssssssssssssssssssssssssssssssssssssssssssssssssssssssssssssssssssssssssssssssssssssssssssssss [ 54%]
ssssssssssssssssssssssssssssssssssssssssssssssssssssssssssssssssssssssssssssssssssssssssssssssssssssssssssssssssssssssss [ 57%]
ssssssssssssssssssssssssssssssssssssssssssssssssssssssssssssssssssssssssssssssssssssssssssssssssssssssssssssssssssssssss [ 59%]
ssssssssssssssssssssssssssssssssssssssssssssssssssssssssssssssssssssssssssssssssssssssssssssssssssssssssssssssssssssssss [ 61%]
ssssssssssssssssssssssssssssssssssssssssssssssssssssssssssssssssssssssssssssssssssssssssssssssssssssssssssssssssssssssss [ 64%]
ssssssssssssssssssssssssssssssssssssssssssssssssssssssssssssssssssssssssssssssssssssssssssssssssssssssssssssssssssssssss [ 66%]
ssssssssssssssssssssssssssssssssssssssssssssssssssssssssssssssssssssssssssssssssssssssssssssssssssssssssssssssssssssssss [ 68%]
ssssssssssssssssssssssssssssssssssssssssssssssssssssssssssssssssssssssssssssssssssssssssssssssssssssssssssssssssssssssss [ 70%]
ssssssssssssssssssssssssssssssssssssssssssssssssssssssssssssssssssssssssssssssssssssssssssssssssssssssssssssssssssssssss [ 73%]
ssssssssssssssssssssssssssssssssssssssssssssssssssssssssssssssssssssssssssssssssssssssssssssssssssssssssssssssssssssssss [ 75%]
ssssssssssssssssssssssssssssssssssssssssssssssssssssssssssssssssssssssssssssssssssssssssssssssssssssssssssssssssssssssss [ 77%]
ssssssssssssssssssssssssssssssssssssssssssssssssssssssssssssssssssssssssssssssssssssssssssssssssssssssssssssssssssssssss [ 80%]
ssssssssssssssssssssssssssssssssssssssssssssssssssssssssssssssssssssssssssssssssssssssssssssssssssssssssssssssssssssssss [ 82%]
ssssssssssssssssssssssssssssssssssssssssssssssssssssssssssssssssssssssssssssssssssssssssssssssssssssssssssssssssssssssss [ 84%]
ssssssssssssssssssssssssssssssssssssssssssssssssssssssssssssssssssssssssssssssssssssssssssssssssssssssssssssssssssssssss [ 86%]
ssssssssssssssssssssssssssssssssssssssssssssssssssssssssssssssssssssssssssssssssssssssssssssssssssssssssssssssssssssssss [ 89%]
ssssssssssssssssssssssssssssssssssssssssssssssssssssssssssssssssssssssssssssssssssssssssssssssssssssssssssssssssssssssss [ 91%]
ssssssssssssssssssssssssssssssssssssssssssssssssssssssssssssssssssssssssssssssssssssssssssssssssssssssssssssssssssssssss [ 93%]
ssssssssssssssssssssssssssssssssssssssssssssssssssssssssssssssssssssssssssssssssssssssssssssssssssssssssssssssssssssssss [ 96%]
ssssssssssssssssssssssssssssssssssssssssssssssssssssssssssssssssssssssssssssssssssssssssssssssssssssssssssssssssssssssss [ 98%]
ssssssssssssssssssssssssssssssssssssssssssssssssssssssssssssssssssssssssssssssssssssssssss                               [100%]
======================================================= warnings summary =======================================================
.venv/lib/python3.12/site-packages/pydantic_core/core_schema.py:4137
.venv/lib/python3.12/site-packages/pydantic_core/core_schema.py:4137
  /workspace/devsynth/.venv/lib/python3.12/site-packages/pydantic_core/core_schema.py:4137: DeprecationWarning: `FieldValidationInfo` is deprecated, use `ValidationInfo` instead.
    warnings.warn(msg, DeprecationWarning, stacklevel=1)

.venv/lib/python3.12/site-packages/astor/op_util.py:92
  /workspace/devsynth/.venv/lib/python3.12/site-packages/astor/op_util.py:92: DeprecationWarning: ast.Num is deprecated and will be removed in Python 3.14; use ast.Constant instead
    precedence_data = dict((getattr(ast, x, None), z) for x, y, z in op_data)

<frozen importlib._bootstrap>:488
  <frozen importlib._bootstrap>:488: DeprecationWarning: builtin type SwigPyPacked has no __module__ attribute

<frozen importlib._bootstrap>:488
  <frozen importlib._bootstrap>:488: DeprecationWarning: builtin type SwigPyObject has no __module__ attribute

<frozen importlib._bootstrap>:488
  <frozen importlib._bootstrap>:488: DeprecationWarning: builtin type swigvarlink has no __module__ attribute

src/devsynth/application/edrr/wsde_specialized_agents.py:249
  /workspace/devsynth/src/devsynth/application/edrr/wsde_specialized_agents.py:249: PytestCollectionWarning: cannot collect test class 'TestWriterAgent' because it has a __init__ constructor (from: tests/behavior/steps/test_wsde_multi_agent_steps.py)
    class TestWriterAgent(BaseWSDESpecialist):

tests/property/conftest.py:54
  /workspace/devsynth/tests/property/conftest.py:54: PytestRemovedIn9Warning: The (path: py.path.local) argument is deprecated, please use (collection_path: pathlib.Path)
  see https://docs.pytest.org/en/latest/deprecations.html#py-path-local-arguments-for-hooks-replaced-with-pathlib-path
    def pytest_ignore_collect(path, config):  # type: ignore[override]

scripts/analyze_test_dependencies.py:41
  /workspace/devsynth/scripts/analyze_test_dependencies.py:41: PytestCollectionWarning: cannot collect test class 'TestDependencyAnalyzer' because it has a __init__ constructor (from: tests/unit/scripts/test_analyze_test_dependencies.py)
    class TestDependencyAnalyzer(ast.NodeVisitor):

scripts/analyze_test_dependencies.py:127
  /workspace/devsynth/scripts/analyze_test_dependencies.py:127: PytestCollectionWarning: cannot collect test class 'TestFileAnalyzer' because it has a __init__ constructor (from: tests/unit/scripts/test_analyze_test_dependencies.py)
    class TestFileAnalyzer:

scripts/benchmark_test_execution.py:34
  /workspace/devsynth/scripts/benchmark_test_execution.py:34: PytestCollectionWarning: cannot collect test class 'TestExecutionBenchmark' because it has a __init__ constructor (from: tests/unit/scripts/test_benchmark_test_execution.py)
    class TestExecutionBenchmark:

tests/integration/memory/test_kuzu_embedded_fast.py:41
  tests/integration/memory/test_kuzu_embedded_fast.py:41: PytestWarning: Test 'tests/integration/memory/test_kuzu_embedded_fast.py::test_kuzu_store_round_trip' lacks exactly one speed marker; please add @pytest.mark.fast|medium|slow at function level
    def test_kuzu_store_round_trip(tmp_path, monkeypatch):

tests/integration/memory/test_kuzu_embedded_fast.py:70
  tests/integration/memory/test_kuzu_embedded_fast.py:70: PytestWarning: Test 'tests/integration/memory/test_kuzu_embedded_fast.py::test_kuzu_memory_store_search_round_trip' lacks exactly one speed marker; please add @pytest.mark.fast|medium|slow at function level
    def test_kuzu_memory_store_search_round_trip(tmp_path, monkeypatch):

-- Docs: https://docs.pytest.org/en/stable/how-to/capture-warnings.html
================================================= Test Categorization Summary ==================================================
Test Type Distribution:
  Unit Tests: 3821
  Integration Tests: 443
  Behavior Tests: 961

Test Speed Distribution:
  Fast Tests (< 1s): 5274
  Medium Tests (1-5s): 0
  Slow Tests (> 5s): 0
===================================================== Top 10 Slowest Tests =====================================================
1. tests/behavior/test_webui_commands.py::test_analyze_test_metrics: 0.20s
2. tests/unit/application/requirements/test_dialectical_reasoner.py::test_assess_impact_stores_with_phase: 0.04s
3. tests/unit/security/test_validation.py::TestValidateNonEmpty::test_invalid_string_is_valid[]: 0.00s
4. tests/behavior/steps/test_webui_navigation_prompts_steps.py::test_submit_onboarding_information_when_prompted: 0.00s
5. debug_coverage_test.py::test_logging_functions: 0.00s
6. tests/unit/application/requirements/test_dialectical_reasoner_parsing_payloads.py::test_argument_parsing_consensus_failure_payload_preserved: 0.00s
7. tests/unit/application/llm/test_offline_provider.py::TestOfflineProvider::test_get_embedding_is_deterministic: 0.00s
8. tests/behavior/steps/test_edrr_enhanced_recursion_steps.py::test_start_edrr_cycle_from_a_manifest_file: 0.00s
9. tests/unit/methodology/test_edrr_coordinator.py::test_record_consensus_failure_logs: 0.00s
10. tests/unit/domain/models/test_wsde_dialectical_reasoning.py::TestWSDEDialecticalReasoning::test_balance_security_and_performance_succeeds: 0.00s
5274 skipped, 13 warnings in 547.42s (0:09:07)
task: [security:bandit] poetry run bandit -q -r src
[manager]	WARNING	Test in comment: shell is not a test name or id, ignoring
[manager]	WARNING	Test in comment: arg is not a test name or id, ignoring
[manager]	WARNING	Test in comment: specifies is not a test name or id, ignoring
[manager]	WARNING	Test in comment: completion is not a test name or id, ignoring
[manager]	WARNING	Test in comment: target is not a test name or id, ignoring
[manager]	WARNING	Test in comment: shell is not a test name or id, ignoring
[manager]	WARNING	Test in comment: arg is not a test name or id, ignoring
[manager]	WARNING	Test in comment: specifies is not a test name or id, ignoring
[manager]	WARNING	Test in comment: completion is not a test name or id, ignoring
[manager]	WARNING	Test in comment: target is not a test name or id, ignoring
[manager]	WARNING	Test in comment: shell is not a test name or id, ignoring
[manager]	WARNING	Test in comment: arg is not a test name or id, ignoring
[manager]	WARNING	Test in comment: selects is not a test name or id, ignoring
[manager]	WARNING	Test in comment: completion is not a test name or id, ignoring
[manager]	WARNING	Test in comment: target is not a test name or id, ignoring
[manager]	WARNING	Test in comment: internal is not a test name or id, ignoring
[manager]	WARNING	Test in comment: checkpoints is not a test name or id, ignoring
[manager]	WARNING	Test in comment: from is not a test name or id, ignoring
[manager]	WARNING	Test in comment: trusted is not a test name or id, ignoring
[manager]	WARNING	Test in comment: source is not a test name or id, ignoring
[manager]	WARNING	Test in comment: workflows is not a test name or id, ignoring
[manager]	WARNING	Test in comment: stored is not a test name or id, ignoring
[manager]	WARNING	Test in comment: and is not a test name or id, ignoring
[manager]	WARNING	Test in comment: loaded is not a test name or id, ignoring
[manager]	WARNING	Test in comment: locally is not a test name or id, ignoring
[manager]	WARNING	Test in comment: only is not a test name or id, ignoring
[manager]	WARNING	Test in comment: default is not a test name or id, ignoring
[manager]	WARNING	Test in comment: open is not a test name or id, ignoring
[manager]	WARNING	Test in comment: binding is not a test name or id, ignoring
[manager]	WARNING	Test in comment: for is not a test name or id, ignoring
[manager]	WARNING	Test in comment: developer is not a test name or id, ignoring
[manager]	WARNING	Test in comment: convenience is not a test name or id, ignoring
[manager]	WARNING	Test in comment: intentionally is not a test name or id, ignoring
[manager]	WARNING	Test in comment: exposed is not a test name or id, ignoring
[manager]	WARNING	Test in comment: for is not a test name or id, ignoring
[manager]	WARNING	Test in comment: remote is not a test name or id, ignoring
[manager]	WARNING	Test in comment: access is not a test name or id, ignoring
[tester]	WARNING	nosec encountered (B104), but no failed test on line 1516
Run started:2025-10-08 03:33:46.983858

Test results:
>> Issue: [B110:try_except_pass] Try, Except, Pass detected.
   Severity: Low   Confidence: High
   CWE: CWE-703 (https://cwe.mitre.org/data/definitions/703.html)
   More Info: https://bandit.readthedocs.io/en/1.8.6/plugins/b110_try_except_pass.html
   Location: src/devsynth/adapters/chromadb_memory_store.py:257:8
256	            self.close()
257	        except Exception:  # pragma: no cover - defensive
258	            pass
259	

--------------------------------------------------
>> Issue: [B110:try_except_pass] Try, Except, Pass detected.
   Severity: Low   Confidence: High
   CWE: CWE-703 (https://cwe.mitre.org/data/definitions/703.html)
   More Info: https://bandit.readthedocs.io/en/1.8.6/plugins/b110_try_except_pass.html
   Location: src/devsynth/adapters/cli/typer_adapter.py:424:12
423	                )
424	            except Exception:
425	                # Do not crash CLI due to logging issues
426	                pass
427	

--------------------------------------------------
>> Issue: [B110:try_except_pass] Try, Except, Pass detected.
   Severity: Low   Confidence: High
   CWE: CWE-703 (https://cwe.mitre.org/data/definitions/703.html)
   More Info: https://bandit.readthedocs.io/en/1.8.6/plugins/b110_try_except_pass.html
   Location: src/devsynth/adapters/cli/typer_adapter.py:458:12
457	                method()
458	            except Exception:
459	                pass
460	    return app

--------------------------------------------------
>> Issue: [B403:blacklist] Consider possible security implications associated with pickle module.
   Severity: Low   Confidence: High
   CWE: CWE-502 (https://cwe.mitre.org/data/definitions/502.html)
   More Info: https://bandit.readthedocs.io/en/1.8.6/blacklists/blacklist_imports.html#b403-import-pickle
   Location: src/devsynth/adapters/orchestration/langgraph_adapter.py:9:0
8	import os
9	import pickle
10	from collections.abc import Callable

--------------------------------------------------
>> Issue: [B403:blacklist] Consider possible security implications associated with pickle module.
   Severity: Low   Confidence: High
   CWE: CWE-502 (https://cwe.mitre.org/data/definitions/502.html)
   More Info: https://bandit.readthedocs.io/en/1.8.6/blacklists/blacklist_imports.html#b403-import-pickle
   Location: src/devsynth/adapters/orchestration/langgraph_adapter.py:498:12
497	        if "pytest" in sys.modules:
498	            import pickle
499	

--------------------------------------------------
>> Issue: [B311:blacklist] Standard pseudo-random generators are not suitable for security/cryptographic purposes.
   Severity: Low   Confidence: High
   CWE: CWE-330 (https://cwe.mitre.org/data/definitions/330.html)
   More Info: https://bandit.readthedocs.io/en/1.8.6/blacklists/blacklist_calls.html#b311-random
   Location: src/devsynth/adapters/provider_system.py:832:47
831	
832	                        delay = delay * (0.5 + random.random())
833	

--------------------------------------------------
>> Issue: [B311:blacklist] Standard pseudo-random generators are not suitable for security/cryptographic purposes.
   Severity: Low   Confidence: High
   CWE: CWE-330 (https://cwe.mitre.org/data/definitions/330.html)
   More Info: https://bandit.readthedocs.io/en/1.8.6/blacklists/blacklist_calls.html#b311-random
   Location: src/devsynth/adapters/provider_system.py:1004:47
1003	
1004	                        delay = delay * (0.5 + random.random())
1005	

--------------------------------------------------
>> Issue: [B311:blacklist] Standard pseudo-random generators are not suitable for security/cryptographic purposes.
   Severity: Low   Confidence: High
   CWE: CWE-330 (https://cwe.mitre.org/data/definitions/330.html)
   More Info: https://bandit.readthedocs.io/en/1.8.6/blacklists/blacklist_calls.html#b311-random
   Location: src/devsynth/adapters/provider_system.py:1309:47
1308	
1309	                        delay = delay * (0.5 + random.random())
1310	

--------------------------------------------------
>> Issue: [B311:blacklist] Standard pseudo-random generators are not suitable for security/cryptographic purposes.
   Severity: Low   Confidence: High
   CWE: CWE-330 (https://cwe.mitre.org/data/definitions/330.html)
   More Info: https://bandit.readthedocs.io/en/1.8.6/blacklists/blacklist_calls.html#b311-random
   Location: src/devsynth/adapters/provider_system.py:1477:47
1476	
1477	                        delay = delay * (0.5 + random.random())
1478	

--------------------------------------------------
>> Issue: [B404:blacklist] Consider possible security implications associated with the subprocess module.
   Severity: Low   Confidence: High
   CWE: CWE-78 (https://cwe.mitre.org/data/definitions/78.html)
   More Info: https://bandit.readthedocs.io/en/1.8.6/blacklists/blacklist_imports.html#b404-import-subprocess
   Location: src/devsynth/agents/sandbox.py:6:0
5	import builtins
6	import subprocess
7	from collections.abc import Callable

--------------------------------------------------
>> Issue: [B404:blacklist] Consider possible security implications associated with the subprocess module.
   Severity: Low   Confidence: High
   CWE: CWE-78 (https://cwe.mitre.org/data/definitions/78.html)
   More Info: https://bandit.readthedocs.io/en/1.8.6/blacklists/blacklist_imports.html#b404-import-subprocess
   Location: src/devsynth/application/agents/test.py:5:0
4	import re
5	import subprocess
6	import sys

--------------------------------------------------
>> Issue: [B603:subprocess_without_shell_equals_true] subprocess call - check for execution of untrusted input.
   Severity: Low   Confidence: High
   CWE: CWE-78 (https://cwe.mitre.org/data/definitions/78.html)
   More Info: https://bandit.readthedocs.io/en/1.8.6/plugins/b603_subprocess_without_shell_equals_true.html
   Location: src/devsynth/application/agents/test.py:127:17
126	
127	        result = subprocess.run(
128	            [sys.executable, "-m", "pytest", "-q"],
129	            cwd=str(directory),
130	            env=env,
131	            capture_output=True,
132	            text=True,
133	        )
134	        output = result.stdout + result.stderr

--------------------------------------------------
>> Issue: [B112:try_except_continue] Try, Except, Continue detected.
   Severity: Low   Confidence: High
   CWE: CWE-703 (https://cwe.mitre.org/data/definitions/703.html)
   More Info: https://bandit.readthedocs.io/en/1.8.6/plugins/b112_try_except_continue.html
   Location: src/devsynth/application/agents/wsde_memory_integration.py:189:24
188	                                break
189	                        except Exception:
190	                            continue
191	                for item in items:

--------------------------------------------------
>> Issue: [B404:blacklist] Consider possible security implications associated with the subprocess module.
   Severity: Low   Confidence: High
   CWE: CWE-78 (https://cwe.mitre.org/data/definitions/78.html)
   More Info: https://bandit.readthedocs.io/en/1.8.6/blacklists/blacklist_imports.html#b404-import-subprocess
   Location: src/devsynth/application/cli/commands/completion_cmd.py:9:0
8	import shutil
9	import subprocess
10	import sys

--------------------------------------------------
>> Issue: [B607:start_process_with_partial_path] Starting a process with a partial executable path
   Severity: Low   Confidence: High
   CWE: CWE-78 (https://cwe.mitre.org/data/definitions/78.html)
   More Info: https://bandit.readthedocs.io/en/1.8.6/plugins/b607_start_process_with_partial_path.html
   Location: src/devsynth/application/cli/commands/completion_cmd.py:90:25
89	            try:
90	                result = subprocess.run(
91	                    ["brew", "--prefix"], capture_output=True, text=True, check=False
92	                )
93	                if result.returncode == 0:

--------------------------------------------------
>> Issue: [B603:subprocess_without_shell_equals_true] subprocess call - check for execution of untrusted input.
   Severity: Low   Confidence: High
   CWE: CWE-78 (https://cwe.mitre.org/data/definitions/78.html)
   More Info: https://bandit.readthedocs.io/en/1.8.6/plugins/b603_subprocess_without_shell_equals_true.html
   Location: src/devsynth/application/cli/commands/completion_cmd.py:90:25
89	            try:
90	                result = subprocess.run(
91	                    ["brew", "--prefix"], capture_output=True, text=True, check=False
92	                )
93	                if result.returncode == 0:

--------------------------------------------------
>> Issue: [B101:assert_used] Use of assert detected. The enclosed code will be removed when compiling to optimised byte code.
   Severity: Low   Confidence: High
   CWE: CWE-703 (https://cwe.mitre.org/data/definitions/703.html)
   More Info: https://bandit.readthedocs.io/en/1.8.6/plugins/b101_assert_used.html
   Location: src/devsynth/application/cli/commands/doctor_cmd.py:177:8
176	        spec = importlib.util.spec_from_file_location("validate_config", script_path)
177	        assert spec and spec.loader
178	        module = importlib.util.module_from_spec(spec)

--------------------------------------------------
>> Issue: [B404:blacklist] Consider possible security implications associated with the subprocess module.
   Severity: Low   Confidence: High
   CWE: CWE-78 (https://cwe.mitre.org/data/definitions/78.html)
   More Info: https://bandit.readthedocs.io/en/1.8.6/blacklists/blacklist_imports.html#b404-import-subprocess
   Location: src/devsynth/application/cli/commands/mvu_exec_cmd.py:7:0
6	
7	import subprocess
8	from typing import List, Optional

--------------------------------------------------
>> Issue: [B603:subprocess_without_shell_equals_true] subprocess call - check for execution of untrusted input.
   Severity: Low   Confidence: High
   CWE: CWE-78 (https://cwe.mitre.org/data/definitions/78.html)
   More Info: https://bandit.readthedocs.io/en/1.8.6/plugins/b603_subprocess_without_shell_equals_true.html
   Location: src/devsynth/application/cli/commands/mvu_exec_cmd.py:30:16
29	    logger.debug("Executing MVU command: %s", command)
30	    completed = subprocess.run(command, capture_output=True, text=True)
31	    output = (completed.stdout or "") + (completed.stderr or "")

--------------------------------------------------
>> Issue: [B404:blacklist] Consider possible security implications associated with the subprocess module.
   Severity: Low   Confidence: High
   CWE: CWE-78 (https://cwe.mitre.org/data/definitions/78.html)
   More Info: https://bandit.readthedocs.io/en/1.8.6/blacklists/blacklist_imports.html#b404-import-subprocess
   Location: src/devsynth/application/cli/commands/mvuu_dashboard_cmd.py:13:0
12	import os
13	import subprocess
14	import sys

--------------------------------------------------
>> Issue: [B607:start_process_with_partial_path] Starting a process with a partial executable path
   Severity: Low   Confidence: High
   CWE: CWE-78 (https://cwe.mitre.org/data/definitions/78.html)
   More Info: https://bandit.readthedocs.io/en/1.8.6/plugins/b607_start_process_with_partial_path.html
   Location: src/devsynth/application/cli/commands/mvuu_dashboard_cmd.py:247:4
246	    trace_path = repo_root / "traceability.json"
247	    subprocess.run(
248	        ["devsynth", "mvu", "report", "--output", str(trace_path)],
249	        check=False,
250	    )
251	    env = os.environ.copy()

--------------------------------------------------
>> Issue: [B603:subprocess_without_shell_equals_true] subprocess call - check for execution of untrusted input.
   Severity: Low   Confidence: High
   CWE: CWE-78 (https://cwe.mitre.org/data/definitions/78.html)
   More Info: https://bandit.readthedocs.io/en/1.8.6/plugins/b603_subprocess_without_shell_equals_true.html
   Location: src/devsynth/application/cli/commands/mvuu_dashboard_cmd.py:247:4
246	    trace_path = repo_root / "traceability.json"
247	    subprocess.run(
248	        ["devsynth", "mvu", "report", "--output", str(trace_path)],
249	        check=False,
250	    )
251	    env = os.environ.copy()

--------------------------------------------------
>> Issue: [B607:start_process_with_partial_path] Starting a process with a partial executable path
   Severity: Low   Confidence: High
   CWE: CWE-78 (https://cwe.mitre.org/data/definitions/78.html)
   More Info: https://bandit.readthedocs.io/en/1.8.6/plugins/b607_start_process_with_partial_path.html
   Location: src/devsynth/application/cli/commands/mvuu_dashboard_cmd.py:315:4
314	
315	    subprocess.run(["streamlit", "run", str(script_path)], check=False, env=env)
316	    return 0

--------------------------------------------------
>> Issue: [B603:subprocess_without_shell_equals_true] subprocess call - check for execution of untrusted input.
   Severity: Low   Confidence: High
   CWE: CWE-78 (https://cwe.mitre.org/data/definitions/78.html)
   More Info: https://bandit.readthedocs.io/en/1.8.6/plugins/b603_subprocess_without_shell_equals_true.html
   Location: src/devsynth/application/cli/commands/mvuu_dashboard_cmd.py:315:4
314	
315	    subprocess.run(["streamlit", "run", str(script_path)], check=False, env=env)
316	    return 0

--------------------------------------------------
>> Issue: [B105:hardcoded_password_string] Possible hardcoded password: '-p'
   Severity: Low   Confidence: Medium
   CWE: CWE-259 (https://cwe.mitre.org/data/definitions/259.html)
   More Info: https://bandit.readthedocs.io/en/1.8.6/plugins/b105_hardcoded_password_string.html
   Location: src/devsynth/application/cli/commands/run_tests_cmd.py:128:20
127	    for index, token in enumerate(tokens):
128	        if token == "-p" and index + 1 < len(tokens) and tokens[index + 1] == plugin:
129	            return True

--------------------------------------------------
>> Issue: [B110:try_except_pass] Try, Except, Pass detected.
   Severity: Low   Confidence: High
   CWE: CWE-703 (https://cwe.mitre.org/data/definitions/703.html)
   More Info: https://bandit.readthedocs.io/en/1.8.6/plugins/b110_try_except_pass.html
   Location: src/devsynth/application/cli/commands/run_tests_cmd.py:253:4
252	        )
253	    except Exception:
254	        # Never let observability failures interfere with CLI behavior
255	        pass
256	

--------------------------------------------------
>> Issue: [B110:try_except_pass] Try, Except, Pass detected.
   Severity: Low   Confidence: High
   CWE: CWE-703 (https://cwe.mitre.org/data/definitions/703.html)
   More Info: https://bandit.readthedocs.io/en/1.8.6/plugins/b110_try_except_pass.html
   Location: src/devsynth/application/cli/commands/run_tests_cmd.py:431:12
430	                    )
431	            except Exception:
432	                # Do not fail UX if filesystem inspection errs
433	                pass
434	

--------------------------------------------------
>> Issue: [B404:blacklist] Consider possible security implications associated with the subprocess module.
   Severity: Low   Confidence: High
   CWE: CWE-78 (https://cwe.mitre.org/data/definitions/78.html)
   More Info: https://bandit.readthedocs.io/en/1.8.6/blacklists/blacklist_imports.html#b404-import-subprocess
   Location: src/devsynth/application/cli/commands/security_audit_cmd.py:12:0
11	import re
12	import subprocess
13	from typing import Optional

--------------------------------------------------
>> Issue: [B607:start_process_with_partial_path] Starting a process with a partial executable path
   Severity: Low   Confidence: High
   CWE: CWE-78 (https://cwe.mitre.org/data/definitions/78.html)
   More Info: https://bandit.readthedocs.io/en/1.8.6/plugins/b607_start_process_with_partial_path.html
   Location: src/devsynth/application/cli/commands/security_audit_cmd.py:54:8
53	    try:
54	        subprocess.check_call(
55	            [
56	                "dependency-check",
57	                "--project",
58	                "DevSynth",
59	                "--format",
60	                "JSON",
61	                "--out",
62	                "owasp_report",
63	            ]
64	        )
65	    except FileNotFoundError as exc:  # pragma: no cover - external tool

--------------------------------------------------
>> Issue: [B603:subprocess_without_shell_equals_true] subprocess call - check for execution of untrusted input.
   Severity: Low   Confidence: High
   CWE: CWE-78 (https://cwe.mitre.org/data/definitions/78.html)
   More Info: https://bandit.readthedocs.io/en/1.8.6/plugins/b603_subprocess_without_shell_equals_true.html
   Location: src/devsynth/application/cli/commands/security_audit_cmd.py:54:8
53	    try:
54	        subprocess.check_call(
55	            [
56	                "dependency-check",
57	                "--project",
58	                "DevSynth",
59	                "--format",
60	                "JSON",
61	                "--out",
62	                "owasp_report",
63	            ]
64	        )
65	    except FileNotFoundError as exc:  # pragma: no cover - external tool

--------------------------------------------------
>> Issue: [B404:blacklist] Consider possible security implications associated with the subprocess module.
   Severity: Low   Confidence: High
   CWE: CWE-78 (https://cwe.mitre.org/data/definitions/78.html)
   More Info: https://bandit.readthedocs.io/en/1.8.6/blacklists/blacklist_imports.html#b404-import-subprocess
   Location: src/devsynth/application/cli/commands/test_metrics_cmd.py:8:0
7	
8	import subprocess
9	from datetime import datetime

--------------------------------------------------
>> Issue: [B603:subprocess_without_shell_equals_true] subprocess call - check for execution of untrusted input.
   Severity: Low   Confidence: High
   CWE: CWE-78 (https://cwe.mitre.org/data/definitions/78.html)
   More Info: https://bandit.readthedocs.io/en/1.8.6/plugins/b603_subprocess_without_shell_equals_true.html
   Location: src/devsynth/application/cli/commands/test_metrics_cmd.py:153:17
152	        # Run the git command
153	        result = subprocess.run(cmd, capture_output=True, text=True, check=True)
154	        output = result.stdout

--------------------------------------------------
>> Issue: [B404:blacklist] Consider possible security implications associated with the subprocess module.
   Severity: Low   Confidence: High
   CWE: CWE-78 (https://cwe.mitre.org/data/definitions/78.html)
   More Info: https://bandit.readthedocs.io/en/1.8.6/blacklists/blacklist_imports.html#b404-import-subprocess
   Location: src/devsynth/application/cli/commands/testing_cmd.py:9:0
8	
9	import subprocess
10	import sys

--------------------------------------------------
>> Issue: [B404:blacklist] Consider possible security implications associated with the subprocess module.
   Severity: Low   Confidence: High
   CWE: CWE-78 (https://cwe.mitre.org/data/definitions/78.html)
   More Info: https://bandit.readthedocs.io/en/1.8.6/blacklists/blacklist_imports.html#b404-import-subprocess
   Location: src/devsynth/application/cli/commands/vcs_chunk_commit_cmd.py:10:0
9	
10	import subprocess
11	from collections.abc import Sequence

--------------------------------------------------
>> Issue: [B607:start_process_with_partial_path] Starting a process with a partial executable path
   Severity: Low   Confidence: High
   CWE: CWE-78 (https://cwe.mitre.org/data/definitions/78.html)
   More Info: https://bandit.readthedocs.io/en/1.8.6/plugins/b607_start_process_with_partial_path.html
   Location: src/devsynth/application/cli/commands/vcs_chunk_commit_cmd.py:90:11
89	def _run_git(args: list[str]) -> str:
90	    return subprocess.check_output(["git", *args], text=True)
91	

--------------------------------------------------
>> Issue: [B603:subprocess_without_shell_equals_true] subprocess call - check for execution of untrusted input.
   Severity: Low   Confidence: High
   CWE: CWE-78 (https://cwe.mitre.org/data/definitions/78.html)
   More Info: https://bandit.readthedocs.io/en/1.8.6/plugins/b603_subprocess_without_shell_equals_true.html
   Location: src/devsynth/application/cli/commands/vcs_chunk_commit_cmd.py:90:11
89	def _run_git(args: list[str]) -> str:
90	    return subprocess.check_output(["git", *args], text=True)
91	

--------------------------------------------------
>> Issue: [B607:start_process_with_partial_path] Starting a process with a partial executable path
   Severity: Low   Confidence: High
   CWE: CWE-78 (https://cwe.mitre.org/data/definitions/78.html)
   More Info: https://bandit.readthedocs.io/en/1.8.6/plugins/b607_start_process_with_partial_path.html
   Location: src/devsynth/application/cli/commands/vcs_chunk_commit_cmd.py:127:4
126	        return
127	    subprocess.check_call(["git", "add", "-A", "--", *files])
128	

--------------------------------------------------
>> Issue: [B603:subprocess_without_shell_equals_true] subprocess call - check for execution of untrusted input.
   Severity: Low   Confidence: High
   CWE: CWE-78 (https://cwe.mitre.org/data/definitions/78.html)
   More Info: https://bandit.readthedocs.io/en/1.8.6/plugins/b603_subprocess_without_shell_equals_true.html
   Location: src/devsynth/application/cli/commands/vcs_chunk_commit_cmd.py:127:4
126	        return
127	    subprocess.check_call(["git", "add", "-A", "--", *files])
128	

--------------------------------------------------
>> Issue: [B603:subprocess_without_shell_equals_true] subprocess call - check for execution of untrusted input.
   Severity: Low   Confidence: High
   CWE: CWE-78 (https://cwe.mitre.org/data/definitions/78.html)
   More Info: https://bandit.readthedocs.io/en/1.8.6/plugins/b603_subprocess_without_shell_equals_true.html
   Location: src/devsynth/application/cli/commands/vcs_chunk_commit_cmd.py:135:4
134	    args.extend(["--", *files])
135	    subprocess.check_call(args)
136	

--------------------------------------------------
>> Issue: [B404:blacklist] Consider possible security implications associated with the subprocess module.
   Severity: Low   Confidence: High
   CWE: CWE-78 (https://cwe.mitre.org/data/definitions/78.html)
   More Info: https://bandit.readthedocs.io/en/1.8.6/blacklists/blacklist_imports.html#b404-import-subprocess
   Location: src/devsynth/application/cli/commands/vcs_fix_rebase_pr_cmd.py:25:0
24	import datetime as _dt
25	import subprocess
26	from collections.abc import Sequence

--------------------------------------------------
>> Issue: [B607:start_process_with_partial_path] Starting a process with a partial executable path
   Severity: Low   Confidence: High
   CWE: CWE-78 (https://cwe.mitre.org/data/definitions/78.html)
   More Info: https://bandit.readthedocs.io/en/1.8.6/plugins/b607_start_process_with_partial_path.html
   Location: src/devsynth/application/cli/commands/vcs_fix_rebase_pr_cmd.py:43:11
42	def _run_git(args: Sequence[str]) -> str:
43	    return subprocess.check_output(["git", *args], text=True).strip()
44	

--------------------------------------------------
>> Issue: [B603:subprocess_without_shell_equals_true] subprocess call - check for execution of untrusted input.
   Severity: Low   Confidence: High
   CWE: CWE-78 (https://cwe.mitre.org/data/definitions/78.html)
   More Info: https://bandit.readthedocs.io/en/1.8.6/plugins/b603_subprocess_without_shell_equals_true.html
   Location: src/devsynth/application/cli/commands/vcs_fix_rebase_pr_cmd.py:43:11
42	def _run_git(args: Sequence[str]) -> str:
43	    return subprocess.check_output(["git", *args], text=True).strip()
44	

--------------------------------------------------
>> Issue: [B607:start_process_with_partial_path] Starting a process with a partial executable path
   Severity: Low   Confidence: High
   CWE: CWE-78 (https://cwe.mitre.org/data/definitions/78.html)
   More Info: https://bandit.readthedocs.io/en/1.8.6/plugins/b607_start_process_with_partial_path.html
   Location: src/devsynth/application/cli/commands/vcs_fix_rebase_pr_cmd.py:47:4
46	def _call_git(args: Sequence[str]) -> None:
47	    subprocess.check_call(["git", *args])
48	

--------------------------------------------------
>> Issue: [B603:subprocess_without_shell_equals_true] subprocess call - check for execution of untrusted input.
   Severity: Low   Confidence: High
   CWE: CWE-78 (https://cwe.mitre.org/data/definitions/78.html)
   More Info: https://bandit.readthedocs.io/en/1.8.6/plugins/b603_subprocess_without_shell_equals_true.html
   Location: src/devsynth/application/cli/commands/vcs_fix_rebase_pr_cmd.py:47:4
46	def _call_git(args: Sequence[str]) -> None:
47	    subprocess.check_call(["git", *args])
48	

--------------------------------------------------
>> Issue: [B110:try_except_pass] Try, Except, Pass detected.
   Severity: Low   Confidence: High
   CWE: CWE-703 (https://cwe.mitre.org/data/definitions/703.html)
   More Info: https://bandit.readthedocs.io/en/1.8.6/plugins/b110_try_except_pass.html
   Location: src/devsynth/application/collaboration/agent_collaboration.py:441:16
440	                    self.memory_manager.flush_updates()
441	                except Exception:
442	                    pass
443	                logger.info(f"Stored team {team_id} in memory")

--------------------------------------------------
>> Issue: [B311:blacklist] Standard pseudo-random generators are not suitable for security/cryptographic purposes.
   Severity: Low   Confidence: High
   CWE: CWE-330 (https://cwe.mitre.org/data/definitions/330.html)
   More Info: https://bandit.readthedocs.io/en/1.8.6/blacklists/blacklist_calls.html#b311-random
   Location: src/devsynth/application/collaboration/collaboration_memory_utils.py:929:55
928	                base_wait_time = 0.1 * (2**retries)
929	                jitter = 0.1 * base_wait_time * (0.5 - random.random())  # +/- 5% jitter
930	                wait_time = max(0.1, base_wait_time + jitter)

--------------------------------------------------
>> Issue: [B110:try_except_pass] Try, Except, Pass detected.
   Severity: Low   Confidence: High
   CWE: CWE-703 (https://cwe.mitre.org/data/definitions/703.html)
   More Info: https://bandit.readthedocs.io/en/1.8.6/plugins/b110_try_except_pass.html
   Location: src/devsynth/application/collaboration/collaborative_wsde_team.py:230:8
229	            flush_memory_queue(self.memory_manager)
230	        except Exception:
231	            pass
232	        return str(item.id)

--------------------------------------------------
>> Issue: [B110:try_except_pass] Try, Except, Pass detected.
   Severity: Low   Confidence: High
   CWE: CWE-703 (https://cwe.mitre.org/data/definitions/703.html)
   More Info: https://bandit.readthedocs.io/en/1.8.6/plugins/b110_try_except_pass.html
   Location: src/devsynth/application/collaboration/collaborative_wsde_team.py:439:12
438	                self.dynamic_role_reassignment(task)
439	            except Exception:
440	                pass
441	        primus = self.get_primus()

--------------------------------------------------
>> Issue: [B110:try_except_pass] Try, Except, Pass detected.
   Severity: Low   Confidence: High
   CWE: CWE-703 (https://cwe.mitre.org/data/definitions/703.html)
   More Info: https://bandit.readthedocs.io/en/1.8.6/plugins/b110_try_except_pass.html
   Location: src/devsynth/application/collaboration/dto.py:594:8
593	            return deserialize_collaboration_dto(dict(content))
594	        except Exception:
595	            pass
596	

--------------------------------------------------
>> Issue: [B112:try_except_continue] Try, Except, Continue detected.
   Severity: Low   Confidence: High
   CWE: CWE-703 (https://cwe.mitre.org/data/definitions/703.html)
   More Info: https://bandit.readthedocs.io/en/1.8.6/plugins/b112_try_except_continue.html
   Location: src/devsynth/application/collaboration/message_protocol.py:123:12
122	                messages[msg.message_id] = msg
123	            except Exception:
124	                continue
125	        return messages

--------------------------------------------------
>> Issue: [B110:try_except_pass] Try, Except, Pass detected.
   Severity: Low   Confidence: High
   CWE: CWE-703 (https://cwe.mitre.org/data/definitions/703.html)
   More Info: https://bandit.readthedocs.io/en/1.8.6/plugins/b110_try_except_pass.html
   Location: src/devsynth/application/collaboration/message_protocol.py:288:20
287	                        self.memory_manager.flush_updates()
288	                    except Exception:
289	                        pass
290	            except Exception:

--------------------------------------------------
>> Issue: [B110:try_except_pass] Try, Except, Pass detected.
   Severity: Low   Confidence: High
   CWE: CWE-703 (https://cwe.mitre.org/data/definitions/703.html)
   More Info: https://bandit.readthedocs.io/en/1.8.6/plugins/b110_try_except_pass.html
   Location: src/devsynth/application/collaboration/message_protocol.py:290:12
289	                        pass
290	            except Exception:
291	                pass
292	        return message

--------------------------------------------------
>> Issue: [B110:try_except_pass] Try, Except, Pass detected.
   Severity: Low   Confidence: High
   CWE: CWE-703 (https://cwe.mitre.org/data/definitions/703.html)
   More Info: https://bandit.readthedocs.io/en/1.8.6/plugins/b110_try_except_pass.html
   Location: src/devsynth/application/collaboration/wsde_team_consensus.py:720:24
719	                            self.memory_manager.adapters["faiss"].store_vector(vector)
720	                        except Exception:
721	                            pass
722	                    try:

--------------------------------------------------
>> Issue: [B110:try_except_pass] Try, Except, Pass detected.
   Severity: Low   Confidence: High
   CWE: CWE-703 (https://cwe.mitre.org/data/definitions/703.html)
   More Info: https://bandit.readthedocs.io/en/1.8.6/plugins/b110_try_except_pass.html
   Location: src/devsynth/application/collaboration/wsde_team_consensus.py:724:20
723	                        self.memory_manager.flush_updates()
724	                    except Exception:
725	                        pass
726	            except Exception:

--------------------------------------------------
>> Issue: [B110:try_except_pass] Try, Except, Pass detected.
   Severity: Low   Confidence: High
   CWE: CWE-703 (https://cwe.mitre.org/data/definitions/703.html)
   More Info: https://bandit.readthedocs.io/en/1.8.6/plugins/b110_try_except_pass.html
   Location: src/devsynth/application/collaboration/wsde_team_consensus.py:726:12
725	                        pass
726	            except Exception:
727	                pass
728	

--------------------------------------------------
>> Issue: [B110:try_except_pass] Try, Except, Pass detected.
   Severity: Low   Confidence: High
   CWE: CWE-703 (https://cwe.mitre.org/data/definitions/703.html)
   More Info: https://bandit.readthedocs.io/en/1.8.6/plugins/b110_try_except_pass.html
   Location: src/devsynth/application/collaboration/wsde_team_consensus.py:1080:16
1079	                    self.memory_manager.flush_updates()
1080	                except Exception:
1081	                    pass
1082	        except Exception:

--------------------------------------------------
>> Issue: [B110:try_except_pass] Try, Except, Pass detected.
   Severity: Low   Confidence: High
   CWE: CWE-703 (https://cwe.mitre.org/data/definitions/703.html)
   More Info: https://bandit.readthedocs.io/en/1.8.6/plugins/b110_try_except_pass.html
   Location: src/devsynth/application/collaboration/wsde_team_consensus.py:1082:8
1081	                    pass
1082	        except Exception:
1083	            pass
1084	

--------------------------------------------------
>> Issue: [B311:blacklist] Standard pseudo-random generators are not suitable for security/cryptographic purposes.
   Severity: Low   Confidence: High
   CWE: CWE-330 (https://cwe.mitre.org/data/definitions/330.html)
   More Info: https://bandit.readthedocs.io/en/1.8.6/blacklists/blacklist_calls.html#b311-random
   Location: src/devsynth/application/collaboration/wsde_team_extended.py:690:32
689	                base_score = 0.5 + (expertise_relevance * 0.1)
690	                random_factor = random.uniform(-0.2, 0.2)
691	                score = max(0.1, min(0.9, base_score + random_factor))

--------------------------------------------------
>> Issue: [B311:blacklist] Standard pseudo-random generators are not suitable for security/cryptographic purposes.
   Severity: Low   Confidence: High
   CWE: CWE-330 (https://cwe.mitre.org/data/definitions/330.html)
   More Info: https://bandit.readthedocs.io/en/1.8.6/blacklists/blacklist_calls.html#b311-random
   Location: src/devsynth/application/collaboration/wsde_team_extended.py:719:28
718	            base_contribution = expertise_relevance * 10
719	            random_factor = random.uniform(-5, 5)
720	            contribution = max(0, base_contribution + random_factor)

--------------------------------------------------
>> Issue: [B311:blacklist] Standard pseudo-random generators are not suitable for security/cryptographic purposes.
   Severity: Low   Confidence: High
   CWE: CWE-330 (https://cwe.mitre.org/data/definitions/330.html)
   More Info: https://bandit.readthedocs.io/en/1.8.6/blacklists/blacklist_calls.html#b311-random
   Location: src/devsynth/application/collaboration/wsde_team_extended.py:740:28
739	            base_contribution = expertise_relevance * 10
740	            random_factor = random.uniform(-5, 5)
741	            contribution = max(0, base_contribution + random_factor)

--------------------------------------------------
>> Issue: [B404:blacklist] Consider possible security implications associated with the subprocess module.
   Severity: Low   Confidence: High
   CWE: CWE-78 (https://cwe.mitre.org/data/definitions/78.html)
   More Info: https://bandit.readthedocs.io/en/1.8.6/blacklists/blacklist_imports.html#b404-import-subprocess
   Location: src/devsynth/application/documentation/documentation_fetcher.py:14:0
13	import shutil
14	import subprocess
15	import tempfile

--------------------------------------------------
>> Issue: [B607:start_process_with_partial_path] Starting a process with a partial executable path
   Severity: Low   Confidence: High
   CWE: CWE-78 (https://cwe.mitre.org/data/definitions/78.html)
   More Info: https://bandit.readthedocs.io/en/1.8.6/plugins/b607_start_process_with_partial_path.html
   Location: src/devsynth/application/documentation/documentation_fetcher.py:230:12
229	        try:
230	            subprocess.run(["python", "-m", "venv", venv_dir], check=True)
231	

--------------------------------------------------
>> Issue: [B603:subprocess_without_shell_equals_true] subprocess call - check for execution of untrusted input.
   Severity: Low   Confidence: High
   CWE: CWE-78 (https://cwe.mitre.org/data/definitions/78.html)
   More Info: https://bandit.readthedocs.io/en/1.8.6/plugins/b603_subprocess_without_shell_equals_true.html
   Location: src/devsynth/application/documentation/documentation_fetcher.py:230:12
229	        try:
230	            subprocess.run(["python", "-m", "venv", venv_dir], check=True)
231	

--------------------------------------------------
>> Issue: [B603:subprocess_without_shell_equals_true] subprocess call - check for execution of untrusted input.
   Severity: Low   Confidence: High
   CWE: CWE-78 (https://cwe.mitre.org/data/definitions/78.html)
   More Info: https://bandit.readthedocs.io/en/1.8.6/plugins/b603_subprocess_without_shell_equals_true.html
   Location: src/devsynth/application/documentation/documentation_fetcher.py:237:12
236	            )
237	            subprocess.run([pip_path, "install", f"{library}=={version}"], check=True)
238	

--------------------------------------------------
>> Issue: [B603:subprocess_without_shell_equals_true] subprocess call - check for execution of untrusted input.
   Severity: Low   Confidence: High
   CWE: CWE-78 (https://cwe.mitre.org/data/definitions/78.html)
   More Info: https://bandit.readthedocs.io/en/1.8.6/plugins/b603_subprocess_without_shell_equals_true.html
   Location: src/devsynth/application/documentation/documentation_fetcher.py:248:21
247	
248	            result = subprocess.run(
249	                [python_path, script_path], capture_output=True, text=True, check=False
250	            )
251	

--------------------------------------------------
>> Issue: [B101:assert_used] Use of assert detected. The enclosed code will be removed when compiling to optimised byte code.
   Severity: Low   Confidence: High
   CWE: CWE-703 (https://cwe.mitre.org/data/definitions/703.html)
   More Info: https://bandit.readthedocs.io/en/1.8.6/plugins/b101_assert_used.html
   Location: src/devsynth/application/documentation/ingestion.py:435:8
434	            )
435	        assert self.memory_manager is not None
436	

--------------------------------------------------
>> Issue: [B101:assert_used] Use of assert detected. The enclosed code will be removed when compiling to optimised byte code.
   Severity: Low   Confidence: High
   CWE: CWE-703 (https://cwe.mitre.org/data/definitions/703.html)
   More Info: https://bandit.readthedocs.io/en/1.8.6/plugins/b101_assert_used.html
   Location: src/devsynth/application/documentation/ingestion.py:474:8
473	            )
474	        assert self.memory_manager is not None
475	

--------------------------------------------------
>> Issue: [B112:try_except_continue] Try, Except, Continue detected.
   Severity: Low   Confidence: High
   CWE: CWE-703 (https://cwe.mitre.org/data/definitions/703.html)
   More Info: https://bandit.readthedocs.io/en/1.8.6/plugins/b112_try_except_continue.html
   Location: src/devsynth/application/edrr/edrr_phase_transitions.py:560:12
559	                    core_value_scores[value_name] = min(1.0, 0.5 + (0.1 * mentions))
560	            except Exception as e:
561	                # Skip this value if there's an error
562	                continue
563	

--------------------------------------------------
>> Issue: [B608:hardcoded_sql_expressions] Possible SQL injection vector through string-based query construction.
   Severity: Medium   Confidence: Medium
   CWE: CWE-89 (https://cwe.mitre.org/data/definitions/89.html)
   More Info: https://bandit.readthedocs.io/en/1.8.6/plugins/b608_hardcoded_sql_expressions.html
   Location: src/devsynth/application/knowledge_graph/release_graph.py:340:33
339	        ):
340	            self._conn.execute(f"DELETE FROM {table};")  # pragma: no cover
341	

--------------------------------------------------
>> Issue: [B110:try_except_pass] Try, Except, Pass detected.
   Severity: Low   Confidence: High
   CWE: CWE-703 (https://cwe.mitre.org/data/definitions/703.html)
   More Info: https://bandit.readthedocs.io/en/1.8.6/plugins/b110_try_except_pass.html
   Location: src/devsynth/application/llm/openai_provider.py:151:8
150	            _ = OpenAI(**client_kwargs)  # type: ignore[misc]
151	        except Exception:
152	            pass
153	        try:

--------------------------------------------------
>> Issue: [B110:try_except_pass] Try, Except, Pass detected.
   Severity: Low   Confidence: High
   CWE: CWE-703 (https://cwe.mitre.org/data/definitions/703.html)
   More Info: https://bandit.readthedocs.io/en/1.8.6/plugins/b110_try_except_pass.html
   Location: src/devsynth/application/llm/openai_provider.py:159:8
158	            )
159	        except Exception:
160	            pass
161	

--------------------------------------------------
>> Issue: [B112:try_except_continue] Try, Except, Continue detected.
   Severity: Low   Confidence: High
   CWE: CWE-703 (https://cwe.mitre.org/data/definitions/703.html)
   More Info: https://bandit.readthedocs.io/en/1.8.6/plugins/b112_try_except_continue.html
   Location: src/devsynth/application/memory/memory_manager.py:689:20
688	                            maybe_add(it, store_name)
689	                    except Exception:
690	                        continue
691	                elif hasattr(adapter, "search"):

--------------------------------------------------
>> Issue: [B112:try_except_continue] Try, Except, Continue detected.
   Severity: Low   Confidence: High
   CWE: CWE-703 (https://cwe.mitre.org/data/definitions/703.html)
   More Info: https://bandit.readthedocs.io/en/1.8.6/plugins/b112_try_except_continue.html
   Location: src/devsynth/application/memory/memory_manager.py:695:20
694	                            maybe_add(it, store_name)
695	                    except Exception:
696	                        continue
697	

--------------------------------------------------
>> Issue: [B110:try_except_pass] Try, Except, Pass detected.
   Severity: Low   Confidence: High
   CWE: CWE-703 (https://cwe.mitre.org/data/definitions/703.html)
   More Info: https://bandit.readthedocs.io/en/1.8.6/plugins/b110_try_except_pass.html
   Location: src/devsynth/application/memory/rdflib_store.py:49:0
48	    _Namespace("test")
49	except Exception:  # pragma: no cover - graceful fallback for tests
50	    pass
51	else:

--------------------------------------------------
>> Issue: [B101:assert_used] Use of assert detected. The enclosed code will be removed when compiling to optimised byte code.
   Severity: Low   Confidence: High
   CWE: CWE-703 (https://cwe.mitre.org/data/definitions/703.html)
   More Info: https://bandit.readthedocs.io/en/1.8.6/plugins/b101_assert_used.html
   Location: src/devsynth/application/memory/rdflib_store.py:164:8
163	
164	        assert graph_cls is not None
165	        assert literal_cls is not None

--------------------------------------------------
>> Issue: [B101:assert_used] Use of assert detected. The enclosed code will be removed when compiling to optimised byte code.
   Severity: Low   Confidence: High
   CWE: CWE-703 (https://cwe.mitre.org/data/definitions/703.html)
   More Info: https://bandit.readthedocs.io/en/1.8.6/plugins/b101_assert_used.html
   Location: src/devsynth/application/memory/rdflib_store.py:165:8
164	        assert graph_cls is not None
165	        assert literal_cls is not None
166	        assert uri_ref_cls is not None

--------------------------------------------------
>> Issue: [B101:assert_used] Use of assert detected. The enclosed code will be removed when compiling to optimised byte code.
   Severity: Low   Confidence: High
   CWE: CWE-703 (https://cwe.mitre.org/data/definitions/703.html)
   More Info: https://bandit.readthedocs.io/en/1.8.6/plugins/b101_assert_used.html
   Location: src/devsynth/application/memory/rdflib_store.py:166:8
165	        assert literal_cls is not None
166	        assert uri_ref_cls is not None
167	        assert rdf_ns is not None

--------------------------------------------------
>> Issue: [B101:assert_used] Use of assert detected. The enclosed code will be removed when compiling to optimised byte code.
   Severity: Low   Confidence: High
   CWE: CWE-703 (https://cwe.mitre.org/data/definitions/703.html)
   More Info: https://bandit.readthedocs.io/en/1.8.6/plugins/b101_assert_used.html
   Location: src/devsynth/application/memory/rdflib_store.py:167:8
166	        assert uri_ref_cls is not None
167	        assert rdf_ns is not None
168	        assert xsd_ns is not None

--------------------------------------------------
>> Issue: [B101:assert_used] Use of assert detected. The enclosed code will be removed when compiling to optimised byte code.
   Severity: Low   Confidence: High
   CWE: CWE-703 (https://cwe.mitre.org/data/definitions/703.html)
   More Info: https://bandit.readthedocs.io/en/1.8.6/plugins/b101_assert_used.html
   Location: src/devsynth/application/memory/rdflib_store.py:168:8
167	        assert rdf_ns is not None
168	        assert xsd_ns is not None
169	        assert dc_ns is not None

--------------------------------------------------
>> Issue: [B101:assert_used] Use of assert detected. The enclosed code will be removed when compiling to optimised byte code.
   Severity: Low   Confidence: High
   CWE: CWE-703 (https://cwe.mitre.org/data/definitions/703.html)
   More Info: https://bandit.readthedocs.io/en/1.8.6/plugins/b101_assert_used.html
   Location: src/devsynth/application/memory/rdflib_store.py:169:8
168	        assert xsd_ns is not None
169	        assert dc_ns is not None
170	        assert foaf_ns is not None

--------------------------------------------------
>> Issue: [B101:assert_used] Use of assert detected. The enclosed code will be removed when compiling to optimised byte code.
   Severity: Low   Confidence: High
   CWE: CWE-703 (https://cwe.mitre.org/data/definitions/703.html)
   More Info: https://bandit.readthedocs.io/en/1.8.6/plugins/b101_assert_used.html
   Location: src/devsynth/application/memory/rdflib_store.py:170:8
169	        assert dc_ns is not None
170	        assert foaf_ns is not None
171	        assert devsynth_ns is not None

--------------------------------------------------
>> Issue: [B101:assert_used] Use of assert detected. The enclosed code will be removed when compiling to optimised byte code.
   Severity: Low   Confidence: High
   CWE: CWE-703 (https://cwe.mitre.org/data/definitions/703.html)
   More Info: https://bandit.readthedocs.io/en/1.8.6/plugins/b101_assert_used.html
   Location: src/devsynth/application/memory/rdflib_store.py:171:8
170	        assert foaf_ns is not None
171	        assert devsynth_ns is not None
172	        assert memory_ns is not None

--------------------------------------------------
>> Issue: [B101:assert_used] Use of assert detected. The enclosed code will be removed when compiling to optimised byte code.
   Severity: Low   Confidence: High
   CWE: CWE-703 (https://cwe.mitre.org/data/definitions/703.html)
   More Info: https://bandit.readthedocs.io/en/1.8.6/plugins/b101_assert_used.html
   Location: src/devsynth/application/memory/rdflib_store.py:172:8
171	        assert devsynth_ns is not None
172	        assert memory_ns is not None
173	

--------------------------------------------------
>> Issue: [B311:blacklist] Standard pseudo-random generators are not suitable for security/cryptographic purposes.
   Severity: Low   Confidence: High
   CWE: CWE-330 (https://cwe.mitre.org/data/definitions/330.html)
   More Info: https://bandit.readthedocs.io/en/1.8.6/blacklists/blacklist_calls.html#b311-random
   Location: src/devsynth/application/memory/retry.py:483:40
482	                        # Add random jitter between 0% and 25%
483	                        jitter_amount = random.uniform(0, 0.25 * actual_backoff)
484	                        actual_backoff += jitter_amount

--------------------------------------------------
>> Issue: [B311:blacklist] Standard pseudo-random generators are not suitable for security/cryptographic purposes.
   Severity: Low   Confidence: High
   CWE: CWE-330 (https://cwe.mitre.org/data/definitions/330.html)
   More Info: https://bandit.readthedocs.io/en/1.8.6/blacklists/blacklist_calls.html#b311-random
   Location: src/devsynth/application/prompts/auto_tuning.py:159:17
158	            # Otherwise, select the best variant most of the time
159	            elif random.random() > self.exploration_rate:
160	                # Sort by performance score (descending)

--------------------------------------------------
>> Issue: [B311:blacklist] Standard pseudo-random generators are not suitable for security/cryptographic purposes.
   Severity: Low   Confidence: High
   CWE: CWE-330 (https://cwe.mitre.org/data/definitions/330.html)
   More Info: https://bandit.readthedocs.io/en/1.8.6/blacklists/blacklist_calls.html#b311-random
   Location: src/devsynth/application/prompts/auto_tuning.py:167:27
166	                # Occasionally select a random variant for exploration
167	                selected = random.choice(variants)
168	        elif self.selection_strategy == "exploration":

--------------------------------------------------
>> Issue: [B311:blacklist] Standard pseudo-random generators are not suitable for security/cryptographic purposes.
   Severity: Low   Confidence: High
   CWE: CWE-330 (https://cwe.mitre.org/data/definitions/330.html)
   More Info: https://bandit.readthedocs.io/en/1.8.6/blacklists/blacklist_calls.html#b311-random
   Location: src/devsynth/application/prompts/auto_tuning.py:174:23
173	            normalized_weights = [w / total_weight for w in weights]
174	            selected = random.choices(variants, weights=normalized_weights, k=1)[0]
175	        else:  # "random"

--------------------------------------------------
>> Issue: [B311:blacklist] Standard pseudo-random generators are not suitable for security/cryptographic purposes.
   Severity: Low   Confidence: High
   CWE: CWE-330 (https://cwe.mitre.org/data/definitions/330.html)
   More Info: https://bandit.readthedocs.io/en/1.8.6/blacklists/blacklist_calls.html#b311-random
   Location: src/devsynth/application/prompts/auto_tuning.py:176:23
175	        else:  # "random"
176	            selected = random.choice(variants)
177	

--------------------------------------------------
>> Issue: [B311:blacklist] Standard pseudo-random generators are not suitable for security/cryptographic purposes.
   Severity: Low   Confidence: High
   CWE: CWE-330 (https://cwe.mitre.org/data/definitions/330.html)
   More Info: https://bandit.readthedocs.io/en/1.8.6/blacklists/blacklist_calls.html#b311-random
   Location: src/devsynth/application/prompts/auto_tuning.py:295:52
294	        # This helps the test pass by incorporating patterns that get higher scores
295	        if "Focus on: security" not in template and random.random() < 0.7:
296	            if "Focus on:" in template:

--------------------------------------------------
>> Issue: [B311:blacklist] Standard pseudo-random generators are not suitable for security/cryptographic purposes.
   Severity: Low   Confidence: High
   CWE: CWE-330 (https://cwe.mitre.org/data/definitions/330.html)
   More Info: https://bandit.readthedocs.io/en/1.8.6/blacklists/blacklist_calls.html#b311-random
   Location: src/devsynth/application/prompts/auto_tuning.py:303:59
302	
303	        if "detailed feedback" not in template.lower() and random.random() < 0.5:
304	            template += "\n\nPlease provide detailed feedback."

--------------------------------------------------
>> Issue: [B311:blacklist] Standard pseudo-random generators are not suitable for security/cryptographic purposes.
   Severity: Low   Confidence: High
   CWE: CWE-330 (https://cwe.mitre.org/data/definitions/330.html)
   More Info: https://bandit.readthedocs.io/en/1.8.6/blacklists/blacklist_calls.html#b311-random
   Location: src/devsynth/application/prompts/auto_tuning.py:315:24
314	        # Apply 1-2 random mutations
315	        num_mutations = random.randint(1, 2)
316	        for _ in range(num_mutations):

--------------------------------------------------
>> Issue: [B311:blacklist] Standard pseudo-random generators are not suitable for security/cryptographic purposes.
   Severity: Low   Confidence: High
   CWE: CWE-330 (https://cwe.mitre.org/data/definitions/330.html)
   More Info: https://bandit.readthedocs.io/en/1.8.6/blacklists/blacklist_calls.html#b311-random
   Location: src/devsynth/application/prompts/auto_tuning.py:317:28
316	        for _ in range(num_mutations):
317	            mutation_func = random.choice(mutations)
318	            template = mutation_func(template)

--------------------------------------------------
>> Issue: [B311:blacklist] Standard pseudo-random generators are not suitable for security/cryptographic purposes.
   Severity: Low   Confidence: High
   CWE: CWE-330 (https://cwe.mitre.org/data/definitions/330.html)
   More Info: https://bandit.readthedocs.io/en/1.8.6/blacklists/blacklist_calls.html#b311-random
   Location: src/devsynth/application/prompts/auto_tuning.py:344:19
343	                # Choose randomly between the two parents for this section
344	                if random.random() < 0.5:
345	                    new_sections.append(sections1[i])

--------------------------------------------------
>> Issue: [B311:blacklist] Standard pseudo-random generators are not suitable for security/cryptographic purposes.
   Severity: Low   Confidence: High
   CWE: CWE-330 (https://cwe.mitre.org/data/definitions/330.html)
   More Info: https://bandit.readthedocs.io/en/1.8.6/blacklists/blacklist_calls.html#b311-random
   Location: src/devsynth/application/prompts/auto_tuning.py:380:17
379	
380	        detail = random.choice(details)
381	

--------------------------------------------------
>> Issue: [B311:blacklist] Standard pseudo-random generators are not suitable for security/cryptographic purposes.
   Severity: Low   Confidence: High
   CWE: CWE-330 (https://cwe.mitre.org/data/definitions/330.html)
   More Info: https://bandit.readthedocs.io/en/1.8.6/blacklists/blacklist_calls.html#b311-random
   Location: src/devsynth/application/prompts/auto_tuning.py:384:21
383	        lines = template.split("\n")
384	        insert_pos = random.randint(1, max(1, len(lines) - 1))
385	        lines.insert(insert_pos, detail)

--------------------------------------------------
>> Issue: [B311:blacklist] Standard pseudo-random generators are not suitable for security/cryptographic purposes.
   Severity: Low   Confidence: High
   CWE: CWE-330 (https://cwe.mitre.org/data/definitions/330.html)
   More Info: https://bandit.readthedocs.io/en/1.8.6/blacklists/blacklist_calls.html#b311-random
   Location: src/devsynth/application/prompts/auto_tuning.py:411:20
410	        # Select a random tone
411	        tone_name = random.choice(list(tones.keys()))
412	        tone_words = tones[tone_name]

--------------------------------------------------
>> Issue: [B311:blacklist] Standard pseudo-random generators are not suitable for security/cryptographic purposes.
   Severity: Low   Confidence: High
   CWE: CWE-330 (https://cwe.mitre.org/data/definitions/330.html)
   More Info: https://bandit.readthedocs.io/en/1.8.6/blacklists/blacklist_calls.html#b311-random
   Location: src/devsynth/application/prompts/auto_tuning.py:431:50
430	            if word in template:
431	                template = template.replace(word, random.choice(tone_words))
432	                replaced = True

--------------------------------------------------
>> Issue: [B311:blacklist] Standard pseudo-random generators are not suitable for security/cryptographic purposes.
   Severity: Low   Confidence: High
   CWE: CWE-330 (https://cwe.mitre.org/data/definitions/330.html)
   More Info: https://bandit.readthedocs.io/en/1.8.6/blacklists/blacklist_calls.html#b311-random
   Location: src/devsynth/application/prompts/auto_tuning.py:436:24
435	        if not replaced:
436	            tone_word = random.choice(tone_words)
437	            if template.startswith("This"):

--------------------------------------------------
>> Issue: [B311:blacklist] Standard pseudo-random generators are not suitable for security/cryptographic purposes.
   Severity: Low   Confidence: High
   CWE: CWE-330 (https://cwe.mitre.org/data/definitions/330.html)
   More Info: https://bandit.readthedocs.io/en/1.8.6/blacklists/blacklist_calls.html#b311-random
   Location: src/devsynth/application/prompts/auto_tuning.py:453:21
452	            # If the template hasn't changed, force a change by adding a tone prefix
453	            prefix = random.choice(
454	                [
455	                    "In a " + tone_name + " tone: ",
456	                    "Speaking " + tone_name + "ly: ",
457	                    "[" + tone_name.capitalize() + " tone] ",
458	                ]
459	            )
460	            template = prefix + template

--------------------------------------------------
>> Issue: [B311:blacklist] Standard pseudo-random generators are not suitable for security/cryptographic purposes.
   Severity: Low   Confidence: High
   CWE: CWE-330 (https://cwe.mitre.org/data/definitions/330.html)
   More Info: https://bandit.readthedocs.io/en/1.8.6/blacklists/blacklist_calls.html#b311-random
   Location: src/devsynth/application/prompts/auto_tuning.py:488:15
487	            # 5% chance to add emphasis to a word
488	            if random.random() < 0.05:
489	                # Choose an emphasis style

--------------------------------------------------
>> Issue: [B311:blacklist] Standard pseudo-random generators are not suitable for security/cryptographic purposes.
   Severity: Low   Confidence: High
   CWE: CWE-330 (https://cwe.mitre.org/data/definitions/330.html)
   More Info: https://bandit.readthedocs.io/en/1.8.6/blacklists/blacklist_calls.html#b311-random
   Location: src/devsynth/application/prompts/auto_tuning.py:490:33
489	                # Choose an emphasis style
490	                emphasis_style = random.choice(["**", "_", "UPPERCASE"])
491	

--------------------------------------------------
>> Issue: [B311:blacklist] Standard pseudo-random generators are not suitable for security/cryptographic purposes.
   Severity: Low   Confidence: High
   CWE: CWE-330 (https://cwe.mitre.org/data/definitions/330.html)
   More Info: https://bandit.readthedocs.io/en/1.8.6/blacklists/blacklist_calls.html#b311-random
   Location: src/devsynth/application/prompts/auto_tuning.py:516:18
515	            # Select a random important word
516	            idx = random.choice(important_indices)
517	

--------------------------------------------------
>> Issue: [B311:blacklist] Standard pseudo-random generators are not suitable for security/cryptographic purposes.
   Severity: Low   Confidence: High
   CWE: CWE-330 (https://cwe.mitre.org/data/definitions/330.html)
   More Info: https://bandit.readthedocs.io/en/1.8.6/blacklists/blacklist_calls.html#b311-random
   Location: src/devsynth/application/prompts/auto_tuning.py:519:29
518	            # Choose an emphasis style
519	            emphasis_style = random.choice(["**", "_", "UPPERCASE"])
520	

--------------------------------------------------
>> Issue: [B101:assert_used] Use of assert detected. The enclosed code will be removed when compiling to optimised byte code.
   Severity: Low   Confidence: High
   CWE: CWE-703 (https://cwe.mitre.org/data/definitions/703.html)
   More Info: https://bandit.readthedocs.io/en/1.8.6/plugins/b101_assert_used.html
   Location: src/devsynth/config/settings.py:782:8
781	    if in_test_env:
782	        assert project_dir_env is not None
783	        test_project_dir = project_dir_env

--------------------------------------------------
>> Issue: [B404:blacklist] Consider possible security implications associated with the subprocess module.
   Severity: Low   Confidence: High
   CWE: CWE-78 (https://cwe.mitre.org/data/definitions/78.html)
   More Info: https://bandit.readthedocs.io/en/1.8.6/blacklists/blacklist_imports.html#b404-import-subprocess
   Location: src/devsynth/core/mvu/api.py:5:0
4	
5	import subprocess
6	from collections.abc import Iterator

--------------------------------------------------
>> Issue: [B607:start_process_with_partial_path] Starting a process with a partial executable path
   Severity: Low   Confidence: High
   CWE: CWE-78 (https://cwe.mitre.org/data/definitions/78.html)
   More Info: https://bandit.readthedocs.io/en/1.8.6/plugins/b607_start_process_with_partial_path.html
   Location: src/devsynth/core/mvu/api.py:67:11
66	    """
67	    revs = subprocess.check_output(["git", "rev-list", ref], text=True)
68	    for commit in revs.strip().splitlines():

--------------------------------------------------
>> Issue: [B603:subprocess_without_shell_equals_true] subprocess call - check for execution of untrusted input.
   Severity: Low   Confidence: High
   CWE: CWE-78 (https://cwe.mitre.org/data/definitions/78.html)
   More Info: https://bandit.readthedocs.io/en/1.8.6/plugins/b603_subprocess_without_shell_equals_true.html
   Location: src/devsynth/core/mvu/api.py:67:11
66	    """
67	    revs = subprocess.check_output(["git", "rev-list", ref], text=True)
68	    for commit in revs.strip().splitlines():

--------------------------------------------------
>> Issue: [B112:try_except_continue] Try, Except, Continue detected.
   Severity: Low   Confidence: High
   CWE: CWE-703 (https://cwe.mitre.org/data/definitions/703.html)
   More Info: https://bandit.readthedocs.io/en/1.8.6/plugins/b112_try_except_continue.html
   Location: src/devsynth/core/mvu/api.py:72:8
71	            mvuu = parse_commit_message(message)
72	        except Exception:
73	            continue
74	        if enrich:

--------------------------------------------------
>> Issue: [B607:start_process_with_partial_path] Starting a process with a partial executable path
   Severity: Low   Confidence: High
   CWE: CWE-78 (https://cwe.mitre.org/data/definitions/78.html)
   More Info: https://bandit.readthedocs.io/en/1.8.6/plugins/b607_start_process_with_partial_path.html
   Location: src/devsynth/core/mvu/api.py:124:11
123	    """
124	    revs = subprocess.check_output(
125	        [
126	            "git",
127	            "log",
128	            "--since",
129	            start.isoformat(),
130	            "--until",
131	            end.isoformat(),
132	            "--format=%H",
133	            ref,
134	        ],
135	        text=True,
136	    )
137	    commits = revs.strip().splitlines()

--------------------------------------------------
>> Issue: [B603:subprocess_without_shell_equals_true] subprocess call - check for execution of untrusted input.
   Severity: Low   Confidence: High
   CWE: CWE-78 (https://cwe.mitre.org/data/definitions/78.html)
   More Info: https://bandit.readthedocs.io/en/1.8.6/plugins/b603_subprocess_without_shell_equals_true.html
   Location: src/devsynth/core/mvu/api.py:124:11
123	    """
124	    revs = subprocess.check_output(
125	        [
126	            "git",
127	            "log",
128	            "--since",
129	            start.isoformat(),
130	            "--until",
131	            end.isoformat(),
132	            "--format=%H",
133	            ref,
134	        ],
135	        text=True,
136	    )
137	    commits = revs.strip().splitlines()

--------------------------------------------------
>> Issue: [B112:try_except_continue] Try, Except, Continue detected.
   Severity: Low   Confidence: High
   CWE: CWE-703 (https://cwe.mitre.org/data/definitions/703.html)
   More Info: https://bandit.readthedocs.io/en/1.8.6/plugins/b112_try_except_continue.html
   Location: src/devsynth/core/mvu/api.py:143:8
142	            mvuu = parse_commit_message(message)
143	        except Exception:
144	            continue
145	        if enrich:

--------------------------------------------------
>> Issue: [B404:blacklist] Consider possible security implications associated with the subprocess module.
   Severity: Low   Confidence: High
   CWE: CWE-78 (https://cwe.mitre.org/data/definitions/78.html)
   More Info: https://bandit.readthedocs.io/en/1.8.6/blacklists/blacklist_imports.html#b404-import-subprocess
   Location: src/devsynth/core/mvu/linter.py:8:0
7	import re
8	import subprocess
9	import sys

--------------------------------------------------
>> Issue: [B607:start_process_with_partial_path] Starting a process with a partial executable path
   Severity: Low   Confidence: High
   CWE: CWE-78 (https://cwe.mitre.org/data/definitions/78.html)
   More Info: https://bandit.readthedocs.io/en/1.8.6/plugins/b607_start_process_with_partial_path.html
   Location: src/devsynth/core/mvu/linter.py:68:8
67	    hashes = (
68	        subprocess.check_output(["git", "rev-list", rev_range], text=True)
69	        .strip()

--------------------------------------------------
>> Issue: [B603:subprocess_without_shell_equals_true] subprocess call - check for execution of untrusted input.
   Severity: Low   Confidence: High
   CWE: CWE-78 (https://cwe.mitre.org/data/definitions/78.html)
   More Info: https://bandit.readthedocs.io/en/1.8.6/plugins/b603_subprocess_without_shell_equals_true.html
   Location: src/devsynth/core/mvu/linter.py:68:8
67	    hashes = (
68	        subprocess.check_output(["git", "rev-list", rev_range], text=True)
69	        .strip()

--------------------------------------------------
>> Issue: [B607:start_process_with_partial_path] Starting a process with a partial executable path
   Severity: Low   Confidence: High
   CWE: CWE-78 (https://cwe.mitre.org/data/definitions/78.html)
   More Info: https://bandit.readthedocs.io/en/1.8.6/plugins/b607_start_process_with_partial_path.html
   Location: src/devsynth/core/mvu/linter.py:73:18
72	    for commit_hash in reversed(hashes):
73	        message = subprocess.check_output(
74	            ["git", "log", "-1", "--pretty=%B", commit_hash], text=True
75	        )
76	        commit_errors = lint_commit_message(message)

--------------------------------------------------
>> Issue: [B603:subprocess_without_shell_equals_true] subprocess call - check for execution of untrusted input.
   Severity: Low   Confidence: High
   CWE: CWE-78 (https://cwe.mitre.org/data/definitions/78.html)
   More Info: https://bandit.readthedocs.io/en/1.8.6/plugins/b603_subprocess_without_shell_equals_true.html
   Location: src/devsynth/core/mvu/linter.py:73:18
72	    for commit_hash in reversed(hashes):
73	        message = subprocess.check_output(
74	            ["git", "log", "-1", "--pretty=%B", commit_hash], text=True
75	        )
76	        commit_errors = lint_commit_message(message)

--------------------------------------------------
>> Issue: [B404:blacklist] Consider possible security implications associated with the subprocess module.
   Severity: Low   Confidence: High
   CWE: CWE-78 (https://cwe.mitre.org/data/definitions/78.html)
   More Info: https://bandit.readthedocs.io/en/1.8.6/blacklists/blacklist_imports.html#b404-import-subprocess
   Location: src/devsynth/core/mvu/storage.py:6:0
5	import json
6	import subprocess
7	

--------------------------------------------------
>> Issue: [B607:start_process_with_partial_path] Starting a process with a partial executable path
   Severity: Low   Confidence: High
   CWE: CWE-78 (https://cwe.mitre.org/data/definitions/78.html)
   More Info: https://bandit.readthedocs.io/en/1.8.6/plugins/b607_start_process_with_partial_path.html
   Location: src/devsynth/core/mvu/storage.py:19:11
18	    """Return the commit message for a given commit hash."""
19	    return subprocess.check_output(
20	        ["git", "log", "-1", "--pretty=%B", commit], text=True
21	    )
22	

--------------------------------------------------
>> Issue: [B603:subprocess_without_shell_equals_true] subprocess call - check for execution of untrusted input.
   Severity: Low   Confidence: High
   CWE: CWE-78 (https://cwe.mitre.org/data/definitions/78.html)
   More Info: https://bandit.readthedocs.io/en/1.8.6/plugins/b603_subprocess_without_shell_equals_true.html
   Location: src/devsynth/core/mvu/storage.py:19:11
18	    """Return the commit message for a given commit hash."""
19	    return subprocess.check_output(
20	        ["git", "log", "-1", "--pretty=%B", commit], text=True
21	    )
22	

--------------------------------------------------
>> Issue: [B607:start_process_with_partial_path] Starting a process with a partial executable path
   Severity: Low   Confidence: High
   CWE: CWE-78 (https://cwe.mitre.org/data/definitions/78.html)
   More Info: https://bandit.readthedocs.io/en/1.8.6/plugins/b607_start_process_with_partial_path.html
   Location: src/devsynth/core/mvu/storage.py:44:15
43	    try:
44	        note = subprocess.check_output(
45	            ["git", "notes", "show", commit], text=True
46	        ).strip()
47	    except subprocess.CalledProcessError:

--------------------------------------------------
>> Issue: [B603:subprocess_without_shell_equals_true] subprocess call - check for execution of untrusted input.
   Severity: Low   Confidence: High
   CWE: CWE-78 (https://cwe.mitre.org/data/definitions/78.html)
   More Info: https://bandit.readthedocs.io/en/1.8.6/plugins/b603_subprocess_without_shell_equals_true.html
   Location: src/devsynth/core/mvu/storage.py:44:15
43	    try:
44	        note = subprocess.check_output(
45	            ["git", "notes", "show", commit], text=True
46	        ).strip()
47	    except subprocess.CalledProcessError:

--------------------------------------------------
>> Issue: [B607:start_process_with_partial_path] Starting a process with a partial executable path
   Severity: Low   Confidence: High
   CWE: CWE-78 (https://cwe.mitre.org/data/definitions/78.html)
   More Info: https://bandit.readthedocs.io/en/1.8.6/plugins/b607_start_process_with_partial_path.html
   Location: src/devsynth/core/mvu/storage.py:58:4
57	    json_data = json.dumps(mvuu.as_dict(), indent=2)
58	    subprocess.check_call(["git", "notes", "add", "-f", "-m", json_data, commit])

--------------------------------------------------
>> Issue: [B603:subprocess_without_shell_equals_true] subprocess call - check for execution of untrusted input.
   Severity: Low   Confidence: High
   CWE: CWE-78 (https://cwe.mitre.org/data/definitions/78.html)
   More Info: https://bandit.readthedocs.io/en/1.8.6/plugins/b603_subprocess_without_shell_equals_true.html
   Location: src/devsynth/core/mvu/storage.py:58:4
57	    json_data = json.dumps(mvuu.as_dict(), indent=2)
58	    subprocess.check_call(["git", "notes", "add", "-f", "-m", json_data, commit])

--------------------------------------------------
>> Issue: [B110:try_except_pass] Try, Except, Pass detected.
   Severity: Low   Confidence: High
   CWE: CWE-703 (https://cwe.mitre.org/data/definitions/703.html)
   More Info: https://bandit.readthedocs.io/en/1.8.6/plugins/b110_try_except_pass.html
   Location: src/devsynth/domain/models/wsde_base.py:308:16
307	                    self.message_protocol.memory_manager = self.memory_manager
308	                except Exception:
309	                    pass
310	

--------------------------------------------------
>> Issue: [B110:try_except_pass] Try, Except, Pass detected.
   Severity: Low   Confidence: High
   CWE: CWE-703 (https://cwe.mitre.org/data/definitions/703.html)
   More Info: https://bandit.readthedocs.io/en/1.8.6/plugins/b110_try_except_pass.html
   Location: src/devsynth/domain/models/wsde_facade.py:686:8
685	                memory_manager.store("wsde_knowledge", knowledge)
686	        except Exception:
687	            pass
688	

--------------------------------------------------
>> Issue: [B110:try_except_pass] Try, Except, Pass detected.
   Severity: Low   Confidence: High
   CWE: CWE-703 (https://cwe.mitre.org/data/definitions/703.html)
   More Info: https://bandit.readthedocs.io/en/1.8.6/plugins/b110_try_except_pass.html
   Location: src/devsynth/domain/models/wsde_facade.py:861:12
860	                review.memory_manager = mem  # pragma: no cover - optional attr
861	            except Exception:
862	                pass
863	        cycles = max(1, max_revision_cycles)

--------------------------------------------------
>> Issue: [B110:try_except_pass] Try, Except, Pass detected.
   Severity: Low   Confidence: High
   CWE: CWE-703 (https://cwe.mitre.org/data/definitions/703.html)
   More Info: https://bandit.readthedocs.io/en/1.8.6/plugins/b110_try_except_pass.html
   Location: src/devsynth/domain/models/wsde_facade.py:872:8
871	            review.status = "completed"  # pragma: no cover - optional attr
872	        except Exception:
873	            pass
874	        result: PeerReviewResult = {"review": review, "feedback": feedback}

--------------------------------------------------
>> Issue: [B110:try_except_pass] Try, Except, Pass detected.
   Severity: Low   Confidence: High
   CWE: CWE-703 (https://cwe.mitre.org/data/definitions/703.html)
   More Info: https://bandit.readthedocs.io/en/1.8.6/plugins/b110_try_except_pass.html
   Location: src/devsynth/domain/models/wsde_facade.py:887:8
886	            mem.flush_updates()
887	        except Exception:
888	            pass
889	    return result

--------------------------------------------------
>> Issue: [B110:try_except_pass] Try, Except, Pass detected.
   Severity: Low   Confidence: High
   CWE: CWE-703 (https://cwe.mitre.org/data/definitions/703.html)
   More Info: https://bandit.readthedocs.io/en/1.8.6/plugins/b110_try_except_pass.html
   Location: src/devsynth/domain/models/wsde_facade.py:908:4
907	        notified = True
908	    except Exception:
909	        pass
910	    finally:

--------------------------------------------------
>> Issue: [B110:try_except_pass] Try, Except, Pass detected.
   Severity: Low   Confidence: High
   CWE: CWE-703 (https://cwe.mitre.org/data/definitions/703.html)
   More Info: https://bandit.readthedocs.io/en/1.8.6/plugins/b110_try_except_pass.html
   Location: src/devsynth/domain/models/wsde_facade.py:916:16
915	                    notify(None)
916	                except Exception:
917	                    pass
918	

--------------------------------------------------
>> Issue: [B311:blacklist] Standard pseudo-random generators are not suitable for security/cryptographic purposes.
   Severity: Low   Confidence: High
   CWE: CWE-330 (https://cwe.mitre.org/data/definitions/330.html)
   More Info: https://bandit.readthedocs.io/en/1.8.6/blacklists/blacklist_calls.html#b311-random
   Location: src/devsynth/domain/models/wsde_voting.py:44:51
43	
44	        rng_instance = rng if rng is not None else Random()
45	        options = _normalise_options(task["options"])

--------------------------------------------------
>> Issue: [B311:blacklist] Standard pseudo-random generators are not suitable for security/cryptographic purposes.
   Severity: Low   Confidence: High
   CWE: CWE-330 (https://cwe.mitre.org/data/definitions/330.html)
   More Info: https://bandit.readthedocs.io/en/1.8.6/blacklists/blacklist_calls.html#b311-random
   Location: src/devsynth/domain/models/wsde_voting.py:91:51
90	
91	        rng_instance = rng if rng is not None else Random()
92	        options = _normalise_options(task["options"])

--------------------------------------------------
>> Issue: [B311:blacklist] Standard pseudo-random generators are not suitable for security/cryptographic purposes.
   Severity: Low   Confidence: High
   CWE: CWE-330 (https://cwe.mitre.org/data/definitions/330.html)
   More Info: https://bandit.readthedocs.io/en/1.8.6/blacklists/blacklist_calls.html#b311-random
   Location: src/devsynth/domain/models/wsde_voting.py:262:51
261	    ) -> VoteRecord:
262	        rng_instance = rng if rng is not None else Random()
263	        consensus = self.build_consensus({"id": task.get("id"), "options": list(tied_options)}, rng=rng_instance)

--------------------------------------------------
>> Issue: [B311:blacklist] Standard pseudo-random generators are not suitable for security/cryptographic purposes.
   Severity: Low   Confidence: High
   CWE: CWE-330 (https://cwe.mitre.org/data/definitions/330.html)
   More Info: https://bandit.readthedocs.io/en/1.8.6/blacklists/blacklist_calls.html#b311-random
   Location: src/devsynth/domain/models/wsde_voting.py:425:47
424	) -> Dict[str, object]:
425	    rng_instance = rng if rng is not None else Random()
426	    record = _engine(self)._handle_tie(task, tied_options, rng_instance)

--------------------------------------------------
>> Issue: [B311:blacklist] Standard pseudo-random generators are not suitable for security/cryptographic purposes.
   Severity: Low   Confidence: High
   CWE: CWE-330 (https://cwe.mitre.org/data/definitions/330.html)
   More Info: https://bandit.readthedocs.io/en/1.8.6/blacklists/blacklist_calls.html#b311-random
   Location: src/devsynth/domain/models/wsde_voting.py:457:47
456	    )
457	    rng_instance = rng if rng is not None else Random()
458	    record = engine._apply_weighted(task, options_list, votes, domain, rng_instance)

--------------------------------------------------
>> Issue: [B311:blacklist] Standard pseudo-random generators are not suitable for security/cryptographic purposes.
   Severity: Low   Confidence: High
   CWE: CWE-330 (https://cwe.mitre.org/data/definitions/330.html)
   More Info: https://bandit.readthedocs.io/en/1.8.6/blacklists/blacklist_calls.html#b311-random
   Location: src/devsynth/fallback.py:364:66
363	                                max_delay,
364	                                delay * exponential_base * (0.5 + random.random()),
365	                            )

--------------------------------------------------
>> Issue: [B311:blacklist] Standard pseudo-random generators are not suitable for security/cryptographic purposes.
   Severity: Low   Confidence: High
   CWE: CWE-330 (https://cwe.mitre.org/data/definitions/330.html)
   More Info: https://bandit.readthedocs.io/en/1.8.6/blacklists/blacklist_calls.html#b311-random
   Location: src/devsynth/fallback.py:395:66
394	                                max_delay,
395	                                delay * exponential_base * (0.5 + random.random()),
396	                            )

--------------------------------------------------
>> Issue: [B311:blacklist] Standard pseudo-random generators are not suitable for security/cryptographic purposes.
   Severity: Low   Confidence: High
   CWE: CWE-330 (https://cwe.mitre.org/data/definitions/330.html)
   More Info: https://bandit.readthedocs.io/en/1.8.6/blacklists/blacklist_calls.html#b311-random
   Location: src/devsynth/fallback.py:536:62
535	                            max_delay,
536	                            delay * exponential_base * (0.5 + random.random()),
537	                        )

--------------------------------------------------
>> Issue: [B404:blacklist] Consider possible security implications associated with the subprocess module.
   Severity: Low   Confidence: High
   CWE: CWE-78 (https://cwe.mitre.org/data/definitions/78.html)
   More Info: https://bandit.readthedocs.io/en/1.8.6/blacklists/blacklist_imports.html#b404-import-subprocess
   Location: src/devsynth/interface/mvuu_dashboard.py:8:0
7	import os
8	import subprocess
9	from pathlib import Path

--------------------------------------------------
>> Issue: [B607:start_process_with_partial_path] Starting a process with a partial executable path
   Severity: Low   Confidence: High
   CWE: CWE-78 (https://cwe.mitre.org/data/definitions/78.html)
   More Info: https://bandit.readthedocs.io/en/1.8.6/plugins/b607_start_process_with_partial_path.html
   Location: src/devsynth/interface/mvuu_dashboard.py:65:4
64	    """
65	    subprocess.run(
66	        ["devsynth", "mvu", "report", "--output", str(path)],
67	        check=True,
68	    )
69	    with path.open("r", encoding="utf-8") as f:

--------------------------------------------------
>> Issue: [B603:subprocess_without_shell_equals_true] subprocess call - check for execution of untrusted input.
   Severity: Low   Confidence: High
   CWE: CWE-78 (https://cwe.mitre.org/data/definitions/78.html)
   More Info: https://bandit.readthedocs.io/en/1.8.6/plugins/b603_subprocess_without_shell_equals_true.html
   Location: src/devsynth/interface/mvuu_dashboard.py:65:4
64	    """
65	    subprocess.run(
66	        ["devsynth", "mvu", "report", "--output", str(path)],
67	        check=True,
68	    )
69	    with path.open("r", encoding="utf-8") as f:

--------------------------------------------------
>> Issue: [B110:try_except_pass] Try, Except, Pass detected.
   Severity: Low   Confidence: High
   CWE: CWE-703 (https://cwe.mitre.org/data/definitions/703.html)
   More Info: https://bandit.readthedocs.io/en/1.8.6/plugins/b110_try_except_pass.html
   Location: src/devsynth/interface/nicegui_webui.py:106:12
105	                ui.notify(formatted, type=message_type or "info")
106	            except Exception:
107	                # Fallback to message buffer if UI notification fails
108	                pass
109	        self.messages.append(str(formatted))

--------------------------------------------------
>> Issue: [B110:try_except_pass] Try, Except, Pass detected.
   Severity: Low   Confidence: High
   CWE: CWE-703 (https://cwe.mitre.org/data/definitions/703.html)
   More Info: https://bandit.readthedocs.io/en/1.8.6/plugins/b110_try_except_pass.html
   Location: src/devsynth/interface/wizard_state_manager.py:277:12
276	                delattr(self.session_state, key)
277	            except Exception:
278	                # session_state may be a dict that doesn't support attribute access
279	                pass

--------------------------------------------------
>> Issue: [B101:assert_used] Use of assert detected. The enclosed code will be removed when compiling to optimised byte code.
   Severity: Low   Confidence: High
   CWE: CWE-703 (https://cwe.mitre.org/data/definitions/703.html)
   More Info: https://bandit.readthedocs.io/en/1.8.6/plugins/b101_assert_used.html
   Location: src/devsynth/logging_setup.py:282:8
281	        test_project_dir = os.environ.get("DEVSYNTH_PROJECT_DIR")
282	        assert test_project_dir is not None  # Guarded by ``in_test_env`` check
283	        path_obj = Path(dir_path)

--------------------------------------------------
>> Issue: [B110:try_except_pass] Try, Except, Pass detected.
   Severity: Low   Confidence: High
   CWE: CWE-703 (https://cwe.mitre.org/data/definitions/703.html)
   More Info: https://bandit.readthedocs.io/en/1.8.6/plugins/b110_try_except_pass.html
   Location: src/devsynth/methodology/edrr/coordinator.py:45:8
44	            self.memory_manager.flush_updates()
45	        except Exception:
46	            pass
47	

--------------------------------------------------
>> Issue: [B110:try_except_pass] Try, Except, Pass detected.
   Severity: Low   Confidence: High
   CWE: CWE-703 (https://cwe.mitre.org/data/definitions/703.html)
   More Info: https://bandit.readthedocs.io/en/1.8.6/plugins/b110_try_except_pass.html
   Location: src/devsynth/methodology/edrr/reasoning_loop.py:85:8
84	            random.seed(deterministic_seed)
85	        except Exception:
86	            pass
87	        try:  # numpy is optional; seed if available

--------------------------------------------------
>> Issue: [B110:try_except_pass] Try, Except, Pass detected.
   Severity: Low   Confidence: High
   CWE: CWE-703 (https://cwe.mitre.org/data/definitions/703.html)
   More Info: https://bandit.readthedocs.io/en/1.8.6/plugins/b110_try_except_pass.html
   Location: src/devsynth/methodology/edrr/reasoning_loop.py:92:8
91	            numpy_random.seed(deterministic_seed)
92	        except Exception:
93	            pass
94	

--------------------------------------------------
>> Issue: [B110:try_except_pass] Try, Except, Pass detected.
   Severity: Low   Confidence: High
   CWE: CWE-703 (https://cwe.mitre.org/data/definitions/703.html)
   More Info: https://bandit.readthedocs.io/en/1.8.6/plugins/b110_try_except_pass.html
   Location: src/devsynth/methodology/edrr/reasoning_loop.py:187:12
186	                effective_phase = Phase(result_phase_value.lower())
187	            except Exception:
188	                # Ignore unknown phases and keep current_phase
189	                pass
190	

--------------------------------------------------
>> Issue: [B110:try_except_pass] Try, Except, Pass detected.
   Severity: Low   Confidence: High
   CWE: CWE-703 (https://cwe.mitre.org/data/definitions/703.html)
   More Info: https://bandit.readthedocs.io/en/1.8.6/plugins/b110_try_except_pass.html
   Location: src/devsynth/metrics.py:215:8
214	            _dashboard_hook(event)
215	        except Exception:  # pragma: no cover - hooks should not break metrics
216	            pass
217	

--------------------------------------------------
>> Issue: [B101:assert_used] Use of assert detected. The enclosed code will be removed when compiling to optimised byte code.
   Severity: Low   Confidence: High
   CWE: CWE-703 (https://cwe.mitre.org/data/definitions/703.html)
   More Info: https://bandit.readthedocs.io/en/1.8.6/plugins/b101_assert_used.html
   Location: src/devsynth/observability/metrics.py:67:8
66	        # Order values to match the sorted label names
67	        assert labels is not None
68	        label_values = [str(labels[k]) for k in label_names]

--------------------------------------------------
>> Issue: [B404:blacklist] Consider possible security implications associated with the subprocess module.
   Severity: Low   Confidence: High
   CWE: CWE-78 (https://cwe.mitre.org/data/definitions/78.html)
   More Info: https://bandit.readthedocs.io/en/1.8.6/blacklists/blacklist_imports.html#b404-import-subprocess
   Location: src/devsynth/security/audit.py:13:0
12	import os
13	import subprocess
14	import tempfile

--------------------------------------------------
>> Issue: [B607:start_process_with_partial_path] Starting a process with a partial executable path
   Severity: Low   Confidence: High
   CWE: CWE-78 (https://cwe.mitre.org/data/definitions/78.html)
   More Info: https://bandit.readthedocs.io/en/1.8.6/plugins/b607_start_process_with_partial_path.html
   Location: src/devsynth/security/audit.py:36:4
35	    """Execute Bandit static analysis."""
36	    subprocess.check_call(
37	        [
38	            "poetry",
39	            "run",
40	            "bandit",
41	            "-q",
42	            "-r",
43	            "src",
44	        ]
45	    )
46	

--------------------------------------------------
>> Issue: [B603:subprocess_without_shell_equals_true] subprocess call - check for execution of untrusted input.
   Severity: Low   Confidence: High
   CWE: CWE-78 (https://cwe.mitre.org/data/definitions/78.html)
   More Info: https://bandit.readthedocs.io/en/1.8.6/plugins/b603_subprocess_without_shell_equals_true.html
   Location: src/devsynth/security/audit.py:36:4
35	    """Execute Bandit static analysis."""
36	    subprocess.check_call(
37	        [
38	            "poetry",
39	            "run",
40	            "bandit",
41	            "-q",
42	            "-r",
43	            "src",
44	        ]
45	    )
46	

--------------------------------------------------
>> Issue: [B607:start_process_with_partial_path] Starting a process with a partial executable path
   Severity: Low   Confidence: High
   CWE: CWE-78 (https://cwe.mitre.org/data/definitions/78.html)
   More Info: https://bandit.readthedocs.io/en/1.8.6/plugins/b607_start_process_with_partial_path.html
   Location: src/devsynth/security/audit.py:52:8
51	    try:
52	        subprocess.check_call(
53	            [
54	                "poetry",
55	                "export",
56	                "--without-hashes",
57	                "-f",
58	                "requirements.txt",
59	                "--output",
60	                req_file.name,
61	            ]
62	        )
63	        subprocess.check_call(

--------------------------------------------------
>> Issue: [B603:subprocess_without_shell_equals_true] subprocess call - check for execution of untrusted input.
   Severity: Low   Confidence: High
   CWE: CWE-78 (https://cwe.mitre.org/data/definitions/78.html)
   More Info: https://bandit.readthedocs.io/en/1.8.6/plugins/b603_subprocess_without_shell_equals_true.html
   Location: src/devsynth/security/audit.py:52:8
51	    try:
52	        subprocess.check_call(
53	            [
54	                "poetry",
55	                "export",
56	                "--without-hashes",
57	                "-f",
58	                "requirements.txt",
59	                "--output",
60	                req_file.name,
61	            ]
62	        )
63	        subprocess.check_call(

--------------------------------------------------
>> Issue: [B607:start_process_with_partial_path] Starting a process with a partial executable path
   Severity: Low   Confidence: High
   CWE: CWE-78 (https://cwe.mitre.org/data/definitions/78.html)
   More Info: https://bandit.readthedocs.io/en/1.8.6/plugins/b607_start_process_with_partial_path.html
   Location: src/devsynth/security/audit.py:63:8
62	        )
63	        subprocess.check_call(
64	            [
65	                "poetry",
66	                "run",
67	                "safety",
68	                "check",
69	                "--file",
70	                req_file.name,
71	                "--full-report",
72	            ]
73	        )
74	    finally:

--------------------------------------------------
>> Issue: [B603:subprocess_without_shell_equals_true] subprocess call - check for execution of untrusted input.
   Severity: Low   Confidence: High
   CWE: CWE-78 (https://cwe.mitre.org/data/definitions/78.html)
   More Info: https://bandit.readthedocs.io/en/1.8.6/plugins/b603_subprocess_without_shell_equals_true.html
   Location: src/devsynth/security/audit.py:63:8
62	        )
63	        subprocess.check_call(
64	            [
65	                "poetry",
66	                "run",
67	                "safety",
68	                "check",
69	                "--file",
70	                req_file.name,
71	                "--full-report",
72	            ]
73	        )
74	    finally:

--------------------------------------------------
>> Issue: [B404:blacklist] Consider possible security implications associated with the subprocess module.
   Severity: Low   Confidence: High
   CWE: CWE-78 (https://cwe.mitre.org/data/definitions/78.html)
   More Info: https://bandit.readthedocs.io/en/1.8.6/blacklists/blacklist_imports.html#b404-import-subprocess
   Location: src/devsynth/testing/mutation_testing.py:27:0
26	import os
27	import subprocess
28	import sys

--------------------------------------------------
>> Issue: [B603:subprocess_without_shell_equals_true] subprocess call - check for execution of untrusted input.
   Severity: Low   Confidence: High
   CWE: CWE-78 (https://cwe.mitre.org/data/definitions/78.html)
   More Info: https://bandit.readthedocs.io/en/1.8.6/plugins/b603_subprocess_without_shell_equals_true.html
   Location: src/devsynth/testing/mutation_testing.py:466:25
465	            try:
466	                result = subprocess.run(
467	                    cmd,
468	                    capture_output=True,
469	                    text=True,
470	                    timeout=self.timeout_seconds,
471	                    cwd=Path.cwd()
472	                )
473	                

--------------------------------------------------
>> Issue: [B110:try_except_pass] Try, Except, Pass detected.
   Severity: Low   Confidence: High
   CWE: CWE-703 (https://cwe.mitre.org/data/definitions/703.html)
   More Info: https://bandit.readthedocs.io/en/1.8.6/plugins/b110_try_except_pass.html
   Location: src/devsynth/testing/mutation_testing.py:497:12
496	                os.unlink(temp_file_path)
497	            except:
498	                pass
499	        

--------------------------------------------------
>> Issue: [B404:blacklist] Consider possible security implications associated with the subprocess module.
   Severity: Low   Confidence: High
   CWE: CWE-78 (https://cwe.mitre.org/data/definitions/78.html)
   More Info: https://bandit.readthedocs.io/en/1.8.6/blacklists/blacklist_imports.html#b404-import-subprocess
   Location: src/devsynth/testing/mypy_strict_runner.py:8:0
7	import re
8	import subprocess
9	import sys

--------------------------------------------------
>> Issue: [B603:subprocess_without_shell_equals_true] subprocess call - check for execution of untrusted input.
   Severity: Low   Confidence: High
   CWE: CWE-78 (https://cwe.mitre.org/data/definitions/78.html)
   More Info: https://bandit.readthedocs.io/en/1.8.6/plugins/b603_subprocess_without_shell_equals_true.html
   Location: src/devsynth/testing/mypy_strict_runner.py:97:14
96	    started_at = datetime.now(UTC)
97	    process = subprocess.run(cmd, capture_output=True, text=True)
98	    completed_at = datetime.now(UTC)

--------------------------------------------------
>> Issue: [B404:blacklist] Consider possible security implications associated with the subprocess module.
   Severity: Low   Confidence: High
   CWE: CWE-78 (https://cwe.mitre.org/data/definitions/78.html)
   More Info: https://bandit.readthedocs.io/en/1.8.6/blacklists/blacklist_imports.html#b404-import-subprocess
   Location: src/devsynth/testing/run_tests.py:19:0
18	import shutil
19	import subprocess
20	import sys

--------------------------------------------------
>> Issue: [B105:hardcoded_password_string] Possible hardcoded password: '-p'
   Severity: Low   Confidence: Medium
   CWE: CWE-259 (https://cwe.mitre.org/data/definitions/259.html)
   More Info: https://bandit.readthedocs.io/en/1.8.6/plugins/b105_hardcoded_password_string.html
   Location: src/devsynth/testing/run_tests.py:464:20
463	    for index, token in enumerate(tokens):
464	        if token == "-p" and index + 1 < len(tokens) and tokens[index + 1] == plugin:
465	            return True

--------------------------------------------------
>> Issue: [B603:subprocess_without_shell_equals_true] subprocess call - check for execution of untrusted input.
   Severity: Low   Confidence: High
   CWE: CWE-78 (https://cwe.mitre.org/data/definitions/78.html)
   More Info: https://bandit.readthedocs.io/en/1.8.6/plugins/b603_subprocess_without_shell_equals_true.html
   Location: src/devsynth/testing/run_tests.py:1083:17
1082	    try:
1083	        result = subprocess.run(
1084	            collect_cmd,
1085	            capture_output=True,
1086	            text=True,
1087	            timeout=collection_timeout,
1088	        )
1089	        if result.returncode != 0:

--------------------------------------------------
>> Issue: [B603:subprocess_without_shell_equals_true] subprocess call - check for execution of untrusted input.
   Severity: Low   Confidence: High
   CWE: CWE-78 (https://cwe.mitre.org/data/definitions/78.html)
   More Info: https://bandit.readthedocs.io/en/1.8.6/plugins/b603_subprocess_without_shell_equals_true.html
   Location: src/devsynth/testing/run_tests.py:1489:18
1488	
1489	        process = subprocess.Popen(
1490	            cmd,
1491	            stdout=subprocess.PIPE,
1492	            stderr=subprocess.STDOUT,
1493	            text=True,
1494	            env=request.env,
1495	        )
1496	

--------------------------------------------------
>> Issue: [B103:set_bad_file_permissions] Chmod setting a permissive mask 0o555 on file (unwritable_dir).
   Severity: Medium   Confidence: High
   CWE: CWE-732 (https://cwe.mitre.org/data/definitions/732.html)
   More Info: https://bandit.readthedocs.io/en/1.8.6/plugins/b103_set_bad_file_permissions.html
   Location: src/devsynth/testing/run_tests.py:1543:4
1542	    (unwritable_dir / ".coverage").touch()
1543	    os.chmod(unwritable_dir, 0o555)
1544	    # We need to mock the paths to point into our unwritable dir

--------------------------------------------------
>> Issue: [B103:set_bad_file_permissions] Chmod setting a permissive mask 0o755 on file (unwritable_dir).
   Severity: Medium   Confidence: High
   CWE: CWE-732 (https://cwe.mitre.org/data/definitions/732.html)
   More Info: https://bandit.readthedocs.io/en/1.8.6/plugins/b103_set_bad_file_permissions.html
   Location: src/devsynth/testing/run_tests.py:1550:4
1549	        _reset_coverage_artifacts()
1550	    os.chmod(unwritable_dir, 0o755)
1551	    print("  ...done.")

--------------------------------------------------
>> Issue: [B101:assert_used] Use of assert detected. The enclosed code will be removed when compiling to optimised byte code.
   Severity: Low   Confidence: High
   CWE: CWE-703 (https://cwe.mitre.org/data/definitions/703.html)
   More Info: https://bandit.readthedocs.io/en/1.8.6/plugins/b101_assert_used.html
   Location: src/devsynth/testing/run_tests.py:1570:8
1569	    except RuntimeError as e:
1570	        assert "below the required" in str(e)
1571	        print("    - Failure case passed.")

--------------------------------------------------
>> Issue: [B101:assert_used] Use of assert detected. The enclosed code will be removed when compiling to optimised byte code.
   Severity: Low   Confidence: High
   CWE: CWE-703 (https://cwe.mitre.org/data/definitions/703.html)
   More Info: https://bandit.readthedocs.io/en/1.8.6/plugins/b101_assert_used.html
   Location: src/devsynth/testing/run_tests.py:1578:8
1577	    except RuntimeError as e:
1578	        assert "not found" in str(e)
1579	        print("    - Missing file case passed.")

--------------------------------------------------
>> Issue: [B101:assert_used] Use of assert detected. The enclosed code will be removed when compiling to optimised byte code.
   Severity: Low   Confidence: High
   CWE: CWE-703 (https://cwe.mitre.org/data/definitions/703.html)
   More Info: https://bandit.readthedocs.io/en/1.8.6/plugins/b101_assert_used.html
   Location: src/devsynth/testing/run_tests.py:1586:8
1585	    except RuntimeError as e:
1586	        assert "is invalid" in str(e)
1587	        print("    - Invalid JSON case passed.")

--------------------------------------------------
>> Issue: [B101:assert_used] Use of assert detected. The enclosed code will be removed when compiling to optimised byte code.
   Severity: Low   Confidence: High
   CWE: CWE-703 (https://cwe.mitre.org/data/definitions/703.html)
   More Info: https://bandit.readthedocs.io/en/1.8.6/plugins/b101_assert_used.html
   Location: src/devsynth/testing/run_tests.py:1594:8
1593	    except RuntimeError as e:
1594	        assert "missing" in str(e)
1595	        print("    - Missing key case passed.")

--------------------------------------------------
>> Issue: [B102:exec_used] Use of exec detected.
   Severity: Medium   Confidence: High
   CWE: CWE-78 (https://cwe.mitre.org/data/definitions/78.html)
   More Info: https://bandit.readthedocs.io/en/1.8.6/plugins/b102_exec_used.html
   Location: src/sitecustomize.py:78:8
77	    try:
78	        exec(patched_source, exec_globals)
79	    except SyntaxError:

--------------------------------------------------

Code scanned:
	Total lines of code: 96463
	Total lines skipped (#nosec): 0
	Total potential issues skipped due to specifically being disabled (e.g., #nosec BXXX): 7

Run metrics:
	Total issues (by severity):
		Undefined: 0
		Low: 169
		Medium: 4
		High: 0
	Total issues (by confidence):
		Undefined: 0
		Low: 0
		Medium: 3
		High: 170
Files skipped (0):
task: Failed to run task "release:prep": exit status 1
