src/devsynth/application/cli/commands/align_cmd.py:11: error: Cannot find implementation or library stub for module named "rich.console"  [import-not-found]
src/devsynth/application/cli/commands/align_cmd.py:11: note: See https://mypy.readthedocs.io/en/stable/running_mypy.html#missing-imports
src/devsynth/application/cli/commands/align_cmd.py:12: error: Cannot find implementation or library stub for module named "rich.table"  [import-not-found]
src/devsynth/application/cli/commands/align_cmd.py:42: error: Missing type parameters for generic type "Pattern"  [type-arg]
src/devsynth/application/cli/commands/align_cmd.py:53: error: Incompatible default for argument "exclude_dirs" (default has type "None", argument has type "list[str]")  [assignment]
src/devsynth/application/cli/commands/align_cmd.py:53: note: PEP 484 prohibits implicit Optional. Accordingly, mypy has changed its default to no_implicit_optional=True
src/devsynth/application/cli/commands/align_cmd.py:53: note: Use https://github.com/hauntsaninja/no_implicit_optional to automatically upgrade your codebase
src/devsynth/application/cli/commands/align_cmd.py:56: error: Statement is unreachable  [unreachable]
src/devsynth/application/cli/commands/align_cmd.py:76: error: Missing type parameters for generic type "Dict"  [type-arg]
src/devsynth/application/cli/commands/align_cmd.py:102: error: Missing type parameters for generic type "Dict"  [type-arg]
src/devsynth/application/cli/commands/align_cmd.py:128: error: Missing type parameters for generic type "Dict"  [type-arg]
src/devsynth/application/cli/commands/align_cmd.py:154: error: Missing type parameters for generic type "Dict"  [type-arg]
src/devsynth/application/cli/commands/align_cmd.py:195: error: Missing type parameters for generic type "Dict"  [type-arg]
src/devsynth/application/cli/commands/align_cmd.py:218: error: Missing type parameters for generic type "Dict"  [type-arg]
src/devsynth/application/cli/commands/align_cmd.py:225: error: Need type annotation for "issues_by_type" (hint: "issues_by_type: dict[<type>, <type>] = ...")  [var-annotated]
src/devsynth/application/cli/registry.py:5: error: Missing type parameters for generic type "Callable"  [type-arg]
src/devsynth/application/cli/registry.py:8: error: Missing type parameters for generic type "Callable"  [type-arg]
src/devsynth/application/collaboration/wsde_team_collaborative.py:19: error: Class cannot subclass "WSDETeam" (has type "Any")  [misc]
src/devsynth/application/collaboration/wsde_team_collaborative.py:43: error: Need type annotation for "contribution_metrics" (hint: "contribution_metrics: dict[<type>, <type>] = ...")  [var-annotated]
src/devsynth/application/collaboration/wsde_team_collaborative.py:44: error: Need type annotation for "role_history" (hint: "role_history: list[<type>] = ...")  [var-annotated]
src/devsynth/application/collaboration/wsde_team_collaborative.py:45: error: Need type annotation for "subtasks" (hint: "subtasks: dict[<type>, <type>] = ...")  [var-annotated]
src/devsynth/application/collaboration/wsde_team_collaborative.py:46: error: Need type annotation for "subtask_progress" (hint: "subtask_progress: dict[<type>, <type>] = ...")  [var-annotated]
src/devsynth/application/collaboration/wsde_team_collaborative.py:47: error: Need type annotation for "leadership_reassessments" (hint: "leadership_reassessments: dict[<type>, <type>] = ...")  [var-annotated]
src/devsynth/application/collaboration/wsde_team_collaborative.py:48: error: Need type annotation for "transition_metrics" (hint: "transition_metrics: dict[<type>, <type>] = ...")  [var-annotated]
src/devsynth/application/collaboration/wsde_team_collaborative.py:49: error: Need type annotation for "collaboration_metrics" (hint: "collaboration_metrics: dict[<type>, <type>] = ...")  [var-annotated]
src/devsynth/application/collaboration/wsde_team_collaborative.py:50: error: Need type annotation for "tracked_decisions" (hint: "tracked_decisions: dict[<type>, <type>] = ...")  [var-annotated]
src/devsynth/application/collaboration/wsde_team_collaborative.py:64: error: Returning Any from function declared to return "dict[str, Any]"  [no-any-return]
src/devsynth/application/collaboration/wsde_team_collaborative.py:78: error: Returning Any from function declared to return "dict[str, Any]"  [no-any-return]
src/devsynth/application/cli/setup_wizard.py:11: error: Cannot find implementation or library stub for module named "rich.console"  [import-not-found]
src/devsynth/application/cli/setup_wizard.py:12: error: Cannot find implementation or library stub for module named "rich.markdown"  [import-not-found]
src/devsynth/application/cli/setup_wizard.py:13: error: Cannot find implementation or library stub for module named "rich.panel"  [import-not-found]
src/devsynth/application/cli/setup_wizard.py:14: error: Cannot find implementation or library stub for module named "rich.progress"  [import-not-found]
src/devsynth/application/cli/command_output_formatter.py:15: error: Cannot find implementation or library stub for module named "rich.box"  [import-not-found]
src/devsynth/application/cli/command_output_formatter.py:16: error: Cannot find implementation or library stub for module named "rich.console"  [import-not-found]
src/devsynth/application/cli/command_output_formatter.py:17: error: Cannot find implementation or library stub for module named "rich.panel"  [import-not-found]
src/devsynth/application/cli/command_output_formatter.py:18: error: Cannot find implementation or library stub for module named "rich.style"  [import-not-found]
src/devsynth/application/cli/command_output_formatter.py:19: error: Cannot find implementation or library stub for module named "rich.syntax"  [import-not-found]
src/devsynth/application/cli/command_output_formatter.py:20: error: Cannot find implementation or library stub for module named "rich.table"  [import-not-found]
src/devsynth/application/cli/command_output_formatter.py:21: error: Cannot find implementation or library stub for module named "rich.text"  [import-not-found]
src/devsynth/application/cli/command_output_formatter.py:22: error: Cannot find implementation or library stub for module named "rich.tree"  [import-not-found]
src/devsynth/application/cli/command_output_formatter.py:258: error: Statement is unreachable  [unreachable]
src/devsynth/application/cli/command_output_formatter.py:283: error: Argument 1 to "tuple" has incompatible type "Sequence[Mapping[str, object]] | Sequence[Any]"; expected "Iterable[CommandTableRow]"  [arg-type]
src/devsynth/application/cli/command_output_formatter.py:672: error: Unused "type: ignore" comment  [unused-ignore]
src/devsynth/application/cli/commands/validate_metadata_cmd.py:15: error: Cannot find implementation or library stub for module named "rich.console"  [import-not-found]
src/devsynth/application/cli/commands/validate_metadata_cmd.py:16: error: Cannot find implementation or library stub for module named "rich.panel"  [import-not-found]
src/devsynth/application/cli/commands/validate_metadata_cmd.py:17: error: Cannot find implementation or library stub for module named "rich.table"  [import-not-found]
src/devsynth/application/cli/commands/validate_metadata_cmd.py:181: error: "object" has no attribute "append"  [attr-defined]
src/devsynth/application/cli/commands/validate_metadata_cmd.py:197: error: "object" has no attribute "append"  [attr-defined]
src/devsynth/application/cli/commands/validate_metadata_cmd.py:226: error: Returning Any from function declared to return "dict[str, Any] | None"  [no-any-return]
src/devsynth/application/cli/commands/validate_manifest_cmd.py:14: error: Library stubs not installed for "jsonschema"  [import-untyped]
src/devsynth/application/cli/commands/validate_manifest_cmd.py:14: note: Hint: "python3 -m pip install types-jsonschema"
src/devsynth/application/cli/commands/validate_manifest_cmd.py:16: error: Cannot find implementation or library stub for module named "rich.console"  [import-not-found]
src/devsynth/application/cli/commands/validate_manifest_cmd.py:17: error: Cannot find implementation or library stub for module named "rich.panel"  [import-not-found]
src/devsynth/application/cli/commands/validate_manifest_cmd.py:185: error: Missing type parameters for generic type "dict"  [type-arg]
src/devsynth/application/cli/commands/validate_manifest_cmd.py:185: error: Missing type parameters for generic type "list"  [type-arg]
src/devsynth/application/cli/commands/validate_manifest_cmd.py:227: error: Missing type parameters for generic type "dict"  [type-arg]
src/devsynth/application/cli/commands/validate_manifest_cmd.py:227: error: Missing type parameters for generic type "list"  [type-arg]
src/devsynth/application/cli/commands/validate_manifest_cmd.py:245: error: Library stubs not installed for "dateutil.parser"  [import-untyped]
src/devsynth/application/cli/commands/validate_manifest_cmd.py:245: note: Hint: "python3 -m pip install types-python-dateutil"
src/devsynth/application/cli/commands/validate_manifest_cmd.py:245: error: Library stubs not installed for "dateutil"  [import-untyped]
src/devsynth/application/cli/commands/validate_manifest_cmd.py:254: error: Missing type parameters for generic type "dict"  [type-arg]
src/devsynth/application/cli/commands/validate_manifest_cmd.py:254: error: Missing type parameters for generic type "list"  [type-arg]
src/devsynth/application/cli/commands/validate_manifest_cmd.py:277: error: Missing type parameters for generic type "dict"  [type-arg]
src/devsynth/application/cli/commands/validate_manifest_cmd.py:277: error: Missing type parameters for generic type "list"  [type-arg]
src/devsynth/application/cli/commands/test_metrics_cmd.py:12: error: Cannot find implementation or library stub for module named "rich.console"  [import-not-found]
src/devsynth/application/cli/commands/test_metrics_cmd.py:13: error: Cannot find implementation or library stub for module named "rich.markdown"  [import-not-found]
src/devsynth/application/cli/commands/test_metrics_cmd.py:14: error: Cannot find implementation or library stub for module named "rich.panel"  [import-not-found]
src/devsynth/application/cli/commands/test_metrics_cmd.py:170: error: Incompatible types in assignment (expression has type "int", target has type "Sequence[str]")  [assignment]
src/devsynth/application/cli/commands/test_metrics_cmd.py:180: error: "Sequence[str]" has no attribute "append"  [attr-defined]
src/devsynth/application/cli/commands/test_metrics_cmd.py:301: error: Unsupported operand types for + ("object" and "int")  [operator]
src/devsynth/application/cli/commands/test_metrics_cmd.py:303: error: Unsupported operand types for + ("object" and "int")  [operator]
src/devsynth/application/cli/commands/test_metrics_cmd.py:305: error: Unsupported operand types for + ("object" and "int")  [operator]
src/devsynth/application/cli/commands/test_metrics_cmd.py:308: error: Unsupported operand types for + ("object" and "int")  [operator]
src/devsynth/application/cli/commands/test_metrics_cmd.py:309: error: Unsupported operand types for + ("object" and "int")  [operator]
src/devsynth/application/cli/commands/test_metrics_cmd.py:313: error: Unsupported target for indexed assignment ("object")  [index]
src/devsynth/application/cli/commands/test_metrics_cmd.py:313: error: "object" has no attribute "get"  [attr-defined]
src/devsynth/application/cli/commands/test_metrics_cmd.py:316: error: Unsupported target for indexed assignment ("object")  [index]
src/devsynth/application/cli/commands/test_metrics_cmd.py:317: error: "object" has no attribute "get"  [attr-defined]
src/devsynth/application/cli/commands/test_metrics_cmd.py:320: error: Unsupported target for indexed assignment ("object")  [index]
src/devsynth/application/cli/commands/test_metrics_cmd.py:321: error: "object" has no attribute "get"  [attr-defined]
src/devsynth/application/cli/commands/test_metrics_cmd.py:324: error: Unsupported target for indexed assignment ("object")  [index]
src/devsynth/application/cli/commands/test_metrics_cmd.py:324: error: "object" has no attribute "get"  [attr-defined]
src/devsynth/application/cli/commands/test_metrics_cmd.py:327: error: Unsupported operand types for < ("int" and "object")  [operator]
src/devsynth/application/cli/commands/test_metrics_cmd.py:329: error: Unsupported left operand type for / ("object")  [operator]
src/devsynth/application/cli/commands/test_metrics_cmd.py:332: error: Unsupported left operand type for / ("object")  [operator]
src/devsynth/application/cli/commands/test_metrics_cmd.py:334: error: Unsupported left operand type for / ("object")  [operator]
src/devsynth/application/cli/commands/test_metrics_cmd.py:336: error: Unsupported operand types for < ("int" and "object")  [operator]
src/devsynth/application/cli/commands/test_metrics_cmd.py:338: error: Unsupported left operand type for / ("object")  [operator]
src/devsynth/application/cli/commands/inspect_config_cmd.py:10: error: Cannot find implementation or library stub for module named "rich.console"  [import-not-found]
src/devsynth/application/cli/commands/inspect_config_cmd.py:11: error: Cannot find implementation or library stub for module named "rich.panel"  [import-not-found]
src/devsynth/application/cli/commands/inspect_config_cmd.py:12: error: Cannot find implementation or library stub for module named "rich.table"  [import-not-found]
src/devsynth/application/cli/commands/inspect_config_cmd.py:161: error: Module has no attribute "dump"  [attr-defined]
src/devsynth/application/cli/commands/inspect_config_cmd.py:172: error: Module has no attribute "dump"  [attr-defined]
src/devsynth/application/cli/commands/inspect_config_cmd.py:237: error: "Sequence[str]" has no attribute "append"  [attr-defined]
src/devsynth/application/cli/commands/inspect_config_cmd.py:240: error: "Sequence[str]" has no attribute "append"  [attr-defined]
src/devsynth/application/cli/commands/inspect_config_cmd.py:243: error: "Sequence[str]" has no attribute "append"  [attr-defined]
src/devsynth/application/cli/commands/inspect_config_cmd.py:245: error: "Sequence[str]" has no attribute "append"  [attr-defined]
src/devsynth/application/cli/commands/inspect_config_cmd.py:349: error: "Mapping[str, Sequence[str]]" has no attribute "setdefault"  [attr-defined]
src/devsynth/application/cli/commands/inspect_config_cmd.py:350: error: "Sequence[str]" has no attribute "append"  [attr-defined]
src/devsynth/application/cli/commands/inspect_config_cmd.py:389: error: "Sequence[str]" has no attribute "remove"  [attr-defined]
src/devsynth/application/cli/commands/generate_docs_cmd.py:13: error: Cannot find implementation or library stub for module named "rich.console"  [import-not-found]
src/devsynth/application/cli/commands/generate_docs_cmd.py:14: error: Cannot find implementation or library stub for module named "rich.panel"  [import-not-found]
src/devsynth/application/cli/commands/generate_docs_cmd.py:135: error: Item "str" of "str | Any" has no attribute "relative_to"  [union-attr]
src/devsynth/application/cli/commands/generate_docs_cmd.py:136: error: Item "str" of "str | Any" has no attribute "relative_to"  [union-attr]
src/devsynth/application/cli/commands/edrr_cycle_cmd.py:6: error: Library stubs not installed for "tqdm"  [import-untyped]
src/devsynth/application/cli/commands/edrr_cycle_cmd.py:6: note: Hint: "python3 -m pip install types-tqdm"
src/devsynth/application/cli/commands/atomic_rewrite_cmd.py:44: error: Too many positional arguments for "Exit"  [misc]
src/devsynth/application/cli/commands/alignment_metrics_cmd.py:12: error: Cannot find implementation or library stub for module named "rich.console"  [import-not-found]
src/devsynth/application/cli/commands/alignment_metrics_cmd.py:13: error: Cannot find implementation or library stub for module named "rich.table"  [import-not-found]
src/devsynth/application/cli/commands/alignment_metrics_cmd.py:39: error: Missing type parameters for generic type "Dict"  [type-arg]
src/devsynth/application/cli/commands/alignment_metrics_cmd.py:121: error: Incompatible types in assignment (expression has type "float", target has type "int")  [assignment]
src/devsynth/application/cli/commands/alignment_metrics_cmd.py:128: error: Incompatible types in assignment (expression has type "float", target has type "int")  [assignment]
src/devsynth/application/cli/commands/alignment_metrics_cmd.py:135: error: Incompatible types in assignment (expression has type "float", target has type "int")  [assignment]
src/devsynth/application/cli/commands/alignment_metrics_cmd.py:142: error: Incompatible types in assignment (expression has type "float", target has type "int")  [assignment]
src/devsynth/application/cli/commands/alignment_metrics_cmd.py:149: error: Incompatible types in assignment (expression has type "float", target has type "int")  [assignment]
src/devsynth/application/cli/commands/alignment_metrics_cmd.py:159: error: Missing type parameters for generic type "Dict"  [type-arg]
src/devsynth/application/cli/commands/alignment_metrics_cmd.py:193: error: Missing type parameters for generic type "Dict"  [type-arg]
src/devsynth/application/cli/commands/alignment_metrics_cmd.py:198: error: Returning Any from function declared to return "list[dict[Any, Any]]"  [no-any-return]
src/devsynth/application/cli/commands/alignment_metrics_cmd.py:205: error: Function is missing a return type annotation  [no-untyped-def]
src/devsynth/application/cli/commands/alignment_metrics_cmd.py:205: error: Missing type parameters for generic type "Dict"  [type-arg]
src/devsynth/application/cli/commands/alignment_metrics_cmd.py:224: error: Missing type parameters for generic type "Dict"  [type-arg]
src/devsynth/application/cli/commands/alignment_metrics_cmd.py:225: error: Missing type parameters for generic type "Dict"  [type-arg]
src/devsynth/application/cli/commands/alignment_metrics_cmd.py:308: error: Missing type parameters for generic type "Dict"  [type-arg]
src/devsynth/application/cli/commands/alignment_metrics_cmd.py:309: error: Missing type parameters for generic type "Dict"  [type-arg]
src/devsynth/application/collaboration/wsde_team_consensus.py:59: error: "ConsensusBuildingMixin" has no attribute "memory_manager"  [attr-defined]
src/devsynth/application/collaboration/wsde_team_consensus.py:70: error: "ConsensusBuildingMixin" has no attribute "logger"  [attr-defined]
src/devsynth/application/collaboration/wsde_team_consensus.py:168: error: "ConsensusBuildingMixin" has no attribute "get_messages"  [attr-defined]
src/devsynth/application/collaboration/wsde_team_consensus.py:210: error: Returning Any from function declared to return "str | None"  [no-any-return]
src/devsynth/application/collaboration/wsde_team_consensus.py:381: error: "ConsensusBuildingMixin" has no attribute "agents"  [attr-defined]
src/devsynth/application/collaboration/wsde_team_consensus.py:396: error: "ConsensusBuildingMixin" has no attribute "agents"  [attr-defined]
src/devsynth/application/collaboration/wsde_team_consensus.py:428: error: Incompatible types in assignment (expression has type "dict[str, Any]", variable has type "str")  [assignment]
src/devsynth/application/collaboration/wsde_team_consensus.py:430: error: Invalid index type "str" for "str"; expected type "SupportsIndex | slice[Any, Any, Any]"  [index]
src/devsynth/application/collaboration/wsde_team_consensus.py:437: error: Invalid index type "str" for "str"; expected type "SupportsIndex | slice[Any, Any, Any]"  [index]
src/devsynth/application/collaboration/wsde_team_consensus.py:533: error: Need type annotation for "opinion_counts" (hint: "opinion_counts: dict[<type>, <type>] = ...")  [var-annotated]
src/devsynth/application/collaboration/wsde_team_consensus.py:541: error: Returning Any from function declared to return "str"  [no-any-return]
src/devsynth/application/collaboration/wsde_team_consensus.py:558: error: "ConsensusBuildingMixin" has no attribute "agents"  [attr-defined]
src/devsynth/application/collaboration/wsde_team_consensus.py:589: error: Missing type parameters for generic type "set"  [type-arg]
src/devsynth/application/collaboration/wsde_team_consensus.py:676: error: "ConsensusBuildingMixin" has no attribute "tracked_decisions"; maybe "_track_decision" or "get_tracked_decision"?  [attr-defined]
src/devsynth/application/collaboration/wsde_team_consensus.py:730: error: "ConsensusBuildingMixin" has no attribute "logger"  [attr-defined]
src/devsynth/application/collaboration/wsde_team_consensus.py:740: error: "ConsensusBuildingMixin" has no attribute "agents"  [attr-defined]
src/devsynth/application/collaboration/wsde_team_consensus.py:742: error: "ConsensusBuildingMixin" has no attribute "send_message"  [attr-defined]
src/devsynth/application/collaboration/wsde_team_consensus.py:759: error: "ConsensusBuildingMixin" has no attribute "send_message"  [attr-defined]
src/devsynth/application/collaboration/wsde_team_consensus.py:784: error: Function is missing a type annotation  [no-untyped-def]
src/devsynth/application/collaboration/wsde_team_consensus.py:809: error: Call to untyped function "count_syllables" in typed context  [no-untyped-call]
src/devsynth/application/collaboration/wsde_team_consensus.py:912: error: Returning Any from function declared to return "dict[str, Any] | None"  [no-any-return]
src/devsynth/application/collaboration/wsde_team_consensus.py:912: error: "ConsensusBuildingMixin" has no attribute "tracked_decisions"; maybe "_track_decision" or "get_tracked_decision"?  [attr-defined]
src/devsynth/application/collaboration/wsde_team_consensus.py:924: error: "ConsensusBuildingMixin" has no attribute "tracked_decisions"; maybe "_track_decision" or "get_tracked_decision"?  [attr-defined]
src/devsynth/application/collaboration/wsde_team_consensus.py:927: error: "ConsensusBuildingMixin" has no attribute "tracked_decisions"; maybe "_track_decision" or "get_tracked_decision"?  [attr-defined]
src/devsynth/application/collaboration/wsde_team_consensus.py:928: error: "ConsensusBuildingMixin" has no attribute "tracked_decisions"; maybe "_track_decision" or "get_tracked_decision"?  [attr-defined]
src/devsynth/application/collaboration/wsde_team_consensus.py:947: error: "ConsensusBuildingMixin" has no attribute "tracked_decisions"; maybe "_track_decision" or "get_tracked_decision"?  [attr-defined]
src/devsynth/application/collaboration/wsde_team_consensus.py:950: error: "ConsensusBuildingMixin" has no attribute "tracked_decisions"; maybe "_track_decision" or "get_tracked_decision"?  [attr-defined]
src/devsynth/application/collaboration/wsde_team_consensus.py:954: error: Function is missing a type annotation for one or more arguments  [no-untyped-def]
src/devsynth/application/collaboration/wsde_team_consensus.py:966: error: "ConsensusBuildingMixin" has no attribute "tracked_decisions"; maybe "_track_decision" or "get_tracked_decision"?  [attr-defined]
src/devsynth/application/collaboration/wsde_team_consensus.py:989: error: "ConsensusBuildingMixin" has no attribute "tracked_decisions"; maybe "_track_decision" or "get_tracked_decision"?  [attr-defined]
src/devsynth/application/collaboration/wsde_team_consensus.py:992: error: "ConsensusBuildingMixin" has no attribute "tracked_decisions"; maybe "_track_decision" or "get_tracked_decision"?  [attr-defined]
src/devsynth/application/collaboration/wsde_team_consensus.py:1017: error: Returning Any from function declared to return "str"  [no-any-return]
src/devsynth/application/collaboration/wsde_team_consensus.py:1118: error: Statement is unreachable  [unreachable]
src/devsynth/application/collaboration/wsde_team_consensus.py:1128: error: Item "None" of "str | None" has no attribute "strip"  [union-attr]
src/devsynth/application/collaboration/WSDE.py:13: error: Class cannot subclass "WSDETeam" (has type "Any")  [misc]
src/devsynth/application/collaboration/WSDE.py:18: error: Returning Any from function declared to return "dict[str, Any]"  [no-any-return]
src/devsynth/application/collaboration/WSDE.py:41: error: Returning Any from function declared to return "dict[str, Any]"  [no-any-return]
src/devsynth/application/collaboration/WSDE.py:53: error: Invalid index type "Any | None" for "dict[str, str]"; expected type "str"  [index]
src/devsynth/application/collaboration/WSDE.py:53: error: Incompatible types in assignment (expression has type "Any | None", target has type "str")  [assignment]
src/devsynth/application/collaboration/WSDE.py:61: error: Returning Any from function declared to return "dict[str, str]"  [no-any-return]
src/devsynth/application/cli/utils.py:12: error: Cannot find implementation or library stub for module named "typer.models"  [import-not-found]
src/devsynth/application/cli/utils.py:42: error: Returning Any from function declared to return "str"  [no-any-return]
src/devsynth/application/cli/utils.py:54: error: Returning Any from function declared to return "bool"  [no-any-return]
src/devsynth/application/cli/utils.py:157: error: Statement is unreachable  [unreachable]
src/devsynth/application/cli/mvu_commands.py:57: error: Module has no attribute "Argument"  [attr-defined]
src/devsynth/application/cli/mvu_commands.py:65: error: Too many positional arguments for "Exit"  [misc]
src/devsynth/application/cli/long_running_progress.py:14: error: Cannot find implementation or library stub for module named "rich.console"  [import-not-found]
src/devsynth/application/cli/long_running_progress.py:15: error: Cannot find implementation or library stub for module named "rich.progress"  [import-not-found]
src/devsynth/application/cli/long_running_progress.py:35: error: Module "devsynth.application.cli.progress" has no attribute "EnhancedProgressIndicator"; maybe "ProgressIndicator"?  [attr-defined]
src/devsynth/application/cli/long_running_progress.py:45: error: Class cannot subclass "EnhancedProgressIndicator" (has type "Any")  [misc]
src/devsynth/application/cli/long_running_progress.py:119: error: Name "Optional" is not defined  [name-defined]
src/devsynth/application/cli/long_running_progress.py:119: note: Did you forget to import it from "typing"? (Suggestion: "from typing import Optional")
src/devsynth/application/cli/long_running_progress.py:120: error: Name "Optional" is not defined  [name-defined]
src/devsynth/application/cli/long_running_progress.py:120: note: Did you forget to import it from "typing"? (Suggestion: "from typing import Optional")
src/devsynth/application/cli/long_running_progress.py:153: error: Incompatible types in assignment (expression has type "list[ProgressHistoryEntry]", target has type "str")  [assignment]
src/devsynth/application/cli/long_running_progress.py:241: error: Name "Optional" is not defined  [name-defined]
src/devsynth/application/cli/long_running_progress.py:241: note: Did you forget to import it from "typing"? (Suggestion: "from typing import Optional")
src/devsynth/application/cli/long_running_progress.py:242: error: Name "Optional" is not defined  [name-defined]
src/devsynth/application/cli/long_running_progress.py:242: note: Did you forget to import it from "typing"? (Suggestion: "from typing import Optional")
src/devsynth/application/cli/errors.py:21: error: Statement is unreachable  [unreachable]
src/devsynth/application/cli/autocomplete.py:278: error: Returning Any from function declared to return "str"  [no-any-return]
src/devsynth/application/cli/commands/inspect_code_cmd.py:9: error: Cannot find implementation or library stub for module named "rich.console"  [import-not-found]
src/devsynth/application/cli/commands/inspect_code_cmd.py:10: error: Cannot find implementation or library stub for module named "rich.panel"  [import-not-found]
src/devsynth/application/cli/commands/inspect_code_cmd.py:11: error: Cannot find implementation or library stub for module named "rich.table"  [import-not-found]
src/devsynth/application/cli/commands/inspect_code_cmd.py:72: error: Incompatible types in assignment (expression has type "SelfAnalysisResult", variable has type "dict[str, Any]")  [assignment]
src/devsynth/application/collaboration/wsde_team_extended.py:16: error: Class cannot subclass "WSDETeam" (has type "Any")  [misc]
src/devsynth/application/collaboration/wsde_team_extended.py:24: error: Need type annotation for "role_history" (hint: "role_history: list[<type>] = ...")  [var-annotated]
src/devsynth/application/collaboration/wsde_team_extended.py:25: error: Need type annotation for "task_solutions" (hint: "task_solutions: dict[<type>, <type>] = ...")  [var-annotated]
src/devsynth/application/collaboration/wsde_team_extended.py:26: error: Need type annotation for "contribution_metrics" (hint: "contribution_metrics: dict[<type>, <type>] = ...")  [var-annotated]
src/devsynth/application/collaboration/wsde_team_extended.py:27: error: Need type annotation for "subtask_assignments" (hint: "subtask_assignments: dict[<type>, <type>] = ...")  [var-annotated]
src/devsynth/application/collaboration/wsde_team_extended.py:28: error: Need type annotation for "subtask_progress" (hint: "subtask_progress: dict[<type>, <type>] = ...")  [var-annotated]
src/devsynth/application/collaboration/wsde_team_extended.py:29: error: Need type annotation for "leadership_reassessments" (hint: "leadership_reassessments: dict[<type>, <type>] = ...")  [var-annotated]
src/devsynth/application/collaboration/wsde_team_extended.py:30: error: Need type annotation for "transition_metrics" (hint: "transition_metrics: dict[<type>, <type>] = ...")  [var-annotated]
src/devsynth/application/collaboration/wsde_team_extended.py:31: error: Need type annotation for "collaboration_metrics" (hint: "collaboration_metrics: dict[<type>, <type>] = ...")  [var-annotated]
src/devsynth/application/collaboration/wsde_team_extended.py:32: error: Need type annotation for "agent_opinions" (hint: "agent_opinions: dict[<type>, <type>] = ...")  [var-annotated]
src/devsynth/application/collaboration/wsde_team_extended.py:33: error: Need type annotation for "decision_documentation" (hint: "decision_documentation: dict[<type>, <type>] = ...")  [var-annotated]
src/devsynth/application/collaboration/wsde_team_extended.py:34: error: Need type annotation for "implemented_decisions" (hint: "implemented_decisions: dict[<type>, <type>] = ...")  [var-annotated]
src/devsynth/application/collaboration/wsde_team_extended.py:35: error: Need type annotation for "decision_tracking" (hint: "decision_tracking: dict[<type>, <type>] = ...")  [var-annotated]
src/devsynth/application/collaboration/wsde_team_extended.py:39: error: Returning Any from function declared to return "dict[str, Any]"  [no-any-return]
src/devsynth/application/collaboration/wsde_team_extended.py:44: error: Returning Any from function declared to return "dict[str, Any]"  [no-any-return]
src/devsynth/application/collaboration/wsde_team_extended.py:225: error: Returning Any from function declared to return "dict[str, dict[str, int | float]]"  [no-any-return]
src/devsynth/application/collaboration/wsde_team_extended.py:489: error: Returning Any from function declared to return "dict[str, Any]"  [no-any-return]
src/devsynth/application/collaboration/wsde_team_extended.py:501: error: Returning Any from function declared to return "dict[str, Any]"  [no-any-return]
src/devsynth/application/collaboration/wsde_team_extended.py:642: error: Returning Any from function declared to return "dict[str, Any]"  [no-any-return]
src/devsynth/application/collaboration/wsde_team_extended.py:733: error: Returning Any from function declared to return "dict[str, Any]"  [no-any-return]
src/devsynth/application/collaboration/wsde_team_extended.py:735: error: Function is missing a type annotation for one or more arguments  [no-untyped-def]
src/devsynth/application/collaboration/wsde_team_extended.py:806: error: Statement is unreachable  [unreachable]
src/devsynth/application/collaboration/wsde_team_extended.py:911: error: Incompatible types in assignment (expression has type "tuple[()]", variable has type "tuple[str, str, str]")  [assignment]
src/devsynth/application/collaboration/wsde_team_extended.py:1104: error: Incompatible types in assignment (expression has type "set[Any]", variable has type "list[Any]")  [assignment]
src/devsynth/application/collaboration/wsde_team_extended.py:1120: error: Argument 2 to "_calculate_expertise_weight" of "CollaborativeWSDETeam" has incompatible type "list[Any]"; expected "set[Any]"  [arg-type]
src/devsynth/application/collaboration/wsde_team_extended.py:1125: error: "Sequence[str]" has no attribute "append"  [attr-defined]
src/devsynth/application/collaboration/wsde_team_extended.py:1153: error: "Sequence[str]" has no attribute "append"  [attr-defined]
src/devsynth/application/collaboration/wsde_team_extended.py:1181: error: Unsupported left operand type for + ("Sequence[str]")  [operator]
src/devsynth/application/collaboration/wsde_team_extended.py:1182: error: Unsupported left operand type for + ("Sequence[str]")  [operator]
src/devsynth/application/collaboration/wsde_team_extended.py:1186: error: Unsupported left operand type for + ("Sequence[str]")  [operator]
src/devsynth/application/collaboration/wsde_team_extended.py:1188: error: Unsupported left operand type for + ("Sequence[str]")  [operator]
src/devsynth/application/collaboration/wsde_team_extended.py:1192: error: Missing type parameters for generic type "set"  [type-arg]
src/devsynth/application/collaboration/wsde_team_extended.py:1224: error: Returning Any from function declared to return "float"  [no-any-return]
src/devsynth/application/collaboration/wsde_team_extended.py:1403: error: Function is missing a type annotation  [no-untyped-def]
src/devsynth/application/collaboration/wsde_team_extended.py:1429: error: Call to untyped function "count_syllables" in typed context  [no-untyped-call]
src/devsynth/application/collaboration/wsde_team_extended.py:1515: error: Unsupported target for indexed assignment ("object")  [index]
src/devsynth/application/collaboration/wsde_team_extended.py:1520: error: Value of type "object" is not indexable  [index]
src/devsynth/application/collaboration/wsde_team_extended.py:1538: error: "object" has no attribute "append"  [attr-defined]
src/devsynth/application/collaboration/wsde_team_extended.py:1547: error: Value of type "object" is not indexable  [index]
src/devsynth/application/collaboration/wsde_team_extended.py:1575: error: "object" has no attribute "append"  [attr-defined]
src/devsynth/application/collaboration/wsde_team_extended.py:1584: error: Value of type "object" is not indexable  [index]
src/devsynth/application/collaboration/wsde_team_extended.py:1607: error: Unsupported target for indexed assignment ("object")  [index]
src/devsynth/application/collaboration/wsde_team_extended.py:1612: error: Value of type "object" is not indexable  [index]
src/devsynth/application/collaboration/wsde_team_extended.py:1621: error: Need type annotation for "votes_by_option" (hint: "votes_by_option: dict[<type>, <type>] = ...")  [var-annotated]
src/devsynth/application/collaboration/wsde_team_extended.py:1664: error: "object" has no attribute "append"  [attr-defined]
src/devsynth/application/collaboration/wsde_team_extended.py:1673: error: Value of type "object" is not indexable  [index]
src/devsynth/application/collaboration/wsde_team_extended.py:1688: error: Value of type "object" is not indexable  [index]
src/devsynth/application/collaboration/wsde_team_extended.py:1719: error: "object" has no attribute "append"  [attr-defined]
src/devsynth/application/collaboration/wsde_team_extended.py:1728: error: Value of type "object" is not indexable  [index]
src/devsynth/application/collaboration/wsde_team_extended.py:1739: error: "object" has no attribute "append"  [attr-defined]
src/devsynth/application/collaboration/wsde_team_extended.py:1748: error: Value of type "object" is not indexable  [index]
src/devsynth/application/collaboration/wsde_team_extended.py:1759: error: Value of type "object" is not indexable  [index]
src/devsynth/application/collaboration/wsde_team_extended.py:1799: error: "object" has no attribute "append"  [attr-defined]
src/devsynth/application/collaboration/wsde_team_extended.py:1808: error: Value of type "object" is not indexable  [index]
src/devsynth/application/collaboration/wsde_team_extended.py:1839: error: "object" has no attribute "append"  [attr-defined]
src/devsynth/application/collaboration/wsde_team_extended.py:1848: error: Value of type "object" is not indexable  [index]
src/devsynth/application/collaboration/wsde_team_extended.py:1859: error: "object" has no attribute "append"  [attr-defined]
src/devsynth/application/collaboration/wsde_team_extended.py:1868: error: Value of type "object" is not indexable  [index]
src/devsynth/application/collaboration/wsde_team_extended.py:1876: error: "object" has no attribute "append"  [attr-defined]
src/devsynth/application/collaboration/wsde_team_extended.py:1885: error: Value of type "object" is not indexable  [index]
src/devsynth/application/collaboration/wsde_team_extended.py:1893: error: "object" has no attribute "append"  [attr-defined]
src/devsynth/application/collaboration/wsde_team_extended.py:1902: error: Value of type "object" is not indexable  [index]
src/devsynth/application/collaboration/wsde_team_extended.py:1914: error: "object" has no attribute "append"  [attr-defined]
src/devsynth/application/collaboration/wsde_team_extended.py:1923: error: Value of type "object" is not indexable  [index]
src/devsynth/application/collaboration/coordinator.py:38: error: Class cannot subclass "AgentCoordinator" (has type "Any")  [misc]
src/devsynth/application/collaboration/coordinator.py:98: error: Call to untyped function "CollaborationError" in typed context  [no-untyped-call]
src/devsynth/application/collaboration/coordinator.py:107: error: Returning Any from function declared to return "dict[str, Any]"  [no-any-return]
src/devsynth/application/collaboration/coordinator.py:110: error: Call to untyped function "AgentExecutionError" in typed context  [no-untyped-call]
src/devsynth/application/collaboration/coordinator.py:128: error: Call to untyped function "TeamConfigurationError" in typed context  [no-untyped-call]
src/devsynth/application/collaboration/coordinator.py:148: error: Returning Any from function declared to return "dict[str, Any]"  [no-any-return]
src/devsynth/application/collaboration/coordinator.py:178: error: Call to untyped function "RoleAssignmentError" in typed context  [no-untyped-call]
src/devsynth/application/collaboration/coordinator.py:235: error: Call to untyped function "AgentExecutionError" in typed context  [no-untyped-call]
src/devsynth/application/collaboration/coordinator.py:329: error: Function is missing a type annotation for one or more arguments  [no-untyped-def]
src/devsynth/application/collaboration/coordinator.py:350: error: Returning Any from function declared to return "dict[str, Any]"  [no-any-return]
src/devsynth/application/cli/requirements_commands.py:13: error: Cannot find implementation or library stub for module named "rich.console"  [import-not-found]
src/devsynth/application/cli/requirements_commands.py:14: error: Cannot find implementation or library stub for module named "rich.panel"  [import-not-found]
src/devsynth/application/cli/requirements_commands.py:15: error: Cannot find implementation or library stub for module named "rich.table"  [import-not-found]
src/devsynth/application/cli/requirements_commands.py:60: error: "Typer" has no attribute "callback"  [attr-defined]
src/devsynth/application/cli/requirements_commands.py:60: error: Untyped decorator makes function "main" untyped  [misc]
src/devsynth/application/cli/requirements_commands.py:61: error: Function is missing a return type annotation  [no-untyped-def]
src/devsynth/application/cli/requirements_commands.py:72: error: "Context" has no attribute "obj"  [attr-defined]
src/devsynth/application/cli/requirements_commands.py:95: error: Function is missing a return type annotation  [no-untyped-def]
src/devsynth/application/cli/requirements_commands.py:130: error: Function is missing a return type annotation  [no-untyped-def]
src/devsynth/application/cli/requirements_commands.py:130: note: Use "-> None" if function does not return a value
src/devsynth/application/cli/requirements_commands.py:154: error: Function is missing a return type annotation  [no-untyped-def]
src/devsynth/application/cli/requirements_commands.py:193: error: Function is missing a return type annotation  [no-untyped-def]
src/devsynth/application/cli/requirements_commands.py:270: error: Item "None" of "Any | None" has no attribute "create_requirement"  [union-attr]
src/devsynth/application/cli/requirements_commands.py:276: error: Function is missing a return type annotation  [no-untyped-def]
src/devsynth/application/cli/requirements_commands.py:377: error: Item "None" of "Any | None" has no attribute "update_requirement"  [union-attr]
src/devsynth/application/cli/requirements_commands.py:390: error: Function is missing a return type annotation  [no-untyped-def]
src/devsynth/application/cli/requirements_commands.py:424: error: Item "None" of "Any | None" has no attribute "delete_requirement"  [union-attr]
src/devsynth/application/cli/requirements_commands.py:435: error: Function is missing a return type annotation  [no-untyped-def]
src/devsynth/application/cli/requirements_commands.py:485: error: Function is missing a return type annotation  [no-untyped-def]
src/devsynth/application/cli/requirements_commands.py:509: error: Item "None" of "Any | None" has no attribute "approve_change"  [union-attr]
src/devsynth/application/cli/requirements_commands.py:518: error: Function is missing a return type annotation  [no-untyped-def]
src/devsynth/application/cli/requirements_commands.py:550: error: Item "None" of "Any | None" has no attribute "reject_change"  [union-attr]
src/devsynth/application/cli/requirements_commands.py:559: error: Function is missing a return type annotation  [no-untyped-def]
src/devsynth/application/cli/requirements_commands.py:586: error: Item "None" of "Any | None" has no attribute "create_session"  [union-attr]
src/devsynth/application/cli/requirements_commands.py:592: error: Item "None" of "Any | None" has no attribute "run_interactive_session"  [union-attr]
src/devsynth/application/cli/requirements_commands.py:596: error: Function is missing a return type annotation  [no-untyped-def]
src/devsynth/application/cli/requirements_commands.py:604: error: Item "None" of "Any | None" has no attribute "get_sessions_for_user"  [union-attr]
src/devsynth/application/cli/requirements_commands.py:619: error: Item "None" of "Any | None" has no attribute "get_messages_for_session"  [union-attr]
src/devsynth/application/cli/requirements_commands.py:633: error: Function is missing a return type annotation  [no-untyped-def]
src/devsynth/application/cli/requirements_commands.py:651: error: Item "None" of "Any | None" has no attribute "get_session"  [union-attr]
src/devsynth/application/cli/requirements_commands.py:666: error: Item "None" of "Any | None" has no attribute "run_interactive_session"  [union-attr]
src/devsynth/application/cli/requirements_commands.py:670: error: Function is missing a return type annotation  [no-untyped-def]
src/devsynth/application/cli/requirements_commands.py:698: error: Item "None" of "Any | None" has no attribute "evaluate_change"  [union-attr]
src/devsynth/application/cli/requirements_commands.py:734: error: Function is missing a return type annotation  [no-untyped-def]
src/devsynth/application/cli/requirements_commands.py:762: error: Item "None" of "Any | None" has no attribute "assess_impact"  [union-attr]
src/devsynth/application/cli/requirements_commands.py:899: error: "Context" has no attribute "obj"  [attr-defined]
src/devsynth/application/cli/help.py:7: error: Cannot find implementation or library stub for module named "rich.console"  [import-not-found]
src/devsynth/application/cli/help.py:8: error: Cannot find implementation or library stub for module named "rich.markdown"  [import-not-found]
src/devsynth/application/cli/help.py:9: error: Cannot find implementation or library stub for module named "rich.panel"  [import-not-found]
src/devsynth/application/cli/help.py:10: error: Cannot find implementation or library stub for module named "rich.table"  [import-not-found]
src/devsynth/application/cli/apispec.py:9: error: Cannot find implementation or library stub for module named "rich.console"  [import-not-found]
src/devsynth/application/cli/apispec.py:10: error: Cannot find implementation or library stub for module named "rich.markdown"  [import-not-found]
src/devsynth/application/cli/apispec.py:11: error: Cannot find implementation or library stub for module named "rich.panel"  [import-not-found]
src/devsynth/application/cli/apispec.py:12: error: Cannot find implementation or library stub for module named "rich.prompt"  [import-not-found]
src/devsynth/application/cli/apispec.py:13: error: Cannot find implementation or library stub for module named "rich.table"  [import-not-found]
src/devsynth/application/cli/commands/webui_cmd.py:28: error: Unused "type: ignore" comment  [unused-ignore]
src/devsynth/application/cli/commands/webapp_cmd.py:12: error: Cannot find implementation or library stub for module named "rich.markdown"  [import-not-found]
src/devsynth/application/cli/commands/webapp_cmd.py:13: error: Cannot find implementation or library stub for module named "rich.panel"  [import-not-found]
src/devsynth/application/cli/commands/webapp_cmd.py:14: error: Cannot find implementation or library stub for module named "rich.table"  [import-not-found]
src/devsynth/application/cli/commands/spec_cmd.py:8: error: Cannot find implementation or library stub for module named "rich.console"  [import-not-found]
src/devsynth/application/cli/commands/spec_cmd.py:102: error: Cannot find implementation or library stub for module named "rich.table"  [import-not-found]
src/devsynth/application/cli/commands/spec_cmd.py:130: error: Argument 2 to "_handle_error" has incompatible type "dict[Any, Any]"; expected "Exception | SupportsBridgeErrorPayload | BridgeErrorDetails | str"  [arg-type]
src/devsynth/application/cli/commands/serve_cmd.py:27: error: Cannot find implementation or library stub for module named "uvicorn"  [import-not-found]
src/devsynth/application/cli/commands/refactor_cmd.py:8: error: Cannot find implementation or library stub for module named "rich.console"  [import-not-found]
src/devsynth/application/cli/commands/refactor_cmd.py:9: error: Cannot find implementation or library stub for module named "rich.panel"  [import-not-found]
src/devsynth/application/cli/commands/refactor_cmd.py:10: error: Cannot find implementation or library stub for module named "rich.table"  [import-not-found]
src/devsynth/application/cli/commands/init_cmd.py:88: error: Returning Any from function declared to return "str"  [no-any-return]
src/devsynth/application/cli/commands/ingest_cmd.py:55: error: Module has no attribute "Argument"  [attr-defined]
src/devsynth/application/cli/commands/ingest_cmd.py:130: error: Argument 1 to "ingest_cmd" has incompatible type "**dict[str, object]"; expected "Path | str | None"  [arg-type]
src/devsynth/application/cli/commands/ingest_cmd.py:130: error: Argument 1 to "ingest_cmd" has incompatible type "**dict[str, object]"; expected "bool"  [arg-type]
src/devsynth/application/cli/commands/ingest_cmd.py:130: error: Argument 1 to "ingest_cmd" has incompatible type "**dict[str, object]"; expected "str | None"  [arg-type]
src/devsynth/application/cli/commands/dpg_cmd.py:18: error: Unused "type: ignore" comment  [unused-ignore]
src/devsynth/application/cli/commands/dbschema_cmd.py:12: error: Cannot find implementation or library stub for module named "rich.panel"  [import-not-found]
src/devsynth/application/cli/commands/dbschema_cmd.py:13: error: Cannot find implementation or library stub for module named "rich.table"  [import-not-found]
src/devsynth/application/cli/commands/dbschema_cmd.py:186: error: Value of type "Collection[str]" is not indexable  [index]
src/devsynth/application/cli/commands/dbschema_cmd.py:187: error: Value of type "Collection[str]" is not indexable  [index]
src/devsynth/application/cli/commands/dbschema_cmd.py:188: error: Value of type "Collection[str]" is not indexable  [index]
src/devsynth/application/cli/commands/dbschema_cmd.py:203: error: Value of type "Collection[str]" is not indexable  [index]
src/devsynth/application/cli/commands/dbschema_cmd.py:204: error: Value of type "Collection[str]" is not indexable  [index]
src/devsynth/application/cli/commands/dbschema_cmd.py:205: error: Value of type "Collection[str]" is not indexable  [index]
src/devsynth/application/cli/commands/dbschema_cmd.py:219: error: Value of type "Collection[str]" is not indexable  [index]
src/devsynth/application/cli/commands/dbschema_cmd.py:223: error: Value of type "Collection[str]" is not indexable  [index]
src/devsynth/application/cli/commands/dbschema_cmd.py:228: error: Value of type "Collection[str]" is not indexable  [index]
src/devsynth/application/cli/commands/dbschema_cmd.py:229: error: Value of type "Collection[str]" is not indexable  [index]
src/devsynth/application/cli/commands/dbschema_cmd.py:230: error: Value of type "Collection[str]" is not indexable  [index]
src/devsynth/application/cli/commands/dbschema_cmd.py:246: error: Value of type "Collection[str]" is not indexable  [index]
src/devsynth/application/cli/commands/dbschema_cmd.py:248: error: Value of type "Collection[str]" is not indexable  [index]
src/devsynth/application/cli/commands/dbschema_cmd.py:263: error: Value of type "Collection[str]" is not indexable  [index]
src/devsynth/application/cli/commands/dbschema_cmd.py:264: error: Value of type "Collection[str]" is not indexable  [index]
src/devsynth/application/cli/commands/dbschema_cmd.py:266: error: Value of type "Collection[str]" is not indexable  [index]
src/devsynth/application/cli/commands/dbschema_cmd.py:270: error: Value of type "Collection[str]" is not indexable  [index]
src/devsynth/application/cli/commands/dbschema_cmd.py:275: error: "Sequence[Collection[str]]" has no attribute "capitalize"  [attr-defined]
src/devsynth/application/cli/commands/dbschema_cmd.py:279: error: "Sequence[Collection[str]]" has no attribute "capitalize"  [attr-defined]
src/devsynth/application/cli/commands/dbschema_cmd.py:313: error: "Sequence[Collection[str]]" has no attribute "capitalize"  [attr-defined]
src/devsynth/application/cli/commands/config_cmd.py:21: error: Function is missing a return type annotation  [no-untyped-def]
src/devsynth/application/cli/commands/config_cmd.py:27: error: "Typer" has no attribute "callback"  [attr-defined]
src/devsynth/application/cli/commands/config_cmd.py:27: error: Untyped decorator makes function "config_cmd" untyped  [misc]
src/devsynth/application/cli/commands/config_cmd.py:81: error: "Context" has no attribute "invoked_subcommand"  [attr-defined]
src/devsynth/application/cli/commands/config_cmd.py:91: error: Incompatible types in assignment (expression has type "bool", target has type "str | None")  [assignment]
src/devsynth/application/cli/commands/completion_cmd.py:138: error: Library stubs not installed for "psutil"  [import-untyped]
src/devsynth/application/cli/commands/completion_cmd.py:138: note: Hint: "python3 -m pip install types-psutil"
src/devsynth/application/cli/commands/completion_cmd.py:138: note: (or run "mypy --install-types" to install all missing stub packages)
src/devsynth/application/cli/commands/completion_cmd.py:174: error: Incompatible types in assignment (expression has type "Path", variable has type "str | None")  [assignment]
src/devsynth/application/cli/commands/completion_cmd.py:175: error: "str" has no attribute "parent"  [attr-defined]
src/devsynth/application/cli/commands/test_cmd.py:8: error: Cannot find implementation or library stub for module named "rich.console"  [import-not-found]
src/devsynth/application/cli/commands/test_cmd.py:9: error: Cannot find implementation or library stub for module named "rich.table"  [import-not-found]
src/devsynth/application/cli/commands/test_cmd.py:128: error: Argument 2 to "_handle_error" has incompatible type "dict[Any, Any]"; expected "Exception | SupportsBridgeErrorPayload | BridgeErrorDetails | str"  [arg-type]
src/devsynth/application/cli/commands/doctor_cmd.py:9: error: Cannot find implementation or library stub for module named "rich.console"  [import-not-found]
src/devsynth/application/cli/commands/doctor_cmd.py:212: error: "Callable[[str, bool, bool, str | None, DefaultNamedArg(Any | None, 'bridge')], bool]" has no attribute "check_alignment"  [attr-defined]
src/devsynth/application/cli/commands/doctor_cmd.py:213: error: "Callable[[str, bool, bool, str | None, DefaultNamedArg(Any | None, 'bridge')], bool]" has no attribute "display_issues"  [attr-defined]
src/devsynth/application/cli/cli_commands.py:44: error: Module "devsynth.application.cli.commands.spec_cmd" does not explicitly export attribute "generate_specs"  [attr-defined]
src/devsynth/application/cli/cli_commands.py:45: error: Module "devsynth.application.cli.commands.spec_cmd" does not explicitly export attribute "generate_specs"  [attr-defined]
src/devsynth/application/cli/cli_commands.py:66: error: Function is missing a return type annotation  [no-untyped-def]
src/devsynth/application/cli/__init__.py:42: error: Invalid "type: ignore" comment  [syntax]
src/devsynth/application/cli/__init__.py:64: error: Incompatible types in assignment (expression has type "Typer", variable has type "Callable[..., object] | None")  [assignment]
src/devsynth/application/collaboration/peer_review.py:123: error: Redundant cast to "str"  [redundant-cast]
src/devsynth/application/collaboration/peer_review.py:140: error: Redundant cast to "Sequence[Any]"  [redundant-cast]
src/devsynth/application/collaboration/peer_review.py:144: error: Redundant cast to "Callable[..., Any] | None"  [redundant-cast]
src/devsynth/application/collaboration/peer_review.py:148: error: Redundant cast to "Sequence[str] | None"  [redundant-cast]
src/devsynth/application/collaboration/peer_review.py:152: error: Redundant cast to "Mapping[str, Any] | None"  [redundant-cast]
src/devsynth/application/collaboration/peer_review.py:173: error: Redundant cast to "datetime"  [redundant-cast]
src/devsynth/application/collaboration/peer_review.py:181: error: Redundant cast to "datetime"  [redundant-cast]
src/devsynth/application/collaboration/peer_review.py:192: error: Redundant cast to "str"  [redundant-cast]
src/devsynth/application/collaboration/peer_review.py:201: error: Redundant cast to "float"  [redundant-cast]
src/devsynth/application/collaboration/peer_review.py:219: error: Redundant cast to "list[Any]"  [redundant-cast]
src/devsynth/application/collaboration/peer_review.py:223: error: Redundant cast to "dict[str, Any]"  [redundant-cast]
src/devsynth/application/collaboration/peer_review.py:232: error: Redundant cast to "dict[str, Any]"  [redundant-cast]
src/devsynth/application/collaboration/peer_review.py:564: error: Argument "metadata" to "ReviewDecision" has incompatible type "OrderedDict[str, object]"; expected "JSONMapping"  [arg-type]
src/devsynth/application/collaboration/peer_review.py:573: error: Argument "metadata" to "PeerReviewRecord" has incompatible type "OrderedDict[str, object]"; expected "JSONMapping"  [arg-type]
src/devsynth/application/collaboration/agent_collaboration.py:63: error: Argument "payload" to "AgentPayload" has incompatible type "TaskDescriptor | ConsensusOutcome | ReviewDecision | PeerReviewRecord | AgentPayloadLike | TaskDescriptorLike | int | float | Sequence[JSONValue] | Mapping[str, JSONValue] | None"; expected "str | int | float | bool | Sequence[JSONValue] | Mapping[str, JSONValue] | None"  [arg-type]
src/devsynth/application/collaboration/agent_collaboration.py:75: error: Name "Any" is not defined  [name-defined]
src/devsynth/application/collaboration/agent_collaboration.py:75: note: Did you forget to import it from "typing"? (Suggestion: "from typing import Any")
src/devsynth/application/collaboration/agent_collaboration.py:102: error: Subclass of "datetime" and "str" cannot exist: would have incompatible method signatures  [unreachable]
src/devsynth/application/collaboration/agent_collaboration.py:103: error: Statement is unreachable  [unreachable]
src/devsynth/application/collaboration/agent_collaboration.py:134: error: Name "Any" is not defined  [name-defined]
src/devsynth/application/collaboration/agent_collaboration.py:134: note: Did you forget to import it from "typing"? (Suggestion: "from typing import Any")
src/devsynth/application/collaboration/agent_collaboration.py:169: error: Name "Any" is not defined  [name-defined]
src/devsynth/application/collaboration/agent_collaboration.py:169: note: Did you forget to import it from "typing"? (Suggestion: "from typing import Any")
src/devsynth/application/collaboration/agent_collaboration.py:177: error: Name "Any" is not defined  [name-defined]
src/devsynth/application/collaboration/agent_collaboration.py:177: note: Did you forget to import it from "typing"? (Suggestion: "from typing import Any")
src/devsynth/application/collaboration/agent_collaboration.py:209: error: Argument 1 to "ensure_memory_sync_port" has incompatible type "int | float | Sequence[JSONValue] | Mapping[str, JSONValue]"; expected "MemorySyncPort | Mapping[str, JSONValue] | None"  [arg-type]
src/devsynth/application/collaboration/agent_collaboration.py:211: error: Argument 1 to "ensure_memory_sync_port" has incompatible type "int | float | Sequence[JSONValue] | Mapping[str, JSONValue]"; expected "MemorySyncPort | Mapping[str, JSONValue] | None"  [arg-type]
src/devsynth/application/collaboration/agent_collaboration.py:246: error: Name "Any" is not defined  [name-defined]
src/devsynth/application/collaboration/agent_collaboration.py:246: note: Did you forget to import it from "typing"? (Suggestion: "from typing import Any")
src/devsynth/application/collaboration/agent_collaboration.py:269: error: Item "None" of "TaskDescriptor | None" has no attribute "to_dict"  [union-attr]
src/devsynth/application/collaboration/agent_collaboration.py:274: error: Name "Any" is not defined  [name-defined]
src/devsynth/application/collaboration/agent_collaboration.py:274: note: Did you forget to import it from "typing"? (Suggestion: "from typing import Any")
src/devsynth/application/collaboration/agent_collaboration.py:354: error: Function is missing a type annotation  [no-untyped-def]
src/devsynth/application/collaboration/agent_collaboration.py:502: error: Name "Any" is not defined  [name-defined]
src/devsynth/application/collaboration/agent_collaboration.py:502: note: Did you forget to import it from "typing"? (Suggestion: "from typing import Any")
src/devsynth/application/collaboration/agent_collaboration.py:518: error: Name "Any" is not defined  [name-defined]
src/devsynth/application/collaboration/agent_collaboration.py:518: note: Did you forget to import it from "typing"? (Suggestion: "from typing import Any")
src/devsynth/application/collaboration/agent_collaboration.py:522: error: Name "Any" is not defined  [name-defined]
src/devsynth/application/collaboration/agent_collaboration.py:522: note: Did you forget to import it from "typing"? (Suggestion: "from typing import Any")
src/devsynth/application/collaboration/agent_collaboration.py:617: error: Returning Any from function declared to return "CollaborationTask | None"  [no-any-return]
src/devsynth/application/collaboration/agent_collaboration.py:630: error: Returning Any from function declared to return "CollaborationTask | None"  [no-any-return]
src/devsynth/application/collaboration/agent_collaboration.py:641: error: Name "Any" is not defined  [name-defined]
src/devsynth/application/collaboration/agent_collaboration.py:641: note: Did you forget to import it from "typing"? (Suggestion: "from typing import Any")
src/devsynth/application/collaboration/agent_collaboration.py:727: error: Returning Any from function declared to return "AgentMessage | None"  [no-any-return]
src/devsynth/application/collaboration/agent_collaboration.py:740: error: Returning Any from function declared to return "AgentMessage | None"  [no-any-return]
src/devsynth/application/collaboration/agent_collaboration.py:887: error: Returning Any from function declared to return "str | None"  [no-any-return]
src/devsynth/application/collaboration/agent_collaboration.py:889: error: Name "Any" is not defined  [name-defined]
src/devsynth/application/collaboration/agent_collaboration.py:889: note: Did you forget to import it from "typing"? (Suggestion: "from typing import Any")
src/devsynth/application/collaboration/agent_collaboration.py:1032: error: Name "Any" is not defined  [name-defined]
src/devsynth/application/collaboration/agent_collaboration.py:1032: note: Did you forget to import it from "typing"? (Suggestion: "from typing import Any")
src/devsynth/application/collaboration/agent_collaboration.py:1054: error: Need type annotation for "executed_tasks" (hint: "executed_tasks: set[<type>] = ...")  [var-annotated]
src/devsynth/application/collaboration/collaboration_memory_utils.py:35: error: Cannot assign to a type  [misc]
src/devsynth/application/collaboration/collaboration_memory_utils.py:35: error: Incompatible types in assignment (expression has type "None", variable has type "type[PeerReview]")  [assignment]
src/devsynth/application/collaboration/__init__.py:12: error: Function is missing a return type annotation  [no-untyped-def]
Found 397 errors in 45 files (checked 88 source files)
