src/devsynth/application/memory/multi_layered_memory.py:30: error: Function is missing a return type annotation  [no-untyped-def]
src/devsynth/application/memory/multi_layered_memory.py:30: note: Use "-> None" if function does not return a value
src/devsynth/application/memory/multi_layered_memory.py:83: error: Returning Any from function declared to return "str"  [no-any-return]
src/devsynth/application/memory/multi_layered_memory.py:97: error: Item "None" of "Any | None" has no attribute "get"  [union-attr]
src/devsynth/application/memory/multi_layered_memory.py:118: error: Item "None" of "Any | None" has no attribute "put"  [union-attr]
src/devsynth/application/memory/multi_layered_memory.py:160: error: Need type annotation for "all_items" (hint: "all_items: list[<type>] = ...")  [var-annotated]
src/devsynth/application/memory/multi_layered_memory.py:209: error: Returning Any from function declared to return "int"  [no-any-return]
src/devsynth/application/memory/multi_layered_memory.py:209: error: Item "None" of "Any | None" has no attribute "size"  [union-attr]
src/devsynth/application/memory/multi_layered_memory.py:220: error: Returning Any from function declared to return "int"  [no-any-return]
src/devsynth/application/memory/multi_layered_memory.py:220: error: Item "None" of "Any | None" has no attribute "max_size"  [union-attr]
src/devsynth/application/memory/multi_layered_memory.py:226: error: Item "None" of "Any | None" has no attribute "clear"  [union-attr]
src/devsynth/application/memory/multi_layered_memory.py:235: error: Item "None" of "Any | None" has no attribute "clear"  [union-attr]
src/devsynth/application/memory/tinydb_store.py:11: error: Cannot find implementation or library stub for module named "tiktoken"  [import-not-found]
src/devsynth/application/memory/tinydb_store.py:12: error: Cannot find implementation or library stub for module named "tinydb"  [import-not-found]
src/devsynth/application/memory/tinydb_store.py:13: error: Cannot find implementation or library stub for module named "tinydb.middlewares"  [import-not-found]
src/devsynth/application/memory/tinydb_store.py:14: error: Cannot find implementation or library stub for module named "tinydb.storages"  [import-not-found]
src/devsynth/application/memory/tinydb_store.py:30: error: Class cannot subclass "Storage" (has type "Any")  [misc]
src/devsynth/application/memory/tinydb_store.py:50: error: Returning Any from function declared to return "dict[str, dict[str, Any]] | None"  [no-any-return]
src/devsynth/application/memory/tinydb_store.py:52: error: Function is missing a return type annotation  [no-untyped-def]
src/devsynth/application/memory/tinydb_store.py:66: error: Class cannot subclass "MemoryStore" (has type "Any")  [misc]
src/devsynth/application/memory/tinydb_store.py:216: error: Returning Any from function declared to return "str"  [no-any-return]
src/devsynth/application/memory/tinydb_store.py:409: error: Function is missing a return type annotation  [no-untyped-def]
src/devsynth/application/memory/tinydb_store.py:409: note: Use "-> None" if function does not return a value
src/devsynth/application/memory/rdflib_store.py:15: error: Cannot find implementation or library stub for module named "numpy"  [import-not-found]
src/devsynth/application/memory/rdflib_store.py:16: error: Cannot find implementation or library stub for module named "tiktoken"  [import-not-found]
src/devsynth/application/memory/rdflib_store.py:29: error: Unused "type: ignore" comment  [unused-ignore]
src/devsynth/application/memory/rdflib_store.py:30: error: Unused "type: ignore" comment  [unused-ignore]
src/devsynth/application/memory/rdflib_store.py:31: error: Unused "type: ignore" comment  [unused-ignore]
src/devsynth/application/memory/rdflib_store.py:56: error: Class cannot subclass "MemoryStore" (has type "Any")  [misc]
src/devsynth/application/memory/rdflib_store.py:56: error: Class cannot subclass "VectorStore" (has type "Any")  [misc]
src/devsynth/application/memory/rdflib_store.py:188: error: Function is missing a return type annotation  [no-untyped-def]
src/devsynth/application/memory/rdflib_store.py:269: error: Function is missing a return type annotation  [no-untyped-def]
src/devsynth/application/memory/rdflib_store.py:382: error: Returning Any from function declared to return "str"  [no-any-return]
src/devsynth/application/memory/rdflib_store.py:607: error: Returning Any from function declared to return "str"  [no-any-return]
src/devsynth/application/memory/persistent_context_manager.py:19: error: Class cannot subclass "ContextManager" (has type "Any")  [misc]
src/devsynth/application/memory/persistent_context_manager.py:85: error: Incompatible types in assignment (expression has type "str | int | float | list[Any] | dict[Any, Any] | None", variable has type "str")  [assignment]
src/devsynth/application/memory/persistent_context_manager.py:87: error: Unsupported target for indexed assignment ("Collection[str]")  [index]
src/devsynth/application/memory/lmdb_store.py:15: error: Cannot find implementation or library stub for module named "tiktoken"  [import-not-found]
src/devsynth/application/memory/lmdb_store.py:18: error: Unused "type: ignore" comment, use narrower [import-not-found] instead of [import] code  [unused-ignore]
src/devsynth/application/memory/lmdb_store.py:20: error: Unused "type: ignore" comment  [unused-ignore]
src/devsynth/application/memory/lmdb_store.py:34: error: Class cannot subclass "MemoryStore" (has type "Any")  [misc]
src/devsynth/application/memory/lmdb_store.py:103: error: Function is missing a return type annotation  [no-untyped-def]
src/devsynth/application/memory/lmdb_store.py:103: note: Use "-> None" if function does not return a value
src/devsynth/application/memory/lmdb_store.py:110: error: Function is missing a type annotation  [no-untyped-def]
src/devsynth/application/memory/lmdb_store.py:112: error: Call to untyped function "close" in typed context  [no-untyped-call]
src/devsynth/application/memory/lmdb_store.py:114: error: Argument 1 to "contextmanager" has incompatible type "Callable[[LMDBStore, bool, str | None], ContextManager[Any]]"; expected "Callable[[LMDBStore, bool, str | None], Iterator[Never]]"  [arg-type]
src/devsynth/application/memory/lmdb_store.py:115: error: The return type of a generator function should be "Generator" or one of its supertypes  [misc]
src/devsynth/application/memory/lmdb_store.py:117: error: Missing type parameters for generic type "ContextManager"  [type-arg]
src/devsynth/application/memory/lmdb_store.py:184: error: Returning Any from function declared to return "bytes"  [no-any-return]
src/devsynth/application/memory/lmdb_store.py:189: error: Returning Any from function declared to return "bytes"  [no-any-return]
src/devsynth/application/memory/lmdb_store.py:255: error: Function is missing a type annotation for one or more arguments  [no-untyped-def]
src/devsynth/application/memory/lmdb_store.py:297: error: Returning Any from function declared to return "str"  [no-any-return]
src/devsynth/application/memory/lmdb_store.py:313: error: Need type annotation for "txn"  [var-annotated]
src/devsynth/application/memory/lmdb_store.py:333: error: Function is missing a type annotation for one or more arguments  [no-untyped-def]
src/devsynth/application/memory/lmdb_store.py:371: error: Need type annotation for "txn"  [var-annotated]
src/devsynth/application/memory/lmdb_store.py:421: error: Need type annotation for "txn"  [var-annotated]
src/devsynth/application/memory/lmdb_store.py:508: error: Need type annotation for "txn"  [var-annotated]
src/devsynth/application/memory/lmdb_store.py:568: error: Need type annotation for "txn"  [var-annotated]
src/devsynth/application/memory/kuzu_store.py:40: error: Cannot find implementation or library stub for module named "tiktoken"  [import-not-found]
src/devsynth/application/memory/kuzu_store.py:55: error: Class cannot subclass "MemoryStore" (has type "Any")  [misc]
src/devsynth/application/memory/kuzu_store.py:129: error: Item "None" of Module | None has no attribute "Database"  [union-attr]
src/devsynth/application/memory/kuzu_store.py:130: error: Item "None" of Module | None has no attribute "Connection"  [union-attr]
src/devsynth/application/memory/kuzu_store.py:226: error: Function is missing a return type annotation  [no-untyped-def]
src/devsynth/application/memory/kuzu_store.py:237: error: Untyped decorator makes function "store" untyped  [misc]
src/devsynth/application/memory/kuzu_store.py:261: error: Returning Any from function declared to return "str"  [no-any-return]
src/devsynth/application/memory/kuzu_store.py:277: error: Untyped decorator makes function "retrieve" untyped  [misc]
src/devsynth/application/memory/kuzu_store.py:286: error: Untyped decorator makes function "retrieve_version" untyped  [misc]
src/devsynth/application/memory/kuzu_store.py:463: error: Function is missing a type annotation  [no-untyped-def]
src/devsynth/application/memory/error_logger.py:183: error: Need type annotation for "by_adapter" (hint: "by_adapter: dict[<type>, <type>] = ...")  [var-annotated]
src/devsynth/application/memory/error_logger.py:184: error: Need type annotation for "by_operation" (hint: "by_operation: dict[<type>, <type>] = ...")  [var-annotated]
src/devsynth/application/memory/error_logger.py:185: error: Need type annotation for "by_error_type" (hint: "by_error_type: dict[<type>, <type>] = ...")  [var-annotated]
src/devsynth/application/memory/context_manager.py:15: error: Class cannot subclass "MemoryStore" (has type "Any")  [misc]
src/devsynth/application/memory/context_manager.py:18: error: Function is missing a return type annotation  [no-untyped-def]
src/devsynth/application/memory/context_manager.py:18: note: Use "-> None" if function does not return a value
src/devsynth/application/memory/context_manager.py:30: error: Returning Any from function declared to return "str"  [no-any-return]
src/devsynth/application/memory/context_manager.py:124: error: Class cannot subclass "ContextManager" (has type "Any")  [misc]
src/devsynth/application/memory/context_manager.py:127: error: Function is missing a return type annotation  [no-untyped-def]
src/devsynth/application/memory/context_manager.py:127: note: Use "-> None" if function does not return a value
src/devsynth/application/memory/chromadb_store.py:31: error: Cannot find implementation or library stub for module named "tiktoken"  [import-not-found]
src/devsynth/application/memory/chromadb_store.py:31: note: See https://mypy.readthedocs.io/en/stable/running_mypy.html#missing-imports
src/devsynth/application/memory/chromadb_store.py:60: error: Class cannot subclass "MemoryStore" (has type "Any")  [misc]
src/devsynth/application/memory/chromadb_store.py:98: error: Need type annotation for "_cache" (hint: "_cache: dict[<type>, <type>] = ...")  [var-annotated]
src/devsynth/application/memory/chromadb_store.py:304: error: Untyped decorator makes function "store" untyped  [misc]
src/devsynth/application/memory/chromadb_store.py:387: error: Returning Any from function declared to return "str"  [no-any-return]
src/devsynth/application/memory/chromadb_store.py:397: error: Returning Any from function declared to return "str"  [no-any-return]
src/devsynth/application/memory/chromadb_store.py:506: error: Untyped decorator makes function "retrieve" untyped  [misc]
src/devsynth/application/memory/chromadb_store.py:534: error: Untyped decorator makes function "retrieve_version" untyped  [misc]
src/devsynth/application/memory/chromadb_store.py:613: error: Untyped decorator makes function "search" untyped  [misc]
src/devsynth/application/memory/chromadb_store.py:773: error: Untyped decorator makes function "delete" untyped  [misc]
src/devsynth/application/memory/transaction_context.py:99: error: Function is missing a type annotation  [no-untyped-def]
src/devsynth/application/memory/transaction_context.py:141: error: Call to untyped function "_rollback" in typed context  [no-untyped-call]
src/devsynth/application/memory/transaction_context.py:146: error: Function is missing a type annotation  [no-untyped-def]
src/devsynth/application/memory/transaction_context.py:164: error: Call to untyped function "_commit" in typed context  [no-untyped-call]
src/devsynth/application/memory/transaction_context.py:168: error: Call to untyped function "_rollback" in typed context  [no-untyped-call]
src/devsynth/application/memory/transaction_context.py:173: error: Call to untyped function "_rollback" in typed context  [no-untyped-call]
src/devsynth/application/memory/transaction_context.py:176: error: Function is missing a return type annotation  [no-untyped-def]
src/devsynth/application/memory/transaction_context.py:176: note: Use "-> None" if function does not return a value
src/devsynth/application/memory/transaction_context.py:204: error: Call to untyped function "_rollback" in typed context  [no-untyped-call]
src/devsynth/application/memory/transaction_context.py:285: error: Function is missing a return type annotation  [no-untyped-def]
src/devsynth/application/memory/transaction_context.py:285: note: Use "-> None" if function does not return a value
src/devsynth/application/memory/transaction_context.py:351: error: Returning Any from function declared to return "str"  [no-any-return]
src/devsynth/application/memory/memory_integration.py:76: error: Function is missing a return type annotation  [no-untyped-def]
src/devsynth/application/memory/memory_integration.py:76: note: Use "-> None" if function does not return a value
src/devsynth/application/memory/memory_integration.py:147: error: Returning Any from function declared to return "str"  [no-any-return]
src/devsynth/application/memory/memory_integration.py:229: error: Incompatible default for argument "stores" (default has type "None", argument has type "list[str]")  [assignment]
src/devsynth/application/memory/memory_integration.py:229: note: PEP 484 prohibits implicit Optional. Accordingly, mypy has changed its default to no_implicit_optional=True
src/devsynth/application/memory/memory_integration.py:229: note: Use https://github.com/hauntsaninja/no_implicit_optional to automatically upgrade your codebase
src/devsynth/application/memory/adapters/graph_memory_adapter.py:37: error: Incompatible types in assignment (expression has type "None", variable has type Module)  [assignment]
src/devsynth/application/memory/adapters/graph_memory_adapter.py:47: error: Class cannot subclass "MemoryStore" (has type "Any")  [misc]
src/devsynth/application/memory/adapters/graph_memory_adapter.py:93: error: Incompatible types in assignment (expression has type "None", variable has type "RDFLibStore")  [assignment]
src/devsynth/application/memory/adapters/graph_memory_adapter.py:360: error: Redundant cast to "list[Any]"  [redundant-cast]
src/devsynth/application/memory/adapters/graph_memory_adapter.py:363: error: Variable "devsynth.application.memory.adapters.graph_memory_adapter.URIRef" is not valid as a type  [valid-type]
src/devsynth/application/memory/adapters/graph_memory_adapter.py:363: note: See https://mypy.readthedocs.io/en/stable/common_issues.html#variables-vs-type-aliases
src/devsynth/application/memory/adapters/graph_memory_adapter.py:432: error: Returning Any from function declared to return URIRef?  [no-any-return]
src/devsynth/application/memory/adapters/graph_memory_adapter.py:434: error: Variable "devsynth.application.memory.adapters.graph_memory_adapter.URIRef" is not valid as a type  [valid-type]
src/devsynth/application/memory/adapters/graph_memory_adapter.py:434: note: See https://mypy.readthedocs.io/en/stable/common_issues.html#variables-vs-type-aliases
src/devsynth/application/memory/adapters/graph_memory_adapter.py:803: error: Statement is unreachable  [unreachable]
src/devsynth/application/memory/recovery.py:696: error: Redundant cast to "Callable[..., T]"  [redundant-cast]
src/devsynth/application/memory/json_file_store.py:37: error: Class cannot subclass "MemoryStore" (has type "Any")  [misc]
src/devsynth/application/memory/json_file_store.py:67: error: Need type annotation for "active_transactions" (hint: "active_transactions: dict[<type>, <type>] = ...")  [var-annotated]
src/devsynth/application/memory/json_file_store.py:72: error: Returning Any from function declared to return "bytes"  [no-any-return]
src/devsynth/application/memory/json_file_store.py:77: error: Returning Any from function declared to return "bytes"  [no-any-return]
src/devsynth/application/memory/json_file_store.py:154: error: Untyped decorator makes function "_load_items" untyped  [misc]
src/devsynth/application/memory/json_file_store.py:245: error: Untyped decorator makes function "_save_items" untyped  [misc]
src/devsynth/application/memory/json_file_store.py:320: error: "Sequence[str]" has no attribute "append"  [attr-defined]
src/devsynth/application/memory/json_file_store.py:361: error: Incompatible default for argument "transaction_id" (default has type "None", argument has type "str")  [assignment]
src/devsynth/application/memory/json_file_store.py:361: note: PEP 484 prohibits implicit Optional. Accordingly, mypy has changed its default to no_implicit_optional=True
src/devsynth/application/memory/json_file_store.py:361: note: Use https://github.com/hauntsaninja/no_implicit_optional to automatically upgrade your codebase
src/devsynth/application/memory/json_file_store.py:431: error: Returning Any from function declared to return "str"  [no-any-return]
src/devsynth/application/memory/json_file_store.py:559: error: Incompatible default for argument "transaction_id" (default has type "None", argument has type "str")  [assignment]
src/devsynth/application/memory/json_file_store.py:559: note: PEP 484 prohibits implicit Optional. Accordingly, mypy has changed its default to no_implicit_optional=True
src/devsynth/application/memory/json_file_store.py:559: note: Use https://github.com/hauntsaninja/no_implicit_optional to automatically upgrade your codebase
src/devsynth/application/memory/fallback.py:48: error: Class cannot subclass "MemoryStore" (has type "Any")  [misc]
src/devsynth/application/memory/fallback.py:128: error: Returning Any from function declared to return "str"  [no-any-return]
src/devsynth/application/memory/fallback.py:154: error: Returning Any from function declared to return "str"  [no-any-return]
src/devsynth/application/memory/fallback.py:348: error: Returning Any from function declared to return "list[Any]"  [no-any-return]
src/devsynth/application/memory/fallback.py:364: error: Returning Any from function declared to return "list[Any]"  [no-any-return]
src/devsynth/application/memory/fallback.py:406: error: Returning Any from function declared to return "str"  [no-any-return]
src/devsynth/application/memory/fallback.py:436: error: Returning Any from function declared to return "str"  [no-any-return]
src/devsynth/application/memory/fallback.py:593: error: Returning Any from function declared to return "bool"  [no-any-return]
src/devsynth/application/memory/fallback.py:609: error: Returning Any from function declared to return "bool"  [no-any-return]
src/devsynth/application/memory/fallback.py:677: error: Dict entry 1 has incompatible type "str": "list[str]"; expected "str": "str"  [dict-item]
src/devsynth/application/memory/faiss_store.py:13: error: Cannot find implementation or library stub for module named "numpy"  [import-not-found]
src/devsynth/application/memory/faiss_store.py:14: error: Cannot find implementation or library stub for module named "tiktoken"  [import-not-found]
src/devsynth/application/memory/faiss_store.py:17: error: Cannot find implementation or library stub for module named "faiss"  [import-not-found]
src/devsynth/application/memory/faiss_store.py:43: error: Class cannot subclass "VectorStore" (has type "Any")  [misc]
src/devsynth/application/memory/faiss_store.py:77: error: Call to untyped function "_initialize_store" in typed context  [no-untyped-call]
src/devsynth/application/memory/faiss_store.py:84: error: Function is missing a return type annotation  [no-untyped-def]
src/devsynth/application/memory/faiss_store.py:84: note: Use "-> None" if function does not return a value
src/devsynth/application/memory/faiss_store.py:113: error: Function is missing a return type annotation  [no-untyped-def]
src/devsynth/application/memory/faiss_store.py:113: note: Use "-> None" if function does not return a value
src/devsynth/application/memory/faiss_store.py:122: error: Function is missing a return type annotation  [no-untyped-def]
src/devsynth/application/memory/faiss_store.py:122: note: Use "-> None" if function does not return a value
src/devsynth/application/memory/faiss_store.py:189: error: Call to untyped function "_save_index" in typed context  [no-untyped-call]
src/devsynth/application/memory/faiss_store.py:190: error: Call to untyped function "_save_metadata" in typed context  [no-untyped-call]
src/devsynth/application/memory/faiss_store.py:203: error: Call to untyped function "_save_index" in typed context  [no-untyped-call]
src/devsynth/application/memory/faiss_store.py:204: error: Call to untyped function "_save_metadata" in typed context  [no-untyped-call]
src/devsynth/application/memory/faiss_store.py:208: error: Function is missing a return type annotation  [no-untyped-def]
src/devsynth/application/memory/faiss_store.py:279: error: Call to untyped function "_save_index" in typed context  [no-untyped-call]
src/devsynth/application/memory/faiss_store.py:280: error: Call to untyped function "_save_metadata" in typed context  [no-untyped-call]
src/devsynth/application/memory/faiss_store.py:283: error: Returning Any from function declared to return "str"  [no-any-return]
src/devsynth/application/memory/faiss_store.py:484: error: Call to untyped function "_save_metadata" in typed context  [no-untyped-call]
src/devsynth/application/memory/duckdb_store.py:13: error: Cannot find implementation or library stub for module named "numpy"  [import-not-found]
src/devsynth/application/memory/duckdb_store.py:14: error: Cannot find implementation or library stub for module named "tiktoken"  [import-not-found]
src/devsynth/application/memory/duckdb_store.py:19: error: Unused "type: ignore" comment  [unused-ignore]
src/devsynth/application/memory/duckdb_store.py:41: error: Class cannot subclass "MemoryStore" (has type "Any")  [misc]
src/devsynth/application/memory/duckdb_store.py:41: error: Class cannot subclass "VectorStore" (has type "Any")  [misc]
src/devsynth/application/memory/duckdb_store.py:100: error: Call to untyped function "_initialize_schema" in typed context  [no-untyped-call]
src/devsynth/application/memory/duckdb_store.py:102: error: Function is missing a return type annotation  [no-untyped-def]
src/devsynth/application/memory/duckdb_store.py:102: note: Use "-> None" if function does not return a value
src/devsynth/application/memory/duckdb_store.py:271: error: Returning Any from function declared to return "str"  [no-any-return]
src/devsynth/application/memory/duckdb_store.py:571: error: Returning Any from function declared to return "str"  [no-any-return]
src/devsynth/application/memory/circuit_breaker.py:192: error: Function is missing a return type annotation  [no-untyped-def]
src/devsynth/application/memory/circuit_breaker.py:192: note: Use "-> None" if function does not return a value
src/devsynth/application/memory/circuit_breaker.py:253: error: Call to untyped function "CircuitBreakerRegistry" in typed context  [no-untyped-call]
src/devsynth/application/memory/circuit_breaker.py:294: error: Redundant cast to "Callable[..., T]"  [redundant-cast]
src/devsynth/application/memory/adapters/vector_memory_adapter.py:41: error: Name "np.ndarray" is not defined  [name-defined]
src/devsynth/application/memory/adapters/enhanced_graph_memory_adapter.py:135: error: Redundant cast to "str"  [redundant-cast]
src/devsynth/application/memory/adapters/enhanced_graph_memory_adapter.py:706: error: Redundant cast to "str"  [redundant-cast]
src/devsynth/application/memory/vector_providers.py:8: error: Class cannot subclass "VectorStoreProviderFactory" (has type "Any")  [misc]
src/devsynth/application/memory/retry.py:37: error: Name "Counter" already defined (possibly by an import)  [no-redef]
src/devsynth/application/memory/retry.py:37: note: Error code "no-redef" not covered by "type: ignore" comment
src/devsynth/application/memory/retry.py:42: error: Incompatible return value type (got "devsynth.application.memory.retry.Counter", expected "prometheus_client.Counter")  [return-value]
src/devsynth/application/memory/retry.py:154: error: "Counter" has no attribute "clear"  [attr-defined]
src/devsynth/application/memory/retry.py:155: error: "Counter" has no attribute "clear"  [attr-defined]
src/devsynth/application/memory/retry.py:156: error: "Counter" has no attribute "clear"  [attr-defined]
src/devsynth/application/memory/retry.py:157: error: "Counter" has no attribute "clear"  [attr-defined]
src/devsynth/application/memory/retry.py:158: error: "Counter" has no attribute "clear"  [attr-defined]
src/devsynth/application/memory/retry.py:171: error: Function is missing a type annotation for one or more arguments  [no-untyped-def]
src/devsynth/application/memory/retry.py:172: error: Returning Any from function declared to return "bool"  [no-any-return]
src/devsynth/application/memory/retry.py:247: error: Cannot infer type of lambda  [misc]
src/devsynth/application/memory/retry.py:259: error: Cannot infer type of lambda  [misc]
src/devsynth/application/memory/retry.py:326: error: Unexpected keyword argument "error" for "warning" of "Logger"  [call-arg]
/root/.pyenv/versions/3.12.10/lib/python3.12/site-packages/mypy/typeshed/stdlib/logging/__init__.pyi:147: note: "warning" of "Logger" defined here
src/devsynth/application/memory/retry.py:326: error: Unexpected keyword argument "function" for "warning" of "Logger"  [call-arg]
src/devsynth/application/memory/retry.py:326: error: Unexpected keyword argument "condition" for "warning" of "Logger"  [call-arg]
src/devsynth/application/memory/retry.py:351: error: Unexpected keyword argument "error" for "warning" of "Logger"  [call-arg]
src/devsynth/application/memory/retry.py:351: error: Unexpected keyword argument "function" for "warning" of "Logger"  [call-arg]
src/devsynth/application/memory/retry.py:372: error: Unexpected keyword argument "error" for "warning" of "Logger"  [call-arg]
src/devsynth/application/memory/retry.py:372: error: Unexpected keyword argument "function" for "warning" of "Logger"  [call-arg]
src/devsynth/application/memory/retry.py:37: error: Unused "type: ignore" comment  [unused-ignore]
src/devsynth/application/memory/sync_manager.py:24: error: Cannot assign to a type  [misc]
src/devsynth/application/memory/sync_manager.py:24: error: Incompatible types in assignment (expression has type "None", variable has type "type[LMDBStore]")  [assignment]
src/devsynth/application/memory/sync_manager.py:46: error: Incompatible default for argument "transaction_id" (default has type "None", argument has type "str")  [assignment]
src/devsynth/application/memory/sync_manager.py:46: note: PEP 484 prohibits implicit Optional. Accordingly, mypy has changed its default to no_implicit_optional=True
src/devsynth/application/memory/sync_manager.py:46: note: Use https://github.com/hauntsaninja/no_implicit_optional to automatically upgrade your codebase
src/devsynth/application/memory/sync_manager.py:52: error: Function is missing a type annotation  [no-untyped-def]
src/devsynth/application/memory/sync_manager.py:72: error: Function is missing a type annotation  [no-untyped-def]
src/devsynth/application/memory/sync_manager.py:100: error: Function is missing a type annotation  [no-untyped-def]
src/devsynth/application/memory/sync_manager.py:108: error: Function is missing a type annotation  [no-untyped-def]
src/devsynth/application/memory/sync_manager.py:109: error: Right operand of "and" is never evaluated  [unreachable]
src/devsynth/application/memory/sync_manager.py:110: error: Statement is unreachable  [unreachable]
src/devsynth/application/memory/sync_manager.py:132: error: Missing type parameters for generic type "Task"  [type-arg]
src/devsynth/application/memory/sync_manager.py:139: error: Returning Any from function declared to return "list[Any]"  [no-any-return]
src/devsynth/application/memory/sync_manager.py:141: error: Returning Any from function declared to return "list[Any]"  [no-any-return]
src/devsynth/application/memory/sync_manager.py:146: error: Returning Any from function declared to return "list[Any]"  [no-any-return]
src/devsynth/application/memory/sync_manager.py:149: error: Function is missing a return type annotation  [no-untyped-def]
src/devsynth/application/memory/sync_manager.py:152: error: Function "LMDBStore" could always be true in boolean context  [truthy-function]
src/devsynth/application/memory/sync_manager.py:162: error: Returning Any from function declared to return "bool"  [no-any-return]
src/devsynth/application/memory/sync_manager.py:225: error: Function is missing a return type annotation  [no-untyped-def]
src/devsynth/application/memory/sync_manager.py:319: error: Function is missing a return type annotation  [no-untyped-def]
src/devsynth/application/memory/sync_manager.py:324: error: Incompatible default for argument "exc" (default has type "None", argument has type "Exception")  [assignment]
src/devsynth/application/memory/sync_manager.py:324: note: PEP 484 prohibits implicit Optional. Accordingly, mypy has changed its default to no_implicit_optional=True
src/devsynth/application/memory/sync_manager.py:324: note: Use https://github.com/hauntsaninja/no_implicit_optional to automatically upgrade your codebase
src/devsynth/application/memory/sync_manager.py:339: error: Statement is unreachable  [unreachable]
src/devsynth/application/memory/sync_manager.py:638: error: Function is missing a return type annotation  [no-untyped-def]
src/devsynth/application/memory/sync_manager.py:638: note: Use "-> None" if function does not return a value
src/devsynth/application/memory/sync_manager.py:642: error: Call to untyped function "_delayed" in typed context  [no-untyped-call]
src/devsynth/application/memory/sync_manager.py:796: error: Call to untyped function "__enter__" in typed context  [no-untyped-call]
src/devsynth/application/memory/memory_manager.py:23: error: Cannot assign to a type  [misc]
src/devsynth/application/memory/memory_manager.py:23: error: Incompatible types in assignment (expression has type "None", variable has type "type[S3MemoryAdapter]")  [assignment]
src/devsynth/application/memory/memory_manager.py:79: error: Cannot instantiate abstract class "S3MemoryAdapter" with abstract attributes "prepare_commit", "restore" and "snapshot"  [abstract]
src/devsynth/application/memory/memory_manager.py:83: error: Dict entry 0 has incompatible type "str": "TinyDBMemoryAdapter"; expected "str": "S3MemoryAdapter"  [dict-item]
src/devsynth/application/memory/memory_manager.py:86: error: Dict entry 0 has incompatible type "str": "TinyDBMemoryAdapter"; expected "str": "S3MemoryAdapter"  [dict-item]
src/devsynth/application/memory/memory_manager.py:194: error: Returning Any from function declared to return "str"  [no-any-return]
src/devsynth/application/memory/memory_manager.py:215: error: "MutableMapping[str, MemoryMetadataValue]" has no attribute "copy"  [attr-defined]
src/devsynth/application/memory/memory_manager.py:314: error: Returning Any from function declared to return "list[Any]"  [no-any-return]
src/devsynth/application/memory/memory_manager.py:314: error: "S3MemoryAdapter" has no attribute "query_related_items"  [attr-defined]
src/devsynth/application/memory/memory_manager.py:326: error: "S3MemoryAdapter" has no attribute "similarity_search"  [attr-defined]
src/devsynth/application/memory/memory_manager.py:339: error: "S3MemoryAdapter" has no attribute "query_structured_data"  [attr-defined]
src/devsynth/application/memory/memory_manager.py:624: error: Item "None" of "Any | None" has no attribute "value"  [union-attr]
src/devsynth/application/memory/memory_manager.py:646: error: Name "filtered" already defined on line 613  [no-redef]
src/devsynth/application/memory/memory_manager.py:658: error: Item "None" of "Any | None" has no attribute "value"  [union-attr]
src/devsynth/application/memory/memory_manager.py:677: error: Function is missing a type annotation for one or more arguments  [no-untyped-def]
src/devsynth/application/memory/memory_manager.py:690: error: Function is missing a type annotation for one or more arguments  [no-untyped-def]
src/devsynth/application/memory/memory_manager.py:729: error: Incompatible return value type (got "GroupedMemoryResults", expected "dict[str, list[Any]]")  [return-value]
src/devsynth/application/memory/memory_manager.py:731: error: Function is missing a return type annotation  [no-untyped-def]
src/devsynth/application/memory/__init__.py:25: error: Cannot assign to a type  [misc]
src/devsynth/application/memory/__init__.py:25: error: Incompatible types in assignment (expression has type "None", variable has type "type[GraphMemoryAdapter]")  [assignment]
src/devsynth/application/memory/__init__.py:31: error: Cannot assign to a type  [misc]
src/devsynth/application/memory/__init__.py:31: error: Incompatible types in assignment (expression has type "None", variable has type "type[VectorMemoryAdapter]")  [assignment]
src/devsynth/application/memory/__init__.py:37: error: Cannot assign to a type  [misc]
src/devsynth/application/memory/__init__.py:37: error: Incompatible types in assignment (expression has type "None", variable has type "type[TinyDBMemoryAdapter]")  [assignment]
Found 224 errors in 25 files (checked 37 source files)
