poetry run devsynth run-tests --speed=fast --speed=medium --no-parallel --report (2025-10-06T15:59:25Z)
Result: FAILURE during collection

Key traceback excerpts:
2025-10-06 15:59:25,727 - devsynth.testing.run_tests - WARNING - Test collection failed:
Traceback (most recent call last):
  File "/workspace/devsynth/.venv/lib/python3.12/site-packages/_pytest/python.py", line 498, in importtestmodule
    mod = import_path(
  File "/workspace/devsynth/.venv/lib/python3.12/site-packages/_pytest/pathlib.py", line 587, in import_path
    importlib.import_module(module_name)
  File "/root/.pyenv/versions/3.12.10/lib/python3.12/importlib/__init__.py", line 90, in import_module
    return _bootstrap._gcd_import(name[level:], package, level)
  File "/workspace/devsynth/tests/behavior/steps/test_agent_api_steps.py", line 26
    cli_stub = ModuleType("devsynth.application.cli")
IndentationError: unexpected indent
...
ERROR tests/behavior/steps/test_delegate_task_steps.py
ERROR tests/behavior/steps/test_delegate_task_consensus_steps.py - NameError: name 'feature_path' is not defined
ERROR tests/behavior/steps/test_cross_interface_consistency_steps.py - SyntaxError: from __future__ imports must occur at the beginning of the file
ERROR tests/behavior/steps/test_config_enable_feature_steps.py - NameError: name 'feature_path' is not defined
ERROR tests/behavior/test_delegate_task.py
ERROR tests/behavior/test_validate_metadata_command.py
ERROR tests/unit/behavior/test_alignment_metrics_steps_unit.py
!!!!!!!!!!!!!!!!!!!!!!!!!!!!!!!!!!!!!!!!!!! Interrupted: 52 errors during collection !!!!!!!!!!!!!!!!!!!!!!!!!!!!!!!!!!!!!!!!!!!
3194/4920 tests collected (1726 deselected), 52 errors in 130.76s (0:02:10)
