{"meta": {"format": 3, "version": "7.11.0", "timestamp": "2025-10-21T15:40:01.471734", "branch_coverage": false, "show_contexts": false}, "files": {"src/devsynth/methodology/edrr/reasoning_loop.py": {"executed_lines": [1, 10, 12, 13, 14, 16, 17, 20, 23, 26, 27, 29, 30, 36, 39, 45, 52, 55, 80, 81, 82, 84, 85, 86, 87, 88, 90, 91, 92, 93, 95, 97, 98, 99, 102, 108, 110, 114, 115, 117, 120, 121, 122, 123, 126, 127, 128, 131, 132, 139, 140, 142, 143, 144, 147, 148, 149, 150, 151, 156, 157, 158, 160, 163, 164, 166, 167, 170, 171, 172, 173, 174, 175, 177, 180, 181, 182, 183, 184, 185, 187, 189, 190, 195, 199, 202, 203, 206, 207, 208, 211, 212, 213, 214, 215, 216, 218, 220], "summary": {"covered_lines": 96, "num_statements": 96, "percent_covered": 100.0, "percent_covered_display": "100", "missing_lines": 0, "excluded_lines": 7}, "missing_lines": [], "excluded_lines": [132, 133, 134, 135, 136, 137, 138], "functions": {"_import_apply_dialectical_reasoning": {"executed_lines": [52], "summary": {"covered_lines": 1, "num_statements": 1, "percent_covered": 100.0, "percent_covered_display": "100", "missing_lines": 0, "excluded_lines": 0}, "missing_lines": [], "excluded_lines": []}, "reasoning_loop": {"executed_lines": [80, 81, 82, 84, 85, 86, 87, 88, 90, 91, 92, 93, 95, 97, 98, 99, 102, 108, 110, 114, 115, 117, 120, 121, 122, 123, 126, 127, 128, 131, 132, 139, 140, 142, 143, 144, 147, 148, 149, 150, 151, 156, 157, 158, 160, 163, 164, 166, 167, 170, 171, 172, 173, 174, 175, 177, 180, 181, 182, 183, 184, 185, 187, 189, 190, 195, 199, 202, 203, 206, 207, 208, 211, 212, 213, 214, 215, 216, 218, 220], "summary": {"covered_lines": 79, "num_statements": 79, "percent_covered": 100.0, "percent_covered_display": "100", "missing_lines": 0, "excluded_lines": 7}, "missing_lines": [], "excluded_lines": [132, 133, 134, 135, 136, 137, 138]}, "": {"executed_lines": [1, 10, 12, 13, 14, 16, 17, 20, 23, 26, 27, 29, 30, 36, 39, 45, 55], "summary": {"covered_lines": 16, "num_statements": 16, "percent_covered": 100.0, "percent_covered_display": "100", "missing_lines": 0, "excluded_lines": 0}, "missing_lines": [], "excluded_lines": []}}, "classes": {"": {"executed_lines": [1, 10, 12, 13, 14, 16, 17, 20, 23, 26, 27, 29, 30, 36, 39, 45, 52, 55, 80, 81, 82, 84, 85, 86, 87, 88, 90, 91, 92, 93, 95, 97, 98, 99, 102, 108, 110, 114, 115, 117, 120, 121, 122, 123, 126, 127, 128, 131, 132, 139, 140, 142, 143, 144, 147, 148, 149, 150, 151, 156, 157, 158, 160, 163, 164, 166, 167, 170, 171, 172, 173, 174, 175, 177, 180, 181, 182, 183, 184, 185, 187, 189, 190, 195, 199, 202, 203, 206, 207, 208, 211, 212, 213, 214, 215, 216, 218, 220], "summary": {"covered_lines": 96, "num_statements": 96, "percent_covered": 100.0, "percent_covered_display": "100", "missing_lines": 0, "excluded_lines": 7}, "missing_lines": [], "excluded_lines": [132, 133, 134, 135, 136, 137, 138]}}}}, "totals": {"covered_lines": 96, "num_statements": 96, "percent_covered": 100.0, "percent_covered_display": "100", "missing_lines": 0, "excluded_lines": 7}}