{"meta": {"format": 3, "version": "7.10.6", "timestamp": "2025-09-19T02:52:34.405343", "branch_coverage": false, "show_contexts": false}, "files": {"src/devsynth/logging_setup.py": {"executed_lines": [1, 8, 9, 10, 11, 12, 13, 14, 15, 16, 17, 22, 23, 26, 27, 30, 31, 32, 35, 38, 41, 44, 45, 48, 55, 56, 61, 62, 64, 65, 66, 67, 68, 70, 71, 72, 75, 76, 78, 79, 81, 82, 83, 84, 85, 87, 88, 89, 90, 91, 93, 94, 96, 97, 98, 99, 100, 101, 106, 107, 108, 109, 110, 114, 118, 119, 121, 123, 137, 145, 146, 147, 148, 173, 175, 177, 180, 183, 184, 186, 187, 188, 189, 190, 191, 194, 204, 210, 217, 218, 222, 229, 230, 237, 255, 260, 265, 267, 270, 271, 272, 274, 276, 297, 298, 299, 304, 307, 328, 329, 331, 336, 339, 342, 343, 344, 345, 346, 347, 355, 356, 359, 367, 368, 369, 370, 383, 388, 390, 398, 405, 406, 409, 410, 413, 416, 419, 420, 423, 426, 427, 428, 431, 432, 433, 434, 435, 446, 447, 450, 451, 457, 460, 461, 468, 475, 476, 477, 482, 492, 493, 494, 495, 497, 505, 530, 531, 533, 540, 541, 543, 544, 545, 547, 550, 552, 554, 556, 558, 560, 562, 564, 568, 572, 582], "summary": {"covered_lines": 180, "num_statements": 243, "percent_covered": 74.07407407407408, "percent_covered_display": "74", "missing_lines": 63, "excluded_lines": 0}, "missing_lines": [73, 80, 111, 113, 138, 176, 178, 198, 199, 200, 201, 206, 207, 219, 231, 232, 262, 275, 278, 279, 280, 281, 284, 287, 288, 289, 294, 300, 302, 337, 348, 349, 353, 371, 372, 373, 377, 379, 380, 399, 402, 436, 438, 443, 453, 498, 499, 500, 501, 502, 503, 534, 535, 536, 538, 542, 546, 548, 566, 570, 574, 575, 592], "excluded_lines": [], "functions": {"RedactSecretsFilter.__init__": {"executed_lines": [62, 64, 65, 66, 67, 68], "summary": {"covered_lines": 6, "num_statements": 6, "percent_covered": 100.0, "percent_covered_display": "100", "missing_lines": 0, "excluded_lines": 0}, "missing_lines": [], "excluded_lines": []}, "RedactSecretsFilter._mask": {"executed_lines": [72, 75, 76], "summary": {"covered_lines": 3, "num_statements": 4, "percent_covered": 75.0, "percent_covered_display": "75", "missing_lines": 1, "excluded_lines": 0}, "missing_lines": [73], "excluded_lines": []}, "RedactSecretsFilter._redact_in_text": {"executed_lines": [79, 81, 82, 83, 84, 85], "summary": {"covered_lines": 6, "num_statements": 7, "percent_covered": 85.71428571428571, "percent_covered_display": "86", "missing_lines": 1, "excluded_lines": 0}, "missing_lines": [80], "excluded_lines": []}, "RedactSecretsFilter._redact_in_mapping": {"executed_lines": [88, 89, 90, 91, 93, 94], "summary": {"covered_lines": 6, "num_statements": 6, "percent_covered": 100.0, "percent_covered_display": "100", "missing_lines": 0, "excluded_lines": 0}, "missing_lines": [], "excluded_lines": []}, "RedactSecretsFilter.filter": {"executed_lines": [97, 98, 99, 100, 101, 106, 107, 108, 109, 110, 114], "summary": {"covered_lines": 11, "num_statements": 13, "percent_covered": 84.61538461538461, "percent_covered_display": "85", "missing_lines": 2, "excluded_lines": 0}, "missing_lines": [111, 113], "excluded_lines": []}, "JSONFormatter.format": {"executed_lines": [123, 137, 145, 146, 147, 148, 173, 175, 177, 180], "summary": {"covered_lines": 10, "num_statements": 13, "percent_covered": 76.92307692307692, "percent_covered_display": "77", "missing_lines": 3, "excluded_lines": 0}, "missing_lines": [138, 176, 178], "excluded_lines": []}, "RequestContextFilter.filter": {"executed_lines": [187, 188, 189, 190, 191], "summary": {"covered_lines": 5, "num_statements": 5, "percent_covered": 100.0, "percent_covered_display": "100", "missing_lines": 0, "excluded_lines": 0}, "missing_lines": [], "excluded_lines": []}, "set_request_context": {"executed_lines": [], "summary": {"covered_lines": 0, "num_statements": 4, "percent_covered": 0.0, "percent_covered_display": "0", "missing_lines": 4, "excluded_lines": 0}, "missing_lines": [198, 199, 200, 201], "excluded_lines": []}, "clear_request_context": {"executed_lines": [], "summary": {"covered_lines": 0, "num_statements": 2, "percent_covered": 0.0, "percent_covered_display": "0", "missing_lines": 2, "excluded_lines": 0}, "missing_lines": [206, 207], "excluded_lines": []}, "get_log_dir": {"executed_lines": [217, 218], "summary": {"covered_lines": 2, "num_statements": 3, "percent_covered": 66.66666666666667, "percent_covered_display": "67", "missing_lines": 1, "excluded_lines": 0}, "missing_lines": [219], "excluded_lines": []}, "get_log_file": {"executed_lines": [229, 230], "summary": {"covered_lines": 2, "num_statements": 4, "percent_covered": 50.0, "percent_covered_display": "50", "missing_lines": 2, "excluded_lines": 0}, "missing_lines": [231, 232], "excluded_lines": []}, "ensure_log_dir_exists": {"executed_lines": [255, 260, 265, 267, 270, 271, 272, 274, 276, 297, 298, 299, 304], "summary": {"covered_lines": 13, "num_statements": 26, "percent_covered": 50.0, "percent_covered_display": "50", "missing_lines": 13, "excluded_lines": 0}, "missing_lines": [262, 275, 278, 279, 280, 281, 284, 287, 288, 289, 294, 300, 302], "excluded_lines": []}, "configure_logging": {"executed_lines": [328, 329, 331, 336, 339, 342, 343, 344, 345, 346, 347, 355, 356, 359, 367, 368, 369, 370, 383, 388, 390, 398, 405, 406, 409, 410, 413, 416, 419, 420, 423, 426, 427, 428, 431, 432, 433, 434, 435, 446, 447, 450, 451, 457], "summary": {"covered_lines": 44, "num_statements": 60, "percent_covered": 73.33333333333333, "percent_covered_display": "73", "missing_lines": 16, "excluded_lines": 0}, "missing_lines": [337, 348, 349, 353, 371, 372, 373, 377, 379, 380, 399, 402, 436, 438, 443, 453], "excluded_lines": []}, "DevSynthLogger.__init__": {"executed_lines": [475, 476, 477], "summary": {"covered_lines": 3, "num_statements": 3, "percent_covered": 100.0, "percent_covered_display": "100", "missing_lines": 0, "excluded_lines": 0}, "missing_lines": [], "excluded_lines": []}, "DevSynthLogger._log": {"executed_lines": [492, 493, 494, 495, 497, 505, 530, 531, 533, 540, 541, 543, 544, 545, 547, 550], "summary": {"covered_lines": 16, "num_statements": 29, "percent_covered": 55.172413793103445, "percent_covered_display": "55", "missing_lines": 13, "excluded_lines": 0}, "missing_lines": [498, 499, 500, 501, 502, 503, 534, 535, 536, 538, 542, 546, 548], "excluded_lines": []}, "DevSynthLogger.debug": {"executed_lines": [554], "summary": {"covered_lines": 1, "num_statements": 1, "percent_covered": 100.0, "percent_covered_display": "100", "missing_lines": 0, "excluded_lines": 0}, "missing_lines": [], "excluded_lines": []}, "DevSynthLogger.info": {"executed_lines": [558], "summary": {"covered_lines": 1, "num_statements": 1, "percent_covered": 100.0, "percent_covered_display": "100", "missing_lines": 0, "excluded_lines": 0}, "missing_lines": [], "excluded_lines": []}, "DevSynthLogger.warning": {"executed_lines": [562], "summary": {"covered_lines": 1, "num_statements": 1, "percent_covered": 100.0, "percent_covered_display": "100", "missing_lines": 0, "excluded_lines": 0}, "missing_lines": [], "excluded_lines": []}, "DevSynthLogger.error": {"executed_lines": [], "summary": {"covered_lines": 0, "num_statements": 1, "percent_covered": 0.0, "percent_covered_display": "0", "missing_lines": 1, "excluded_lines": 0}, "missing_lines": [566], "excluded_lines": []}, "DevSynthLogger.critical": {"executed_lines": [], "summary": {"covered_lines": 0, "num_statements": 1, "percent_covered": 0.0, "percent_covered_display": "0", "missing_lines": 1, "excluded_lines": 0}, "missing_lines": [570], "excluded_lines": []}, "DevSynthLogger.exception": {"executed_lines": [], "summary": {"covered_lines": 0, "num_statements": 2, "percent_covered": 0.0, "percent_covered_display": "0", "missing_lines": 2, "excluded_lines": 0}, "missing_lines": [574, 575], "excluded_lines": []}, "get_logger": {"executed_lines": [], "summary": {"covered_lines": 0, "num_statements": 1, "percent_covered": 0.0, "percent_covered_display": "0", "missing_lines": 1, "excluded_lines": 0}, "missing_lines": [592], "excluded_lines": []}, "": {"executed_lines": [1, 8, 9, 10, 11, 12, 13, 14, 15, 16, 17, 22, 23, 26, 27, 30, 31, 32, 35, 38, 41, 44, 45, 48, 55, 56, 61, 70, 71, 78, 87, 96, 118, 119, 121, 183, 184, 186, 194, 204, 210, 222, 237, 307, 460, 461, 468, 482, 552, 556, 560, 564, 568, 572, 582], "summary": {"covered_lines": 50, "num_statements": 50, "percent_covered": 100.0, "percent_covered_display": "100", "missing_lines": 0, "excluded_lines": 0}, "missing_lines": [], "excluded_lines": []}}, "classes": {"RedactSecretsFilter": {"executed_lines": [62, 64, 65, 66, 67, 68, 72, 75, 76, 79, 81, 82, 83, 84, 85, 88, 89, 90, 91, 93, 94, 97, 98, 99, 100, 101, 106, 107, 108, 109, 110, 114], "summary": {"covered_lines": 32, "num_statements": 36, "percent_covered": 88.88888888888889, "percent_covered_display": "89", "missing_lines": 4, "excluded_lines": 0}, "missing_lines": [73, 80, 111, 113], "excluded_lines": []}, "JSONFormatter": {"executed_lines": [123, 137, 145, 146, 147, 148, 173, 175, 177, 180], "summary": {"covered_lines": 10, "num_statements": 13, "percent_covered": 76.92307692307692, "percent_covered_display": "77", "missing_lines": 3, "excluded_lines": 0}, "missing_lines": [138, 176, 178], "excluded_lines": []}, "RequestContextFilter": {"executed_lines": [187, 188, 189, 190, 191], "summary": {"covered_lines": 5, "num_statements": 5, "percent_covered": 100.0, "percent_covered_display": "100", "missing_lines": 0, "excluded_lines": 0}, "missing_lines": [], "excluded_lines": []}, "DevSynthLogger": {"executed_lines": [475, 476, 477, 492, 493, 494, 495, 497, 505, 530, 531, 533, 540, 541, 543, 544, 545, 547, 550, 554, 558, 562], "summary": {"covered_lines": 22, "num_statements": 39, "percent_covered": 56.41025641025641, "percent_covered_display": "56", "missing_lines": 17, "excluded_lines": 0}, "missing_lines": [498, 499, 500, 501, 502, 503, 534, 535, 536, 538, 542, 546, 548, 566, 570, 574, 575], "excluded_lines": []}, "": {"executed_lines": [1, 8, 9, 10, 11, 12, 13, 14, 15, 16, 17, 22, 23, 26, 27, 30, 31, 32, 35, 38, 41, 44, 45, 48, 55, 56, 61, 70, 71, 78, 87, 96, 118, 119, 121, 183, 184, 186, 194, 204, 210, 217, 218, 222, 229, 230, 237, 255, 260, 265, 267, 270, 271, 272, 274, 276, 297, 298, 299, 304, 307, 328, 329, 331, 336, 339, 342, 343, 344, 345, 346, 347, 355, 356, 359, 367, 368, 369, 370, 383, 388, 390, 398, 405, 406, 409, 410, 413, 416, 419, 420, 423, 426, 427, 428, 431, 432, 433, 434, 435, 446, 447, 450, 451, 457, 460, 461, 468, 482, 552, 556, 560, 564, 568, 572, 582], "summary": {"covered_lines": 111, "num_statements": 150, "percent_covered": 74.0, "percent_covered_display": "74", "missing_lines": 39, "excluded_lines": 0}, "missing_lines": [198, 199, 200, 201, 206, 207, 219, 231, 232, 262, 275, 278, 279, 280, 281, 284, 287, 288, 289, 294, 300, 302, 337, 348, 349, 353, 371, 372, 373, 377, 379, 380, 399, 402, 436, 438, 443, 453, 592], "excluded_lines": []}}}, "src/devsynth/methodology/edrr/__init__.py": {"executed_lines": [6, 9, 10, 14, 15, 17], "summary": {"covered_lines": 6, "num_statements": 9, "percent_covered": 66.66666666666667, "percent_covered_display": "67", "missing_lines": 3, "excluded_lines": 0}, "missing_lines": [11, 13, 18], "excluded_lines": [], "functions": {"__getattr__": {"executed_lines": [10, 14, 15, 17], "summary": {"covered_lines": 4, "num_statements": 7, "percent_covered": 57.142857142857146, "percent_covered_display": "57", "missing_lines": 3, "excluded_lines": 0}, "missing_lines": [11, 13, 18], "excluded_lines": []}, "": {"executed_lines": [6, 9], "summary": {"covered_lines": 2, "num_statements": 2, "percent_covered": 100.0, "percent_covered_display": "100", "missing_lines": 0, "excluded_lines": 0}, "missing_lines": [], "excluded_lines": []}}, "classes": {"": {"executed_lines": [6, 9, 10, 14, 15, 17], "summary": {"covered_lines": 6, "num_statements": 9, "percent_covered": 66.66666666666667, "percent_covered_display": "67", "missing_lines": 3, "excluded_lines": 0}, "missing_lines": [11, 13, 18], "excluded_lines": []}}}, "src/devsynth/methodology/edrr/coordinator.py": {"executed_lines": [], "summary": {"covered_lines": 0, "num_statements": 34, "percent_covered": 0.0, "percent_covered_display": "0", "missing_lines": 34, "excluded_lines": 4}, "missing_lines": [7, 9, 11, 12, 13, 14, 16, 19, 22, 29, 31, 40, 41, 45, 48, 51, 52, 54, 57, 58, 60, 63, 64, 66, 69, 71, 84, 85, 86, 88, 89, 90, 92, 93], "excluded_lines": [42, 43, 44, 46], "functions": {"EDRRCoordinator.__init__": {"executed_lines": [], "summary": {"covered_lines": 0, "num_statements": 1, "percent_covered": 0.0, "percent_covered_display": "0", "missing_lines": 1, "excluded_lines": 0}, "missing_lines": [29], "excluded_lines": []}, "EDRRCoordinator._store_phase_result": {"executed_lines": [], "summary": {"covered_lines": 0, "num_statements": 3, "percent_covered": 0.0, "percent_covered_display": "0", "missing_lines": 3, "excluded_lines": 4}, "missing_lines": [40, 41, 45], "excluded_lines": [42, 43, 44, 46]}, "EDRRCoordinator.record_expand_results": {"executed_lines": [], "summary": {"covered_lines": 0, "num_statements": 2, "percent_covered": 0.0, "percent_covered_display": "0", "missing_lines": 2, "excluded_lines": 0}, "missing_lines": [51, 52], "excluded_lines": []}, "EDRRCoordinator.record_differentiate_results": {"executed_lines": [], "summary": {"covered_lines": 0, "num_statements": 2, "percent_covered": 0.0, "percent_covered_display": "0", "missing_lines": 2, "excluded_lines": 0}, "missing_lines": [57, 58], "excluded_lines": []}, "EDRRCoordinator.record_refine_results": {"executed_lines": [], "summary": {"covered_lines": 0, "num_statements": 2, "percent_covered": 0.0, "percent_covered_display": "0", "missing_lines": 2, "excluded_lines": 0}, "missing_lines": [63, 64], "excluded_lines": []}, "EDRRCoordinator.record_consensus_failure": {"executed_lines": [], "summary": {"covered_lines": 0, "num_statements": 1, "percent_covered": 0.0, "percent_covered_display": "0", "missing_lines": 1, "excluded_lines": 0}, "missing_lines": [69], "excluded_lines": []}, "EDRRCoordinator.automate_retrospective_review": {"executed_lines": [], "summary": {"covered_lines": 0, "num_statements": 8, "percent_covered": 0.0, "percent_covered_display": "0", "missing_lines": 8, "excluded_lines": 0}, "missing_lines": [84, 85, 86, 88, 89, 90, 92, 93], "excluded_lines": []}, "": {"executed_lines": [], "summary": {"covered_lines": 0, "num_statements": 15, "percent_covered": 0.0, "percent_covered_display": "0", "missing_lines": 15, "excluded_lines": 0}, "missing_lines": [7, 9, 11, 12, 13, 14, 16, 19, 22, 31, 48, 54, 60, 66, 71], "excluded_lines": []}}, "classes": {"EDRRCoordinator": {"executed_lines": [], "summary": {"covered_lines": 0, "num_statements": 19, "percent_covered": 0.0, "percent_covered_display": "0", "missing_lines": 19, "excluded_lines": 4}, "missing_lines": [29, 40, 41, 45, 51, 52, 57, 58, 63, 64, 69, 84, 85, 86, 88, 89, 90, 92, 93], "excluded_lines": [42, 43, 44, 46]}, "": {"executed_lines": [], "summary": {"covered_lines": 0, "num_statements": 15, "percent_covered": 0.0, "percent_covered_display": "0", "missing_lines": 15, "excluded_lines": 0}, "missing_lines": [7, 9, 11, 12, 13, 14, 16, 19, 22, 31, 48, 54, 60, 66, 71], "excluded_lines": []}}}, "src/devsynth/methodology/edrr/reasoning_loop.py": {"executed_lines": [1, 10, 12, 13, 14, 16, 17, 19, 21, 26, 29, 32, 33, 35, 41, 47, 53, 78, 92, 94, 95, 96, 99, 105, 107, 111, 112, 205], "summary": {"covered_lines": 26, "num_statements": 87, "percent_covered": 29.885057471264368, "percent_covered_display": "30", "missing_lines": 61, "excluded_lines": 10}, "missing_lines": [22, 24, 48, 50, 79, 80, 82, 83, 85, 86, 88, 89, 114, 117, 118, 119, 120, 123, 124, 125, 128, 136, 137, 139, 140, 141, 144, 145, 146, 147, 148, 153, 154, 155, 157, 160, 161, 163, 164, 167, 168, 169, 170, 171, 172, 176, 177, 182, 184, 187, 188, 191, 192, 193, 196, 197, 198, 199, 200, 201, 203], "excluded_lines": [84, 90, 129, 130, 131, 132, 133, 134, 135, 174], "functions": {"MemoryIntegration.store_dialectical_result": {"executed_lines": [], "summary": {"covered_lines": 0, "num_statements": 0, "percent_covered": 100.0, "percent_covered_display": "100", "missing_lines": 0, "excluded_lines": 0}, "missing_lines": [], "excluded_lines": []}, "_import_apply_dialectical_reasoning": {"executed_lines": [], "summary": {"covered_lines": 0, "num_statements": 2, "percent_covered": 0.0, "percent_covered_display": "0", "missing_lines": 2, "excluded_lines": 0}, "missing_lines": [48, 50], "excluded_lines": []}, "reasoning_loop": {"executed_lines": [78, 92, 94, 95, 96, 99, 105, 107, 111, 112, 205], "summary": {"covered_lines": 11, "num_statements": 68, "percent_covered": 16.176470588235293, "percent_covered_display": "16", "missing_lines": 57, "excluded_lines": 10}, "missing_lines": [79, 80, 82, 83, 85, 86, 88, 89, 114, 117, 118, 119, 120, 123, 124, 125, 128, 136, 137, 139, 140, 141, 144, 145, 146, 147, 148, 153, 154, 155, 157, 160, 161, 163, 164, 167, 168, 169, 170, 171, 172, 176, 177, 182, 184, 187, 188, 191, 192, 193, 196, 197, 198, 199, 200, 201, 203], "excluded_lines": [84, 90, 129, 130, 131, 132, 133, 134, 135, 174]}, "": {"executed_lines": [1, 10, 12, 13, 14, 16, 17, 19, 21, 26, 29, 32, 33, 35, 41, 47, 53], "summary": {"covered_lines": 15, "num_statements": 17, "percent_covered": 88.23529411764706, "percent_covered_display": "88", "missing_lines": 2, "excluded_lines": 0}, "missing_lines": [22, 24], "excluded_lines": []}}, "classes": {"MemoryIntegration": {"executed_lines": [], "summary": {"covered_lines": 0, "num_statements": 0, "percent_covered": 100.0, "percent_covered_display": "100", "missing_lines": 0, "excluded_lines": 0}, "missing_lines": [], "excluded_lines": []}, "": {"executed_lines": [1, 10, 12, 13, 14, 16, 17, 19, 21, 26, 29, 32, 33, 35, 41, 47, 53, 78, 92, 94, 95, 96, 99, 105, 107, 111, 112, 205], "summary": {"covered_lines": 26, "num_statements": 87, "percent_covered": 29.885057471264368, "percent_covered_display": "30", "missing_lines": 61, "excluded_lines": 10}, "missing_lines": [22, 24, 48, 50, 79, 80, 82, 83, 85, 86, 88, 89, 114, 117, 118, 119, 120, 123, 124, 125, 128, 136, 137, 139, 140, 141, 144, 145, 146, 147, 148, 153, 154, 155, 157, 160, 161, 163, 164, 167, 168, 169, 170, 171, 172, 176, 177, 182, 184, 187, 188, 191, 192, 193, 196, 197, 198, 199, 200, 201, 203], "excluded_lines": [84, 90, 129, 130, 131, 132, 133, 134, 135, 174]}}}, "src/devsynth/testing/run_tests.py": {"executed_lines": [1, 8, 10, 11, 12, 13, 14, 15, 16, 17, 18, 19, 20, 21, 23, 26, 28, 29, 30, 31, 32, 34, 35, 43, 89, 96, 99, 102, 103, 108, 109, 110, 114, 115, 116, 117, 122, 125, 126, 131, 132, 133, 137, 206, 209, 210, 219, 222, 227, 230, 233, 235, 237, 239, 242, 245, 246, 248, 249, 251, 258, 261, 262, 263, 264, 268, 271, 301, 360, 370, 371, 372, 373, 375, 377, 378, 379, 380, 383, 401, 405, 406, 407, 408, 410, 411, 412, 413, 414, 415, 416, 417, 418, 422, 424, 425, 426, 428, 429, 430, 431, 432, 433, 434, 439, 456, 458, 471, 499, 502, 503, 504, 505, 506, 507, 508, 509, 510, 514, 515, 516, 526, 527, 532, 536, 576, 577, 578, 579, 583, 584, 585, 586, 587, 588, 589, 590, 602, 603, 605, 613, 642, 643, 644, 645, 650, 652, 654, 655, 658, 666, 667, 670, 671, 672, 677, 678, 685, 689, 690, 704, 705, 706, 714, 796, 797, 799, 800, 801, 802, 806, 814, 818, 819, 820, 821, 824, 826, 831, 833, 834, 839, 840, 844, 845, 846, 852, 853, 854, 855, 856, 861, 862, 869, 870, 871, 874, 875, 877, 881, 882, 884, 889, 912, 913], "summary": {"covered_lines": 204, "num_statements": 432, "percent_covered": 47.22222222222222, "percent_covered_display": "47", "missing_lines": 228, "excluded_lines": 32}, "missing_lines": [38, 40, 53, 54, 85, 111, 113, 118, 119, 127, 128, 129, 139, 140, 141, 149, 150, 158, 159, 163, 165, 166, 167, 168, 170, 171, 178, 179, 180, 181, 182, 189, 190, 197, 198, 211, 212, 213, 216, 223, 224, 225, 226, 234, 236, 238, 252, 256, 259, 274, 275, 277, 278, 279, 280, 282, 283, 284, 286, 287, 288, 290, 291, 295, 296, 298, 309, 310, 311, 312, 313, 314, 315, 316, 317, 319, 320, 321, 322, 323, 324, 325, 326, 328, 329, 330, 331, 332, 333, 335, 336, 340, 341, 342, 343, 345, 346, 349, 350, 351, 352, 354, 357, 376, 419, 421, 442, 451, 452, 472, 484, 487, 488, 517, 518, 519, 520, 537, 547, 548, 549, 550, 551, 552, 553, 554, 558, 559, 560, 565, 566, 567, 568, 569, 570, 573, 574, 580, 656, 668, 686, 687, 691, 692, 693, 694, 698, 707, 708, 709, 710, 711, 715, 716, 717, 718, 722, 727, 728, 729, 732, 733, 738, 739, 741, 742, 743, 744, 751, 752, 753, 754, 755, 756, 757, 758, 759, 760, 761, 762, 768, 769, 770, 771, 778, 779, 780, 781, 782, 783, 784, 785, 786, 787, 788, 789, 803, 815, 822, 823, 825, 832, 841, 842, 872, 873, 876, 878, 879, 880, 885, 886, 887, 888, 891, 892, 899, 900, 901, 902, 903, 904, 905, 906, 907, 908, 909, 910], "excluded_lines": [142, 143, 147, 151, 152, 156, 172, 173, 183, 184, 191, 192, 199, 200, 292, 293, 454, 606, 607, 608, 609, 610, 624, 712, 763, 764, 765, 766, 790, 791, 793, 794], "functions": {"_failure_tips": {"executed_lines": [], "summary": {"covered_lines": 0, "num_statements": 3, "percent_covered": 0.0, "percent_covered_display": "0", "missing_lines": 3, "excluded_lines": 0}, "missing_lines": [53, 54, 85], "excluded_lines": []}, "_reset_coverage_artifacts": {"executed_lines": [102, 103, 108, 109, 110, 114, 115, 116, 117], "summary": {"covered_lines": 9, "num_statements": 13, "percent_covered": 69.23076923076923, "percent_covered_display": "69", "missing_lines": 4, "excluded_lines": 0}, "missing_lines": [111, 113, 118, 119], "excluded_lines": []}, "_ensure_coverage_artifacts": {"executed_lines": [125, 126, 131, 132, 133, 137], "summary": {"covered_lines": 6, "num_statements": 32, "percent_covered": 18.75, "percent_covered_display": "19", "missing_lines": 26, "excluded_lines": 14}, "missing_lines": [127, 128, 129, 139, 140, 141, 149, 150, 158, 159, 163, 165, 166, 167, 168, 170, 171, 178, 179, 180, 181, 182, 189, 190, 197, 198], "excluded_lines": [142, 143, 147, 151, 152, 156, 172, 173, 183, 184, 191, 192, 199, 200]}, "_parse_pytest_addopts": {"executed_lines": [209, 210], "summary": {"covered_lines": 2, "num_statements": 6, "percent_covered": 33.333333333333336, "percent_covered_display": "33", "missing_lines": 4, "excluded_lines": 0}, "missing_lines": [211, 212, 213, 216], "excluded_lines": []}, "_addopts_has_plugin": {"executed_lines": [222, 227], "summary": {"covered_lines": 2, "num_statements": 6, "percent_covered": 33.333333333333336, "percent_covered_display": "33", "missing_lines": 4, "excluded_lines": 0}, "missing_lines": [223, 224, 225, 226], "excluded_lines": []}, "_coverage_plugin_disabled": {"executed_lines": [233, 235, 237, 239], "summary": {"covered_lines": 4, "num_statements": 7, "percent_covered": 57.142857142857146, "percent_covered_display": "57", "missing_lines": 3, "excluded_lines": 0}, "missing_lines": [234, 236, 238], "excluded_lines": []}, "ensure_pytest_cov_plugin_env": {"executed_lines": [245, 246, 248, 249, 251, 258, 261, 262, 263, 264, 268], "summary": {"covered_lines": 11, "num_statements": 14, "percent_covered": 78.57142857142857, "percent_covered_display": "79", "missing_lines": 3, "excluded_lines": 0}, "missing_lines": [252, 256, 259], "excluded_lines": []}, "coverage_artifacts_status": {"executed_lines": [], "summary": {"covered_lines": 0, "num_statements": 17, "percent_covered": 0.0, "percent_covered_display": "0", "missing_lines": 17, "excluded_lines": 2}, "missing_lines": [274, 275, 277, 278, 279, 280, 282, 283, 284, 286, 287, 288, 290, 291, 295, 296, 298], "excluded_lines": [292, 293]}, "enforce_coverage_threshold": {"executed_lines": [], "summary": {"covered_lines": 0, "num_statements": 37, "percent_covered": 0.0, "percent_covered_display": "0", "missing_lines": 37, "excluded_lines": 0}, "missing_lines": [309, 310, 311, 312, 313, 314, 315, 316, 317, 319, 320, 321, 322, 323, 324, 325, 326, 328, 329, 330, 331, 332, 333, 335, 336, 340, 341, 342, 343, 345, 346, 349, 350, 351, 352, 354, 357], "excluded_lines": []}, "_sanitize_node_ids": {"executed_lines": [370, 371, 372, 373, 375, 377, 378, 379, 380], "summary": {"covered_lines": 9, "num_statements": 10, "percent_covered": 90.0, "percent_covered_display": "90", "missing_lines": 1, "excluded_lines": 0}, "missing_lines": [376], "excluded_lines": []}, "collect_tests_with_cache": {"executed_lines": [401, 405, 406, 407, 408, 410, 424, 425, 426, 428, 429, 430, 431, 432, 433, 434, 439, 456, 458, 471, 499, 502, 503, 504, 505, 506, 507, 508, 509, 510, 514, 515, 516, 526, 527, 532, 536, 576, 577, 578, 579, 583, 584, 585, 586, 587, 588, 589, 590, 602, 603, 605], "summary": {"covered_lines": 52, "num_statements": 84, "percent_covered": 61.904761904761905, "percent_covered_display": "62", "missing_lines": 32, "excluded_lines": 6}, "missing_lines": [442, 451, 452, 472, 484, 487, 488, 517, 518, 519, 520, 537, 547, 548, 549, 550, 551, 552, 553, 554, 558, 559, 560, 565, 566, 567, 568, 569, 570, 573, 574, 580], "excluded_lines": [454, 606, 607, 608, 609, 610]}, "collect_tests_with_cache._latest_mtime": {"executed_lines": [411, 412, 413, 414, 415, 416, 417, 418, 422], "summary": {"covered_lines": 9, "num_statements": 11, "percent_covered": 81.81818181818181, "percent_covered_display": "82", "missing_lines": 2, "excluded_lines": 0}, "missing_lines": [419, 421], "excluded_lines": []}, "run_tests": {"executed_lines": [642, 643, 644, 645, 650, 652, 654, 655, 658, 666, 667, 670, 671, 672, 677, 678, 685, 689, 690, 704, 705, 706, 714, 796, 797, 799, 800, 801, 802, 806, 814, 818, 819, 820, 821, 824, 826, 831, 833, 834, 839, 840, 844, 845, 846, 852, 853, 854, 855, 856, 861, 862, 869, 870, 871, 874, 875, 877, 881, 882, 884, 889, 912, 913], "summary": {"covered_lines": 64, "num_statements": 154, "percent_covered": 41.55844155844156, "percent_covered_display": "42", "missing_lines": 90, "excluded_lines": 10}, "missing_lines": [656, 668, 686, 687, 691, 692, 693, 694, 698, 707, 708, 709, 710, 711, 715, 716, 717, 718, 722, 727, 728, 729, 732, 733, 738, 739, 741, 742, 743, 744, 751, 752, 753, 754, 755, 756, 757, 758, 759, 760, 761, 762, 768, 769, 770, 771, 778, 779, 780, 781, 782, 783, 784, 785, 786, 787, 788, 789, 803, 815, 822, 823, 825, 832, 841, 842, 872, 873, 876, 878, 879, 880, 885, 886, 887, 888, 891, 892, 899, 900, 901, 902, 903, 904, 905, 906, 907, 908, 909, 910], "excluded_lines": [624, 712, 763, 764, 765, 766, 790, 791, 793, 794]}, "": {"executed_lines": [1, 8, 10, 11, 12, 13, 14, 15, 16, 17, 18, 19, 20, 21, 23, 26, 28, 29, 30, 31, 32, 34, 35, 43, 89, 96, 99, 122, 206, 219, 230, 242, 271, 301, 360, 383, 613], "summary": {"covered_lines": 36, "num_statements": 38, "percent_covered": 94.73684210526316, "percent_covered_display": "95", "missing_lines": 2, "excluded_lines": 0}, "missing_lines": [38, 40], "excluded_lines": []}}, "classes": {"": {"executed_lines": [1, 8, 10, 11, 12, 13, 14, 15, 16, 17, 18, 19, 20, 21, 23, 26, 28, 29, 30, 31, 32, 34, 35, 43, 89, 96, 99, 102, 103, 108, 109, 110, 114, 115, 116, 117, 122, 125, 126, 131, 132, 133, 137, 206, 209, 210, 219, 222, 227, 230, 233, 235, 237, 239, 242, 245, 246, 248, 249, 251, 258, 261, 262, 263, 264, 268, 271, 301, 360, 370, 371, 372, 373, 375, 377, 378, 379, 380, 383, 401, 405, 406, 407, 408, 410, 411, 412, 413, 414, 415, 416, 417, 418, 422, 424, 425, 426, 428, 429, 430, 431, 432, 433, 434, 439, 456, 458, 471, 499, 502, 503, 504, 505, 506, 507, 508, 509, 510, 514, 515, 516, 526, 527, 532, 536, 576, 577, 578, 579, 583, 584, 585, 586, 587, 588, 589, 590, 602, 603, 605, 613, 642, 643, 644, 645, 650, 652, 654, 655, 658, 666, 667, 670, 671, 672, 677, 678, 685, 689, 690, 704, 705, 706, 714, 796, 797, 799, 800, 801, 802, 806, 814, 818, 819, 820, 821, 824, 826, 831, 833, 834, 839, 840, 844, 845, 846, 852, 853, 854, 855, 856, 861, 862, 869, 870, 871, 874, 875, 877, 881, 882, 884, 889, 912, 913], "summary": {"covered_lines": 204, "num_statements": 432, "percent_covered": 47.22222222222222, "percent_covered_display": "47", "missing_lines": 228, "excluded_lines": 32}, "missing_lines": [38, 40, 53, 54, 85, 111, 113, 118, 119, 127, 128, 129, 139, 140, 141, 149, 150, 158, 159, 163, 165, 166, 167, 168, 170, 171, 178, 179, 180, 181, 182, 189, 190, 197, 198, 211, 212, 213, 216, 223, 224, 225, 226, 234, 236, 238, 252, 256, 259, 274, 275, 277, 278, 279, 280, 282, 283, 284, 286, 287, 288, 290, 291, 295, 296, 298, 309, 310, 311, 312, 313, 314, 315, 316, 317, 319, 320, 321, 322, 323, 324, 325, 326, 328, 329, 330, 331, 332, 333, 335, 336, 340, 341, 342, 343, 345, 346, 349, 350, 351, 352, 354, 357, 376, 419, 421, 442, 451, 452, 472, 484, 487, 488, 517, 518, 519, 520, 537, 547, 548, 549, 550, 551, 552, 553, 554, 558, 559, 560, 565, 566, 567, 568, 569, 570, 573, 574, 580, 656, 668, 686, 687, 691, 692, 693, 694, 698, 707, 708, 709, 710, 711, 715, 716, 717, 718, 722, 727, 728, 729, 732, 733, 738, 739, 741, 742, 743, 744, 751, 752, 753, 754, 755, 756, 757, 758, 759, 760, 761, 762, 768, 769, 770, 771, 778, 779, 780, 781, 782, 783, 784, 785, 786, 787, 788, 789, 803, 815, 822, 823, 825, 832, 841, 842, 872, 873, 876, 878, 879, 880, 885, 886, 887, 888, 891, 892, 899, 900, 901, 902, 903, 904, 905, 906, 907, 908, 909, 910], "excluded_lines": [142, 143, 147, 151, 152, 156, 172, 173, 183, 184, 191, 192, 199, 200, 292, 293, 454, 606, 607, 608, 609, 610, 624, 712, 763, 764, 765, 766, 790, 791, 793, 794]}}}}, "totals": {"covered_lines": 416, "num_statements": 805, "percent_covered": 51.67701863354037, "percent_covered_display": "52", "missing_lines": 389, "excluded_lines": 46}}